<?xml version="1.0" encoding="UTF-8" ?>
<testsuite tests="7" failures="0" name="io.github.atommed.ads.MapTests" time="116.089" errors="3" skipped="0">
  <properties>
    <property name="java.runtime.name" value="OpenJDK Runtime Environment"/>
    <property name="sun.boot.library.path" value="/usr/lib/jvm/java-8-openjdk-armhf/jre/lib/arm"/>
    <property name="java.vm.version" value="25.72-b15"/>
    <property name="java.vm.vendor" value="Oracle Corporation"/>
    <property name="java.vendor.url" value="http://java.oracle.com/"/>
    <property name="path.separator" value=":"/>
    <property name="guice.disable.misplaced.annotation.check" value="true"/>
    <property name="java.vm.name" value="OpenJDK Zero VM"/>
    <property name="file.encoding.pkg" value="sun.io"/>
    <property name="user.country" value="US"/>
    <property name="sun.java.launcher" value="SUN_STANDARD"/>
    <property name="sun.os.patch.level" value="unknown"/>
    <property name="test" value="MapTests"/>
    <property name="java.vm.specification.name" value="Java Virtual Machine Specification"/>
    <property name="user.dir" value="/home/android/programming/OP_repo/opi/HashTable"/>
    <property name="java.runtime.version" value="1.8.0_72-internal-b15"/>
    <property name="java.awt.graphicsenv" value="sun.awt.X11GraphicsEnvironment"/>
    <property name="java.endorsed.dirs" value="/usr/lib/jvm/java-8-openjdk-armhf/jre/lib/endorsed"/>
    <property name="os.arch" value="arm"/>
    <property name="java.io.tmpdir" value="/tmp"/>
    <property name="line.separator" value="
"/>
    <property name="java.vm.specification.vendor" value="Oracle Corporation"/>
    <property name="os.name" value="Linux"/>
    <property name="classworlds.conf" value="/usr/share/maven/bin/m2.conf"/>
    <property name="sun.jnu.encoding" value="UTF-8"/>
    <property name="java.library.path" value="/usr/java/packages/lib/arm:/usr/lib/arm-linux-gnueabihf/jni:/lib/arm-linux-gnueabihf:/usr/lib/arm-linux-gnueabihf:/usr/lib/jni:/lib:/usr/lib"/>
    <property name="java.specification.name" value="Java Platform API Specification"/>
    <property name="java.class.version" value="52.0"/>
    <property name="os.version" value="3.4.0-gfe3bd61"/>
    <property name="user.home" value="/home/android"/>
    <property name="user.timezone" value="Europe/Kiev"/>
    <property name="java.awt.printerjob" value="sun.print.PSPrinterJob"/>
    <property name="file.encoding" value="UTF-8"/>
    <property name="java.specification.version" value="1.8"/>
    <property name="user.name" value="android"/>
    <property name="java.class.path" value="/usr/share/maven/boot/plexus-classworlds-2.x.jar"/>
    <property name="java.vm.specification.version" value="1.8"/>
    <property name="sun.arch.data.model" value="32"/>
    <property name="java.home" value="/usr/lib/jvm/java-8-openjdk-armhf/jre"/>
    <property name="sun.java.command" value="org.codehaus.plexus.classworlds.launcher.Launcher -Dtest=MapTests test"/>
    <property name="java.specification.vendor" value="Oracle Corporation"/>
    <property name="user.language" value="en"/>
    <property name="awt.toolkit" value="sun.awt.X11.XToolkit"/>
    <property name="java.vm.info" value="interpreted mode"/>
    <property name="java.version" value="1.8.0_72-internal"/>
    <property name="java.ext.dirs" value="/usr/lib/jvm/java-8-openjdk-armhf/jre/lib/ext:/usr/java/packages/lib/ext"/>
    <property name="securerandom.source" value="file:/dev/./urandom"/>
    <property name="sun.boot.class.path" value="/usr/lib/jvm/java-8-openjdk-armhf/jre/lib/resources.jar:/usr/lib/jvm/java-8-openjdk-armhf/jre/lib/rt.jar:/usr/lib/jvm/java-8-openjdk-armhf/jre/lib/sunrsasign.jar:/usr/lib/jvm/java-8-openjdk-armhf/jre/lib/jsse.jar:/usr/lib/jvm/java-8-openjdk-armhf/jre/lib/jce.jar:/usr/lib/jvm/java-8-openjdk-armhf/jre/lib/charsets.jar:/usr/lib/jvm/java-8-openjdk-armhf/jre/lib/jfr.jar:/usr/lib/jvm/java-8-openjdk-armhf/jre/classes"/>
    <property name="java.vendor" value="Oracle Corporation"/>
    <property name="maven.home" value="/usr/share/maven"/>
    <property name="file.separator" value="/"/>
    <property name="java.vendor.url.bug" value="http://bugreport.sun.com/bugreport/"/>
    <property name="sun.cpu.endian" value="little"/>
    <property name="sun.io.unicode.encoding" value="UnicodeLittle"/>
    <property name="sun.cpu.isalist" value=""/>
  </properties>
  <testcase classname="io.github.atommed.ads.MapTests" name="emptySizeRetZero" time="0.016"/>
  <testcase classname="io.github.atommed.ads.MapTests" name="OneElementSizeRetOne" time="0.527"/>
  <testcase classname="io.github.atommed.ads.MapTests" name="addChangesSize" time="0.002"/>
  <testcase classname="io.github.atommed.ads.MapTests" name="removeWorks" time="0.116"/>
  <testcase classname="io.github.atommed.ads.MapTests" name="TenElementSizeRetTen" time="39.869">
    <error message="Java heap space" type="java.lang.OutOfMemoryError">java.lang.OutOfMemoryError: Java heap space
	at io.github.atommed.ads.HashMap.grow(HashMap.java:116)
	at io.github.atommed.ads.HashMap.put(HashMap.java:129)
	at io.github.atommed.ads.HashMap.grow(HashMap.java:121)
	at io.github.atommed.ads.HashMap.put(HashMap.java:129)
	at io.github.atommed.ads.HashMap.grow(HashMap.java:121)
	at io.github.atommed.ads.HashMap.put(HashMap.java:129)
	at io.github.atommed.ads.HashMap.grow(HashMap.java:121)
	at io.github.atommed.ads.HashMap.put(HashMap.java:129)
	at io.github.atommed.ads.HashMap.grow(HashMap.java:121)
	at io.github.atommed.ads.HashMap.put(HashMap.java:129)
	at io.github.atommed.ads.HashMap.grow(HashMap.java:121)
	at io.github.atommed.ads.HashMap.put(HashMap.java:129)
	at io.github.atommed.ads.HashMap.grow(HashMap.java:121)
	at io.github.atommed.ads.HashMap.put(HashMap.java:129)
	at io.github.atommed.ads.HashMap.grow(HashMap.java:121)
	at io.github.atommed.ads.HashMap.put(HashMap.java:129)
	at io.github.atommed.ads.HashMap.grow(HashMap.java:121)
	at io.github.atommed.ads.HashMap.put(HashMap.java:129)
	at io.github.atommed.ads.HashMap.grow(HashMap.java:121)
	at io.github.atommed.ads.HashMap.put(HashMap.java:129)
	at io.github.atommed.ads.HashMap.grow(HashMap.java:121)
	at io.github.atommed.ads.HashMap.put(HashMap.java:129)
	at io.github.atommed.ads.HashMap.grow(HashMap.java:121)
	at io.github.atommed.ads.HashMap.put(HashMap.java:129)
	at io.github.atommed.ads.HashMap.grow(HashMap.java:121)
	at io.github.atommed.ads.HashMap.put(HashMap.java:129)
	at io.github.atommed.ads.HashMap.grow(HashMap.java:121)
	at io.github.atommed.ads.HashMap.put(HashMap.java:129)
	at io.github.atommed.ads.HashMap.grow(HashMap.java:121)
	at io.github.atommed.ads.HashMap.put(HashMap.java:129)
	at io.github.atommed.ads.HashMap.grow(HashMap.java:121)
	at io.github.atommed.ads.HashMap.put(HashMap.java:129)
</error>
  </testcase>
  <testcase classname="io.github.atommed.ads.MapTests" name="addValuesSaved" time="37.655">
    <error message="Java heap space" type="java.lang.OutOfMemoryError">java.lang.OutOfMemoryError: Java heap space
	at io.github.atommed.ads.HashMap.grow(HashMap.java:116)
	at io.github.atommed.ads.HashMap.put(HashMap.java:129)
	at io.github.atommed.ads.HashMap.grow(HashMap.java:121)
	at io.github.atommed.ads.HashMap.put(HashMap.java:129)
	at io.github.atommed.ads.HashMap.grow(HashMap.java:121)
	at io.github.atommed.ads.HashMap.put(HashMap.java:129)
	at io.github.atommed.ads.HashMap.grow(HashMap.java:121)
	at io.github.atommed.ads.HashMap.put(HashMap.java:129)
	at io.github.atommed.ads.HashMap.grow(HashMap.java:121)
	at io.github.atommed.ads.HashMap.put(HashMap.java:129)
	at io.github.atommed.ads.HashMap.grow(HashMap.java:121)
	at io.github.atommed.ads.HashMap.put(HashMap.java:129)
	at io.github.atommed.ads.HashMap.grow(HashMap.java:121)
	at io.github.atommed.ads.HashMap.put(HashMap.java:129)
	at io.github.atommed.ads.HashMap.grow(HashMap.java:121)
	at io.github.atommed.ads.HashMap.put(HashMap.java:129)
	at io.github.atommed.ads.HashMap.grow(HashMap.java:121)
	at io.github.atommed.ads.HashMap.put(HashMap.java:129)
	at io.github.atommed.ads.HashMap.grow(HashMap.java:121)
	at io.github.atommed.ads.HashMap.put(HashMap.java:129)
	at io.github.atommed.ads.HashMap.grow(HashMap.java:121)
	at io.github.atommed.ads.HashMap.put(HashMap.java:129)
	at io.github.atommed.ads.HashMap.grow(HashMap.java:121)
	at io.github.atommed.ads.HashMap.put(HashMap.java:129)
	at io.github.atommed.ads.HashMap.grow(HashMap.java:121)
	at io.github.atommed.ads.HashMap.put(HashMap.java:129)
	at io.github.atommed.ads.HashMap.grow(HashMap.java:121)
	at io.github.atommed.ads.HashMap.put(HashMap.java:129)
	at io.github.atommed.ads.HashMap.grow(HashMap.java:121)
	at io.github.atommed.ads.HashMap.put(HashMap.java:129)
	at io.github.atommed.ads.HashMap.grow(HashMap.java:121)
	at io.github.atommed.ads.HashMap.put(HashMap.java:129)
</error>
  </testcase>
  <testcase classname="io.github.atommed.ads.MapTests" name="collisionsHandled" time="37.293">
    <error message="Java heap space" type="java.lang.OutOfMemoryError">java.lang.OutOfMemoryError: Java heap space
	at io.github.atommed.ads.HashMap.grow(HashMap.java:116)
	at io.github.atommed.ads.HashMap.put(HashMap.java:129)
	at io.github.atommed.ads.HashMap.grow(HashMap.java:121)
	at io.github.atommed.ads.HashMap.put(HashMap.java:129)
	at io.github.atommed.ads.HashMap.grow(HashMap.java:121)
	at io.github.atommed.ads.HashMap.put(HashMap.java:129)
	at io.github.atommed.ads.HashMap.grow(HashMap.java:121)
	at io.github.atommed.ads.HashMap.put(HashMap.java:129)
	at io.github.atommed.ads.HashMap.grow(HashMap.java:121)
	at io.github.atommed.ads.HashMap.put(HashMap.java:129)
	at io.github.atommed.ads.HashMap.grow(HashMap.java:121)
	at io.github.atommed.ads.HashMap.put(HashMap.java:129)
	at io.github.atommed.ads.HashMap.grow(HashMap.java:121)
	at io.github.atommed.ads.HashMap.put(HashMap.java:129)
	at io.github.atommed.ads.HashMap.grow(HashMap.java:121)
	at io.github.atommed.ads.HashMap.put(HashMap.java:129)
	at io.github.atommed.ads.HashMap.grow(HashMap.java:121)
	at io.github.atommed.ads.HashMap.put(HashMap.java:129)
	at io.github.atommed.ads.HashMap.grow(HashMap.java:121)
	at io.github.atommed.ads.HashMap.put(HashMap.java:129)
	at io.github.atommed.ads.HashMap.grow(HashMap.java:121)
	at io.github.atommed.ads.HashMap.put(HashMap.java:129)
	at io.github.atommed.ads.HashMap.grow(HashMap.java:121)
	at io.github.atommed.ads.HashMap.put(HashMap.java:129)
	at io.github.atommed.ads.HashMap.grow(HashMap.java:121)
	at io.github.atommed.ads.HashMap.put(HashMap.java:129)
	at io.github.atommed.ads.HashMap.grow(HashMap.java:121)
	at io.github.atommed.ads.HashMap.put(HashMap.java:129)
	at io.github.atommed.ads.HashMap.grow(HashMap.java:121)
	at io.github.atommed.ads.HashMap.put(HashMap.java:129)
	at io.github.atommed.ads.HashMap.grow(HashMap.java:121)
	at io.github.atommed.ads.HashMap.put(HashMap.java:129)
</error>
  </testcase>
</testsuite>