<?xml version="1.0" encoding="UTF-8" ?>
<testsuite tests="636" failures="75" name="io.github.atommed.ads.MapTests" time="0.495" errors="0" skipped="0">
  <properties>
    <property name="idea.version" value="2016.1.2"/>
    <property name="java.runtime.name" value="OpenJDK Runtime Environment"/>
    <property name="sun.boot.library.path" value="/usr/lib/jvm/java-8-openjdk-amd64/jre/lib/amd64"/>
    <property name="java.vm.version" value="25.91-b14"/>
    <property name="java.vm.vendor" value="Oracle Corporation"/>
    <property name="java.vendor.url" value="http://java.oracle.com/"/>
    <property name="path.separator" value=":"/>
    <property name="guice.disable.misplaced.annotation.check" value="true"/>
    <property name="java.vm.name" value="OpenJDK 64-Bit Server VM"/>
    <property name="file.encoding.pkg" value="sun.io"/>
    <property name="idea.launcher.port" value="7532"/>
    <property name="user.country" value="UA"/>
    <property name="sun.java.launcher" value="SUN_STANDARD"/>
    <property name="sun.os.patch.level" value="unknown"/>
    <property name="java.vm.specification.name" value="Java Virtual Machine Specification"/>
    <property name="user.dir" value="/home/gregory/Documents/programming/IdeaProjects/HashTable"/>
    <property name="java.runtime.version" value="1.8.0_91-8u91-b14-0ubuntu4~16.04.1ppa1-b14"/>
    <property name="java.awt.graphicsenv" value="sun.awt.X11GraphicsEnvironment"/>
    <property name="java.endorsed.dirs" value="/usr/lib/jvm/java-8-openjdk-amd64/jre/lib/endorsed"/>
    <property name="os.arch" value="amd64"/>
    <property name="java.io.tmpdir" value="/tmp"/>
    <property name="line.separator" value="
"/>
    <property name="java.vm.specification.vendor" value="Oracle Corporation"/>
    <property name="os.name" value="Linux"/>
    <property name="classworlds.conf" value="/home/gregory/Applications/idea-IC-145.971.21/plugins/maven/lib/maven3/bin/m2.conf"/>
    <property name="sun.jnu.encoding" value="UTF-8"/>
    <property name="java.library.path" value="/home/gregory/Applications/idea-IC-145.971.21/bin::/usr/java/packages/lib/amd64:/usr/lib/x86_64-linux-gnu/jni:/lib/x86_64-linux-gnu:/usr/lib/x86_64-linux-gnu:/usr/lib/jni:/lib:/usr/lib"/>
    <property name="java.specification.name" value="Java Platform API Specification"/>
    <property name="java.class.version" value="52.0"/>
    <property name="sun.management.compiler" value="HotSpot 64-Bit Tiered Compilers"/>
    <property name="os.version" value="4.4.0-22-generic"/>
    <property name="user.home" value="/home/gregory"/>
    <property name="user.timezone" value="Europe/Kiev"/>
    <property name="java.awt.printerjob" value="sun.print.PSPrinterJob"/>
    <property name="java.specification.version" value="1.8"/>
    <property name="idea.launcher.bin.path" value="/home/gregory/Applications/idea-IC-145.971.21/bin"/>
    <property name="file.encoding" value="UTF-8"/>
    <property name="user.name" value="gregory"/>
    <property name="java.class.path" value="/home/gregory/Applications/idea-IC-145.971.21/plugins/maven/lib/maven3/boot/plexus-classworlds-2.4.jar:/home/gregory/Applications/idea-IC-145.971.21/lib/idea_rt.jar"/>
    <property name="java.vm.specification.version" value="1.8"/>
    <property name="sun.arch.data.model" value="64"/>
    <property name="java.home" value="/usr/lib/jvm/java-8-openjdk-amd64/jre"/>
    <property name="sun.java.command" value="com.intellij.rt.execution.application.AppMain org.codehaus.classworlds.Launcher -Didea.version=2016.1.2 test"/>
    <property name="java.specification.vendor" value="Oracle Corporation"/>
    <property name="user.language" value="ru"/>
    <property name="awt.toolkit" value="sun.awt.X11.XToolkit"/>
    <property name="java.vm.info" value="mixed mode"/>
    <property name="java.version" value="1.8.0_91"/>
    <property name="java.ext.dirs" value="/usr/lib/jvm/java-8-openjdk-amd64/jre/lib/ext:/usr/java/packages/lib/ext"/>
    <property name="securerandom.source" value="file:/dev/./urandom"/>
    <property name="sun.boot.class.path" value="/usr/lib/jvm/java-8-openjdk-amd64/jre/lib/resources.jar:/usr/lib/jvm/java-8-openjdk-amd64/jre/lib/rt.jar:/usr/lib/jvm/java-8-openjdk-amd64/jre/lib/sunrsasign.jar:/usr/lib/jvm/java-8-openjdk-amd64/jre/lib/jsse.jar:/usr/lib/jvm/java-8-openjdk-amd64/jre/lib/jce.jar:/usr/lib/jvm/java-8-openjdk-amd64/jre/lib/charsets.jar:/usr/lib/jvm/java-8-openjdk-amd64/jre/lib/jfr.jar:/usr/lib/jvm/java-8-openjdk-amd64/jre/classes"/>
    <property name="java.vendor" value="Oracle Corporation"/>
    <property name="maven.home" value="/home/gregory/Applications/idea-IC-145.971.21/plugins/maven/lib/maven3"/>
    <property name="file.separator" value="/"/>
    <property name="java.vendor.url.bug" value="http://bugreport.sun.com/bugreport/"/>
    <property name="sun.cpu.endian" value="little"/>
    <property name="sun.io.unicode.encoding" value="UnicodeLittle"/>
    <property name="sun.desktop" value="gnome"/>
    <property name="sun.cpu.isalist" value=""/>
  </properties>
  <testcase classname="com.google.common.collect.testing.testers.MapClearTester" name="testClear[HashMap tests [collection size: zero]]" time="0.002"/>
  <testcase classname="com.google.common.collect.testing.testers.MapContainsKeyTester" name="testContains_no[HashMap tests [collection size: zero]]" time="0.04"/>
  <testcase classname="com.google.common.collect.testing.testers.MapContainsKeyTester" name="testContains_nullNotContainedButAllowed[HashMap tests [collection size: zero]]" time="0.001"/>
  <testcase classname="com.google.common.collect.testing.testers.MapContainsKeyTester" name="testContains_wrongType[HashMap tests [collection size: zero]]" time="0.001"/>
  <testcase classname="com.google.common.collect.testing.testers.MapContainsValueTester" name="testContains_no[HashMap tests [collection size: zero]]" time="0"/>
  <testcase classname="com.google.common.collect.testing.testers.MapContainsValueTester" name="testContains_nullNotContainedButAllowed[HashMap tests [collection size: zero]]" time="0"/>
  <testcase classname="com.google.common.collect.testing.testers.MapContainsValueTester" name="testContains_wrongType[HashMap tests [collection size: zero]]" time="0"/>
  <testcase classname="com.google.common.collect.testing.testers.MapEntrySetTester" name="testContainsEntryWithNullKeyAbsent[HashMap tests [collection size: zero]]" time="0.001"/>
  <testcase classname="com.google.common.collect.testing.testers.MapEntrySetTester" name="testContainsEntryWithIncomparableKey[HashMap tests [collection size: zero]]" time="0"/>
  <testcase classname="com.google.common.collect.testing.testers.MapEntrySetTester" name="testContainsEntryWithIncomparableValue[HashMap tests [collection size: zero]]" time="0"/>
  <testcase classname="com.google.common.collect.testing.testers.MapEntrySetTester" name="testContainsEntryWithNullValueAbsent[HashMap tests [collection size: zero]]" time="0"/>
  <testcase classname="com.google.common.collect.testing.testers.MapEqualsTester" name="testEquals_list[HashMap tests [collection size: zero]]" time="0"/>
  <testcase classname="com.google.common.collect.testing.testers.MapEqualsTester" name="testEquals_otherMapWithSameEntries[HashMap tests [collection size: zero]]" time="0.003">
    <failure message="A Map should equal any other Map containing the same entries." type="junit.framework.AssertionFailedError">junit.framework.AssertionFailedError: A Map should equal any other Map containing the same entries.
	at junit.framework.Assert.fail(Assert.java:57)
	at junit.framework.Assert.assertTrue(Assert.java:22)
	at junit.framework.TestCase.assertTrue(TestCase.java:192)
	at com.google.common.collect.testing.testers.MapEqualsTester.testEquals_otherMapWithSameEntries(MapEqualsTester.java:41)
	at sun.reflect.NativeMethodAccessorImpl.invoke0(Native Method)
	at sun.reflect.NativeMethodAccessorImpl.invoke(NativeMethodAccessorImpl.java:62)
	at sun.reflect.DelegatingMethodAccessorImpl.invoke(DelegatingMethodAccessorImpl.java:43)
	at java.lang.reflect.Method.invoke(Method.java:498)
	at junit.framework.TestCase.runTest(TestCase.java:176)
	at junit.framework.TestCase.runBare(TestCase.java:141)
	at junit.framework.TestResult$1.protect(TestResult.java:122)
	at junit.framework.TestResult.runProtected(TestResult.java:142)
	at junit.framework.TestResult.run(TestResult.java:125)
	at junit.framework.TestCase.run(TestCase.java:129)
	at junit.framework.TestSuite.runTest(TestSuite.java:252)
	at junit.framework.TestSuite.run(TestSuite.java:247)
	at junit.framework.TestSuite.runTest(TestSuite.java:252)
	at junit.framework.TestSuite.run(TestSuite.java:247)
	at junit.framework.TestSuite.runTest(TestSuite.java:252)
	at junit.framework.TestSuite.run(TestSuite.java:247)
	at org.junit.internal.runners.JUnit38ClassRunner.run(JUnit38ClassRunner.java:86)
	at org.junit.runners.Suite.runChild(Suite.java:128)
	at org.junit.runners.Suite.runChild(Suite.java:27)
	at org.junit.runners.ParentRunner$3.run(ParentRunner.java:290)
	at org.junit.runners.ParentRunner$1.schedule(ParentRunner.java:71)
	at org.junit.runners.ParentRunner.runChildren(ParentRunner.java:288)
	at org.junit.runners.ParentRunner.access$000(ParentRunner.java:58)
	at org.junit.runners.ParentRunner$2.evaluate(ParentRunner.java:268)
	at org.junit.runners.ParentRunner.run(ParentRunner.java:363)
	at org.apache.maven.surefire.junit4.JUnit4TestSet.execute(JUnit4TestSet.java:53)
	at org.apache.maven.surefire.junit4.JUnit4Provider.executeTestSet(JUnit4Provider.java:123)
	at org.apache.maven.surefire.junit4.JUnit4Provider.invoke(JUnit4Provider.java:104)
	at sun.reflect.NativeMethodAccessorImpl.invoke0(Native Method)
	at sun.reflect.NativeMethodAccessorImpl.invoke(NativeMethodAccessorImpl.java:62)
	at sun.reflect.DelegatingMethodAccessorImpl.invoke(DelegatingMethodAccessorImpl.java:43)
	at java.lang.reflect.Method.invoke(Method.java:498)
	at org.apache.maven.surefire.util.ReflectionUtils.invokeMethodWithArray(ReflectionUtils.java:164)
	at org.apache.maven.surefire.booter.ProviderFactory$ProviderProxy.invoke(ProviderFactory.java:110)
	at org.apache.maven.surefire.booter.SurefireStarter.invokeProvider(SurefireStarter.java:175)
	at org.apache.maven.surefire.booter.SurefireStarter.runSuitesInProcessWhenForked(SurefireStarter.java:107)
	at org.apache.maven.surefire.booter.ForkedBooter.main(ForkedBooter.java:68)
</failure>
  </testcase>
  <testcase classname="com.google.common.collect.testing.testers.MapEqualsTester" name="testEquals_largerMap[HashMap tests [collection size: zero]]" time="0"/>
  <testcase classname="com.google.common.collect.testing.testers.MapGetTester" name="testGet_no[HashMap tests [collection size: zero]]" time="0"/>
  <testcase classname="com.google.common.collect.testing.testers.MapGetTester" name="testGet_nullNotContainedButAllowed[HashMap tests [collection size: zero]]" time="0"/>
  <testcase classname="com.google.common.collect.testing.testers.MapGetTester" name="testGet_wrongType[HashMap tests [collection size: zero]]" time="0.001"/>
  <testcase classname="com.google.common.collect.testing.testers.MapHashCodeTester" name="testHashCode[HashMap tests [collection size: zero]]" time="0"/>
  <testcase classname="com.google.common.collect.testing.testers.MapIsEmptyTester" name="testIsEmpty_yes[HashMap tests [collection size: zero]]" time="0"/>
  <testcase classname="com.google.common.collect.testing.testers.MapPutTester" name="testPut_supportedNotPresent[HashMap tests [collection size: zero]]" time="0.001"/>
  <testcase classname="com.google.common.collect.testing.testers.MapPutAllTester" name="testPutAll_supportedNonePresent[HashMap tests [collection size: zero]]" time="0.001"/>
  <testcase classname="com.google.common.collect.testing.testers.MapPutAllTester" name="testPutAll_supportedNothing[HashMap tests [collection size: zero]]" time="0"/>
  <testcase classname="com.google.common.collect.testing.testers.MapPutAllTester" name="testPutAll_nullCollectionReference[HashMap tests [collection size: zero]]" time="0"/>
  <testcase classname="com.google.common.collect.testing.testers.MapRemoveTester" name="testRemove_nullSupportedMissing[HashMap tests [collection size: zero]]" time="0.001"/>
  <testcase classname="com.google.common.collect.testing.testers.MapRemoveTester" name="testRemove_wrongType[HashMap tests [collection size: zero]]" time="0"/>
  <testcase classname="com.google.common.collect.testing.testers.MapRemoveTester" name="testRemove_notPresent[HashMap tests [collection size: zero]]" time="0"/>
  <testcase classname="com.google.common.collect.testing.testers.MapSizeTester" name="testSize[HashMap tests [collection size: zero]]" time="0.001"/>
  <testcase classname="com.google.common.collect.testing.testers.MapToStringTester" name="testToString_size0[HashMap tests [collection size: zero]]" time="0.001">
    <failure message="emptyMap.toString should return {} expected:&lt;[{}]&gt; but was:&lt;[io.github.atommed.ads.HashMap@0]&gt;" type="junit.framework.ComparisonFailure">junit.framework.ComparisonFailure: emptyMap.toString should return {} expected:&lt;[{}]&gt; but was:&lt;[io.github.atommed.ads.HashMap@0]&gt;
	at junit.framework.Assert.assertEquals(Assert.java:100)
	at junit.framework.TestCase.assertEquals(TestCase.java:261)
	at com.google.common.collect.testing.testers.MapToStringTester.testToString_size0(MapToStringTester.java:47)
	at sun.reflect.NativeMethodAccessorImpl.invoke0(Native Method)
	at sun.reflect.NativeMethodAccessorImpl.invoke(NativeMethodAccessorImpl.java:62)
	at sun.reflect.DelegatingMethodAccessorImpl.invoke(DelegatingMethodAccessorImpl.java:43)
	at java.lang.reflect.Method.invoke(Method.java:498)
	at junit.framework.TestCase.runTest(TestCase.java:176)
	at junit.framework.TestCase.runBare(TestCase.java:141)
	at junit.framework.TestResult$1.protect(TestResult.java:122)
	at junit.framework.TestResult.runProtected(TestResult.java:142)
	at junit.framework.TestResult.run(TestResult.java:125)
	at junit.framework.TestCase.run(TestCase.java:129)
	at junit.framework.TestSuite.runTest(TestSuite.java:252)
	at junit.framework.TestSuite.run(TestSuite.java:247)
	at junit.framework.TestSuite.runTest(TestSuite.java:252)
	at junit.framework.TestSuite.run(TestSuite.java:247)
	at junit.framework.TestSuite.runTest(TestSuite.java:252)
	at junit.framework.TestSuite.run(TestSuite.java:247)
	at org.junit.internal.runners.JUnit38ClassRunner.run(JUnit38ClassRunner.java:86)
	at org.junit.runners.Suite.runChild(Suite.java:128)
	at org.junit.runners.Suite.runChild(Suite.java:27)
	at org.junit.runners.ParentRunner$3.run(ParentRunner.java:290)
	at org.junit.runners.ParentRunner$1.schedule(ParentRunner.java:71)
	at org.junit.runners.ParentRunner.runChildren(ParentRunner.java:288)
	at org.junit.runners.ParentRunner.access$000(ParentRunner.java:58)
	at org.junit.runners.ParentRunner$2.evaluate(ParentRunner.java:268)
	at org.junit.runners.ParentRunner.run(ParentRunner.java:363)
	at org.apache.maven.surefire.junit4.JUnit4TestSet.execute(JUnit4TestSet.java:53)
	at org.apache.maven.surefire.junit4.JUnit4Provider.executeTestSet(JUnit4Provider.java:123)
	at org.apache.maven.surefire.junit4.JUnit4Provider.invoke(JUnit4Provider.java:104)
	at sun.reflect.NativeMethodAccessorImpl.invoke0(Native Method)
	at sun.reflect.NativeMethodAccessorImpl.invoke(NativeMethodAccessorImpl.java:62)
	at sun.reflect.DelegatingMethodAccessorImpl.invoke(DelegatingMethodAccessorImpl.java:43)
	at java.lang.reflect.Method.invoke(Method.java:498)
	at org.apache.maven.surefire.util.ReflectionUtils.invokeMethodWithArray(ReflectionUtils.java:164)
	at org.apache.maven.surefire.booter.ProviderFactory$ProviderProxy.invoke(ProviderFactory.java:110)
	at org.apache.maven.surefire.booter.SurefireStarter.invokeProvider(SurefireStarter.java:175)
	at org.apache.maven.surefire.booter.SurefireStarter.runSuitesInProcessWhenForked(SurefireStarter.java:107)
	at org.apache.maven.surefire.booter.ForkedBooter.main(ForkedBooter.java:68)
</failure>
  </testcase>
  <testcase classname="com.google.common.collect.testing.testers.MapToStringTester" name="testToString_formatting[HashMap tests [collection size: zero]]" time="0">
    <failure message="map.toString() incorrect expected:&lt;[{}]&gt; but was:&lt;[io.github.atommed.ads.HashMap@0]&gt;" type="junit.framework.ComparisonFailure">junit.framework.ComparisonFailure: map.toString() incorrect expected:&lt;[{}]&gt; but was:&lt;[io.github.atommed.ads.HashMap@0]&gt;
	at junit.framework.Assert.assertEquals(Assert.java:100)
	at junit.framework.TestCase.assertEquals(TestCase.java:261)
	at com.google.common.collect.testing.testers.MapToStringTester.testToString_formatting(MapToStringTester.java:71)
	at sun.reflect.NativeMethodAccessorImpl.invoke0(Native Method)
	at sun.reflect.NativeMethodAccessorImpl.invoke(NativeMethodAccessorImpl.java:62)
	at sun.reflect.DelegatingMethodAccessorImpl.invoke(DelegatingMethodAccessorImpl.java:43)
	at java.lang.reflect.Method.invoke(Method.java:498)
	at junit.framework.TestCase.runTest(TestCase.java:176)
	at junit.framework.TestCase.runBare(TestCase.java:141)
	at junit.framework.TestResult$1.protect(TestResult.java:122)
	at junit.framework.TestResult.runProtected(TestResult.java:142)
	at junit.framework.TestResult.run(TestResult.java:125)
	at junit.framework.TestCase.run(TestCase.java:129)
	at junit.framework.TestSuite.runTest(TestSuite.java:252)
	at junit.framework.TestSuite.run(TestSuite.java:247)
	at junit.framework.TestSuite.runTest(TestSuite.java:252)
	at junit.framework.TestSuite.run(TestSuite.java:247)
	at junit.framework.TestSuite.runTest(TestSuite.java:252)
	at junit.framework.TestSuite.run(TestSuite.java:247)
	at org.junit.internal.runners.JUnit38ClassRunner.run(JUnit38ClassRunner.java:86)
	at org.junit.runners.Suite.runChild(Suite.java:128)
	at org.junit.runners.Suite.runChild(Suite.java:27)
	at org.junit.runners.ParentRunner$3.run(ParentRunner.java:290)
	at org.junit.runners.ParentRunner$1.schedule(ParentRunner.java:71)
	at org.junit.runners.ParentRunner.runChildren(ParentRunner.java:288)
	at org.junit.runners.ParentRunner.access$000(ParentRunner.java:58)
	at org.junit.runners.ParentRunner$2.evaluate(ParentRunner.java:268)
	at org.junit.runners.ParentRunner.run(ParentRunner.java:363)
	at org.apache.maven.surefire.junit4.JUnit4TestSet.execute(JUnit4TestSet.java:53)
	at org.apache.maven.surefire.junit4.JUnit4Provider.executeTestSet(JUnit4Provider.java:123)
	at org.apache.maven.surefire.junit4.JUnit4Provider.invoke(JUnit4Provider.java:104)
	at sun.reflect.NativeMethodAccessorImpl.invoke0(Native Method)
	at sun.reflect.NativeMethodAccessorImpl.invoke(NativeMethodAccessorImpl.java:62)
	at sun.reflect.DelegatingMethodAccessorImpl.invoke(DelegatingMethodAccessorImpl.java:43)
	at java.lang.reflect.Method.invoke(Method.java:498)
	at org.apache.maven.surefire.util.ReflectionUtils.invokeMethodWithArray(ReflectionUtils.java:164)
	at org.apache.maven.surefire.booter.ProviderFactory$ProviderProxy.invoke(ProviderFactory.java:110)
	at org.apache.maven.surefire.booter.SurefireStarter.invokeProvider(SurefireStarter.java:175)
	at org.apache.maven.surefire.booter.SurefireStarter.runSuitesInProcessWhenForked(SurefireStarter.java:107)
	at org.apache.maven.surefire.booter.ForkedBooter.main(ForkedBooter.java:68)
</failure>
  </testcase>
  <testcase classname="com.google.common.collect.testing.testers.MapToStringTester" name="testToString_minimal[HashMap tests [collection size: zero]]" time="0"/>
  <testcase classname="com.google.common.collect.testing.testers.CollectionAddAllTester" name="testAddAll_unsupportedNothing[HashMap tests [collection size: zero] entrySet [collection size: zero]]" time="0"/>
  <testcase classname="com.google.common.collect.testing.testers.CollectionAddAllTester" name="testAddAll_unsupportedNonePresent[HashMap tests [collection size: zero] entrySet [collection size: zero]]" time="0.001">
    <failure message="addAll(nonePresent) should throw" type="junit.framework.AssertionFailedError">junit.framework.AssertionFailedError: addAll(nonePresent) should throw
	at junit.framework.Assert.fail(Assert.java:57)
	at junit.framework.TestCase.fail(TestCase.java:227)
	at com.google.common.collect.testing.testers.CollectionAddAllTester.testAddAll_unsupportedNonePresent(CollectionAddAllTester.java:78)
	at sun.reflect.NativeMethodAccessorImpl.invoke0(Native Method)
	at sun.reflect.NativeMethodAccessorImpl.invoke(NativeMethodAccessorImpl.java:62)
	at sun.reflect.DelegatingMethodAccessorImpl.invoke(DelegatingMethodAccessorImpl.java:43)
	at java.lang.reflect.Method.invoke(Method.java:498)
	at junit.framework.TestCase.runTest(TestCase.java:176)
	at junit.framework.TestCase.runBare(TestCase.java:141)
	at junit.framework.TestResult$1.protect(TestResult.java:122)
	at junit.framework.TestResult.runProtected(TestResult.java:142)
	at junit.framework.TestResult.run(TestResult.java:125)
	at junit.framework.TestCase.run(TestCase.java:129)
	at junit.framework.TestSuite.runTest(TestSuite.java:252)
	at junit.framework.TestSuite.run(TestSuite.java:247)
	at junit.framework.TestSuite.runTest(TestSuite.java:252)
	at junit.framework.TestSuite.run(TestSuite.java:247)
	at junit.framework.TestSuite.runTest(TestSuite.java:252)
	at junit.framework.TestSuite.run(TestSuite.java:247)
	at junit.framework.TestSuite.runTest(TestSuite.java:252)
	at junit.framework.TestSuite.run(TestSuite.java:247)
	at junit.framework.TestSuite.runTest(TestSuite.java:252)
	at junit.framework.TestSuite.run(TestSuite.java:247)
	at org.junit.internal.runners.JUnit38ClassRunner.run(JUnit38ClassRunner.java:86)
	at org.junit.runners.Suite.runChild(Suite.java:128)
	at org.junit.runners.Suite.runChild(Suite.java:27)
	at org.junit.runners.ParentRunner$3.run(ParentRunner.java:290)
	at org.junit.runners.ParentRunner$1.schedule(ParentRunner.java:71)
	at org.junit.runners.ParentRunner.runChildren(ParentRunner.java:288)
	at org.junit.runners.ParentRunner.access$000(ParentRunner.java:58)
	at org.junit.runners.ParentRunner$2.evaluate(ParentRunner.java:268)
	at org.junit.runners.ParentRunner.run(ParentRunner.java:363)
	at org.apache.maven.surefire.junit4.JUnit4TestSet.execute(JUnit4TestSet.java:53)
	at org.apache.maven.surefire.junit4.JUnit4Provider.executeTestSet(JUnit4Provider.java:123)
	at org.apache.maven.surefire.junit4.JUnit4Provider.invoke(JUnit4Provider.java:104)
	at sun.reflect.NativeMethodAccessorImpl.invoke0(Native Method)
	at sun.reflect.NativeMethodAccessorImpl.invoke(NativeMethodAccessorImpl.java:62)
	at sun.reflect.DelegatingMethodAccessorImpl.invoke(DelegatingMethodAccessorImpl.java:43)
	at java.lang.reflect.Method.invoke(Method.java:498)
	at org.apache.maven.surefire.util.ReflectionUtils.invokeMethodWithArray(ReflectionUtils.java:164)
	at org.apache.maven.surefire.booter.ProviderFactory$ProviderProxy.invoke(ProviderFactory.java:110)
	at org.apache.maven.surefire.booter.SurefireStarter.invokeProvider(SurefireStarter.java:175)
	at org.apache.maven.surefire.booter.SurefireStarter.runSuitesInProcessWhenForked(SurefireStarter.java:107)
	at org.apache.maven.surefire.booter.ForkedBooter.main(ForkedBooter.java:68)
</failure>
  </testcase>
  <testcase classname="com.google.common.collect.testing.testers.CollectionAddTester" name="testAdd_unsupportedNotPresent[HashMap tests [collection size: zero] entrySet [collection size: zero]]" time="0.001">
    <failure message="add(notPresent) should throw" type="junit.framework.AssertionFailedError">junit.framework.AssertionFailedError: add(notPresent) should throw
	at junit.framework.Assert.fail(Assert.java:57)
	at junit.framework.TestCase.fail(TestCase.java:227)
	at com.google.common.collect.testing.testers.CollectionAddTester.testAdd_unsupportedNotPresent(CollectionAddTester.java:58)
	at sun.reflect.NativeMethodAccessorImpl.invoke0(Native Method)
	at sun.reflect.NativeMethodAccessorImpl.invoke(NativeMethodAccessorImpl.java:62)
	at sun.reflect.DelegatingMethodAccessorImpl.invoke(DelegatingMethodAccessorImpl.java:43)
	at java.lang.reflect.Method.invoke(Method.java:498)
	at junit.framework.TestCase.runTest(TestCase.java:176)
	at junit.framework.TestCase.runBare(TestCase.java:141)
	at junit.framework.TestResult$1.protect(TestResult.java:122)
	at junit.framework.TestResult.runProtected(TestResult.java:142)
	at junit.framework.TestResult.run(TestResult.java:125)
	at junit.framework.TestCase.run(TestCase.java:129)
	at junit.framework.TestSuite.runTest(TestSuite.java:252)
	at junit.framework.TestSuite.run(TestSuite.java:247)
	at junit.framework.TestSuite.runTest(TestSuite.java:252)
	at junit.framework.TestSuite.run(TestSuite.java:247)
	at junit.framework.TestSuite.runTest(TestSuite.java:252)
	at junit.framework.TestSuite.run(TestSuite.java:247)
	at junit.framework.TestSuite.runTest(TestSuite.java:252)
	at junit.framework.TestSuite.run(TestSuite.java:247)
	at junit.framework.TestSuite.runTest(TestSuite.java:252)
	at junit.framework.TestSuite.run(TestSuite.java:247)
	at org.junit.internal.runners.JUnit38ClassRunner.run(JUnit38ClassRunner.java:86)
	at org.junit.runners.Suite.runChild(Suite.java:128)
	at org.junit.runners.Suite.runChild(Suite.java:27)
	at org.junit.runners.ParentRunner$3.run(ParentRunner.java:290)
	at org.junit.runners.ParentRunner$1.schedule(ParentRunner.java:71)
	at org.junit.runners.ParentRunner.runChildren(ParentRunner.java:288)
	at org.junit.runners.ParentRunner.access$000(ParentRunner.java:58)
	at org.junit.runners.ParentRunner$2.evaluate(ParentRunner.java:268)
	at org.junit.runners.ParentRunner.run(ParentRunner.java:363)
	at org.apache.maven.surefire.junit4.JUnit4TestSet.execute(JUnit4TestSet.java:53)
	at org.apache.maven.surefire.junit4.JUnit4Provider.executeTestSet(JUnit4Provider.java:123)
	at org.apache.maven.surefire.junit4.JUnit4Provider.invoke(JUnit4Provider.java:104)
	at sun.reflect.NativeMethodAccessorImpl.invoke0(Native Method)
	at sun.reflect.NativeMethodAccessorImpl.invoke(NativeMethodAccessorImpl.java:62)
	at sun.reflect.DelegatingMethodAccessorImpl.invoke(DelegatingMethodAccessorImpl.java:43)
	at java.lang.reflect.Method.invoke(Method.java:498)
	at org.apache.maven.surefire.util.ReflectionUtils.invokeMethodWithArray(ReflectionUtils.java:164)
	at org.apache.maven.surefire.booter.ProviderFactory$ProviderProxy.invoke(ProviderFactory.java:110)
	at org.apache.maven.surefire.booter.SurefireStarter.invokeProvider(SurefireStarter.java:175)
	at org.apache.maven.surefire.booter.SurefireStarter.runSuitesInProcessWhenForked(SurefireStarter.java:107)
	at org.apache.maven.surefire.booter.ForkedBooter.main(ForkedBooter.java:68)
</failure>
  </testcase>
  <testcase classname="com.google.common.collect.testing.testers.CollectionClearTester" name="testClear[HashMap tests [collection size: zero] entrySet [collection size: zero]]" time="0"/>
  <testcase classname="com.google.common.collect.testing.testers.CollectionContainsAllTester" name="testContainsAll_nullAllowed[HashMap tests [collection size: zero] entrySet [collection size: zero]]" time="0"/>
  <testcase classname="com.google.common.collect.testing.testers.CollectionContainsAllTester" name="testContainsAll_disjoint[HashMap tests [collection size: zero] entrySet [collection size: zero]]" time="0.001"/>
  <testcase classname="com.google.common.collect.testing.testers.CollectionContainsAllTester" name="testContainsAll_self[HashMap tests [collection size: zero] entrySet [collection size: zero]]" time="0"/>
  <testcase classname="com.google.common.collect.testing.testers.CollectionContainsAllTester" name="testContainsAll_wrongType[HashMap tests [collection size: zero] entrySet [collection size: zero]]" time="0"/>
  <testcase classname="com.google.common.collect.testing.testers.CollectionContainsAllTester" name="testContainsAll_empty[HashMap tests [collection size: zero] entrySet [collection size: zero]]" time="0"/>
  <testcase classname="com.google.common.collect.testing.testers.CollectionContainsAllTester" name="testContainsAll_sameElements[HashMap tests [collection size: zero] entrySet [collection size: zero]]" time="0"/>
  <testcase classname="com.google.common.collect.testing.testers.CollectionContainsAllTester" name="testContainsAll_partialOverlap[HashMap tests [collection size: zero] entrySet [collection size: zero]]" time="0"/>
  <testcase classname="com.google.common.collect.testing.testers.CollectionContainsTester" name="testContains_nullNotContainedButQueriesSupported[HashMap tests [collection size: zero] entrySet [collection size: zero]]" time="0"/>
  <testcase classname="com.google.common.collect.testing.testers.CollectionContainsTester" name="testContains_no[HashMap tests [collection size: zero] entrySet [collection size: zero]]" time="0"/>
  <testcase classname="com.google.common.collect.testing.testers.CollectionContainsTester" name="testContains_wrongType[HashMap tests [collection size: zero] entrySet [collection size: zero]]" time="0"/>
  <testcase classname="com.google.common.collect.testing.testers.CollectionEqualsTester" name="testEquals_null[HashMap tests [collection size: zero] entrySet [collection size: zero]]" time="0"/>
  <testcase classname="com.google.common.collect.testing.testers.CollectionEqualsTester" name="testEquals_self[HashMap tests [collection size: zero] entrySet [collection size: zero]]" time="0.001"/>
  <testcase classname="com.google.common.collect.testing.testers.CollectionEqualsTester" name="testEquals_notACollection[HashMap tests [collection size: zero] entrySet [collection size: zero]]" time="0"/>
  <testcase classname="com.google.common.collect.testing.testers.CollectionIsEmptyTester" name="testIsEmpty_yes[HashMap tests [collection size: zero] entrySet [collection size: zero]]" time="0"/>
  <testcase classname="com.google.common.collect.testing.testers.CollectionIteratorTester" name="testIteratorNoSuchElementException[HashMap tests [collection size: zero] entrySet [collection size: zero]]" time="0.001"/>
  <testcase classname="com.google.common.collect.testing.testers.CollectionIteratorTester" name="testIterator_unknownOrderRemoveUnsupported[HashMap tests [collection size: zero] entrySet [collection size: zero]]" time="0.027"/>
  <testcase classname="com.google.common.collect.testing.testers.CollectionIteratorTester" name="testIterator[HashMap tests [collection size: zero] entrySet [collection size: zero]]" time="0"/>
  <testcase classname="com.google.common.collect.testing.testers.CollectionRemoveAllTester" name="testRemoveAll_containsWrongType[HashMap tests [collection size: zero] entrySet [collection size: zero]]" time="0"/>
  <testcase classname="com.google.common.collect.testing.testers.CollectionRemoveAllTester" name="testRemoveAll_nullCollectionReferenceEmptySubject[HashMap tests [collection size: zero] entrySet [collection size: zero]]" time="0"/>
  <testcase classname="com.google.common.collect.testing.testers.CollectionRemoveAllTester" name="testRemoveAll_emptyCollection[HashMap tests [collection size: zero] entrySet [collection size: zero]]" time="0"/>
  <testcase classname="com.google.common.collect.testing.testers.CollectionRemoveAllTester" name="testRemoveAll_containsNullNoButAllowed[HashMap tests [collection size: zero] entrySet [collection size: zero]]" time="0"/>
  <testcase classname="com.google.common.collect.testing.testers.CollectionRemoveAllTester" name="testRemoveAll_nonePresent[HashMap tests [collection size: zero] entrySet [collection size: zero]]" time="0"/>
  <testcase classname="com.google.common.collect.testing.testers.CollectionRemoveTester" name="testRemove_wrongType[HashMap tests [collection size: zero] entrySet [collection size: zero]]" time="0"/>
  <testcase classname="com.google.common.collect.testing.testers.CollectionRemoveTester" name="testRemove_nullAllowed[HashMap tests [collection size: zero] entrySet [collection size: zero]]" time="0"/>
  <testcase classname="com.google.common.collect.testing.testers.CollectionRemoveTester" name="testRemove_notPresent[HashMap tests [collection size: zero] entrySet [collection size: zero]]" time="0"/>
  <testcase classname="com.google.common.collect.testing.testers.CollectionRetainAllTester" name="testRetainAll_emptyPreviouslyEmpty[HashMap tests [collection size: zero] entrySet [collection size: zero]]" time="0.001"/>
  <testcase classname="com.google.common.collect.testing.testers.CollectionRetainAllTester" name="testRetainAll_nullCollectionReferenceEmptySubject[HashMap tests [collection size: zero] entrySet [collection size: zero]]" time="0"/>
  <testcase classname="com.google.common.collect.testing.testers.CollectionRetainAllTester" name="testRetainAll_nullSingletonPreviouslyEmpty[HashMap tests [collection size: zero] entrySet [collection size: zero]]" time="0"/>
  <testcase classname="com.google.common.collect.testing.testers.CollectionRetainAllTester" name="testRetainAll_disjointPreviouslyEmpty[HashMap tests [collection size: zero] entrySet [collection size: zero]]" time="0.001"/>
  <testcase classname="com.google.common.collect.testing.testers.CollectionRetainAllTester" name="testRetainAll_superset[HashMap tests [collection size: zero] entrySet [collection size: zero]]" time="0"/>
  <testcase classname="com.google.common.collect.testing.testers.CollectionRetainAllTester" name="testRetainAll_sameElements[HashMap tests [collection size: zero] entrySet [collection size: zero]]" time="0"/>
  <testcase classname="com.google.common.collect.testing.testers.CollectionSizeTester" name="testSize[HashMap tests [collection size: zero] entrySet [collection size: zero]]" time="0"/>
  <testcase classname="com.google.common.collect.testing.testers.CollectionToArrayTester" name="testToArray_emptyArray[HashMap tests [collection size: zero] entrySet [collection size: zero]]" time="0"/>
  <testcase classname="com.google.common.collect.testing.testers.CollectionToArrayTester" name="testToArray_emptyArrayOfWrongTypeForEmptyCollection[HashMap tests [collection size: zero] entrySet [collection size: zero]]" time="0"/>
  <testcase classname="com.google.common.collect.testing.testers.CollectionToArrayTester" name="testToArray_oversizedArray[HashMap tests [collection size: zero] entrySet [collection size: zero]]" time="0"/>
  <testcase classname="com.google.common.collect.testing.testers.CollectionToArrayTester" name="testToArray_emptyArrayOfObject[HashMap tests [collection size: zero] entrySet [collection size: zero]]" time="0.001"/>
  <testcase classname="com.google.common.collect.testing.testers.CollectionToArrayTester" name="testToArray_noArgs[HashMap tests [collection size: zero] entrySet [collection size: zero]]" time="0"/>
  <testcase classname="com.google.common.collect.testing.testers.CollectionToArrayTester" name="testToArray_isPlainObjectArray[HashMap tests [collection size: zero] entrySet [collection size: zero]]" time="0"/>
  <testcase classname="com.google.common.collect.testing.testers.CollectionToArrayTester" name="testToArray_rightSizedArrayOfObject[HashMap tests [collection size: zero] entrySet [collection size: zero]]" time="0"/>
  <testcase classname="com.google.common.collect.testing.testers.CollectionToArrayTester" name="testToArray_rightSizedArray[HashMap tests [collection size: zero] entrySet [collection size: zero]]" time="0.001"/>
  <testcase classname="com.google.common.collect.testing.testers.CollectionToStringTester" name="testToString_size0[HashMap tests [collection size: zero] entrySet [collection size: zero]]" time="0"/>
  <testcase classname="com.google.common.collect.testing.testers.CollectionToStringTester" name="testToString_minimal[HashMap tests [collection size: zero] entrySet [collection size: zero]]" time="0"/>
  <testcase classname="com.google.common.collect.testing.testers.SetHashCodeTester" name="testHashCode[HashMap tests [collection size: zero] entrySet [collection size: zero]]" time="0"/>
  <testcase classname="com.google.common.collect.testing.testers.SetEqualsTester" name="testEquals_list[HashMap tests [collection size: zero] entrySet [collection size: zero]]" time="0.001"/>
  <testcase classname="com.google.common.collect.testing.testers.SetEqualsTester" name="testEquals_otherSetWithSameElements[HashMap tests [collection size: zero] entrySet [collection size: zero]]" time="0"/>
  <testcase classname="com.google.common.collect.testing.testers.SetEqualsTester" name="testEquals_largerSet[HashMap tests [collection size: zero] entrySet [collection size: zero]]" time="0.001"/>
  <testcase classname="com.google.common.collect.testing.ExampleIteratorTester" name="testSomethingAboutIterators[HashMap tests [collection size: zero] entrySet [collection size: zero] iterator]" time="0"/>
  <testcase classname="com.google.common.collect.testing.testers.CollectionAddAllTester" name="testAddAll_unsupportedNothing[HashMap tests [collection size: zero] keys [collection size: zero]]" time="0"/>
  <testcase classname="com.google.common.collect.testing.testers.CollectionAddAllTester" name="testAddAll_unsupportedNonePresent[HashMap tests [collection size: zero] keys [collection size: zero]]" time="0.001">
    <failure message="addAll(nonePresent) should throw" type="junit.framework.AssertionFailedError">junit.framework.AssertionFailedError: addAll(nonePresent) should throw
	at junit.framework.Assert.fail(Assert.java:57)
	at junit.framework.TestCase.fail(TestCase.java:227)
	at com.google.common.collect.testing.testers.CollectionAddAllTester.testAddAll_unsupportedNonePresent(CollectionAddAllTester.java:78)
	at sun.reflect.NativeMethodAccessorImpl.invoke0(Native Method)
	at sun.reflect.NativeMethodAccessorImpl.invoke(NativeMethodAccessorImpl.java:62)
	at sun.reflect.DelegatingMethodAccessorImpl.invoke(DelegatingMethodAccessorImpl.java:43)
	at java.lang.reflect.Method.invoke(Method.java:498)
	at junit.framework.TestCase.runTest(TestCase.java:176)
	at junit.framework.TestCase.runBare(TestCase.java:141)
	at junit.framework.TestResult$1.protect(TestResult.java:122)
	at junit.framework.TestResult.runProtected(TestResult.java:142)
	at junit.framework.TestResult.run(TestResult.java:125)
	at junit.framework.TestCase.run(TestCase.java:129)
	at junit.framework.TestSuite.runTest(TestSuite.java:252)
	at junit.framework.TestSuite.run(TestSuite.java:247)
	at junit.framework.TestSuite.runTest(TestSuite.java:252)
	at junit.framework.TestSuite.run(TestSuite.java:247)
	at junit.framework.TestSuite.runTest(TestSuite.java:252)
	at junit.framework.TestSuite.run(TestSuite.java:247)
	at junit.framework.TestSuite.runTest(TestSuite.java:252)
	at junit.framework.TestSuite.run(TestSuite.java:247)
	at junit.framework.TestSuite.runTest(TestSuite.java:252)
	at junit.framework.TestSuite.run(TestSuite.java:247)
	at org.junit.internal.runners.JUnit38ClassRunner.run(JUnit38ClassRunner.java:86)
	at org.junit.runners.Suite.runChild(Suite.java:128)
	at org.junit.runners.Suite.runChild(Suite.java:27)
	at org.junit.runners.ParentRunner$3.run(ParentRunner.java:290)
	at org.junit.runners.ParentRunner$1.schedule(ParentRunner.java:71)
	at org.junit.runners.ParentRunner.runChildren(ParentRunner.java:288)
	at org.junit.runners.ParentRunner.access$000(ParentRunner.java:58)
	at org.junit.runners.ParentRunner$2.evaluate(ParentRunner.java:268)
	at org.junit.runners.ParentRunner.run(ParentRunner.java:363)
	at org.apache.maven.surefire.junit4.JUnit4TestSet.execute(JUnit4TestSet.java:53)
	at org.apache.maven.surefire.junit4.JUnit4Provider.executeTestSet(JUnit4Provider.java:123)
	at org.apache.maven.surefire.junit4.JUnit4Provider.invoke(JUnit4Provider.java:104)
	at sun.reflect.NativeMethodAccessorImpl.invoke0(Native Method)
	at sun.reflect.NativeMethodAccessorImpl.invoke(NativeMethodAccessorImpl.java:62)
	at sun.reflect.DelegatingMethodAccessorImpl.invoke(DelegatingMethodAccessorImpl.java:43)
	at java.lang.reflect.Method.invoke(Method.java:498)
	at org.apache.maven.surefire.util.ReflectionUtils.invokeMethodWithArray(ReflectionUtils.java:164)
	at org.apache.maven.surefire.booter.ProviderFactory$ProviderProxy.invoke(ProviderFactory.java:110)
	at org.apache.maven.surefire.booter.SurefireStarter.invokeProvider(SurefireStarter.java:175)
	at org.apache.maven.surefire.booter.SurefireStarter.runSuitesInProcessWhenForked(SurefireStarter.java:107)
	at org.apache.maven.surefire.booter.ForkedBooter.main(ForkedBooter.java:68)
</failure>
  </testcase>
  <testcase classname="com.google.common.collect.testing.testers.CollectionAddTester" name="testAdd_unsupportedNotPresent[HashMap tests [collection size: zero] keys [collection size: zero]]" time="0.001">
    <failure message="add(notPresent) should throw" type="junit.framework.AssertionFailedError">junit.framework.AssertionFailedError: add(notPresent) should throw
	at junit.framework.Assert.fail(Assert.java:57)
	at junit.framework.TestCase.fail(TestCase.java:227)
	at com.google.common.collect.testing.testers.CollectionAddTester.testAdd_unsupportedNotPresent(CollectionAddTester.java:58)
	at sun.reflect.NativeMethodAccessorImpl.invoke0(Native Method)
	at sun.reflect.NativeMethodAccessorImpl.invoke(NativeMethodAccessorImpl.java:62)
	at sun.reflect.DelegatingMethodAccessorImpl.invoke(DelegatingMethodAccessorImpl.java:43)
	at java.lang.reflect.Method.invoke(Method.java:498)
	at junit.framework.TestCase.runTest(TestCase.java:176)
	at junit.framework.TestCase.runBare(TestCase.java:141)
	at junit.framework.TestResult$1.protect(TestResult.java:122)
	at junit.framework.TestResult.runProtected(TestResult.java:142)
	at junit.framework.TestResult.run(TestResult.java:125)
	at junit.framework.TestCase.run(TestCase.java:129)
	at junit.framework.TestSuite.runTest(TestSuite.java:252)
	at junit.framework.TestSuite.run(TestSuite.java:247)
	at junit.framework.TestSuite.runTest(TestSuite.java:252)
	at junit.framework.TestSuite.run(TestSuite.java:247)
	at junit.framework.TestSuite.runTest(TestSuite.java:252)
	at junit.framework.TestSuite.run(TestSuite.java:247)
	at junit.framework.TestSuite.runTest(TestSuite.java:252)
	at junit.framework.TestSuite.run(TestSuite.java:247)
	at junit.framework.TestSuite.runTest(TestSuite.java:252)
	at junit.framework.TestSuite.run(TestSuite.java:247)
	at org.junit.internal.runners.JUnit38ClassRunner.run(JUnit38ClassRunner.java:86)
	at org.junit.runners.Suite.runChild(Suite.java:128)
	at org.junit.runners.Suite.runChild(Suite.java:27)
	at org.junit.runners.ParentRunner$3.run(ParentRunner.java:290)
	at org.junit.runners.ParentRunner$1.schedule(ParentRunner.java:71)
	at org.junit.runners.ParentRunner.runChildren(ParentRunner.java:288)
	at org.junit.runners.ParentRunner.access$000(ParentRunner.java:58)
	at org.junit.runners.ParentRunner$2.evaluate(ParentRunner.java:268)
	at org.junit.runners.ParentRunner.run(ParentRunner.java:363)
	at org.apache.maven.surefire.junit4.JUnit4TestSet.execute(JUnit4TestSet.java:53)
	at org.apache.maven.surefire.junit4.JUnit4Provider.executeTestSet(JUnit4Provider.java:123)
	at org.apache.maven.surefire.junit4.JUnit4Provider.invoke(JUnit4Provider.java:104)
	at sun.reflect.NativeMethodAccessorImpl.invoke0(Native Method)
	at sun.reflect.NativeMethodAccessorImpl.invoke(NativeMethodAccessorImpl.java:62)
	at sun.reflect.DelegatingMethodAccessorImpl.invoke(DelegatingMethodAccessorImpl.java:43)
	at java.lang.reflect.Method.invoke(Method.java:498)
	at org.apache.maven.surefire.util.ReflectionUtils.invokeMethodWithArray(ReflectionUtils.java:164)
	at org.apache.maven.surefire.booter.ProviderFactory$ProviderProxy.invoke(ProviderFactory.java:110)
	at org.apache.maven.surefire.booter.SurefireStarter.invokeProvider(SurefireStarter.java:175)
	at org.apache.maven.surefire.booter.SurefireStarter.runSuitesInProcessWhenForked(SurefireStarter.java:107)
	at org.apache.maven.surefire.booter.ForkedBooter.main(ForkedBooter.java:68)
</failure>
  </testcase>
  <testcase classname="com.google.common.collect.testing.testers.CollectionClearTester" name="testClear[HashMap tests [collection size: zero] keys [collection size: zero]]" time="0"/>
  <testcase classname="com.google.common.collect.testing.testers.CollectionContainsAllTester" name="testContainsAll_nullAllowed[HashMap tests [collection size: zero] keys [collection size: zero]]" time="0"/>
  <testcase classname="com.google.common.collect.testing.testers.CollectionContainsAllTester" name="testContainsAll_disjoint[HashMap tests [collection size: zero] keys [collection size: zero]]" time="0.001"/>
  <testcase classname="com.google.common.collect.testing.testers.CollectionContainsAllTester" name="testContainsAll_self[HashMap tests [collection size: zero] keys [collection size: zero]]" time="0"/>
  <testcase classname="com.google.common.collect.testing.testers.CollectionContainsAllTester" name="testContainsAll_wrongType[HashMap tests [collection size: zero] keys [collection size: zero]]" time="0"/>
  <testcase classname="com.google.common.collect.testing.testers.CollectionContainsAllTester" name="testContainsAll_empty[HashMap tests [collection size: zero] keys [collection size: zero]]" time="0"/>
  <testcase classname="com.google.common.collect.testing.testers.CollectionContainsAllTester" name="testContainsAll_sameElements[HashMap tests [collection size: zero] keys [collection size: zero]]" time="0"/>
  <testcase classname="com.google.common.collect.testing.testers.CollectionContainsAllTester" name="testContainsAll_partialOverlap[HashMap tests [collection size: zero] keys [collection size: zero]]" time="0"/>
  <testcase classname="com.google.common.collect.testing.testers.CollectionContainsTester" name="testContains_nullNotContainedButQueriesSupported[HashMap tests [collection size: zero] keys [collection size: zero]]" time="0"/>
  <testcase classname="com.google.common.collect.testing.testers.CollectionContainsTester" name="testContains_no[HashMap tests [collection size: zero] keys [collection size: zero]]" time="0"/>
  <testcase classname="com.google.common.collect.testing.testers.CollectionContainsTester" name="testContains_wrongType[HashMap tests [collection size: zero] keys [collection size: zero]]" time="0"/>
  <testcase classname="com.google.common.collect.testing.testers.CollectionEqualsTester" name="testEquals_null[HashMap tests [collection size: zero] keys [collection size: zero]]" time="0"/>
  <testcase classname="com.google.common.collect.testing.testers.CollectionEqualsTester" name="testEquals_self[HashMap tests [collection size: zero] keys [collection size: zero]]" time="0"/>
  <testcase classname="com.google.common.collect.testing.testers.CollectionEqualsTester" name="testEquals_notACollection[HashMap tests [collection size: zero] keys [collection size: zero]]" time="0"/>
  <testcase classname="com.google.common.collect.testing.testers.CollectionIsEmptyTester" name="testIsEmpty_yes[HashMap tests [collection size: zero] keys [collection size: zero]]" time="0"/>
  <testcase classname="com.google.common.collect.testing.testers.CollectionIteratorTester" name="testIteratorNoSuchElementException[HashMap tests [collection size: zero] keys [collection size: zero]]" time="0"/>
  <testcase classname="com.google.common.collect.testing.testers.CollectionIteratorTester" name="testIterator_unknownOrderRemoveUnsupported[HashMap tests [collection size: zero] keys [collection size: zero]]" time="0.012"/>
  <testcase classname="com.google.common.collect.testing.testers.CollectionIteratorTester" name="testIterator[HashMap tests [collection size: zero] keys [collection size: zero]]" time="0"/>
  <testcase classname="com.google.common.collect.testing.testers.CollectionRemoveAllTester" name="testRemoveAll_containsWrongType[HashMap tests [collection size: zero] keys [collection size: zero]]" time="0"/>
  <testcase classname="com.google.common.collect.testing.testers.CollectionRemoveAllTester" name="testRemoveAll_nullCollectionReferenceEmptySubject[HashMap tests [collection size: zero] keys [collection size: zero]]" time="0"/>
  <testcase classname="com.google.common.collect.testing.testers.CollectionRemoveAllTester" name="testRemoveAll_emptyCollection[HashMap tests [collection size: zero] keys [collection size: zero]]" time="0"/>
  <testcase classname="com.google.common.collect.testing.testers.CollectionRemoveAllTester" name="testRemoveAll_containsNullNoButAllowed[HashMap tests [collection size: zero] keys [collection size: zero]]" time="0"/>
  <testcase classname="com.google.common.collect.testing.testers.CollectionRemoveAllTester" name="testRemoveAll_nonePresent[HashMap tests [collection size: zero] keys [collection size: zero]]" time="0.001"/>
  <testcase classname="com.google.common.collect.testing.testers.CollectionRemoveTester" name="testRemove_wrongType[HashMap tests [collection size: zero] keys [collection size: zero]]" time="0"/>
  <testcase classname="com.google.common.collect.testing.testers.CollectionRemoveTester" name="testRemove_nullAllowed[HashMap tests [collection size: zero] keys [collection size: zero]]" time="0"/>
  <testcase classname="com.google.common.collect.testing.testers.CollectionRemoveTester" name="testRemove_notPresent[HashMap tests [collection size: zero] keys [collection size: zero]]" time="0"/>
  <testcase classname="com.google.common.collect.testing.testers.CollectionRetainAllTester" name="testRetainAll_emptyPreviouslyEmpty[HashMap tests [collection size: zero] keys [collection size: zero]]" time="0"/>
  <testcase classname="com.google.common.collect.testing.testers.CollectionRetainAllTester" name="testRetainAll_nullCollectionReferenceEmptySubject[HashMap tests [collection size: zero] keys [collection size: zero]]" time="0"/>
  <testcase classname="com.google.common.collect.testing.testers.CollectionRetainAllTester" name="testRetainAll_nullSingletonPreviouslyEmpty[HashMap tests [collection size: zero] keys [collection size: zero]]" time="0"/>
  <testcase classname="com.google.common.collect.testing.testers.CollectionRetainAllTester" name="testRetainAll_disjointPreviouslyEmpty[HashMap tests [collection size: zero] keys [collection size: zero]]" time="0.001"/>
  <testcase classname="com.google.common.collect.testing.testers.CollectionRetainAllTester" name="testRetainAll_superset[HashMap tests [collection size: zero] keys [collection size: zero]]" time="0"/>
  <testcase classname="com.google.common.collect.testing.testers.CollectionRetainAllTester" name="testRetainAll_sameElements[HashMap tests [collection size: zero] keys [collection size: zero]]" time="0"/>
  <testcase classname="com.google.common.collect.testing.testers.CollectionSizeTester" name="testSize[HashMap tests [collection size: zero] keys [collection size: zero]]" time="0"/>
  <testcase classname="com.google.common.collect.testing.testers.CollectionToArrayTester" name="testToArray_emptyArray[HashMap tests [collection size: zero] keys [collection size: zero]]" time="0"/>
  <testcase classname="com.google.common.collect.testing.testers.CollectionToArrayTester" name="testToArray_emptyArrayOfWrongTypeForEmptyCollection[HashMap tests [collection size: zero] keys [collection size: zero]]" time="0"/>
  <testcase classname="com.google.common.collect.testing.testers.CollectionToArrayTester" name="testToArray_oversizedArray[HashMap tests [collection size: zero] keys [collection size: zero]]" time="0"/>
  <testcase classname="com.google.common.collect.testing.testers.CollectionToArrayTester" name="testToArray_emptyArrayOfObject[HashMap tests [collection size: zero] keys [collection size: zero]]" time="0.001"/>
  <testcase classname="com.google.common.collect.testing.testers.CollectionToArrayTester" name="testToArray_noArgs[HashMap tests [collection size: zero] keys [collection size: zero]]" time="0"/>
  <testcase classname="com.google.common.collect.testing.testers.CollectionToArrayTester" name="testToArray_isPlainObjectArray[HashMap tests [collection size: zero] keys [collection size: zero]]" time="0"/>
  <testcase classname="com.google.common.collect.testing.testers.CollectionToArrayTester" name="testToArray_rightSizedArrayOfObject[HashMap tests [collection size: zero] keys [collection size: zero]]" time="0"/>
  <testcase classname="com.google.common.collect.testing.testers.CollectionToArrayTester" name="testToArray_rightSizedArray[HashMap tests [collection size: zero] keys [collection size: zero]]" time="0"/>
  <testcase classname="com.google.common.collect.testing.testers.CollectionToStringTester" name="testToString_size0[HashMap tests [collection size: zero] keys [collection size: zero]]" time="0"/>
  <testcase classname="com.google.common.collect.testing.testers.CollectionToStringTester" name="testToString_minimal[HashMap tests [collection size: zero] keys [collection size: zero]]" time="0"/>
  <testcase classname="com.google.common.collect.testing.testers.SetHashCodeTester" name="testHashCode[HashMap tests [collection size: zero] keys [collection size: zero]]" time="0.001"/>
  <testcase classname="com.google.common.collect.testing.testers.SetEqualsTester" name="testEquals_list[HashMap tests [collection size: zero] keys [collection size: zero]]" time="0"/>
  <testcase classname="com.google.common.collect.testing.testers.SetEqualsTester" name="testEquals_otherSetWithSameElements[HashMap tests [collection size: zero] keys [collection size: zero]]" time="0"/>
  <testcase classname="com.google.common.collect.testing.testers.SetEqualsTester" name="testEquals_largerSet[HashMap tests [collection size: zero] keys [collection size: zero]]" time="0"/>
  <testcase classname="com.google.common.collect.testing.ExampleIteratorTester" name="testSomethingAboutIterators[HashMap tests [collection size: zero] keys [collection size: zero] iterator]" time="0"/>
  <testcase classname="com.google.common.collect.testing.testers.CollectionAddAllTester" name="testAddAll_unsupportedNothing[HashMap tests [collection size: zero] values [collection size: zero]]" time="0.003"/>
  <testcase classname="com.google.common.collect.testing.testers.CollectionAddAllTester" name="testAddAll_unsupportedNonePresent[HashMap tests [collection size: zero] values [collection size: zero]]" time="0">
    <failure message="addAll(nonePresent) should throw" type="junit.framework.AssertionFailedError">junit.framework.AssertionFailedError: addAll(nonePresent) should throw
	at junit.framework.Assert.fail(Assert.java:57)
	at junit.framework.TestCase.fail(TestCase.java:227)
	at com.google.common.collect.testing.testers.CollectionAddAllTester.testAddAll_unsupportedNonePresent(CollectionAddAllTester.java:78)
	at sun.reflect.NativeMethodAccessorImpl.invoke0(Native Method)
	at sun.reflect.NativeMethodAccessorImpl.invoke(NativeMethodAccessorImpl.java:62)
	at sun.reflect.DelegatingMethodAccessorImpl.invoke(DelegatingMethodAccessorImpl.java:43)
	at java.lang.reflect.Method.invoke(Method.java:498)
	at junit.framework.TestCase.runTest(TestCase.java:176)
	at junit.framework.TestCase.runBare(TestCase.java:141)
	at junit.framework.TestResult$1.protect(TestResult.java:122)
	at junit.framework.TestResult.runProtected(TestResult.java:142)
	at junit.framework.TestResult.run(TestResult.java:125)
	at junit.framework.TestCase.run(TestCase.java:129)
	at junit.framework.TestSuite.runTest(TestSuite.java:252)
	at junit.framework.TestSuite.run(TestSuite.java:247)
	at junit.framework.TestSuite.runTest(TestSuite.java:252)
	at junit.framework.TestSuite.run(TestSuite.java:247)
	at junit.framework.TestSuite.runTest(TestSuite.java:252)
	at junit.framework.TestSuite.run(TestSuite.java:247)
	at junit.framework.TestSuite.runTest(TestSuite.java:252)
	at junit.framework.TestSuite.run(TestSuite.java:247)
	at junit.framework.TestSuite.runTest(TestSuite.java:252)
	at junit.framework.TestSuite.run(TestSuite.java:247)
	at org.junit.internal.runners.JUnit38ClassRunner.run(JUnit38ClassRunner.java:86)
	at org.junit.runners.Suite.runChild(Suite.java:128)
	at org.junit.runners.Suite.runChild(Suite.java:27)
	at org.junit.runners.ParentRunner$3.run(ParentRunner.java:290)
	at org.junit.runners.ParentRunner$1.schedule(ParentRunner.java:71)
	at org.junit.runners.ParentRunner.runChildren(ParentRunner.java:288)
	at org.junit.runners.ParentRunner.access$000(ParentRunner.java:58)
	at org.junit.runners.ParentRunner$2.evaluate(ParentRunner.java:268)
	at org.junit.runners.ParentRunner.run(ParentRunner.java:363)
	at org.apache.maven.surefire.junit4.JUnit4TestSet.execute(JUnit4TestSet.java:53)
	at org.apache.maven.surefire.junit4.JUnit4Provider.executeTestSet(JUnit4Provider.java:123)
	at org.apache.maven.surefire.junit4.JUnit4Provider.invoke(JUnit4Provider.java:104)
	at sun.reflect.NativeMethodAccessorImpl.invoke0(Native Method)
	at sun.reflect.NativeMethodAccessorImpl.invoke(NativeMethodAccessorImpl.java:62)
	at sun.reflect.DelegatingMethodAccessorImpl.invoke(DelegatingMethodAccessorImpl.java:43)
	at java.lang.reflect.Method.invoke(Method.java:498)
	at org.apache.maven.surefire.util.ReflectionUtils.invokeMethodWithArray(ReflectionUtils.java:164)
	at org.apache.maven.surefire.booter.ProviderFactory$ProviderProxy.invoke(ProviderFactory.java:110)
	at org.apache.maven.surefire.booter.SurefireStarter.invokeProvider(SurefireStarter.java:175)
	at org.apache.maven.surefire.booter.SurefireStarter.runSuitesInProcessWhenForked(SurefireStarter.java:107)
	at org.apache.maven.surefire.booter.ForkedBooter.main(ForkedBooter.java:68)
</failure>
  </testcase>
  <testcase classname="com.google.common.collect.testing.testers.CollectionAddTester" name="testAdd_unsupportedNotPresent[HashMap tests [collection size: zero] values [collection size: zero]]" time="0.001">
    <failure message="add(notPresent) should throw" type="junit.framework.AssertionFailedError">junit.framework.AssertionFailedError: add(notPresent) should throw
	at junit.framework.Assert.fail(Assert.java:57)
	at junit.framework.TestCase.fail(TestCase.java:227)
	at com.google.common.collect.testing.testers.CollectionAddTester.testAdd_unsupportedNotPresent(CollectionAddTester.java:58)
	at sun.reflect.NativeMethodAccessorImpl.invoke0(Native Method)
	at sun.reflect.NativeMethodAccessorImpl.invoke(NativeMethodAccessorImpl.java:62)
	at sun.reflect.DelegatingMethodAccessorImpl.invoke(DelegatingMethodAccessorImpl.java:43)
	at java.lang.reflect.Method.invoke(Method.java:498)
	at junit.framework.TestCase.runTest(TestCase.java:176)
	at junit.framework.TestCase.runBare(TestCase.java:141)
	at junit.framework.TestResult$1.protect(TestResult.java:122)
	at junit.framework.TestResult.runProtected(TestResult.java:142)
	at junit.framework.TestResult.run(TestResult.java:125)
	at junit.framework.TestCase.run(TestCase.java:129)
	at junit.framework.TestSuite.runTest(TestSuite.java:252)
	at junit.framework.TestSuite.run(TestSuite.java:247)
	at junit.framework.TestSuite.runTest(TestSuite.java:252)
	at junit.framework.TestSuite.run(TestSuite.java:247)
	at junit.framework.TestSuite.runTest(TestSuite.java:252)
	at junit.framework.TestSuite.run(TestSuite.java:247)
	at junit.framework.TestSuite.runTest(TestSuite.java:252)
	at junit.framework.TestSuite.run(TestSuite.java:247)
	at junit.framework.TestSuite.runTest(TestSuite.java:252)
	at junit.framework.TestSuite.run(TestSuite.java:247)
	at org.junit.internal.runners.JUnit38ClassRunner.run(JUnit38ClassRunner.java:86)
	at org.junit.runners.Suite.runChild(Suite.java:128)
	at org.junit.runners.Suite.runChild(Suite.java:27)
	at org.junit.runners.ParentRunner$3.run(ParentRunner.java:290)
	at org.junit.runners.ParentRunner$1.schedule(ParentRunner.java:71)
	at org.junit.runners.ParentRunner.runChildren(ParentRunner.java:288)
	at org.junit.runners.ParentRunner.access$000(ParentRunner.java:58)
	at org.junit.runners.ParentRunner$2.evaluate(ParentRunner.java:268)
	at org.junit.runners.ParentRunner.run(ParentRunner.java:363)
	at org.apache.maven.surefire.junit4.JUnit4TestSet.execute(JUnit4TestSet.java:53)
	at org.apache.maven.surefire.junit4.JUnit4Provider.executeTestSet(JUnit4Provider.java:123)
	at org.apache.maven.surefire.junit4.JUnit4Provider.invoke(JUnit4Provider.java:104)
	at sun.reflect.NativeMethodAccessorImpl.invoke0(Native Method)
	at sun.reflect.NativeMethodAccessorImpl.invoke(NativeMethodAccessorImpl.java:62)
	at sun.reflect.DelegatingMethodAccessorImpl.invoke(DelegatingMethodAccessorImpl.java:43)
	at java.lang.reflect.Method.invoke(Method.java:498)
	at org.apache.maven.surefire.util.ReflectionUtils.invokeMethodWithArray(ReflectionUtils.java:164)
	at org.apache.maven.surefire.booter.ProviderFactory$ProviderProxy.invoke(ProviderFactory.java:110)
	at org.apache.maven.surefire.booter.SurefireStarter.invokeProvider(SurefireStarter.java:175)
	at org.apache.maven.surefire.booter.SurefireStarter.runSuitesInProcessWhenForked(SurefireStarter.java:107)
	at org.apache.maven.surefire.booter.ForkedBooter.main(ForkedBooter.java:68)
</failure>
  </testcase>
  <testcase classname="com.google.common.collect.testing.testers.CollectionClearTester" name="testClear[HashMap tests [collection size: zero] values [collection size: zero]]" time="0"/>
  <testcase classname="com.google.common.collect.testing.testers.CollectionContainsAllTester" name="testContainsAll_nullAllowed[HashMap tests [collection size: zero] values [collection size: zero]]" time="0"/>
  <testcase classname="com.google.common.collect.testing.testers.CollectionContainsAllTester" name="testContainsAll_disjoint[HashMap tests [collection size: zero] values [collection size: zero]]" time="0"/>
  <testcase classname="com.google.common.collect.testing.testers.CollectionContainsAllTester" name="testContainsAll_self[HashMap tests [collection size: zero] values [collection size: zero]]" time="0.001"/>
  <testcase classname="com.google.common.collect.testing.testers.CollectionContainsAllTester" name="testContainsAll_wrongType[HashMap tests [collection size: zero] values [collection size: zero]]" time="0"/>
  <testcase classname="com.google.common.collect.testing.testers.CollectionContainsAllTester" name="testContainsAll_empty[HashMap tests [collection size: zero] values [collection size: zero]]" time="0"/>
  <testcase classname="com.google.common.collect.testing.testers.CollectionContainsAllTester" name="testContainsAll_sameElements[HashMap tests [collection size: zero] values [collection size: zero]]" time="0"/>
  <testcase classname="com.google.common.collect.testing.testers.CollectionContainsAllTester" name="testContainsAll_partialOverlap[HashMap tests [collection size: zero] values [collection size: zero]]" time="0"/>
  <testcase classname="com.google.common.collect.testing.testers.CollectionContainsTester" name="testContains_nullNotContainedButQueriesSupported[HashMap tests [collection size: zero] values [collection size: zero]]" time="0.001"/>
  <testcase classname="com.google.common.collect.testing.testers.CollectionContainsTester" name="testContains_no[HashMap tests [collection size: zero] values [collection size: zero]]" time="0"/>
  <testcase classname="com.google.common.collect.testing.testers.CollectionContainsTester" name="testContains_wrongType[HashMap tests [collection size: zero] values [collection size: zero]]" time="0"/>
  <testcase classname="com.google.common.collect.testing.testers.CollectionEqualsTester" name="testEquals_null[HashMap tests [collection size: zero] values [collection size: zero]]" time="0"/>
  <testcase classname="com.google.common.collect.testing.testers.CollectionEqualsTester" name="testEquals_self[HashMap tests [collection size: zero] values [collection size: zero]]" time="0"/>
  <testcase classname="com.google.common.collect.testing.testers.CollectionEqualsTester" name="testEquals_notACollection[HashMap tests [collection size: zero] values [collection size: zero]]" time="0"/>
  <testcase classname="com.google.common.collect.testing.testers.CollectionIsEmptyTester" name="testIsEmpty_yes[HashMap tests [collection size: zero] values [collection size: zero]]" time="0"/>
  <testcase classname="com.google.common.collect.testing.testers.CollectionIteratorTester" name="testIteratorNoSuchElementException[HashMap tests [collection size: zero] values [collection size: zero]]" time="0.001"/>
  <testcase classname="com.google.common.collect.testing.testers.CollectionIteratorTester" name="testIterator_unknownOrderRemoveUnsupported[HashMap tests [collection size: zero] values [collection size: zero]]" time="0.016"/>
  <testcase classname="com.google.common.collect.testing.testers.CollectionIteratorTester" name="testIterator[HashMap tests [collection size: zero] values [collection size: zero]]" time="0"/>
  <testcase classname="com.google.common.collect.testing.testers.CollectionRemoveAllTester" name="testRemoveAll_containsWrongType[HashMap tests [collection size: zero] values [collection size: zero]]" time="0.001"/>
  <testcase classname="com.google.common.collect.testing.testers.CollectionRemoveAllTester" name="testRemoveAll_nullCollectionReferenceEmptySubject[HashMap tests [collection size: zero] values [collection size: zero]]" time="0"/>
  <testcase classname="com.google.common.collect.testing.testers.CollectionRemoveAllTester" name="testRemoveAll_emptyCollection[HashMap tests [collection size: zero] values [collection size: zero]]" time="0"/>
  <testcase classname="com.google.common.collect.testing.testers.CollectionRemoveAllTester" name="testRemoveAll_containsNullNoButAllowed[HashMap tests [collection size: zero] values [collection size: zero]]" time="0"/>
  <testcase classname="com.google.common.collect.testing.testers.CollectionRemoveAllTester" name="testRemoveAll_nonePresent[HashMap tests [collection size: zero] values [collection size: zero]]" time="0"/>
  <testcase classname="com.google.common.collect.testing.testers.CollectionRemoveTester" name="testRemove_wrongType[HashMap tests [collection size: zero] values [collection size: zero]]" time="0"/>
  <testcase classname="com.google.common.collect.testing.testers.CollectionRemoveTester" name="testRemove_nullAllowed[HashMap tests [collection size: zero] values [collection size: zero]]" time="0.001"/>
  <testcase classname="com.google.common.collect.testing.testers.CollectionRemoveTester" name="testRemove_notPresent[HashMap tests [collection size: zero] values [collection size: zero]]" time="0"/>
  <testcase classname="com.google.common.collect.testing.testers.CollectionRetainAllTester" name="testRetainAll_emptyPreviouslyEmpty[HashMap tests [collection size: zero] values [collection size: zero]]" time="0"/>
  <testcase classname="com.google.common.collect.testing.testers.CollectionRetainAllTester" name="testRetainAll_nullCollectionReferenceEmptySubject[HashMap tests [collection size: zero] values [collection size: zero]]" time="0"/>
  <testcase classname="com.google.common.collect.testing.testers.CollectionRetainAllTester" name="testRetainAll_nullSingletonPreviouslyEmpty[HashMap tests [collection size: zero] values [collection size: zero]]" time="0"/>
  <testcase classname="com.google.common.collect.testing.testers.CollectionRetainAllTester" name="testRetainAll_disjointPreviouslyEmpty[HashMap tests [collection size: zero] values [collection size: zero]]" time="0"/>
  <testcase classname="com.google.common.collect.testing.testers.CollectionRetainAllTester" name="testRetainAll_superset[HashMap tests [collection size: zero] values [collection size: zero]]" time="0.001"/>
  <testcase classname="com.google.common.collect.testing.testers.CollectionRetainAllTester" name="testRetainAll_sameElements[HashMap tests [collection size: zero] values [collection size: zero]]" time="0"/>
  <testcase classname="com.google.common.collect.testing.testers.CollectionSizeTester" name="testSize[HashMap tests [collection size: zero] values [collection size: zero]]" time="0"/>
  <testcase classname="com.google.common.collect.testing.testers.CollectionToArrayTester" name="testToArray_emptyArray[HashMap tests [collection size: zero] values [collection size: zero]]" time="0"/>
  <testcase classname="com.google.common.collect.testing.testers.CollectionToArrayTester" name="testToArray_emptyArrayOfWrongTypeForEmptyCollection[HashMap tests [collection size: zero] values [collection size: zero]]" time="0"/>
  <testcase classname="com.google.common.collect.testing.testers.CollectionToArrayTester" name="testToArray_oversizedArray[HashMap tests [collection size: zero] values [collection size: zero]]" time="0"/>
  <testcase classname="com.google.common.collect.testing.testers.CollectionToArrayTester" name="testToArray_emptyArrayOfObject[HashMap tests [collection size: zero] values [collection size: zero]]" time="0"/>
  <testcase classname="com.google.common.collect.testing.testers.CollectionToArrayTester" name="testToArray_noArgs[HashMap tests [collection size: zero] values [collection size: zero]]" time="0"/>
  <testcase classname="com.google.common.collect.testing.testers.CollectionToArrayTester" name="testToArray_isPlainObjectArray[HashMap tests [collection size: zero] values [collection size: zero]]" time="0"/>
  <testcase classname="com.google.common.collect.testing.testers.CollectionToArrayTester" name="testToArray_rightSizedArrayOfObject[HashMap tests [collection size: zero] values [collection size: zero]]" time="0"/>
  <testcase classname="com.google.common.collect.testing.testers.CollectionToArrayTester" name="testToArray_rightSizedArray[HashMap tests [collection size: zero] values [collection size: zero]]" time="0"/>
  <testcase classname="com.google.common.collect.testing.testers.CollectionToStringTester" name="testToString_size0[HashMap tests [collection size: zero] values [collection size: zero]]" time="0"/>
  <testcase classname="com.google.common.collect.testing.testers.CollectionToStringTester" name="testToString_minimal[HashMap tests [collection size: zero] values [collection size: zero]]" time="0"/>
  <testcase classname="com.google.common.collect.testing.ExampleIteratorTester" name="testSomethingAboutIterators[HashMap tests [collection size: zero] values [collection size: zero] iterator]" time="0"/>
  <testcase classname="com.google.common.collect.testing.testers.MapClearTester" name="testClear[HashMap tests [collection size: one]]" time="0"/>
  <testcase classname="com.google.common.collect.testing.testers.MapContainsKeyTester" name="testContains_yes[HashMap tests [collection size: one]]" time="0.001"/>
  <testcase classname="com.google.common.collect.testing.testers.MapContainsKeyTester" name="testContains_no[HashMap tests [collection size: one]]" time="0"/>
  <testcase classname="com.google.common.collect.testing.testers.MapContainsKeyTester" name="testContains_nullNotContainedButAllowed[HashMap tests [collection size: one]]" time="0"/>
  <testcase classname="com.google.common.collect.testing.testers.MapContainsKeyTester" name="testContains_wrongType[HashMap tests [collection size: one]]" time="0"/>
  <testcase classname="com.google.common.collect.testing.testers.MapContainsValueTester" name="testContains_yes[HashMap tests [collection size: one]]" time="0"/>
  <testcase classname="com.google.common.collect.testing.testers.MapContainsValueTester" name="testContains_no[HashMap tests [collection size: one]]" time="0"/>
  <testcase classname="com.google.common.collect.testing.testers.MapContainsValueTester" name="testContains_nullNotContainedButAllowed[HashMap tests [collection size: one]]" time="0.001"/>
  <testcase classname="com.google.common.collect.testing.testers.MapContainsValueTester" name="testContains_wrongType[HashMap tests [collection size: one]]" time="0"/>
  <testcase classname="com.google.common.collect.testing.testers.MapEntrySetTester" name="testContainsEntryWithNullKeyAbsent[HashMap tests [collection size: one]]" time="0"/>
  <testcase classname="com.google.common.collect.testing.testers.MapEntrySetTester" name="testContainsEntryWithIncomparableKey[HashMap tests [collection size: one]]" time="0"/>
  <testcase classname="com.google.common.collect.testing.testers.MapEntrySetTester" name="testContainsEntryWithIncomparableValue[HashMap tests [collection size: one]]" time="0"/>
  <testcase classname="com.google.common.collect.testing.testers.MapEntrySetTester" name="testContainsEntryWithNullValueAbsent[HashMap tests [collection size: one]]" time="0"/>
  <testcase classname="com.google.common.collect.testing.testers.MapEqualsTester" name="testEquals_list[HashMap tests [collection size: one]]" time="0"/>
  <testcase classname="com.google.common.collect.testing.testers.MapEqualsTester" name="testEquals_otherMapWithDifferentEntries[HashMap tests [collection size: one]]" time="0"/>
  <testcase classname="com.google.common.collect.testing.testers.MapEqualsTester" name="testEquals_otherMapWithSameEntries[HashMap tests [collection size: one]]" time="0.001">
    <failure message="A Map should equal any other Map containing the same entries." type="junit.framework.AssertionFailedError">junit.framework.AssertionFailedError: A Map should equal any other Map containing the same entries.
	at junit.framework.Assert.fail(Assert.java:57)
	at junit.framework.Assert.assertTrue(Assert.java:22)
	at junit.framework.TestCase.assertTrue(TestCase.java:192)
	at com.google.common.collect.testing.testers.MapEqualsTester.testEquals_otherMapWithSameEntries(MapEqualsTester.java:41)
	at sun.reflect.NativeMethodAccessorImpl.invoke0(Native Method)
	at sun.reflect.NativeMethodAccessorImpl.invoke(NativeMethodAccessorImpl.java:62)
	at sun.reflect.DelegatingMethodAccessorImpl.invoke(DelegatingMethodAccessorImpl.java:43)
	at java.lang.reflect.Method.invoke(Method.java:498)
	at junit.framework.TestCase.runTest(TestCase.java:176)
	at junit.framework.TestCase.runBare(TestCase.java:141)
	at junit.framework.TestResult$1.protect(TestResult.java:122)
	at junit.framework.TestResult.runProtected(TestResult.java:142)
	at junit.framework.TestResult.run(TestResult.java:125)
	at junit.framework.TestCase.run(TestCase.java:129)
	at junit.framework.TestSuite.runTest(TestSuite.java:252)
	at junit.framework.TestSuite.run(TestSuite.java:247)
	at junit.framework.TestSuite.runTest(TestSuite.java:252)
	at junit.framework.TestSuite.run(TestSuite.java:247)
	at junit.framework.TestSuite.runTest(TestSuite.java:252)
	at junit.framework.TestSuite.run(TestSuite.java:247)
	at org.junit.internal.runners.JUnit38ClassRunner.run(JUnit38ClassRunner.java:86)
	at org.junit.runners.Suite.runChild(Suite.java:128)
	at org.junit.runners.Suite.runChild(Suite.java:27)
	at org.junit.runners.ParentRunner$3.run(ParentRunner.java:290)
	at org.junit.runners.ParentRunner$1.schedule(ParentRunner.java:71)
	at org.junit.runners.ParentRunner.runChildren(ParentRunner.java:288)
	at org.junit.runners.ParentRunner.access$000(ParentRunner.java:58)
	at org.junit.runners.ParentRunner$2.evaluate(ParentRunner.java:268)
	at org.junit.runners.ParentRunner.run(ParentRunner.java:363)
	at org.apache.maven.surefire.junit4.JUnit4TestSet.execute(JUnit4TestSet.java:53)
	at org.apache.maven.surefire.junit4.JUnit4Provider.executeTestSet(JUnit4Provider.java:123)
	at org.apache.maven.surefire.junit4.JUnit4Provider.invoke(JUnit4Provider.java:104)
	at sun.reflect.NativeMethodAccessorImpl.invoke0(Native Method)
	at sun.reflect.NativeMethodAccessorImpl.invoke(NativeMethodAccessorImpl.java:62)
	at sun.reflect.DelegatingMethodAccessorImpl.invoke(DelegatingMethodAccessorImpl.java:43)
	at java.lang.reflect.Method.invoke(Method.java:498)
	at org.apache.maven.surefire.util.ReflectionUtils.invokeMethodWithArray(ReflectionUtils.java:164)
	at org.apache.maven.surefire.booter.ProviderFactory$ProviderProxy.invoke(ProviderFactory.java:110)
	at org.apache.maven.surefire.booter.SurefireStarter.invokeProvider(SurefireStarter.java:175)
	at org.apache.maven.surefire.booter.SurefireStarter.runSuitesInProcessWhenForked(SurefireStarter.java:107)
	at org.apache.maven.surefire.booter.ForkedBooter.main(ForkedBooter.java:68)
</failure>
  </testcase>
  <testcase classname="com.google.common.collect.testing.testers.MapEqualsTester" name="testEquals_otherContainsNullValue[HashMap tests [collection size: one]]" time="0"/>
  <testcase classname="com.google.common.collect.testing.testers.MapEqualsTester" name="testEquals_largerMap[HashMap tests [collection size: one]]" time="0"/>
  <testcase classname="com.google.common.collect.testing.testers.MapEqualsTester" name="testEquals_otherContainsNullKey[HashMap tests [collection size: one]]" time="0"/>
  <testcase classname="com.google.common.collect.testing.testers.MapEqualsTester" name="testEquals_smallerMap[HashMap tests [collection size: one]]" time="0"/>
  <testcase classname="com.google.common.collect.testing.testers.MapGetTester" name="testGet_yes[HashMap tests [collection size: one]]" time="0"/>
  <testcase classname="com.google.common.collect.testing.testers.MapGetTester" name="testGet_no[HashMap tests [collection size: one]]" time="0.001"/>
  <testcase classname="com.google.common.collect.testing.testers.MapGetTester" name="testGet_nullNotContainedButAllowed[HashMap tests [collection size: one]]" time="0"/>
  <testcase classname="com.google.common.collect.testing.testers.MapGetTester" name="testGet_wrongType[HashMap tests [collection size: one]]" time="0"/>
  <testcase classname="com.google.common.collect.testing.testers.MapHashCodeTester" name="testHashCode[HashMap tests [collection size: one]]" time="0.001">
    <failure message="A Map&apos;s hashCode() should be the sum of those of its entries. expected:&lt;-162114004&gt; but was:&lt;1&gt;" type="junit.framework.AssertionFailedError">junit.framework.AssertionFailedError: A Map&apos;s hashCode() should be the sum of those of its entries. expected:&lt;-162114004&gt; but was:&lt;1&gt;
	at junit.framework.Assert.fail(Assert.java:57)
	at junit.framework.Assert.failNotEquals(Assert.java:329)
	at junit.framework.Assert.assertEquals(Assert.java:78)
	at junit.framework.Assert.assertEquals(Assert.java:234)
	at junit.framework.TestCase.assertEquals(TestCase.java:401)
	at com.google.common.collect.testing.testers.MapHashCodeTester.testHashCode(MapHashCodeTester.java:43)
	at sun.reflect.NativeMethodAccessorImpl.invoke0(Native Method)
	at sun.reflect.NativeMethodAccessorImpl.invoke(NativeMethodAccessorImpl.java:62)
	at sun.reflect.DelegatingMethodAccessorImpl.invoke(DelegatingMethodAccessorImpl.java:43)
	at java.lang.reflect.Method.invoke(Method.java:498)
	at junit.framework.TestCase.runTest(TestCase.java:176)
	at junit.framework.TestCase.runBare(TestCase.java:141)
	at junit.framework.TestResult$1.protect(TestResult.java:122)
	at junit.framework.TestResult.runProtected(TestResult.java:142)
	at junit.framework.TestResult.run(TestResult.java:125)
	at junit.framework.TestCase.run(TestCase.java:129)
	at junit.framework.TestSuite.runTest(TestSuite.java:252)
	at junit.framework.TestSuite.run(TestSuite.java:247)
	at junit.framework.TestSuite.runTest(TestSuite.java:252)
	at junit.framework.TestSuite.run(TestSuite.java:247)
	at junit.framework.TestSuite.runTest(TestSuite.java:252)
	at junit.framework.TestSuite.run(TestSuite.java:247)
	at org.junit.internal.runners.JUnit38ClassRunner.run(JUnit38ClassRunner.java:86)
	at org.junit.runners.Suite.runChild(Suite.java:128)
	at org.junit.runners.Suite.runChild(Suite.java:27)
	at org.junit.runners.ParentRunner$3.run(ParentRunner.java:290)
	at org.junit.runners.ParentRunner$1.schedule(ParentRunner.java:71)
	at org.junit.runners.ParentRunner.runChildren(ParentRunner.java:288)
	at org.junit.runners.ParentRunner.access$000(ParentRunner.java:58)
	at org.junit.runners.ParentRunner$2.evaluate(ParentRunner.java:268)
	at org.junit.runners.ParentRunner.run(ParentRunner.java:363)
	at org.apache.maven.surefire.junit4.JUnit4TestSet.execute(JUnit4TestSet.java:53)
	at org.apache.maven.surefire.junit4.JUnit4Provider.executeTestSet(JUnit4Provider.java:123)
	at org.apache.maven.surefire.junit4.JUnit4Provider.invoke(JUnit4Provider.java:104)
	at sun.reflect.NativeMethodAccessorImpl.invoke0(Native Method)
	at sun.reflect.NativeMethodAccessorImpl.invoke(NativeMethodAccessorImpl.java:62)
	at sun.reflect.DelegatingMethodAccessorImpl.invoke(DelegatingMethodAccessorImpl.java:43)
	at java.lang.reflect.Method.invoke(Method.java:498)
	at org.apache.maven.surefire.util.ReflectionUtils.invokeMethodWithArray(ReflectionUtils.java:164)
	at org.apache.maven.surefire.booter.ProviderFactory$ProviderProxy.invoke(ProviderFactory.java:110)
	at org.apache.maven.surefire.booter.SurefireStarter.invokeProvider(SurefireStarter.java:175)
	at org.apache.maven.surefire.booter.SurefireStarter.runSuitesInProcessWhenForked(SurefireStarter.java:107)
	at org.apache.maven.surefire.booter.ForkedBooter.main(ForkedBooter.java:68)
</failure>
  </testcase>
  <testcase classname="com.google.common.collect.testing.testers.MapIsEmptyTester" name="testIsEmpty_no[HashMap tests [collection size: one]]" time="0"/>
  <testcase classname="com.google.common.collect.testing.testers.MapPutTester" name="testPut_supportedNotPresent[HashMap tests [collection size: one]]" time="0"/>
  <testcase classname="com.google.common.collect.testing.testers.MapPutAllTester" name="testPutAll_supportedNonePresent[HashMap tests [collection size: one]]" time="0"/>
  <testcase classname="com.google.common.collect.testing.testers.MapPutAllTester" name="testPutAll_supportedNothing[HashMap tests [collection size: one]]" time="0"/>
  <testcase classname="com.google.common.collect.testing.testers.MapPutAllTester" name="testPutAll_supportedSomePresent[HashMap tests [collection size: one]]" time="0"/>
  <testcase classname="com.google.common.collect.testing.testers.MapPutAllTester" name="testPutAll_nullCollectionReference[HashMap tests [collection size: one]]" time="0.001"/>
  <testcase classname="com.google.common.collect.testing.testers.MapRemoveTester" name="testRemove_present[HashMap tests [collection size: one]]" time="0"/>
  <testcase classname="com.google.common.collect.testing.testers.MapRemoveTester" name="testRemove_nullSupportedMissing[HashMap tests [collection size: one]]" time="0"/>
  <testcase classname="com.google.common.collect.testing.testers.MapRemoveTester" name="testRemove_wrongType[HashMap tests [collection size: one]]" time="0"/>
  <testcase classname="com.google.common.collect.testing.testers.MapRemoveTester" name="testRemove_notPresent[HashMap tests [collection size: one]]" time="0"/>
  <testcase classname="com.google.common.collect.testing.testers.MapSizeTester" name="testSize[HashMap tests [collection size: one]]" time="0.001"/>
  <testcase classname="com.google.common.collect.testing.testers.MapToStringTester" name="testToString_size1[HashMap tests [collection size: one]]" time="0">
    <failure message="size1Map.toString should return {entry} expected:&lt;[{one=January}]&gt; but was:&lt;[io.github.atommed.ads.HashMap@1]&gt;" type="junit.framework.ComparisonFailure">junit.framework.ComparisonFailure: size1Map.toString should return {entry} expected:&lt;[{one=January}]&gt; but was:&lt;[io.github.atommed.ads.HashMap@1]&gt;
	at junit.framework.Assert.assertEquals(Assert.java:100)
	at junit.framework.TestCase.assertEquals(TestCase.java:261)
	at com.google.common.collect.testing.testers.MapToStringTester.testToString_size1(MapToStringTester.java:52)
	at sun.reflect.NativeMethodAccessorImpl.invoke0(Native Method)
	at sun.reflect.NativeMethodAccessorImpl.invoke(NativeMethodAccessorImpl.java:62)
	at sun.reflect.DelegatingMethodAccessorImpl.invoke(DelegatingMethodAccessorImpl.java:43)
	at java.lang.reflect.Method.invoke(Method.java:498)
	at junit.framework.TestCase.runTest(TestCase.java:176)
	at junit.framework.TestCase.runBare(TestCase.java:141)
	at junit.framework.TestResult$1.protect(TestResult.java:122)
	at junit.framework.TestResult.runProtected(TestResult.java:142)
	at junit.framework.TestResult.run(TestResult.java:125)
	at junit.framework.TestCase.run(TestCase.java:129)
	at junit.framework.TestSuite.runTest(TestSuite.java:252)
	at junit.framework.TestSuite.run(TestSuite.java:247)
	at junit.framework.TestSuite.runTest(TestSuite.java:252)
	at junit.framework.TestSuite.run(TestSuite.java:247)
	at junit.framework.TestSuite.runTest(TestSuite.java:252)
	at junit.framework.TestSuite.run(TestSuite.java:247)
	at org.junit.internal.runners.JUnit38ClassRunner.run(JUnit38ClassRunner.java:86)
	at org.junit.runners.Suite.runChild(Suite.java:128)
	at org.junit.runners.Suite.runChild(Suite.java:27)
	at org.junit.runners.ParentRunner$3.run(ParentRunner.java:290)
	at org.junit.runners.ParentRunner$1.schedule(ParentRunner.java:71)
	at org.junit.runners.ParentRunner.runChildren(ParentRunner.java:288)
	at org.junit.runners.ParentRunner.access$000(ParentRunner.java:58)
	at org.junit.runners.ParentRunner$2.evaluate(ParentRunner.java:268)
	at org.junit.runners.ParentRunner.run(ParentRunner.java:363)
	at org.apache.maven.surefire.junit4.JUnit4TestSet.execute(JUnit4TestSet.java:53)
	at org.apache.maven.surefire.junit4.JUnit4Provider.executeTestSet(JUnit4Provider.java:123)
	at org.apache.maven.surefire.junit4.JUnit4Provider.invoke(JUnit4Provider.java:104)
	at sun.reflect.NativeMethodAccessorImpl.invoke0(Native Method)
	at sun.reflect.NativeMethodAccessorImpl.invoke(NativeMethodAccessorImpl.java:62)
	at sun.reflect.DelegatingMethodAccessorImpl.invoke(DelegatingMethodAccessorImpl.java:43)
	at java.lang.reflect.Method.invoke(Method.java:498)
	at org.apache.maven.surefire.util.ReflectionUtils.invokeMethodWithArray(ReflectionUtils.java:164)
	at org.apache.maven.surefire.booter.ProviderFactory$ProviderProxy.invoke(ProviderFactory.java:110)
	at org.apache.maven.surefire.booter.SurefireStarter.invokeProvider(SurefireStarter.java:175)
	at org.apache.maven.surefire.booter.SurefireStarter.runSuitesInProcessWhenForked(SurefireStarter.java:107)
	at org.apache.maven.surefire.booter.ForkedBooter.main(ForkedBooter.java:68)
</failure>
  </testcase>
  <testcase classname="com.google.common.collect.testing.testers.MapToStringTester" name="testToString_formatting[HashMap tests [collection size: one]]" time="0.001">
    <failure message="map.toString() incorrect expected:&lt;[{one=January}]&gt; but was:&lt;[io.github.atommed.ads.HashMap@1]&gt;" type="junit.framework.ComparisonFailure">junit.framework.ComparisonFailure: map.toString() incorrect expected:&lt;[{one=January}]&gt; but was:&lt;[io.github.atommed.ads.HashMap@1]&gt;
	at junit.framework.Assert.assertEquals(Assert.java:100)
	at junit.framework.TestCase.assertEquals(TestCase.java:261)
	at com.google.common.collect.testing.testers.MapToStringTester.testToString_formatting(MapToStringTester.java:71)
	at sun.reflect.NativeMethodAccessorImpl.invoke0(Native Method)
	at sun.reflect.NativeMethodAccessorImpl.invoke(NativeMethodAccessorImpl.java:62)
	at sun.reflect.DelegatingMethodAccessorImpl.invoke(DelegatingMethodAccessorImpl.java:43)
	at java.lang.reflect.Method.invoke(Method.java:498)
	at junit.framework.TestCase.runTest(TestCase.java:176)
	at junit.framework.TestCase.runBare(TestCase.java:141)
	at junit.framework.TestResult$1.protect(TestResult.java:122)
	at junit.framework.TestResult.runProtected(TestResult.java:142)
	at junit.framework.TestResult.run(TestResult.java:125)
	at junit.framework.TestCase.run(TestCase.java:129)
	at junit.framework.TestSuite.runTest(TestSuite.java:252)
	at junit.framework.TestSuite.run(TestSuite.java:247)
	at junit.framework.TestSuite.runTest(TestSuite.java:252)
	at junit.framework.TestSuite.run(TestSuite.java:247)
	at junit.framework.TestSuite.runTest(TestSuite.java:252)
	at junit.framework.TestSuite.run(TestSuite.java:247)
	at org.junit.internal.runners.JUnit38ClassRunner.run(JUnit38ClassRunner.java:86)
	at org.junit.runners.Suite.runChild(Suite.java:128)
	at org.junit.runners.Suite.runChild(Suite.java:27)
	at org.junit.runners.ParentRunner$3.run(ParentRunner.java:290)
	at org.junit.runners.ParentRunner$1.schedule(ParentRunner.java:71)
	at org.junit.runners.ParentRunner.runChildren(ParentRunner.java:288)
	at org.junit.runners.ParentRunner.access$000(ParentRunner.java:58)
	at org.junit.runners.ParentRunner$2.evaluate(ParentRunner.java:268)
	at org.junit.runners.ParentRunner.run(ParentRunner.java:363)
	at org.apache.maven.surefire.junit4.JUnit4TestSet.execute(JUnit4TestSet.java:53)
	at org.apache.maven.surefire.junit4.JUnit4Provider.executeTestSet(JUnit4Provider.java:123)
	at org.apache.maven.surefire.junit4.JUnit4Provider.invoke(JUnit4Provider.java:104)
	at sun.reflect.NativeMethodAccessorImpl.invoke0(Native Method)
	at sun.reflect.NativeMethodAccessorImpl.invoke(NativeMethodAccessorImpl.java:62)
	at sun.reflect.DelegatingMethodAccessorImpl.invoke(DelegatingMethodAccessorImpl.java:43)
	at java.lang.reflect.Method.invoke(Method.java:498)
	at org.apache.maven.surefire.util.ReflectionUtils.invokeMethodWithArray(ReflectionUtils.java:164)
	at org.apache.maven.surefire.booter.ProviderFactory$ProviderProxy.invoke(ProviderFactory.java:110)
	at org.apache.maven.surefire.booter.SurefireStarter.invokeProvider(SurefireStarter.java:175)
	at org.apache.maven.surefire.booter.SurefireStarter.runSuitesInProcessWhenForked(SurefireStarter.java:107)
	at org.apache.maven.surefire.booter.ForkedBooter.main(ForkedBooter.java:68)
</failure>
  </testcase>
  <testcase classname="com.google.common.collect.testing.testers.MapToStringTester" name="testToString_minimal[HashMap tests [collection size: one]]" time="0"/>
  <testcase classname="com.google.common.collect.testing.testers.CollectionAddAllTester" name="testAddAll_unsupportedSomePresent[HashMap tests [collection size: one] entrySet [collection size: one]]" time="0.001">
    <failure message="addAll(somePresent) should throw" type="junit.framework.AssertionFailedError">junit.framework.AssertionFailedError: addAll(somePresent) should throw
	at junit.framework.Assert.fail(Assert.java:57)
	at junit.framework.TestCase.fail(TestCase.java:227)
	at com.google.common.collect.testing.testers.CollectionAddAllTester.testAddAll_unsupportedSomePresent(CollectionAddAllTester.java:99)
	at sun.reflect.NativeMethodAccessorImpl.invoke0(Native Method)
	at sun.reflect.NativeMethodAccessorImpl.invoke(NativeMethodAccessorImpl.java:62)
	at sun.reflect.DelegatingMethodAccessorImpl.invoke(DelegatingMethodAccessorImpl.java:43)
	at java.lang.reflect.Method.invoke(Method.java:498)
	at junit.framework.TestCase.runTest(TestCase.java:176)
	at junit.framework.TestCase.runBare(TestCase.java:141)
	at junit.framework.TestResult$1.protect(TestResult.java:122)
	at junit.framework.TestResult.runProtected(TestResult.java:142)
	at junit.framework.TestResult.run(TestResult.java:125)
	at junit.framework.TestCase.run(TestCase.java:129)
	at junit.framework.TestSuite.runTest(TestSuite.java:252)
	at junit.framework.TestSuite.run(TestSuite.java:247)
	at junit.framework.TestSuite.runTest(TestSuite.java:252)
	at junit.framework.TestSuite.run(TestSuite.java:247)
	at junit.framework.TestSuite.runTest(TestSuite.java:252)
	at junit.framework.TestSuite.run(TestSuite.java:247)
	at junit.framework.TestSuite.runTest(TestSuite.java:252)
	at junit.framework.TestSuite.run(TestSuite.java:247)
	at junit.framework.TestSuite.runTest(TestSuite.java:252)
	at junit.framework.TestSuite.run(TestSuite.java:247)
	at org.junit.internal.runners.JUnit38ClassRunner.run(JUnit38ClassRunner.java:86)
	at org.junit.runners.Suite.runChild(Suite.java:128)
	at org.junit.runners.Suite.runChild(Suite.java:27)
	at org.junit.runners.ParentRunner$3.run(ParentRunner.java:290)
	at org.junit.runners.ParentRunner$1.schedule(ParentRunner.java:71)
	at org.junit.runners.ParentRunner.runChildren(ParentRunner.java:288)
	at org.junit.runners.ParentRunner.access$000(ParentRunner.java:58)
	at org.junit.runners.ParentRunner$2.evaluate(ParentRunner.java:268)
	at org.junit.runners.ParentRunner.run(ParentRunner.java:363)
	at org.apache.maven.surefire.junit4.JUnit4TestSet.execute(JUnit4TestSet.java:53)
	at org.apache.maven.surefire.junit4.JUnit4Provider.executeTestSet(JUnit4Provider.java:123)
	at org.apache.maven.surefire.junit4.JUnit4Provider.invoke(JUnit4Provider.java:104)
	at sun.reflect.NativeMethodAccessorImpl.invoke0(Native Method)
	at sun.reflect.NativeMethodAccessorImpl.invoke(NativeMethodAccessorImpl.java:62)
	at sun.reflect.DelegatingMethodAccessorImpl.invoke(DelegatingMethodAccessorImpl.java:43)
	at java.lang.reflect.Method.invoke(Method.java:498)
	at org.apache.maven.surefire.util.ReflectionUtils.invokeMethodWithArray(ReflectionUtils.java:164)
	at org.apache.maven.surefire.booter.ProviderFactory$ProviderProxy.invoke(ProviderFactory.java:110)
	at org.apache.maven.surefire.booter.SurefireStarter.invokeProvider(SurefireStarter.java:175)
	at org.apache.maven.surefire.booter.SurefireStarter.runSuitesInProcessWhenForked(SurefireStarter.java:107)
	at org.apache.maven.surefire.booter.ForkedBooter.main(ForkedBooter.java:68)
</failure>
  </testcase>
  <testcase classname="com.google.common.collect.testing.testers.CollectionAddAllTester" name="testAddAll_unsupportedNothing[HashMap tests [collection size: one] entrySet [collection size: one]]" time="0"/>
  <testcase classname="com.google.common.collect.testing.testers.CollectionAddAllTester" name="testAddAll_unsupportedNonePresent[HashMap tests [collection size: one] entrySet [collection size: one]]" time="0.001">
    <failure message="addAll(nonePresent) should throw" type="junit.framework.AssertionFailedError">junit.framework.AssertionFailedError: addAll(nonePresent) should throw
	at junit.framework.Assert.fail(Assert.java:57)
	at junit.framework.TestCase.fail(TestCase.java:227)
	at com.google.common.collect.testing.testers.CollectionAddAllTester.testAddAll_unsupportedNonePresent(CollectionAddAllTester.java:78)
	at sun.reflect.NativeMethodAccessorImpl.invoke0(Native Method)
	at sun.reflect.NativeMethodAccessorImpl.invoke(NativeMethodAccessorImpl.java:62)
	at sun.reflect.DelegatingMethodAccessorImpl.invoke(DelegatingMethodAccessorImpl.java:43)
	at java.lang.reflect.Method.invoke(Method.java:498)
	at junit.framework.TestCase.runTest(TestCase.java:176)
	at junit.framework.TestCase.runBare(TestCase.java:141)
	at junit.framework.TestResult$1.protect(TestResult.java:122)
	at junit.framework.TestResult.runProtected(TestResult.java:142)
	at junit.framework.TestResult.run(TestResult.java:125)
	at junit.framework.TestCase.run(TestCase.java:129)
	at junit.framework.TestSuite.runTest(TestSuite.java:252)
	at junit.framework.TestSuite.run(TestSuite.java:247)
	at junit.framework.TestSuite.runTest(TestSuite.java:252)
	at junit.framework.TestSuite.run(TestSuite.java:247)
	at junit.framework.TestSuite.runTest(TestSuite.java:252)
	at junit.framework.TestSuite.run(TestSuite.java:247)
	at junit.framework.TestSuite.runTest(TestSuite.java:252)
	at junit.framework.TestSuite.run(TestSuite.java:247)
	at junit.framework.TestSuite.runTest(TestSuite.java:252)
	at junit.framework.TestSuite.run(TestSuite.java:247)
	at org.junit.internal.runners.JUnit38ClassRunner.run(JUnit38ClassRunner.java:86)
	at org.junit.runners.Suite.runChild(Suite.java:128)
	at org.junit.runners.Suite.runChild(Suite.java:27)
	at org.junit.runners.ParentRunner$3.run(ParentRunner.java:290)
	at org.junit.runners.ParentRunner$1.schedule(ParentRunner.java:71)
	at org.junit.runners.ParentRunner.runChildren(ParentRunner.java:288)
	at org.junit.runners.ParentRunner.access$000(ParentRunner.java:58)
	at org.junit.runners.ParentRunner$2.evaluate(ParentRunner.java:268)
	at org.junit.runners.ParentRunner.run(ParentRunner.java:363)
	at org.apache.maven.surefire.junit4.JUnit4TestSet.execute(JUnit4TestSet.java:53)
	at org.apache.maven.surefire.junit4.JUnit4Provider.executeTestSet(JUnit4Provider.java:123)
	at org.apache.maven.surefire.junit4.JUnit4Provider.invoke(JUnit4Provider.java:104)
	at sun.reflect.NativeMethodAccessorImpl.invoke0(Native Method)
	at sun.reflect.NativeMethodAccessorImpl.invoke(NativeMethodAccessorImpl.java:62)
	at sun.reflect.DelegatingMethodAccessorImpl.invoke(DelegatingMethodAccessorImpl.java:43)
	at java.lang.reflect.Method.invoke(Method.java:498)
	at org.apache.maven.surefire.util.ReflectionUtils.invokeMethodWithArray(ReflectionUtils.java:164)
	at org.apache.maven.surefire.booter.ProviderFactory$ProviderProxy.invoke(ProviderFactory.java:110)
	at org.apache.maven.surefire.booter.SurefireStarter.invokeProvider(SurefireStarter.java:175)
	at org.apache.maven.surefire.booter.SurefireStarter.runSuitesInProcessWhenForked(SurefireStarter.java:107)
	at org.apache.maven.surefire.booter.ForkedBooter.main(ForkedBooter.java:68)
</failure>
  </testcase>
  <testcase classname="com.google.common.collect.testing.testers.CollectionAddAllTester" name="testAddAll_unsupportedAllPresent[HashMap tests [collection size: one] entrySet [collection size: one]]" time="0">
    <failure message="addAll(allPresent) should return false or throw" type="junit.framework.AssertionFailedError">junit.framework.AssertionFailedError: addAll(allPresent) should return false or throw
	at junit.framework.Assert.fail(Assert.java:57)
	at junit.framework.Assert.assertTrue(Assert.java:22)
	at junit.framework.Assert.assertFalse(Assert.java:39)
	at junit.framework.TestCase.assertFalse(TestCase.java:210)
	at com.google.common.collect.testing.testers.CollectionAddAllTester.testAddAll_unsupportedAllPresent(CollectionAddAllTester.java:123)
	at sun.reflect.NativeMethodAccessorImpl.invoke0(Native Method)
	at sun.reflect.NativeMethodAccessorImpl.invoke(NativeMethodAccessorImpl.java:62)
	at sun.reflect.DelegatingMethodAccessorImpl.invoke(DelegatingMethodAccessorImpl.java:43)
	at java.lang.reflect.Method.invoke(Method.java:498)
	at junit.framework.TestCase.runTest(TestCase.java:176)
	at junit.framework.TestCase.runBare(TestCase.java:141)
	at junit.framework.TestResult$1.protect(TestResult.java:122)
	at junit.framework.TestResult.runProtected(TestResult.java:142)
	at junit.framework.TestResult.run(TestResult.java:125)
	at junit.framework.TestCase.run(TestCase.java:129)
	at junit.framework.TestSuite.runTest(TestSuite.java:252)
	at junit.framework.TestSuite.run(TestSuite.java:247)
	at junit.framework.TestSuite.runTest(TestSuite.java:252)
	at junit.framework.TestSuite.run(TestSuite.java:247)
	at junit.framework.TestSuite.runTest(TestSuite.java:252)
	at junit.framework.TestSuite.run(TestSuite.java:247)
	at junit.framework.TestSuite.runTest(TestSuite.java:252)
	at junit.framework.TestSuite.run(TestSuite.java:247)
	at junit.framework.TestSuite.runTest(TestSuite.java:252)
	at junit.framework.TestSuite.run(TestSuite.java:247)
	at org.junit.internal.runners.JUnit38ClassRunner.run(JUnit38ClassRunner.java:86)
	at org.junit.runners.Suite.runChild(Suite.java:128)
	at org.junit.runners.Suite.runChild(Suite.java:27)
	at org.junit.runners.ParentRunner$3.run(ParentRunner.java:290)
	at org.junit.runners.ParentRunner$1.schedule(ParentRunner.java:71)
	at org.junit.runners.ParentRunner.runChildren(ParentRunner.java:288)
	at org.junit.runners.ParentRunner.access$000(ParentRunner.java:58)
	at org.junit.runners.ParentRunner$2.evaluate(ParentRunner.java:268)
	at org.junit.runners.ParentRunner.run(ParentRunner.java:363)
	at org.apache.maven.surefire.junit4.JUnit4TestSet.execute(JUnit4TestSet.java:53)
	at org.apache.maven.surefire.junit4.JUnit4Provider.executeTestSet(JUnit4Provider.java:123)
	at org.apache.maven.surefire.junit4.JUnit4Provider.invoke(JUnit4Provider.java:104)
	at sun.reflect.NativeMethodAccessorImpl.invoke0(Native Method)
	at sun.reflect.NativeMethodAccessorImpl.invoke(NativeMethodAccessorImpl.java:62)
	at sun.reflect.DelegatingMethodAccessorImpl.invoke(DelegatingMethodAccessorImpl.java:43)
	at java.lang.reflect.Method.invoke(Method.java:498)
	at org.apache.maven.surefire.util.ReflectionUtils.invokeMethodWithArray(ReflectionUtils.java:164)
	at org.apache.maven.surefire.booter.ProviderFactory$ProviderProxy.invoke(ProviderFactory.java:110)
	at org.apache.maven.surefire.booter.SurefireStarter.invokeProvider(SurefireStarter.java:175)
	at org.apache.maven.surefire.booter.SurefireStarter.runSuitesInProcessWhenForked(SurefireStarter.java:107)
	at org.apache.maven.surefire.booter.ForkedBooter.main(ForkedBooter.java:68)
</failure>
  </testcase>
  <testcase classname="com.google.common.collect.testing.testers.CollectionAddTester" name="testAdd_unsupportedNotPresent[HashMap tests [collection size: one] entrySet [collection size: one]]" time="0.001">
    <failure message="add(notPresent) should throw" type="junit.framework.AssertionFailedError">junit.framework.AssertionFailedError: add(notPresent) should throw
	at junit.framework.Assert.fail(Assert.java:57)
	at junit.framework.TestCase.fail(TestCase.java:227)
	at com.google.common.collect.testing.testers.CollectionAddTester.testAdd_unsupportedNotPresent(CollectionAddTester.java:58)
	at sun.reflect.NativeMethodAccessorImpl.invoke0(Native Method)
	at sun.reflect.NativeMethodAccessorImpl.invoke(NativeMethodAccessorImpl.java:62)
	at sun.reflect.DelegatingMethodAccessorImpl.invoke(DelegatingMethodAccessorImpl.java:43)
	at java.lang.reflect.Method.invoke(Method.java:498)
	at junit.framework.TestCase.runTest(TestCase.java:176)
	at junit.framework.TestCase.runBare(TestCase.java:141)
	at junit.framework.TestResult$1.protect(TestResult.java:122)
	at junit.framework.TestResult.runProtected(TestResult.java:142)
	at junit.framework.TestResult.run(TestResult.java:125)
	at junit.framework.TestCase.run(TestCase.java:129)
	at junit.framework.TestSuite.runTest(TestSuite.java:252)
	at junit.framework.TestSuite.run(TestSuite.java:247)
	at junit.framework.TestSuite.runTest(TestSuite.java:252)
	at junit.framework.TestSuite.run(TestSuite.java:247)
	at junit.framework.TestSuite.runTest(TestSuite.java:252)
	at junit.framework.TestSuite.run(TestSuite.java:247)
	at junit.framework.TestSuite.runTest(TestSuite.java:252)
	at junit.framework.TestSuite.run(TestSuite.java:247)
	at junit.framework.TestSuite.runTest(TestSuite.java:252)
	at junit.framework.TestSuite.run(TestSuite.java:247)
	at org.junit.internal.runners.JUnit38ClassRunner.run(JUnit38ClassRunner.java:86)
	at org.junit.runners.Suite.runChild(Suite.java:128)
	at org.junit.runners.Suite.runChild(Suite.java:27)
	at org.junit.runners.ParentRunner$3.run(ParentRunner.java:290)
	at org.junit.runners.ParentRunner$1.schedule(ParentRunner.java:71)
	at org.junit.runners.ParentRunner.runChildren(ParentRunner.java:288)
	at org.junit.runners.ParentRunner.access$000(ParentRunner.java:58)
	at org.junit.runners.ParentRunner$2.evaluate(ParentRunner.java:268)
	at org.junit.runners.ParentRunner.run(ParentRunner.java:363)
	at org.apache.maven.surefire.junit4.JUnit4TestSet.execute(JUnit4TestSet.java:53)
	at org.apache.maven.surefire.junit4.JUnit4Provider.executeTestSet(JUnit4Provider.java:123)
	at org.apache.maven.surefire.junit4.JUnit4Provider.invoke(JUnit4Provider.java:104)
	at sun.reflect.NativeMethodAccessorImpl.invoke0(Native Method)
	at sun.reflect.NativeMethodAccessorImpl.invoke(NativeMethodAccessorImpl.java:62)
	at sun.reflect.DelegatingMethodAccessorImpl.invoke(DelegatingMethodAccessorImpl.java:43)
	at java.lang.reflect.Method.invoke(Method.java:498)
	at org.apache.maven.surefire.util.ReflectionUtils.invokeMethodWithArray(ReflectionUtils.java:164)
	at org.apache.maven.surefire.booter.ProviderFactory$ProviderProxy.invoke(ProviderFactory.java:110)
	at org.apache.maven.surefire.booter.SurefireStarter.invokeProvider(SurefireStarter.java:175)
	at org.apache.maven.surefire.booter.SurefireStarter.runSuitesInProcessWhenForked(SurefireStarter.java:107)
	at org.apache.maven.surefire.booter.ForkedBooter.main(ForkedBooter.java:68)
</failure>
  </testcase>
  <testcase classname="com.google.common.collect.testing.testers.CollectionAddTester" name="testAdd_unsupportedPresent[HashMap tests [collection size: one] entrySet [collection size: one]]" time="0.001">
    <failure message="add(present) should return false or throw" type="junit.framework.AssertionFailedError">junit.framework.AssertionFailedError: add(present) should return false or throw
	at junit.framework.Assert.fail(Assert.java:57)
	at junit.framework.Assert.assertTrue(Assert.java:22)
	at junit.framework.Assert.assertFalse(Assert.java:39)
	at junit.framework.TestCase.assertFalse(TestCase.java:210)
	at com.google.common.collect.testing.testers.CollectionAddTester.testAdd_unsupportedPresent(CollectionAddTester.java:69)
	at sun.reflect.NativeMethodAccessorImpl.invoke0(Native Method)
	at sun.reflect.NativeMethodAccessorImpl.invoke(NativeMethodAccessorImpl.java:62)
	at sun.reflect.DelegatingMethodAccessorImpl.invoke(DelegatingMethodAccessorImpl.java:43)
	at java.lang.reflect.Method.invoke(Method.java:498)
	at junit.framework.TestCase.runTest(TestCase.java:176)
	at junit.framework.TestCase.runBare(TestCase.java:141)
	at junit.framework.TestResult$1.protect(TestResult.java:122)
	at junit.framework.TestResult.runProtected(TestResult.java:142)
	at junit.framework.TestResult.run(TestResult.java:125)
	at junit.framework.TestCase.run(TestCase.java:129)
	at junit.framework.TestSuite.runTest(TestSuite.java:252)
	at junit.framework.TestSuite.run(TestSuite.java:247)
	at junit.framework.TestSuite.runTest(TestSuite.java:252)
	at junit.framework.TestSuite.run(TestSuite.java:247)
	at junit.framework.TestSuite.runTest(TestSuite.java:252)
	at junit.framework.TestSuite.run(TestSuite.java:247)
	at junit.framework.TestSuite.runTest(TestSuite.java:252)
	at junit.framework.TestSuite.run(TestSuite.java:247)
	at junit.framework.TestSuite.runTest(TestSuite.java:252)
	at junit.framework.TestSuite.run(TestSuite.java:247)
	at org.junit.internal.runners.JUnit38ClassRunner.run(JUnit38ClassRunner.java:86)
	at org.junit.runners.Suite.runChild(Suite.java:128)
	at org.junit.runners.Suite.runChild(Suite.java:27)
	at org.junit.runners.ParentRunner$3.run(ParentRunner.java:290)
	at org.junit.runners.ParentRunner$1.schedule(ParentRunner.java:71)
	at org.junit.runners.ParentRunner.runChildren(ParentRunner.java:288)
	at org.junit.runners.ParentRunner.access$000(ParentRunner.java:58)
	at org.junit.runners.ParentRunner$2.evaluate(ParentRunner.java:268)
	at org.junit.runners.ParentRunner.run(ParentRunner.java:363)
	at org.apache.maven.surefire.junit4.JUnit4TestSet.execute(JUnit4TestSet.java:53)
	at org.apache.maven.surefire.junit4.JUnit4Provider.executeTestSet(JUnit4Provider.java:123)
	at org.apache.maven.surefire.junit4.JUnit4Provider.invoke(JUnit4Provider.java:104)
	at sun.reflect.NativeMethodAccessorImpl.invoke0(Native Method)
	at sun.reflect.NativeMethodAccessorImpl.invoke(NativeMethodAccessorImpl.java:62)
	at sun.reflect.DelegatingMethodAccessorImpl.invoke(DelegatingMethodAccessorImpl.java:43)
	at java.lang.reflect.Method.invoke(Method.java:498)
	at org.apache.maven.surefire.util.ReflectionUtils.invokeMethodWithArray(ReflectionUtils.java:164)
	at org.apache.maven.surefire.booter.ProviderFactory$ProviderProxy.invoke(ProviderFactory.java:110)
	at org.apache.maven.surefire.booter.SurefireStarter.invokeProvider(SurefireStarter.java:175)
	at org.apache.maven.surefire.booter.SurefireStarter.runSuitesInProcessWhenForked(SurefireStarter.java:107)
	at org.apache.maven.surefire.booter.ForkedBooter.main(ForkedBooter.java:68)
</failure>
  </testcase>
  <testcase classname="com.google.common.collect.testing.testers.CollectionClearTester" name="testClear[HashMap tests [collection size: one] entrySet [collection size: one]]" time="0"/>
  <testcase classname="com.google.common.collect.testing.testers.CollectionContainsAllTester" name="testContainsAll_subset[HashMap tests [collection size: one] entrySet [collection size: one]]" time="0">
    <failure message="containsAll(subset) should return true" type="junit.framework.AssertionFailedError">junit.framework.AssertionFailedError: containsAll(subset) should return true
	at junit.framework.Assert.fail(Assert.java:57)
	at junit.framework.Assert.assertTrue(Assert.java:22)
	at junit.framework.TestCase.assertTrue(TestCase.java:192)
	at com.google.common.collect.testing.testers.CollectionContainsAllTester.testContainsAll_subset(CollectionContainsAllTester.java:51)
	at sun.reflect.NativeMethodAccessorImpl.invoke0(Native Method)
	at sun.reflect.NativeMethodAccessorImpl.invoke(NativeMethodAccessorImpl.java:62)
	at sun.reflect.DelegatingMethodAccessorImpl.invoke(DelegatingMethodAccessorImpl.java:43)
	at java.lang.reflect.Method.invoke(Method.java:498)
	at junit.framework.TestCase.runTest(TestCase.java:176)
	at junit.framework.TestCase.runBare(TestCase.java:141)
	at junit.framework.TestResult$1.protect(TestResult.java:122)
	at junit.framework.TestResult.runProtected(TestResult.java:142)
	at junit.framework.TestResult.run(TestResult.java:125)
	at junit.framework.TestCase.run(TestCase.java:129)
	at junit.framework.TestSuite.runTest(TestSuite.java:252)
	at junit.framework.TestSuite.run(TestSuite.java:247)
	at junit.framework.TestSuite.runTest(TestSuite.java:252)
	at junit.framework.TestSuite.run(TestSuite.java:247)
	at junit.framework.TestSuite.runTest(TestSuite.java:252)
	at junit.framework.TestSuite.run(TestSuite.java:247)
	at junit.framework.TestSuite.runTest(TestSuite.java:252)
	at junit.framework.TestSuite.run(TestSuite.java:247)
	at junit.framework.TestSuite.runTest(TestSuite.java:252)
	at junit.framework.TestSuite.run(TestSuite.java:247)
	at org.junit.internal.runners.JUnit38ClassRunner.run(JUnit38ClassRunner.java:86)
	at org.junit.runners.Suite.runChild(Suite.java:128)
	at org.junit.runners.Suite.runChild(Suite.java:27)
	at org.junit.runners.ParentRunner$3.run(ParentRunner.java:290)
	at org.junit.runners.ParentRunner$1.schedule(ParentRunner.java:71)
	at org.junit.runners.ParentRunner.runChildren(ParentRunner.java:288)
	at org.junit.runners.ParentRunner.access$000(ParentRunner.java:58)
	at org.junit.runners.ParentRunner$2.evaluate(ParentRunner.java:268)
	at org.junit.runners.ParentRunner.run(ParentRunner.java:363)
	at org.apache.maven.surefire.junit4.JUnit4TestSet.execute(JUnit4TestSet.java:53)
	at org.apache.maven.surefire.junit4.JUnit4Provider.executeTestSet(JUnit4Provider.java:123)
	at org.apache.maven.surefire.junit4.JUnit4Provider.invoke(JUnit4Provider.java:104)
	at sun.reflect.NativeMethodAccessorImpl.invoke0(Native Method)
	at sun.reflect.NativeMethodAccessorImpl.invoke(NativeMethodAccessorImpl.java:62)
	at sun.reflect.DelegatingMethodAccessorImpl.invoke(DelegatingMethodAccessorImpl.java:43)
	at java.lang.reflect.Method.invoke(Method.java:498)
	at org.apache.maven.surefire.util.ReflectionUtils.invokeMethodWithArray(ReflectionUtils.java:164)
	at org.apache.maven.surefire.booter.ProviderFactory$ProviderProxy.invoke(ProviderFactory.java:110)
	at org.apache.maven.surefire.booter.SurefireStarter.invokeProvider(SurefireStarter.java:175)
	at org.apache.maven.surefire.booter.SurefireStarter.runSuitesInProcessWhenForked(SurefireStarter.java:107)
	at org.apache.maven.surefire.booter.ForkedBooter.main(ForkedBooter.java:68)
</failure>
  </testcase>
  <testcase classname="com.google.common.collect.testing.testers.CollectionContainsAllTester" name="testContainsAll_nullAllowed[HashMap tests [collection size: one] entrySet [collection size: one]]" time="0.001"/>
  <testcase classname="com.google.common.collect.testing.testers.CollectionContainsAllTester" name="testContainsAll_disjoint[HashMap tests [collection size: one] entrySet [collection size: one]]" time="0"/>
  <testcase classname="com.google.common.collect.testing.testers.CollectionContainsAllTester" name="testContainsAll_self[HashMap tests [collection size: one] entrySet [collection size: one]]" time="0"/>
  <testcase classname="com.google.common.collect.testing.testers.CollectionContainsAllTester" name="testContainsAll_wrongType[HashMap tests [collection size: one] entrySet [collection size: one]]" time="0"/>
  <testcase classname="com.google.common.collect.testing.testers.CollectionContainsAllTester" name="testContainsAll_empty[HashMap tests [collection size: one] entrySet [collection size: one]]" time="0"/>
  <testcase classname="com.google.common.collect.testing.testers.CollectionContainsAllTester" name="testContainsAll_sameElements[HashMap tests [collection size: one] entrySet [collection size: one]]" time="0">
    <failure message="containsAll(sameElements) should return true" type="junit.framework.AssertionFailedError">junit.framework.AssertionFailedError: containsAll(sameElements) should return true
	at junit.framework.Assert.fail(Assert.java:57)
	at junit.framework.Assert.assertTrue(Assert.java:22)
	at junit.framework.TestCase.assertTrue(TestCase.java:192)
	at com.google.common.collect.testing.testers.CollectionContainsAllTester.testContainsAll_sameElements(CollectionContainsAllTester.java:56)
	at sun.reflect.NativeMethodAccessorImpl.invoke0(Native Method)
	at sun.reflect.NativeMethodAccessorImpl.invoke(NativeMethodAccessorImpl.java:62)
	at sun.reflect.DelegatingMethodAccessorImpl.invoke(DelegatingMethodAccessorImpl.java:43)
	at java.lang.reflect.Method.invoke(Method.java:498)
	at junit.framework.TestCase.runTest(TestCase.java:176)
	at junit.framework.TestCase.runBare(TestCase.java:141)
	at junit.framework.TestResult$1.protect(TestResult.java:122)
	at junit.framework.TestResult.runProtected(TestResult.java:142)
	at junit.framework.TestResult.run(TestResult.java:125)
	at junit.framework.TestCase.run(TestCase.java:129)
	at junit.framework.TestSuite.runTest(TestSuite.java:252)
	at junit.framework.TestSuite.run(TestSuite.java:247)
	at junit.framework.TestSuite.runTest(TestSuite.java:252)
	at junit.framework.TestSuite.run(TestSuite.java:247)
	at junit.framework.TestSuite.runTest(TestSuite.java:252)
	at junit.framework.TestSuite.run(TestSuite.java:247)
	at junit.framework.TestSuite.runTest(TestSuite.java:252)
	at junit.framework.TestSuite.run(TestSuite.java:247)
	at junit.framework.TestSuite.runTest(TestSuite.java:252)
	at junit.framework.TestSuite.run(TestSuite.java:247)
	at org.junit.internal.runners.JUnit38ClassRunner.run(JUnit38ClassRunner.java:86)
	at org.junit.runners.Suite.runChild(Suite.java:128)
	at org.junit.runners.Suite.runChild(Suite.java:27)
	at org.junit.runners.ParentRunner$3.run(ParentRunner.java:290)
	at org.junit.runners.ParentRunner$1.schedule(ParentRunner.java:71)
	at org.junit.runners.ParentRunner.runChildren(ParentRunner.java:288)
	at org.junit.runners.ParentRunner.access$000(ParentRunner.java:58)
	at org.junit.runners.ParentRunner$2.evaluate(ParentRunner.java:268)
	at org.junit.runners.ParentRunner.run(ParentRunner.java:363)
	at org.apache.maven.surefire.junit4.JUnit4TestSet.execute(JUnit4TestSet.java:53)
	at org.apache.maven.surefire.junit4.JUnit4Provider.executeTestSet(JUnit4Provider.java:123)
	at org.apache.maven.surefire.junit4.JUnit4Provider.invoke(JUnit4Provider.java:104)
	at sun.reflect.NativeMethodAccessorImpl.invoke0(Native Method)
	at sun.reflect.NativeMethodAccessorImpl.invoke(NativeMethodAccessorImpl.java:62)
	at sun.reflect.DelegatingMethodAccessorImpl.invoke(DelegatingMethodAccessorImpl.java:43)
	at java.lang.reflect.Method.invoke(Method.java:498)
	at org.apache.maven.surefire.util.ReflectionUtils.invokeMethodWithArray(ReflectionUtils.java:164)
	at org.apache.maven.surefire.booter.ProviderFactory$ProviderProxy.invoke(ProviderFactory.java:110)
	at org.apache.maven.surefire.booter.SurefireStarter.invokeProvider(SurefireStarter.java:175)
	at org.apache.maven.surefire.booter.SurefireStarter.runSuitesInProcessWhenForked(SurefireStarter.java:107)
	at org.apache.maven.surefire.booter.ForkedBooter.main(ForkedBooter.java:68)
</failure>
  </testcase>
  <testcase classname="com.google.common.collect.testing.testers.CollectionContainsAllTester" name="testContainsAll_partialOverlap[HashMap tests [collection size: one] entrySet [collection size: one]]" time="0"/>
  <testcase classname="com.google.common.collect.testing.testers.CollectionContainsTester" name="testContains_nullNotContainedButQueriesSupported[HashMap tests [collection size: one] entrySet [collection size: one]]" time="0"/>
  <testcase classname="com.google.common.collect.testing.testers.CollectionContainsTester" name="testContains_yes[HashMap tests [collection size: one] entrySet [collection size: one]]" time="0">
    <failure message="contains(present) should return true" type="junit.framework.AssertionFailedError">junit.framework.AssertionFailedError: contains(present) should return true
	at junit.framework.Assert.fail(Assert.java:57)
	at junit.framework.Assert.assertTrue(Assert.java:22)
	at junit.framework.TestCase.assertTrue(TestCase.java:192)
	at com.google.common.collect.testing.testers.CollectionContainsTester.testContains_yes(CollectionContainsTester.java:41)
	at sun.reflect.NativeMethodAccessorImpl.invoke0(Native Method)
	at sun.reflect.NativeMethodAccessorImpl.invoke(NativeMethodAccessorImpl.java:62)
	at sun.reflect.DelegatingMethodAccessorImpl.invoke(DelegatingMethodAccessorImpl.java:43)
	at java.lang.reflect.Method.invoke(Method.java:498)
	at junit.framework.TestCase.runTest(TestCase.java:176)
	at junit.framework.TestCase.runBare(TestCase.java:141)
	at junit.framework.TestResult$1.protect(TestResult.java:122)
	at junit.framework.TestResult.runProtected(TestResult.java:142)
	at junit.framework.TestResult.run(TestResult.java:125)
	at junit.framework.TestCase.run(TestCase.java:129)
	at junit.framework.TestSuite.runTest(TestSuite.java:252)
	at junit.framework.TestSuite.run(TestSuite.java:247)
	at junit.framework.TestSuite.runTest(TestSuite.java:252)
	at junit.framework.TestSuite.run(TestSuite.java:247)
	at junit.framework.TestSuite.runTest(TestSuite.java:252)
	at junit.framework.TestSuite.run(TestSuite.java:247)
	at junit.framework.TestSuite.runTest(TestSuite.java:252)
	at junit.framework.TestSuite.run(TestSuite.java:247)
	at junit.framework.TestSuite.runTest(TestSuite.java:252)
	at junit.framework.TestSuite.run(TestSuite.java:247)
	at org.junit.internal.runners.JUnit38ClassRunner.run(JUnit38ClassRunner.java:86)
	at org.junit.runners.Suite.runChild(Suite.java:128)
	at org.junit.runners.Suite.runChild(Suite.java:27)
	at org.junit.runners.ParentRunner$3.run(ParentRunner.java:290)
	at org.junit.runners.ParentRunner$1.schedule(ParentRunner.java:71)
	at org.junit.runners.ParentRunner.runChildren(ParentRunner.java:288)
	at org.junit.runners.ParentRunner.access$000(ParentRunner.java:58)
	at org.junit.runners.ParentRunner$2.evaluate(ParentRunner.java:268)
	at org.junit.runners.ParentRunner.run(ParentRunner.java:363)
	at org.apache.maven.surefire.junit4.JUnit4TestSet.execute(JUnit4TestSet.java:53)
	at org.apache.maven.surefire.junit4.JUnit4Provider.executeTestSet(JUnit4Provider.java:123)
	at org.apache.maven.surefire.junit4.JUnit4Provider.invoke(JUnit4Provider.java:104)
	at sun.reflect.NativeMethodAccessorImpl.invoke0(Native Method)
	at sun.reflect.NativeMethodAccessorImpl.invoke(NativeMethodAccessorImpl.java:62)
	at sun.reflect.DelegatingMethodAccessorImpl.invoke(DelegatingMethodAccessorImpl.java:43)
	at java.lang.reflect.Method.invoke(Method.java:498)
	at org.apache.maven.surefire.util.ReflectionUtils.invokeMethodWithArray(ReflectionUtils.java:164)
	at org.apache.maven.surefire.booter.ProviderFactory$ProviderProxy.invoke(ProviderFactory.java:110)
	at org.apache.maven.surefire.booter.SurefireStarter.invokeProvider(SurefireStarter.java:175)
	at org.apache.maven.surefire.booter.SurefireStarter.runSuitesInProcessWhenForked(SurefireStarter.java:107)
	at org.apache.maven.surefire.booter.ForkedBooter.main(ForkedBooter.java:68)
</failure>
  </testcase>
  <testcase classname="com.google.common.collect.testing.testers.CollectionContainsTester" name="testContains_no[HashMap tests [collection size: one] entrySet [collection size: one]]" time="0"/>
  <testcase classname="com.google.common.collect.testing.testers.CollectionContainsTester" name="testContains_wrongType[HashMap tests [collection size: one] entrySet [collection size: one]]" time="0.001"/>
  <testcase classname="com.google.common.collect.testing.testers.CollectionEqualsTester" name="testEquals_null[HashMap tests [collection size: one] entrySet [collection size: one]]" time="0"/>
  <testcase classname="com.google.common.collect.testing.testers.CollectionEqualsTester" name="testEquals_self[HashMap tests [collection size: one] entrySet [collection size: one]]" time="0"/>
  <testcase classname="com.google.common.collect.testing.testers.CollectionEqualsTester" name="testEquals_notACollection[HashMap tests [collection size: one] entrySet [collection size: one]]" time="0"/>
  <testcase classname="com.google.common.collect.testing.testers.CollectionIsEmptyTester" name="testIsEmpty_no[HashMap tests [collection size: one] entrySet [collection size: one]]" time="0"/>
  <testcase classname="com.google.common.collect.testing.testers.CollectionIteratorTester" name="testIteratorNoSuchElementException[HashMap tests [collection size: one] entrySet [collection size: one]]" time="0"/>
  <testcase classname="com.google.common.collect.testing.testers.CollectionIteratorTester" name="testIterator_unknownOrderRemoveUnsupported[HashMap tests [collection size: one] entrySet [collection size: one]]" time="0.002">
    <failure message="failed with stimuli [hasNext, hasNext, hasNext, hasNext, next]" type="junit.framework.AssertionFailedError">junit.framework.AssertionFailedError: failed with stimuli [hasNext, hasNext, hasNext, hasNext, next]
	at com.google.common.collect.testing.Helpers.fail(Helpers.java:240)
	at com.google.common.collect.testing.AbstractIteratorTester.compareResultsForThisListOfStimuli(AbstractIteratorTester.java:418)
	at com.google.common.collect.testing.AbstractIteratorTester.recurse(AbstractIteratorTester.java:383)
	at com.google.common.collect.testing.AbstractIteratorTester.recurse(AbstractIteratorTester.java:388)
	at com.google.common.collect.testing.AbstractIteratorTester.recurse(AbstractIteratorTester.java:388)
	at com.google.common.collect.testing.AbstractIteratorTester.recurse(AbstractIteratorTester.java:388)
	at com.google.common.collect.testing.AbstractIteratorTester.recurse(AbstractIteratorTester.java:388)
	at com.google.common.collect.testing.AbstractIteratorTester.recurse(AbstractIteratorTester.java:388)
	at com.google.common.collect.testing.AbstractIteratorTester.test(AbstractIteratorTester.java:372)
	at com.google.common.collect.testing.testers.CollectionIteratorTester.runIteratorTest(CollectionIteratorTester.java:96)
	at com.google.common.collect.testing.testers.CollectionIteratorTester.testIterator_unknownOrderRemoveUnsupported(CollectionIteratorTester.java:90)
	at sun.reflect.NativeMethodAccessorImpl.invoke0(Native Method)
	at sun.reflect.NativeMethodAccessorImpl.invoke(NativeMethodAccessorImpl.java:62)
	at sun.reflect.DelegatingMethodAccessorImpl.invoke(DelegatingMethodAccessorImpl.java:43)
	at java.lang.reflect.Method.invoke(Method.java:498)
	at junit.framework.TestCase.runTest(TestCase.java:176)
	at junit.framework.TestCase.runBare(TestCase.java:141)
	at junit.framework.TestResult$1.protect(TestResult.java:122)
	at junit.framework.TestResult.runProtected(TestResult.java:142)
	at junit.framework.TestResult.run(TestResult.java:125)
	at junit.framework.TestCase.run(TestCase.java:129)
	at junit.framework.TestSuite.runTest(TestSuite.java:252)
	at junit.framework.TestSuite.run(TestSuite.java:247)
	at junit.framework.TestSuite.runTest(TestSuite.java:252)
	at junit.framework.TestSuite.run(TestSuite.java:247)
	at junit.framework.TestSuite.runTest(TestSuite.java:252)
	at junit.framework.TestSuite.run(TestSuite.java:247)
	at junit.framework.TestSuite.runTest(TestSuite.java:252)
	at junit.framework.TestSuite.run(TestSuite.java:247)
	at junit.framework.TestSuite.runTest(TestSuite.java:252)
	at junit.framework.TestSuite.run(TestSuite.java:247)
	at org.junit.internal.runners.JUnit38ClassRunner.run(JUnit38ClassRunner.java:86)
	at org.junit.runners.Suite.runChild(Suite.java:128)
	at org.junit.runners.Suite.runChild(Suite.java:27)
	at org.junit.runners.ParentRunner$3.run(ParentRunner.java:290)
	at org.junit.runners.ParentRunner$1.schedule(ParentRunner.java:71)
	at org.junit.runners.ParentRunner.runChildren(ParentRunner.java:288)
	at org.junit.runners.ParentRunner.access$000(ParentRunner.java:58)
	at org.junit.runners.ParentRunner$2.evaluate(ParentRunner.java:268)
	at org.junit.runners.ParentRunner.run(ParentRunner.java:363)
	at org.apache.maven.surefire.junit4.JUnit4TestSet.execute(JUnit4TestSet.java:53)
	at org.apache.maven.surefire.junit4.JUnit4Provider.executeTestSet(JUnit4Provider.java:123)
	at org.apache.maven.surefire.junit4.JUnit4Provider.invoke(JUnit4Provider.java:104)
	at sun.reflect.NativeMethodAccessorImpl.invoke0(Native Method)
	at sun.reflect.NativeMethodAccessorImpl.invoke(NativeMethodAccessorImpl.java:62)
	at sun.reflect.DelegatingMethodAccessorImpl.invoke(DelegatingMethodAccessorImpl.java:43)
	at java.lang.reflect.Method.invoke(Method.java:498)
	at org.apache.maven.surefire.util.ReflectionUtils.invokeMethodWithArray(ReflectionUtils.java:164)
	at org.apache.maven.surefire.booter.ProviderFactory$ProviderProxy.invoke(ProviderFactory.java:110)
	at org.apache.maven.surefire.booter.SurefireStarter.invokeProvider(SurefireStarter.java:175)
	at org.apache.maven.surefire.booter.SurefireStarter.runSuitesInProcessWhenForked(SurefireStarter.java:107)
	at org.apache.maven.surefire.booter.ForkedBooter.main(ForkedBooter.java:68)
Caused by: junit.framework.AssertionFailedError: Returned value &apos;io.github.atommed.ads.HashMap$Bucket@daf6bddd&apos; not found. Remaining elements: [one=January]
	at com.google.common.collect.testing.Helpers.fail(Helpers.java:240)
	at com.google.common.collect.testing.AbstractIteratorTester.internalExecuteAndCompare(AbstractIteratorTester.java:490)
	at com.google.common.collect.testing.AbstractIteratorTester.access$500(AbstractIteratorTester.java:49)
	at com.google.common.collect.testing.AbstractIteratorTester$7.executeAndCompare(AbstractIteratorTester.java:603)
	at com.google.common.collect.testing.AbstractIteratorTester.compareResultsForThisListOfStimuli(AbstractIteratorTester.java:404)
	... 50 more
Caused by: com.google.common.collect.testing.AbstractIteratorTester$UnknownElementException: Returned value &apos;io.github.atommed.ads.HashMap$Bucket@daf6bddd&apos; not found. Remaining elements: [one=January]
	at com.google.common.collect.testing.AbstractIteratorTester$MultiExceptionListIterator.promoteToNext(AbstractIteratorTester.java:282)
	at com.google.common.collect.testing.AbstractIteratorTester.internalExecuteAndCompare(AbstractIteratorTester.java:483)
	... 53 more
</failure>
  </testcase>
  <testcase classname="com.google.common.collect.testing.testers.CollectionIteratorTester" name="testIterator[HashMap tests [collection size: one] entrySet [collection size: one]]" time="0"/>
  <testcase classname="com.google.common.collect.testing.testers.CollectionRemoveAllTester" name="testRemoveAll_containsWrongType[HashMap tests [collection size: one] entrySet [collection size: one]]" time="0"/>
  <testcase classname="com.google.common.collect.testing.testers.CollectionRemoveAllTester" name="testRemoveAll_allPresent[HashMap tests [collection size: one] entrySet [collection size: one]]" time="0.001">
    <failure message="removeAll(intersectingCollection) should return true" type="junit.framework.AssertionFailedError">junit.framework.AssertionFailedError: removeAll(intersectingCollection) should return true
	at junit.framework.Assert.fail(Assert.java:57)
	at junit.framework.Assert.assertTrue(Assert.java:22)
	at junit.framework.TestCase.assertTrue(TestCase.java:192)
	at com.google.common.collect.testing.testers.CollectionRemoveAllTester.testRemoveAll_allPresent(CollectionRemoveAllTester.java:65)
	at sun.reflect.NativeMethodAccessorImpl.invoke0(Native Method)
	at sun.reflect.NativeMethodAccessorImpl.invoke(NativeMethodAccessorImpl.java:62)
	at sun.reflect.DelegatingMethodAccessorImpl.invoke(DelegatingMethodAccessorImpl.java:43)
	at java.lang.reflect.Method.invoke(Method.java:498)
	at junit.framework.TestCase.runTest(TestCase.java:176)
	at junit.framework.TestCase.runBare(TestCase.java:141)
	at junit.framework.TestResult$1.protect(TestResult.java:122)
	at junit.framework.TestResult.runProtected(TestResult.java:142)
	at junit.framework.TestResult.run(TestResult.java:125)
	at junit.framework.TestCase.run(TestCase.java:129)
	at junit.framework.TestSuite.runTest(TestSuite.java:252)
	at junit.framework.TestSuite.run(TestSuite.java:247)
	at junit.framework.TestSuite.runTest(TestSuite.java:252)
	at junit.framework.TestSuite.run(TestSuite.java:247)
	at junit.framework.TestSuite.runTest(TestSuite.java:252)
	at junit.framework.TestSuite.run(TestSuite.java:247)
	at junit.framework.TestSuite.runTest(TestSuite.java:252)
	at junit.framework.TestSuite.run(TestSuite.java:247)
	at junit.framework.TestSuite.runTest(TestSuite.java:252)
	at junit.framework.TestSuite.run(TestSuite.java:247)
	at org.junit.internal.runners.JUnit38ClassRunner.run(JUnit38ClassRunner.java:86)
	at org.junit.runners.Suite.runChild(Suite.java:128)
	at org.junit.runners.Suite.runChild(Suite.java:27)
	at org.junit.runners.ParentRunner$3.run(ParentRunner.java:290)
	at org.junit.runners.ParentRunner$1.schedule(ParentRunner.java:71)
	at org.junit.runners.ParentRunner.runChildren(ParentRunner.java:288)
	at org.junit.runners.ParentRunner.access$000(ParentRunner.java:58)
	at org.junit.runners.ParentRunner$2.evaluate(ParentRunner.java:268)
	at org.junit.runners.ParentRunner.run(ParentRunner.java:363)
	at org.apache.maven.surefire.junit4.JUnit4TestSet.execute(JUnit4TestSet.java:53)
	at org.apache.maven.surefire.junit4.JUnit4Provider.executeTestSet(JUnit4Provider.java:123)
	at org.apache.maven.surefire.junit4.JUnit4Provider.invoke(JUnit4Provider.java:104)
	at sun.reflect.NativeMethodAccessorImpl.invoke0(Native Method)
	at sun.reflect.NativeMethodAccessorImpl.invoke(NativeMethodAccessorImpl.java:62)
	at sun.reflect.DelegatingMethodAccessorImpl.invoke(DelegatingMethodAccessorImpl.java:43)
	at java.lang.reflect.Method.invoke(Method.java:498)
	at org.apache.maven.surefire.util.ReflectionUtils.invokeMethodWithArray(ReflectionUtils.java:164)
	at org.apache.maven.surefire.booter.ProviderFactory$ProviderProxy.invoke(ProviderFactory.java:110)
	at org.apache.maven.surefire.booter.SurefireStarter.invokeProvider(SurefireStarter.java:175)
	at org.apache.maven.surefire.booter.SurefireStarter.runSuitesInProcessWhenForked(SurefireStarter.java:107)
	at org.apache.maven.surefire.booter.ForkedBooter.main(ForkedBooter.java:68)
</failure>
  </testcase>
  <testcase classname="com.google.common.collect.testing.testers.CollectionRemoveAllTester" name="testRemoveAll_somePresent[HashMap tests [collection size: one] entrySet [collection size: one]]" time="0.001">
    <failure message="removeAll(intersectingCollection) should return true" type="junit.framework.AssertionFailedError">junit.framework.AssertionFailedError: removeAll(intersectingCollection) should return true
	at junit.framework.Assert.fail(Assert.java:57)
	at junit.framework.Assert.assertTrue(Assert.java:22)
	at junit.framework.TestCase.assertTrue(TestCase.java:192)
	at com.google.common.collect.testing.testers.CollectionRemoveAllTester.testRemoveAll_somePresent(CollectionRemoveAllTester.java:73)
	at sun.reflect.NativeMethodAccessorImpl.invoke0(Native Method)
	at sun.reflect.NativeMethodAccessorImpl.invoke(NativeMethodAccessorImpl.java:62)
	at sun.reflect.DelegatingMethodAccessorImpl.invoke(DelegatingMethodAccessorImpl.java:43)
	at java.lang.reflect.Method.invoke(Method.java:498)
	at junit.framework.TestCase.runTest(TestCase.java:176)
	at junit.framework.TestCase.runBare(TestCase.java:141)
	at junit.framework.TestResult$1.protect(TestResult.java:122)
	at junit.framework.TestResult.runProtected(TestResult.java:142)
	at junit.framework.TestResult.run(TestResult.java:125)
	at junit.framework.TestCase.run(TestCase.java:129)
	at junit.framework.TestSuite.runTest(TestSuite.java:252)
	at junit.framework.TestSuite.run(TestSuite.java:247)
	at junit.framework.TestSuite.runTest(TestSuite.java:252)
	at junit.framework.TestSuite.run(TestSuite.java:247)
	at junit.framework.TestSuite.runTest(TestSuite.java:252)
	at junit.framework.TestSuite.run(TestSuite.java:247)
	at junit.framework.TestSuite.runTest(TestSuite.java:252)
	at junit.framework.TestSuite.run(TestSuite.java:247)
	at junit.framework.TestSuite.runTest(TestSuite.java:252)
	at junit.framework.TestSuite.run(TestSuite.java:247)
	at org.junit.internal.runners.JUnit38ClassRunner.run(JUnit38ClassRunner.java:86)
	at org.junit.runners.Suite.runChild(Suite.java:128)
	at org.junit.runners.Suite.runChild(Suite.java:27)
	at org.junit.runners.ParentRunner$3.run(ParentRunner.java:290)
	at org.junit.runners.ParentRunner$1.schedule(ParentRunner.java:71)
	at org.junit.runners.ParentRunner.runChildren(ParentRunner.java:288)
	at org.junit.runners.ParentRunner.access$000(ParentRunner.java:58)
	at org.junit.runners.ParentRunner$2.evaluate(ParentRunner.java:268)
	at org.junit.runners.ParentRunner.run(ParentRunner.java:363)
	at org.apache.maven.surefire.junit4.JUnit4TestSet.execute(JUnit4TestSet.java:53)
	at org.apache.maven.surefire.junit4.JUnit4Provider.executeTestSet(JUnit4Provider.java:123)
	at org.apache.maven.surefire.junit4.JUnit4Provider.invoke(JUnit4Provider.java:104)
	at sun.reflect.NativeMethodAccessorImpl.invoke0(Native Method)
	at sun.reflect.NativeMethodAccessorImpl.invoke(NativeMethodAccessorImpl.java:62)
	at sun.reflect.DelegatingMethodAccessorImpl.invoke(DelegatingMethodAccessorImpl.java:43)
	at java.lang.reflect.Method.invoke(Method.java:498)
	at org.apache.maven.surefire.util.ReflectionUtils.invokeMethodWithArray(ReflectionUtils.java:164)
	at org.apache.maven.surefire.booter.ProviderFactory$ProviderProxy.invoke(ProviderFactory.java:110)
	at org.apache.maven.surefire.booter.SurefireStarter.invokeProvider(SurefireStarter.java:175)
	at org.apache.maven.surefire.booter.SurefireStarter.runSuitesInProcessWhenForked(SurefireStarter.java:107)
	at org.apache.maven.surefire.booter.ForkedBooter.main(ForkedBooter.java:68)
</failure>
  </testcase>
  <testcase classname="com.google.common.collect.testing.testers.CollectionRemoveAllTester" name="testRemoveAll_nullCollectionReferenceNonEmptySubject[HashMap tests [collection size: one] entrySet [collection size: one]]" time="0"/>
  <testcase classname="com.google.common.collect.testing.testers.CollectionRemoveAllTester" name="testRemoveAll_emptyCollection[HashMap tests [collection size: one] entrySet [collection size: one]]" time="0"/>
  <testcase classname="com.google.common.collect.testing.testers.CollectionRemoveAllTester" name="testRemoveAll_containsNullNoButAllowed[HashMap tests [collection size: one] entrySet [collection size: one]]" time="0"/>
  <testcase classname="com.google.common.collect.testing.testers.CollectionRemoveAllTester" name="testRemoveAll_nonePresent[HashMap tests [collection size: one] entrySet [collection size: one]]" time="0"/>
  <testcase classname="com.google.common.collect.testing.testers.CollectionRemoveAllTester" name="testRemoveAll_somePresentLargeCollectionToRemove[HashMap tests [collection size: one] entrySet [collection size: one]]" time="0.001">
    <failure message="removeAll(largeIntersectingCollection) should return true" type="junit.framework.AssertionFailedError">junit.framework.AssertionFailedError: removeAll(largeIntersectingCollection) should return true
	at junit.framework.Assert.fail(Assert.java:57)
	at junit.framework.Assert.assertTrue(Assert.java:22)
	at junit.framework.TestCase.assertTrue(TestCase.java:192)
	at com.google.common.collect.testing.testers.CollectionRemoveAllTester.testRemoveAll_somePresentLargeCollectionToRemove(CollectionRemoveAllTester.java:98)
	at sun.reflect.NativeMethodAccessorImpl.invoke0(Native Method)
	at sun.reflect.NativeMethodAccessorImpl.invoke(NativeMethodAccessorImpl.java:62)
	at sun.reflect.DelegatingMethodAccessorImpl.invoke(DelegatingMethodAccessorImpl.java:43)
	at java.lang.reflect.Method.invoke(Method.java:498)
	at junit.framework.TestCase.runTest(TestCase.java:176)
	at junit.framework.TestCase.runBare(TestCase.java:141)
	at junit.framework.TestResult$1.protect(TestResult.java:122)
	at junit.framework.TestResult.runProtected(TestResult.java:142)
	at junit.framework.TestResult.run(TestResult.java:125)
	at junit.framework.TestCase.run(TestCase.java:129)
	at junit.framework.TestSuite.runTest(TestSuite.java:252)
	at junit.framework.TestSuite.run(TestSuite.java:247)
	at junit.framework.TestSuite.runTest(TestSuite.java:252)
	at junit.framework.TestSuite.run(TestSuite.java:247)
	at junit.framework.TestSuite.runTest(TestSuite.java:252)
	at junit.framework.TestSuite.run(TestSuite.java:247)
	at junit.framework.TestSuite.runTest(TestSuite.java:252)
	at junit.framework.TestSuite.run(TestSuite.java:247)
	at junit.framework.TestSuite.runTest(TestSuite.java:252)
	at junit.framework.TestSuite.run(TestSuite.java:247)
	at org.junit.internal.runners.JUnit38ClassRunner.run(JUnit38ClassRunner.java:86)
	at org.junit.runners.Suite.runChild(Suite.java:128)
	at org.junit.runners.Suite.runChild(Suite.java:27)
	at org.junit.runners.ParentRunner$3.run(ParentRunner.java:290)
	at org.junit.runners.ParentRunner$1.schedule(ParentRunner.java:71)
	at org.junit.runners.ParentRunner.runChildren(ParentRunner.java:288)
	at org.junit.runners.ParentRunner.access$000(ParentRunner.java:58)
	at org.junit.runners.ParentRunner$2.evaluate(ParentRunner.java:268)
	at org.junit.runners.ParentRunner.run(ParentRunner.java:363)
	at org.apache.maven.surefire.junit4.JUnit4TestSet.execute(JUnit4TestSet.java:53)
	at org.apache.maven.surefire.junit4.JUnit4Provider.executeTestSet(JUnit4Provider.java:123)
	at org.apache.maven.surefire.junit4.JUnit4Provider.invoke(JUnit4Provider.java:104)
	at sun.reflect.NativeMethodAccessorImpl.invoke0(Native Method)
	at sun.reflect.NativeMethodAccessorImpl.invoke(NativeMethodAccessorImpl.java:62)
	at sun.reflect.DelegatingMethodAccessorImpl.invoke(DelegatingMethodAccessorImpl.java:43)
	at java.lang.reflect.Method.invoke(Method.java:498)
	at org.apache.maven.surefire.util.ReflectionUtils.invokeMethodWithArray(ReflectionUtils.java:164)
	at org.apache.maven.surefire.booter.ProviderFactory$ProviderProxy.invoke(ProviderFactory.java:110)
	at org.apache.maven.surefire.booter.SurefireStarter.invokeProvider(SurefireStarter.java:175)
	at org.apache.maven.surefire.booter.SurefireStarter.runSuitesInProcessWhenForked(SurefireStarter.java:107)
	at org.apache.maven.surefire.booter.ForkedBooter.main(ForkedBooter.java:68)
</failure>
  </testcase>
  <testcase classname="com.google.common.collect.testing.testers.CollectionRemoveTester" name="testRemove_present[HashMap tests [collection size: one] entrySet [collection size: one]]" time="0.001">
    <failure message="remove(present) should return true" type="junit.framework.AssertionFailedError">junit.framework.AssertionFailedError: remove(present) should return true
	at junit.framework.Assert.fail(Assert.java:57)
	at junit.framework.Assert.assertTrue(Assert.java:22)
	at junit.framework.TestCase.assertTrue(TestCase.java:192)
	at com.google.common.collect.testing.testers.CollectionRemoveTester.testRemove_present(CollectionRemoveTester.java:49)
	at sun.reflect.NativeMethodAccessorImpl.invoke0(Native Method)
	at sun.reflect.NativeMethodAccessorImpl.invoke(NativeMethodAccessorImpl.java:62)
	at sun.reflect.DelegatingMethodAccessorImpl.invoke(DelegatingMethodAccessorImpl.java:43)
	at java.lang.reflect.Method.invoke(Method.java:498)
	at junit.framework.TestCase.runTest(TestCase.java:176)
	at junit.framework.TestCase.runBare(TestCase.java:141)
	at junit.framework.TestResult$1.protect(TestResult.java:122)
	at junit.framework.TestResult.runProtected(TestResult.java:142)
	at junit.framework.TestResult.run(TestResult.java:125)
	at junit.framework.TestCase.run(TestCase.java:129)
	at junit.framework.TestSuite.runTest(TestSuite.java:252)
	at junit.framework.TestSuite.run(TestSuite.java:247)
	at junit.framework.TestSuite.runTest(TestSuite.java:252)
	at junit.framework.TestSuite.run(TestSuite.java:247)
	at junit.framework.TestSuite.runTest(TestSuite.java:252)
	at junit.framework.TestSuite.run(TestSuite.java:247)
	at junit.framework.TestSuite.runTest(TestSuite.java:252)
	at junit.framework.TestSuite.run(TestSuite.java:247)
	at junit.framework.TestSuite.runTest(TestSuite.java:252)
	at junit.framework.TestSuite.run(TestSuite.java:247)
	at org.junit.internal.runners.JUnit38ClassRunner.run(JUnit38ClassRunner.java:86)
	at org.junit.runners.Suite.runChild(Suite.java:128)
	at org.junit.runners.Suite.runChild(Suite.java:27)
	at org.junit.runners.ParentRunner$3.run(ParentRunner.java:290)
	at org.junit.runners.ParentRunner$1.schedule(ParentRunner.java:71)
	at org.junit.runners.ParentRunner.runChildren(ParentRunner.java:288)
	at org.junit.runners.ParentRunner.access$000(ParentRunner.java:58)
	at org.junit.runners.ParentRunner$2.evaluate(ParentRunner.java:268)
	at org.junit.runners.ParentRunner.run(ParentRunner.java:363)
	at org.apache.maven.surefire.junit4.JUnit4TestSet.execute(JUnit4TestSet.java:53)
	at org.apache.maven.surefire.junit4.JUnit4Provider.executeTestSet(JUnit4Provider.java:123)
	at org.apache.maven.surefire.junit4.JUnit4Provider.invoke(JUnit4Provider.java:104)
	at sun.reflect.NativeMethodAccessorImpl.invoke0(Native Method)
	at sun.reflect.NativeMethodAccessorImpl.invoke(NativeMethodAccessorImpl.java:62)
	at sun.reflect.DelegatingMethodAccessorImpl.invoke(DelegatingMethodAccessorImpl.java:43)
	at java.lang.reflect.Method.invoke(Method.java:498)
	at org.apache.maven.surefire.util.ReflectionUtils.invokeMethodWithArray(ReflectionUtils.java:164)
	at org.apache.maven.surefire.booter.ProviderFactory$ProviderProxy.invoke(ProviderFactory.java:110)
	at org.apache.maven.surefire.booter.SurefireStarter.invokeProvider(SurefireStarter.java:175)
	at org.apache.maven.surefire.booter.SurefireStarter.runSuitesInProcessWhenForked(SurefireStarter.java:107)
	at org.apache.maven.surefire.booter.ForkedBooter.main(ForkedBooter.java:68)
</failure>
  </testcase>
  <testcase classname="com.google.common.collect.testing.testers.CollectionRemoveTester" name="testRemove_wrongType[HashMap tests [collection size: one] entrySet [collection size: one]]" time="0"/>
  <testcase classname="com.google.common.collect.testing.testers.CollectionRemoveTester" name="testRemove_nullAllowed[HashMap tests [collection size: one] entrySet [collection size: one]]" time="0"/>
  <testcase classname="com.google.common.collect.testing.testers.CollectionRemoveTester" name="testRemove_notPresent[HashMap tests [collection size: one] entrySet [collection size: one]]" time="0"/>
  <testcase classname="com.google.common.collect.testing.testers.CollectionRetainAllTester" name="testRetainAll_nullSingletonPreviouslyNonEmpty[HashMap tests [collection size: one] entrySet [collection size: one]]" time="0"/>
  <testcase classname="com.google.common.collect.testing.testers.CollectionRetainAllTester" name="testRetainAll_disjointPreviouslyNonEmpty[HashMap tests [collection size: one] entrySet [collection size: one]]" time="0.001"/>
  <testcase classname="com.google.common.collect.testing.testers.CollectionRetainAllTester" name="testRetainAll_nullCollectionReferenceNonEmptySubject[HashMap tests [collection size: one] entrySet [collection size: one]]" time="0"/>
  <testcase classname="com.google.common.collect.testing.testers.CollectionRetainAllTester" name="testRetainAll_superset[HashMap tests [collection size: one] entrySet [collection size: one]]" time="0.001">
    <failure message="retainAll(superset) should return false" type="junit.framework.AssertionFailedError">junit.framework.AssertionFailedError: retainAll(superset) should return false
	at junit.framework.Assert.fail(Assert.java:57)
	at junit.framework.Assert.assertTrue(Assert.java:22)
	at junit.framework.Assert.assertFalse(Assert.java:39)
	at junit.framework.TestCase.assertFalse(TestCase.java:210)
	at com.google.common.collect.testing.testers.CollectionRetainAllTester.expectReturnsFalse(CollectionRetainAllTester.java:322)
	at com.google.common.collect.testing.testers.CollectionRetainAllTester.testRetainAll_superset(CollectionRetainAllTester.java:170)
	at sun.reflect.NativeMethodAccessorImpl.invoke0(Native Method)
	at sun.reflect.NativeMethodAccessorImpl.invoke(NativeMethodAccessorImpl.java:62)
	at sun.reflect.DelegatingMethodAccessorImpl.invoke(DelegatingMethodAccessorImpl.java:43)
	at java.lang.reflect.Method.invoke(Method.java:498)
	at junit.framework.TestCase.runTest(TestCase.java:176)
	at junit.framework.TestCase.runBare(TestCase.java:141)
	at junit.framework.TestResult$1.protect(TestResult.java:122)
	at junit.framework.TestResult.runProtected(TestResult.java:142)
	at junit.framework.TestResult.run(TestResult.java:125)
	at junit.framework.TestCase.run(TestCase.java:129)
	at junit.framework.TestSuite.runTest(TestSuite.java:252)
	at junit.framework.TestSuite.run(TestSuite.java:247)
	at junit.framework.TestSuite.runTest(TestSuite.java:252)
	at junit.framework.TestSuite.run(TestSuite.java:247)
	at junit.framework.TestSuite.runTest(TestSuite.java:252)
	at junit.framework.TestSuite.run(TestSuite.java:247)
	at junit.framework.TestSuite.runTest(TestSuite.java:252)
	at junit.framework.TestSuite.run(TestSuite.java:247)
	at junit.framework.TestSuite.runTest(TestSuite.java:252)
	at junit.framework.TestSuite.run(TestSuite.java:247)
	at org.junit.internal.runners.JUnit38ClassRunner.run(JUnit38ClassRunner.java:86)
	at org.junit.runners.Suite.runChild(Suite.java:128)
	at org.junit.runners.Suite.runChild(Suite.java:27)
	at org.junit.runners.ParentRunner$3.run(ParentRunner.java:290)
	at org.junit.runners.ParentRunner$1.schedule(ParentRunner.java:71)
	at org.junit.runners.ParentRunner.runChildren(ParentRunner.java:288)
	at org.junit.runners.ParentRunner.access$000(ParentRunner.java:58)
	at org.junit.runners.ParentRunner$2.evaluate(ParentRunner.java:268)
	at org.junit.runners.ParentRunner.run(ParentRunner.java:363)
	at org.apache.maven.surefire.junit4.JUnit4TestSet.execute(JUnit4TestSet.java:53)
	at org.apache.maven.surefire.junit4.JUnit4Provider.executeTestSet(JUnit4Provider.java:123)
	at org.apache.maven.surefire.junit4.JUnit4Provider.invoke(JUnit4Provider.java:104)
	at sun.reflect.NativeMethodAccessorImpl.invoke0(Native Method)
	at sun.reflect.NativeMethodAccessorImpl.invoke(NativeMethodAccessorImpl.java:62)
	at sun.reflect.DelegatingMethodAccessorImpl.invoke(DelegatingMethodAccessorImpl.java:43)
	at java.lang.reflect.Method.invoke(Method.java:498)
	at org.apache.maven.surefire.util.ReflectionUtils.invokeMethodWithArray(ReflectionUtils.java:164)
	at org.apache.maven.surefire.booter.ProviderFactory$ProviderProxy.invoke(ProviderFactory.java:110)
	at org.apache.maven.surefire.booter.SurefireStarter.invokeProvider(SurefireStarter.java:175)
	at org.apache.maven.surefire.booter.SurefireStarter.runSuitesInProcessWhenForked(SurefireStarter.java:107)
	at org.apache.maven.surefire.booter.ForkedBooter.main(ForkedBooter.java:68)
</failure>
  </testcase>
  <testcase classname="com.google.common.collect.testing.testers.CollectionRetainAllTester" name="testRetainAll_containsDuplicatesSizeOne[HashMap tests [collection size: one] entrySet [collection size: one]]" time="0">
    <failure message="retainAll(containsDuplicates) should return false" type="junit.framework.AssertionFailedError">junit.framework.AssertionFailedError: retainAll(containsDuplicates) should return false
	at junit.framework.Assert.fail(Assert.java:57)
	at junit.framework.Assert.assertTrue(Assert.java:22)
	at junit.framework.Assert.assertFalse(Assert.java:39)
	at junit.framework.TestCase.assertFalse(TestCase.java:210)
	at com.google.common.collect.testing.testers.CollectionRetainAllTester.expectReturnsFalse(CollectionRetainAllTester.java:322)
	at com.google.common.collect.testing.testers.CollectionRetainAllTester.testRetainAll_containsDuplicatesSizeOne(CollectionRetainAllTester.java:231)
	at sun.reflect.NativeMethodAccessorImpl.invoke0(Native Method)
	at sun.reflect.NativeMethodAccessorImpl.invoke(NativeMethodAccessorImpl.java:62)
	at sun.reflect.DelegatingMethodAccessorImpl.invoke(DelegatingMethodAccessorImpl.java:43)
	at java.lang.reflect.Method.invoke(Method.java:498)
	at junit.framework.TestCase.runTest(TestCase.java:176)
	at junit.framework.TestCase.runBare(TestCase.java:141)
	at junit.framework.TestResult$1.protect(TestResult.java:122)
	at junit.framework.TestResult.runProtected(TestResult.java:142)
	at junit.framework.TestResult.run(TestResult.java:125)
	at junit.framework.TestCase.run(TestCase.java:129)
	at junit.framework.TestSuite.runTest(TestSuite.java:252)
	at junit.framework.TestSuite.run(TestSuite.java:247)
	at junit.framework.TestSuite.runTest(TestSuite.java:252)
	at junit.framework.TestSuite.run(TestSuite.java:247)
	at junit.framework.TestSuite.runTest(TestSuite.java:252)
	at junit.framework.TestSuite.run(TestSuite.java:247)
	at junit.framework.TestSuite.runTest(TestSuite.java:252)
	at junit.framework.TestSuite.run(TestSuite.java:247)
	at junit.framework.TestSuite.runTest(TestSuite.java:252)
	at junit.framework.TestSuite.run(TestSuite.java:247)
	at org.junit.internal.runners.JUnit38ClassRunner.run(JUnit38ClassRunner.java:86)
	at org.junit.runners.Suite.runChild(Suite.java:128)
	at org.junit.runners.Suite.runChild(Suite.java:27)
	at org.junit.runners.ParentRunner$3.run(ParentRunner.java:290)
	at org.junit.runners.ParentRunner$1.schedule(ParentRunner.java:71)
	at org.junit.runners.ParentRunner.runChildren(ParentRunner.java:288)
	at org.junit.runners.ParentRunner.access$000(ParentRunner.java:58)
	at org.junit.runners.ParentRunner$2.evaluate(ParentRunner.java:268)
	at org.junit.runners.ParentRunner.run(ParentRunner.java:363)
	at org.apache.maven.surefire.junit4.JUnit4TestSet.execute(JUnit4TestSet.java:53)
	at org.apache.maven.surefire.junit4.JUnit4Provider.executeTestSet(JUnit4Provider.java:123)
	at org.apache.maven.surefire.junit4.JUnit4Provider.invoke(JUnit4Provider.java:104)
	at sun.reflect.NativeMethodAccessorImpl.invoke0(Native Method)
	at sun.reflect.NativeMethodAccessorImpl.invoke(NativeMethodAccessorImpl.java:62)
	at sun.reflect.DelegatingMethodAccessorImpl.invoke(DelegatingMethodAccessorImpl.java:43)
	at java.lang.reflect.Method.invoke(Method.java:498)
	at org.apache.maven.surefire.util.ReflectionUtils.invokeMethodWithArray(ReflectionUtils.java:164)
	at org.apache.maven.surefire.booter.ProviderFactory$ProviderProxy.invoke(ProviderFactory.java:110)
	at org.apache.maven.surefire.booter.SurefireStarter.invokeProvider(SurefireStarter.java:175)
	at org.apache.maven.surefire.booter.SurefireStarter.runSuitesInProcessWhenForked(SurefireStarter.java:107)
	at org.apache.maven.surefire.booter.ForkedBooter.main(ForkedBooter.java:68)
</failure>
  </testcase>
  <testcase classname="com.google.common.collect.testing.testers.CollectionRetainAllTester" name="testRetainAll_emptyPreviouslyNonEmpty[HashMap tests [collection size: one] entrySet [collection size: one]]" time="0.001"/>
  <testcase classname="com.google.common.collect.testing.testers.CollectionRetainAllTester" name="testRetainAll_sameElements[HashMap tests [collection size: one] entrySet [collection size: one]]" time="0.001">
    <failure message="retainAll(sameElements) should return false" type="junit.framework.AssertionFailedError">junit.framework.AssertionFailedError: retainAll(sameElements) should return false
	at junit.framework.Assert.fail(Assert.java:57)
	at junit.framework.Assert.assertTrue(Assert.java:22)
	at junit.framework.Assert.assertFalse(Assert.java:39)
	at junit.framework.TestCase.assertFalse(TestCase.java:210)
	at com.google.common.collect.testing.testers.CollectionRetainAllTester.expectReturnsFalse(CollectionRetainAllTester.java:322)
	at com.google.common.collect.testing.testers.CollectionRetainAllTester.testRetainAll_sameElements(CollectionRetainAllTester.java:200)
	at sun.reflect.NativeMethodAccessorImpl.invoke0(Native Method)
	at sun.reflect.NativeMethodAccessorImpl.invoke(NativeMethodAccessorImpl.java:62)
	at sun.reflect.DelegatingMethodAccessorImpl.invoke(DelegatingMethodAccessorImpl.java:43)
	at java.lang.reflect.Method.invoke(Method.java:498)
	at junit.framework.TestCase.runTest(TestCase.java:176)
	at junit.framework.TestCase.runBare(TestCase.java:141)
	at junit.framework.TestResult$1.protect(TestResult.java:122)
	at junit.framework.TestResult.runProtected(TestResult.java:142)
	at junit.framework.TestResult.run(TestResult.java:125)
	at junit.framework.TestCase.run(TestCase.java:129)
	at junit.framework.TestSuite.runTest(TestSuite.java:252)
	at junit.framework.TestSuite.run(TestSuite.java:247)
	at junit.framework.TestSuite.runTest(TestSuite.java:252)
	at junit.framework.TestSuite.run(TestSuite.java:247)
	at junit.framework.TestSuite.runTest(TestSuite.java:252)
	at junit.framework.TestSuite.run(TestSuite.java:247)
	at junit.framework.TestSuite.runTest(TestSuite.java:252)
	at junit.framework.TestSuite.run(TestSuite.java:247)
	at junit.framework.TestSuite.runTest(TestSuite.java:252)
	at junit.framework.TestSuite.run(TestSuite.java:247)
	at org.junit.internal.runners.JUnit38ClassRunner.run(JUnit38ClassRunner.java:86)
	at org.junit.runners.Suite.runChild(Suite.java:128)
	at org.junit.runners.Suite.runChild(Suite.java:27)
	at org.junit.runners.ParentRunner$3.run(ParentRunner.java:290)
	at org.junit.runners.ParentRunner$1.schedule(ParentRunner.java:71)
	at org.junit.runners.ParentRunner.runChildren(ParentRunner.java:288)
	at org.junit.runners.ParentRunner.access$000(ParentRunner.java:58)
	at org.junit.runners.ParentRunner$2.evaluate(ParentRunner.java:268)
	at org.junit.runners.ParentRunner.run(ParentRunner.java:363)
	at org.apache.maven.surefire.junit4.JUnit4TestSet.execute(JUnit4TestSet.java:53)
	at org.apache.maven.surefire.junit4.JUnit4Provider.executeTestSet(JUnit4Provider.java:123)
	at org.apache.maven.surefire.junit4.JUnit4Provider.invoke(JUnit4Provider.java:104)
	at sun.reflect.NativeMethodAccessorImpl.invoke0(Native Method)
	at sun.reflect.NativeMethodAccessorImpl.invoke(NativeMethodAccessorImpl.java:62)
	at sun.reflect.DelegatingMethodAccessorImpl.invoke(DelegatingMethodAccessorImpl.java:43)
	at java.lang.reflect.Method.invoke(Method.java:498)
	at org.apache.maven.surefire.util.ReflectionUtils.invokeMethodWithArray(ReflectionUtils.java:164)
	at org.apache.maven.surefire.booter.ProviderFactory$ProviderProxy.invoke(ProviderFactory.java:110)
	at org.apache.maven.surefire.booter.SurefireStarter.invokeProvider(SurefireStarter.java:175)
	at org.apache.maven.surefire.booter.SurefireStarter.runSuitesInProcessWhenForked(SurefireStarter.java:107)
	at org.apache.maven.surefire.booter.ForkedBooter.main(ForkedBooter.java:68)
</failure>
  </testcase>
  <testcase classname="com.google.common.collect.testing.testers.CollectionSizeTester" name="testSize[HashMap tests [collection size: one] entrySet [collection size: one]]" time="0"/>
  <testcase classname="com.google.common.collect.testing.testers.CollectionToArrayTester" name="testToArray_emptyArray[HashMap tests [collection size: one] entrySet [collection size: one]]" time="0"/>
  <testcase classname="com.google.common.collect.testing.testers.CollectionToArrayTester" name="testToArray_oversizedArray[HashMap tests [collection size: one] entrySet [collection size: one]]" time="0"/>
  <testcase classname="com.google.common.collect.testing.testers.CollectionToArrayTester" name="testToArray_emptyArrayOfObject[HashMap tests [collection size: one] entrySet [collection size: one]]" time="0"/>
  <testcase classname="com.google.common.collect.testing.testers.CollectionToArrayTester" name="testToArray_emptyArrayOfWrongTypeForNonEmptyCollection[HashMap tests [collection size: one] entrySet [collection size: one]]" time="0"/>
  <testcase classname="com.google.common.collect.testing.testers.CollectionToArrayTester" name="testToArray_noArgs[HashMap tests [collection size: one] entrySet [collection size: one]]" time="0"/>
  <testcase classname="com.google.common.collect.testing.testers.CollectionToArrayTester" name="testToArray_isPlainObjectArray[HashMap tests [collection size: one] entrySet [collection size: one]]" time="0"/>
  <testcase classname="com.google.common.collect.testing.testers.CollectionToArrayTester" name="testToArray_rightSizedArrayOfObject[HashMap tests [collection size: one] entrySet [collection size: one]]" time="0"/>
  <testcase classname="com.google.common.collect.testing.testers.CollectionToArrayTester" name="testToArray_rightSizedArray[HashMap tests [collection size: one] entrySet [collection size: one]]" time="0"/>
  <testcase classname="com.google.common.collect.testing.testers.CollectionToStringTester" name="testToString_size1[HashMap tests [collection size: one] entrySet [collection size: one]]" time="0.001">
    <failure message="size1Collection.toString should return [{element}] expected:&lt;[[one=January]]&gt; but was:&lt;[[io.github.atommed.ads.HashMap$Bucket@daf6bddd]]&gt;" type="junit.framework.ComparisonFailure">junit.framework.ComparisonFailure: size1Collection.toString should return [{element}] expected:&lt;[[one=January]]&gt; but was:&lt;[[io.github.atommed.ads.HashMap$Bucket@daf6bddd]]&gt;
	at junit.framework.Assert.assertEquals(Assert.java:100)
	at junit.framework.TestCase.assertEquals(TestCase.java:261)
	at com.google.common.collect.testing.testers.CollectionToStringTester.testToString_size1(CollectionToStringTester.java:56)
	at sun.reflect.NativeMethodAccessorImpl.invoke0(Native Method)
	at sun.reflect.NativeMethodAccessorImpl.invoke(NativeMethodAccessorImpl.java:62)
	at sun.reflect.DelegatingMethodAccessorImpl.invoke(DelegatingMethodAccessorImpl.java:43)
	at java.lang.reflect.Method.invoke(Method.java:498)
	at junit.framework.TestCase.runTest(TestCase.java:176)
	at junit.framework.TestCase.runBare(TestCase.java:141)
	at junit.framework.TestResult$1.protect(TestResult.java:122)
	at junit.framework.TestResult.runProtected(TestResult.java:142)
	at junit.framework.TestResult.run(TestResult.java:125)
	at junit.framework.TestCase.run(TestCase.java:129)
	at junit.framework.TestSuite.runTest(TestSuite.java:252)
	at junit.framework.TestSuite.run(TestSuite.java:247)
	at junit.framework.TestSuite.runTest(TestSuite.java:252)
	at junit.framework.TestSuite.run(TestSuite.java:247)
	at junit.framework.TestSuite.runTest(TestSuite.java:252)
	at junit.framework.TestSuite.run(TestSuite.java:247)
	at junit.framework.TestSuite.runTest(TestSuite.java:252)
	at junit.framework.TestSuite.run(TestSuite.java:247)
	at junit.framework.TestSuite.runTest(TestSuite.java:252)
	at junit.framework.TestSuite.run(TestSuite.java:247)
	at org.junit.internal.runners.JUnit38ClassRunner.run(JUnit38ClassRunner.java:86)
	at org.junit.runners.Suite.runChild(Suite.java:128)
	at org.junit.runners.Suite.runChild(Suite.java:27)
	at org.junit.runners.ParentRunner$3.run(ParentRunner.java:290)
	at org.junit.runners.ParentRunner$1.schedule(ParentRunner.java:71)
	at org.junit.runners.ParentRunner.runChildren(ParentRunner.java:288)
	at org.junit.runners.ParentRunner.access$000(ParentRunner.java:58)
	at org.junit.runners.ParentRunner$2.evaluate(ParentRunner.java:268)
	at org.junit.runners.ParentRunner.run(ParentRunner.java:363)
	at org.apache.maven.surefire.junit4.JUnit4TestSet.execute(JUnit4TestSet.java:53)
	at org.apache.maven.surefire.junit4.JUnit4Provider.executeTestSet(JUnit4Provider.java:123)
	at org.apache.maven.surefire.junit4.JUnit4Provider.invoke(JUnit4Provider.java:104)
	at sun.reflect.NativeMethodAccessorImpl.invoke0(Native Method)
	at sun.reflect.NativeMethodAccessorImpl.invoke(NativeMethodAccessorImpl.java:62)
	at sun.reflect.DelegatingMethodAccessorImpl.invoke(DelegatingMethodAccessorImpl.java:43)
	at java.lang.reflect.Method.invoke(Method.java:498)
	at org.apache.maven.surefire.util.ReflectionUtils.invokeMethodWithArray(ReflectionUtils.java:164)
	at org.apache.maven.surefire.booter.ProviderFactory$ProviderProxy.invoke(ProviderFactory.java:110)
	at org.apache.maven.surefire.booter.SurefireStarter.invokeProvider(SurefireStarter.java:175)
	at org.apache.maven.surefire.booter.SurefireStarter.runSuitesInProcessWhenForked(SurefireStarter.java:107)
	at org.apache.maven.surefire.booter.ForkedBooter.main(ForkedBooter.java:68)
</failure>
  </testcase>
  <testcase classname="com.google.common.collect.testing.testers.CollectionToStringTester" name="testToString_minimal[HashMap tests [collection size: one] entrySet [collection size: one]]" time="0"/>
  <testcase classname="com.google.common.collect.testing.testers.SetHashCodeTester" name="testHashCode[HashMap tests [collection size: one] entrySet [collection size: one]]" time="0.001">
    <failure message="A Set&apos;s hashCode() should be the sum of those of its elements. expected:&lt;-162114004&gt; but was:&lt;-621363747&gt;" type="junit.framework.AssertionFailedError">junit.framework.AssertionFailedError: A Set&apos;s hashCode() should be the sum of those of its elements. expected:&lt;-162114004&gt; but was:&lt;-621363747&gt;
	at junit.framework.Assert.fail(Assert.java:57)
	at junit.framework.Assert.failNotEquals(Assert.java:329)
	at junit.framework.Assert.assertEquals(Assert.java:78)
	at junit.framework.Assert.assertEquals(Assert.java:234)
	at junit.framework.TestCase.assertEquals(TestCase.java:401)
	at com.google.common.collect.testing.testers.SetHashCodeTester.testHashCode(SetHashCodeTester.java:42)
	at sun.reflect.NativeMethodAccessorImpl.invoke0(Native Method)
	at sun.reflect.NativeMethodAccessorImpl.invoke(NativeMethodAccessorImpl.java:62)
	at sun.reflect.DelegatingMethodAccessorImpl.invoke(DelegatingMethodAccessorImpl.java:43)
	at java.lang.reflect.Method.invoke(Method.java:498)
	at junit.framework.TestCase.runTest(TestCase.java:176)
	at junit.framework.TestCase.runBare(TestCase.java:141)
	at junit.framework.TestResult$1.protect(TestResult.java:122)
	at junit.framework.TestResult.runProtected(TestResult.java:142)
	at junit.framework.TestResult.run(TestResult.java:125)
	at junit.framework.TestCase.run(TestCase.java:129)
	at junit.framework.TestSuite.runTest(TestSuite.java:252)
	at junit.framework.TestSuite.run(TestSuite.java:247)
	at junit.framework.TestSuite.runTest(TestSuite.java:252)
	at junit.framework.TestSuite.run(TestSuite.java:247)
	at junit.framework.TestSuite.runTest(TestSuite.java:252)
	at junit.framework.TestSuite.run(TestSuite.java:247)
	at junit.framework.TestSuite.runTest(TestSuite.java:252)
	at junit.framework.TestSuite.run(TestSuite.java:247)
	at junit.framework.TestSuite.runTest(TestSuite.java:252)
	at junit.framework.TestSuite.run(TestSuite.java:247)
	at org.junit.internal.runners.JUnit38ClassRunner.run(JUnit38ClassRunner.java:86)
	at org.junit.runners.Suite.runChild(Suite.java:128)
	at org.junit.runners.Suite.runChild(Suite.java:27)
	at org.junit.runners.ParentRunner$3.run(ParentRunner.java:290)
	at org.junit.runners.ParentRunner$1.schedule(ParentRunner.java:71)
	at org.junit.runners.ParentRunner.runChildren(ParentRunner.java:288)
	at org.junit.runners.ParentRunner.access$000(ParentRunner.java:58)
	at org.junit.runners.ParentRunner$2.evaluate(ParentRunner.java:268)
	at org.junit.runners.ParentRunner.run(ParentRunner.java:363)
	at org.apache.maven.surefire.junit4.JUnit4TestSet.execute(JUnit4TestSet.java:53)
	at org.apache.maven.surefire.junit4.JUnit4Provider.executeTestSet(JUnit4Provider.java:123)
	at org.apache.maven.surefire.junit4.JUnit4Provider.invoke(JUnit4Provider.java:104)
	at sun.reflect.NativeMethodAccessorImpl.invoke0(Native Method)
	at sun.reflect.NativeMethodAccessorImpl.invoke(NativeMethodAccessorImpl.java:62)
	at sun.reflect.DelegatingMethodAccessorImpl.invoke(DelegatingMethodAccessorImpl.java:43)
	at java.lang.reflect.Method.invoke(Method.java:498)
	at org.apache.maven.surefire.util.ReflectionUtils.invokeMethodWithArray(ReflectionUtils.java:164)
	at org.apache.maven.surefire.booter.ProviderFactory$ProviderProxy.invoke(ProviderFactory.java:110)
	at org.apache.maven.surefire.booter.SurefireStarter.invokeProvider(SurefireStarter.java:175)
	at org.apache.maven.surefire.booter.SurefireStarter.runSuitesInProcessWhenForked(SurefireStarter.java:107)
	at org.apache.maven.surefire.booter.ForkedBooter.main(ForkedBooter.java:68)
</failure>
  </testcase>
  <testcase classname="com.google.common.collect.testing.testers.SetEqualsTester" name="testEquals_list[HashMap tests [collection size: one] entrySet [collection size: one]]" time="0"/>
  <testcase classname="com.google.common.collect.testing.testers.SetEqualsTester" name="testEquals_otherSetWithSameElements[HashMap tests [collection size: one] entrySet [collection size: one]]" time="0">
    <failure message="A Set should equal any other Set containing the same elements." type="junit.framework.AssertionFailedError">junit.framework.AssertionFailedError: A Set should equal any other Set containing the same elements.
	at junit.framework.Assert.fail(Assert.java:57)
	at junit.framework.Assert.assertTrue(Assert.java:22)
	at junit.framework.TestCase.assertTrue(TestCase.java:192)
	at com.google.common.collect.testing.testers.SetEqualsTester.testEquals_otherSetWithSameElements(SetEqualsTester.java:38)
	at sun.reflect.NativeMethodAccessorImpl.invoke0(Native Method)
	at sun.reflect.NativeMethodAccessorImpl.invoke(NativeMethodAccessorImpl.java:62)
	at sun.reflect.DelegatingMethodAccessorImpl.invoke(DelegatingMethodAccessorImpl.java:43)
	at java.lang.reflect.Method.invoke(Method.java:498)
	at junit.framework.TestCase.runTest(TestCase.java:176)
	at junit.framework.TestCase.runBare(TestCase.java:141)
	at junit.framework.TestResult$1.protect(TestResult.java:122)
	at junit.framework.TestResult.runProtected(TestResult.java:142)
	at junit.framework.TestResult.run(TestResult.java:125)
	at junit.framework.TestCase.run(TestCase.java:129)
	at junit.framework.TestSuite.runTest(TestSuite.java:252)
	at junit.framework.TestSuite.run(TestSuite.java:247)
	at junit.framework.TestSuite.runTest(TestSuite.java:252)
	at junit.framework.TestSuite.run(TestSuite.java:247)
	at junit.framework.TestSuite.runTest(TestSuite.java:252)
	at junit.framework.TestSuite.run(TestSuite.java:247)
	at junit.framework.TestSuite.runTest(TestSuite.java:252)
	at junit.framework.TestSuite.run(TestSuite.java:247)
	at junit.framework.TestSuite.runTest(TestSuite.java:252)
	at junit.framework.TestSuite.run(TestSuite.java:247)
	at org.junit.internal.runners.JUnit38ClassRunner.run(JUnit38ClassRunner.java:86)
	at org.junit.runners.Suite.runChild(Suite.java:128)
	at org.junit.runners.Suite.runChild(Suite.java:27)
	at org.junit.runners.ParentRunner$3.run(ParentRunner.java:290)
	at org.junit.runners.ParentRunner$1.schedule(ParentRunner.java:71)
	at org.junit.runners.ParentRunner.runChildren(ParentRunner.java:288)
	at org.junit.runners.ParentRunner.access$000(ParentRunner.java:58)
	at org.junit.runners.ParentRunner$2.evaluate(ParentRunner.java:268)
	at org.junit.runners.ParentRunner.run(ParentRunner.java:363)
	at org.apache.maven.surefire.junit4.JUnit4TestSet.execute(JUnit4TestSet.java:53)
	at org.apache.maven.surefire.junit4.JUnit4Provider.executeTestSet(JUnit4Provider.java:123)
	at org.apache.maven.surefire.junit4.JUnit4Provider.invoke(JUnit4Provider.java:104)
	at sun.reflect.NativeMethodAccessorImpl.invoke0(Native Method)
	at sun.reflect.NativeMethodAccessorImpl.invoke(NativeMethodAccessorImpl.java:62)
	at sun.reflect.DelegatingMethodAccessorImpl.invoke(DelegatingMethodAccessorImpl.java:43)
	at java.lang.reflect.Method.invoke(Method.java:498)
	at org.apache.maven.surefire.util.ReflectionUtils.invokeMethodWithArray(ReflectionUtils.java:164)
	at org.apache.maven.surefire.booter.ProviderFactory$ProviderProxy.invoke(ProviderFactory.java:110)
	at org.apache.maven.surefire.booter.SurefireStarter.invokeProvider(SurefireStarter.java:175)
	at org.apache.maven.surefire.booter.SurefireStarter.runSuitesInProcessWhenForked(SurefireStarter.java:107)
	at org.apache.maven.surefire.booter.ForkedBooter.main(ForkedBooter.java:68)
</failure>
  </testcase>
  <testcase classname="com.google.common.collect.testing.testers.SetEqualsTester" name="testEquals_largerSet[HashMap tests [collection size: one] entrySet [collection size: one]]" time="0"/>
  <testcase classname="com.google.common.collect.testing.testers.SetEqualsTester" name="testEquals_otherContainsNull[HashMap tests [collection size: one] entrySet [collection size: one]]" time="0.001"/>
  <testcase classname="com.google.common.collect.testing.testers.SetEqualsTester" name="testEquals_smallerSet[HashMap tests [collection size: one] entrySet [collection size: one]]" time="0"/>
  <testcase classname="com.google.common.collect.testing.testers.SetEqualsTester" name="testEquals_otherSetWithDifferentElements[HashMap tests [collection size: one] entrySet [collection size: one]]" time="0"/>
  <testcase classname="com.google.common.collect.testing.testers.SetRemoveTester" name="testRemove_present[HashMap tests [collection size: one] entrySet [collection size: one]]" time="0"/>
  <testcase classname="com.google.common.collect.testing.ExampleIteratorTester" name="testSomethingAboutIterators[HashMap tests [collection size: one] entrySet [collection size: one] iterator]" time="0"/>
  <testcase classname="com.google.common.collect.testing.testers.CollectionAddAllTester" name="testAddAll_unsupportedSomePresent[HashMap tests [collection size: one] keys [collection size: one]]" time="0.001">
    <failure message="addAll(somePresent) should throw" type="junit.framework.AssertionFailedError">junit.framework.AssertionFailedError: addAll(somePresent) should throw
	at junit.framework.Assert.fail(Assert.java:57)
	at junit.framework.TestCase.fail(TestCase.java:227)
	at com.google.common.collect.testing.testers.CollectionAddAllTester.testAddAll_unsupportedSomePresent(CollectionAddAllTester.java:99)
	at sun.reflect.NativeMethodAccessorImpl.invoke0(Native Method)
	at sun.reflect.NativeMethodAccessorImpl.invoke(NativeMethodAccessorImpl.java:62)
	at sun.reflect.DelegatingMethodAccessorImpl.invoke(DelegatingMethodAccessorImpl.java:43)
	at java.lang.reflect.Method.invoke(Method.java:498)
	at junit.framework.TestCase.runTest(TestCase.java:176)
	at junit.framework.TestCase.runBare(TestCase.java:141)
	at junit.framework.TestResult$1.protect(TestResult.java:122)
	at junit.framework.TestResult.runProtected(TestResult.java:142)
	at junit.framework.TestResult.run(TestResult.java:125)
	at junit.framework.TestCase.run(TestCase.java:129)
	at junit.framework.TestSuite.runTest(TestSuite.java:252)
	at junit.framework.TestSuite.run(TestSuite.java:247)
	at junit.framework.TestSuite.runTest(TestSuite.java:252)
	at junit.framework.TestSuite.run(TestSuite.java:247)
	at junit.framework.TestSuite.runTest(TestSuite.java:252)
	at junit.framework.TestSuite.run(TestSuite.java:247)
	at junit.framework.TestSuite.runTest(TestSuite.java:252)
	at junit.framework.TestSuite.run(TestSuite.java:247)
	at junit.framework.TestSuite.runTest(TestSuite.java:252)
	at junit.framework.TestSuite.run(TestSuite.java:247)
	at org.junit.internal.runners.JUnit38ClassRunner.run(JUnit38ClassRunner.java:86)
	at org.junit.runners.Suite.runChild(Suite.java:128)
	at org.junit.runners.Suite.runChild(Suite.java:27)
	at org.junit.runners.ParentRunner$3.run(ParentRunner.java:290)
	at org.junit.runners.ParentRunner$1.schedule(ParentRunner.java:71)
	at org.junit.runners.ParentRunner.runChildren(ParentRunner.java:288)
	at org.junit.runners.ParentRunner.access$000(ParentRunner.java:58)
	at org.junit.runners.ParentRunner$2.evaluate(ParentRunner.java:268)
	at org.junit.runners.ParentRunner.run(ParentRunner.java:363)
	at org.apache.maven.surefire.junit4.JUnit4TestSet.execute(JUnit4TestSet.java:53)
	at org.apache.maven.surefire.junit4.JUnit4Provider.executeTestSet(JUnit4Provider.java:123)
	at org.apache.maven.surefire.junit4.JUnit4Provider.invoke(JUnit4Provider.java:104)
	at sun.reflect.NativeMethodAccessorImpl.invoke0(Native Method)
	at sun.reflect.NativeMethodAccessorImpl.invoke(NativeMethodAccessorImpl.java:62)
	at sun.reflect.DelegatingMethodAccessorImpl.invoke(DelegatingMethodAccessorImpl.java:43)
	at java.lang.reflect.Method.invoke(Method.java:498)
	at org.apache.maven.surefire.util.ReflectionUtils.invokeMethodWithArray(ReflectionUtils.java:164)
	at org.apache.maven.surefire.booter.ProviderFactory$ProviderProxy.invoke(ProviderFactory.java:110)
	at org.apache.maven.surefire.booter.SurefireStarter.invokeProvider(SurefireStarter.java:175)
	at org.apache.maven.surefire.booter.SurefireStarter.runSuitesInProcessWhenForked(SurefireStarter.java:107)
	at org.apache.maven.surefire.booter.ForkedBooter.main(ForkedBooter.java:68)
</failure>
  </testcase>
  <testcase classname="com.google.common.collect.testing.testers.CollectionAddAllTester" name="testAddAll_unsupportedNothing[HashMap tests [collection size: one] keys [collection size: one]]" time="0"/>
  <testcase classname="com.google.common.collect.testing.testers.CollectionAddAllTester" name="testAddAll_unsupportedNonePresent[HashMap tests [collection size: one] keys [collection size: one]]" time="0.001">
    <failure message="addAll(nonePresent) should throw" type="junit.framework.AssertionFailedError">junit.framework.AssertionFailedError: addAll(nonePresent) should throw
	at junit.framework.Assert.fail(Assert.java:57)
	at junit.framework.TestCase.fail(TestCase.java:227)
	at com.google.common.collect.testing.testers.CollectionAddAllTester.testAddAll_unsupportedNonePresent(CollectionAddAllTester.java:78)
	at sun.reflect.NativeMethodAccessorImpl.invoke0(Native Method)
	at sun.reflect.NativeMethodAccessorImpl.invoke(NativeMethodAccessorImpl.java:62)
	at sun.reflect.DelegatingMethodAccessorImpl.invoke(DelegatingMethodAccessorImpl.java:43)
	at java.lang.reflect.Method.invoke(Method.java:498)
	at junit.framework.TestCase.runTest(TestCase.java:176)
	at junit.framework.TestCase.runBare(TestCase.java:141)
	at junit.framework.TestResult$1.protect(TestResult.java:122)
	at junit.framework.TestResult.runProtected(TestResult.java:142)
	at junit.framework.TestResult.run(TestResult.java:125)
	at junit.framework.TestCase.run(TestCase.java:129)
	at junit.framework.TestSuite.runTest(TestSuite.java:252)
	at junit.framework.TestSuite.run(TestSuite.java:247)
	at junit.framework.TestSuite.runTest(TestSuite.java:252)
	at junit.framework.TestSuite.run(TestSuite.java:247)
	at junit.framework.TestSuite.runTest(TestSuite.java:252)
	at junit.framework.TestSuite.run(TestSuite.java:247)
	at junit.framework.TestSuite.runTest(TestSuite.java:252)
	at junit.framework.TestSuite.run(TestSuite.java:247)
	at junit.framework.TestSuite.runTest(TestSuite.java:252)
	at junit.framework.TestSuite.run(TestSuite.java:247)
	at org.junit.internal.runners.JUnit38ClassRunner.run(JUnit38ClassRunner.java:86)
	at org.junit.runners.Suite.runChild(Suite.java:128)
	at org.junit.runners.Suite.runChild(Suite.java:27)
	at org.junit.runners.ParentRunner$3.run(ParentRunner.java:290)
	at org.junit.runners.ParentRunner$1.schedule(ParentRunner.java:71)
	at org.junit.runners.ParentRunner.runChildren(ParentRunner.java:288)
	at org.junit.runners.ParentRunner.access$000(ParentRunner.java:58)
	at org.junit.runners.ParentRunner$2.evaluate(ParentRunner.java:268)
	at org.junit.runners.ParentRunner.run(ParentRunner.java:363)
	at org.apache.maven.surefire.junit4.JUnit4TestSet.execute(JUnit4TestSet.java:53)
	at org.apache.maven.surefire.junit4.JUnit4Provider.executeTestSet(JUnit4Provider.java:123)
	at org.apache.maven.surefire.junit4.JUnit4Provider.invoke(JUnit4Provider.java:104)
	at sun.reflect.NativeMethodAccessorImpl.invoke0(Native Method)
	at sun.reflect.NativeMethodAccessorImpl.invoke(NativeMethodAccessorImpl.java:62)
	at sun.reflect.DelegatingMethodAccessorImpl.invoke(DelegatingMethodAccessorImpl.java:43)
	at java.lang.reflect.Method.invoke(Method.java:498)
	at org.apache.maven.surefire.util.ReflectionUtils.invokeMethodWithArray(ReflectionUtils.java:164)
	at org.apache.maven.surefire.booter.ProviderFactory$ProviderProxy.invoke(ProviderFactory.java:110)
	at org.apache.maven.surefire.booter.SurefireStarter.invokeProvider(SurefireStarter.java:175)
	at org.apache.maven.surefire.booter.SurefireStarter.runSuitesInProcessWhenForked(SurefireStarter.java:107)
	at org.apache.maven.surefire.booter.ForkedBooter.main(ForkedBooter.java:68)
</failure>
  </testcase>
  <testcase classname="com.google.common.collect.testing.testers.CollectionAddAllTester" name="testAddAll_unsupportedAllPresent[HashMap tests [collection size: one] keys [collection size: one]]" time="0"/>
  <testcase classname="com.google.common.collect.testing.testers.CollectionAddTester" name="testAdd_unsupportedNotPresent[HashMap tests [collection size: one] keys [collection size: one]]" time="0">
    <failure message="add(notPresent) should throw" type="junit.framework.AssertionFailedError">junit.framework.AssertionFailedError: add(notPresent) should throw
	at junit.framework.Assert.fail(Assert.java:57)
	at junit.framework.TestCase.fail(TestCase.java:227)
	at com.google.common.collect.testing.testers.CollectionAddTester.testAdd_unsupportedNotPresent(CollectionAddTester.java:58)
	at sun.reflect.NativeMethodAccessorImpl.invoke0(Native Method)
	at sun.reflect.NativeMethodAccessorImpl.invoke(NativeMethodAccessorImpl.java:62)
	at sun.reflect.DelegatingMethodAccessorImpl.invoke(DelegatingMethodAccessorImpl.java:43)
	at java.lang.reflect.Method.invoke(Method.java:498)
	at junit.framework.TestCase.runTest(TestCase.java:176)
	at junit.framework.TestCase.runBare(TestCase.java:141)
	at junit.framework.TestResult$1.protect(TestResult.java:122)
	at junit.framework.TestResult.runProtected(TestResult.java:142)
	at junit.framework.TestResult.run(TestResult.java:125)
	at junit.framework.TestCase.run(TestCase.java:129)
	at junit.framework.TestSuite.runTest(TestSuite.java:252)
	at junit.framework.TestSuite.run(TestSuite.java:247)
	at junit.framework.TestSuite.runTest(TestSuite.java:252)
	at junit.framework.TestSuite.run(TestSuite.java:247)
	at junit.framework.TestSuite.runTest(TestSuite.java:252)
	at junit.framework.TestSuite.run(TestSuite.java:247)
	at junit.framework.TestSuite.runTest(TestSuite.java:252)
	at junit.framework.TestSuite.run(TestSuite.java:247)
	at junit.framework.TestSuite.runTest(TestSuite.java:252)
	at junit.framework.TestSuite.run(TestSuite.java:247)
	at org.junit.internal.runners.JUnit38ClassRunner.run(JUnit38ClassRunner.java:86)
	at org.junit.runners.Suite.runChild(Suite.java:128)
	at org.junit.runners.Suite.runChild(Suite.java:27)
	at org.junit.runners.ParentRunner$3.run(ParentRunner.java:290)
	at org.junit.runners.ParentRunner$1.schedule(ParentRunner.java:71)
	at org.junit.runners.ParentRunner.runChildren(ParentRunner.java:288)
	at org.junit.runners.ParentRunner.access$000(ParentRunner.java:58)
	at org.junit.runners.ParentRunner$2.evaluate(ParentRunner.java:268)
	at org.junit.runners.ParentRunner.run(ParentRunner.java:363)
	at org.apache.maven.surefire.junit4.JUnit4TestSet.execute(JUnit4TestSet.java:53)
	at org.apache.maven.surefire.junit4.JUnit4Provider.executeTestSet(JUnit4Provider.java:123)
	at org.apache.maven.surefire.junit4.JUnit4Provider.invoke(JUnit4Provider.java:104)
	at sun.reflect.NativeMethodAccessorImpl.invoke0(Native Method)
	at sun.reflect.NativeMethodAccessorImpl.invoke(NativeMethodAccessorImpl.java:62)
	at sun.reflect.DelegatingMethodAccessorImpl.invoke(DelegatingMethodAccessorImpl.java:43)
	at java.lang.reflect.Method.invoke(Method.java:498)
	at org.apache.maven.surefire.util.ReflectionUtils.invokeMethodWithArray(ReflectionUtils.java:164)
	at org.apache.maven.surefire.booter.ProviderFactory$ProviderProxy.invoke(ProviderFactory.java:110)
	at org.apache.maven.surefire.booter.SurefireStarter.invokeProvider(SurefireStarter.java:175)
	at org.apache.maven.surefire.booter.SurefireStarter.runSuitesInProcessWhenForked(SurefireStarter.java:107)
	at org.apache.maven.surefire.booter.ForkedBooter.main(ForkedBooter.java:68)
</failure>
  </testcase>
  <testcase classname="com.google.common.collect.testing.testers.CollectionAddTester" name="testAdd_unsupportedPresent[HashMap tests [collection size: one] keys [collection size: one]]" time="0"/>
  <testcase classname="com.google.common.collect.testing.testers.CollectionClearTester" name="testClear[HashMap tests [collection size: one] keys [collection size: one]]" time="0"/>
  <testcase classname="com.google.common.collect.testing.testers.CollectionContainsAllTester" name="testContainsAll_subset[HashMap tests [collection size: one] keys [collection size: one]]" time="0.001"/>
  <testcase classname="com.google.common.collect.testing.testers.CollectionContainsAllTester" name="testContainsAll_nullAllowed[HashMap tests [collection size: one] keys [collection size: one]]" time="0"/>
  <testcase classname="com.google.common.collect.testing.testers.CollectionContainsAllTester" name="testContainsAll_disjoint[HashMap tests [collection size: one] keys [collection size: one]]" time="0"/>
  <testcase classname="com.google.common.collect.testing.testers.CollectionContainsAllTester" name="testContainsAll_self[HashMap tests [collection size: one] keys [collection size: one]]" time="0"/>
  <testcase classname="com.google.common.collect.testing.testers.CollectionContainsAllTester" name="testContainsAll_wrongType[HashMap tests [collection size: one] keys [collection size: one]]" time="0"/>
  <testcase classname="com.google.common.collect.testing.testers.CollectionContainsAllTester" name="testContainsAll_empty[HashMap tests [collection size: one] keys [collection size: one]]" time="0"/>
  <testcase classname="com.google.common.collect.testing.testers.CollectionContainsAllTester" name="testContainsAll_sameElements[HashMap tests [collection size: one] keys [collection size: one]]" time="0"/>
  <testcase classname="com.google.common.collect.testing.testers.CollectionContainsAllTester" name="testContainsAll_partialOverlap[HashMap tests [collection size: one] keys [collection size: one]]" time="0"/>
  <testcase classname="com.google.common.collect.testing.testers.CollectionContainsTester" name="testContains_nullNotContainedButQueriesSupported[HashMap tests [collection size: one] keys [collection size: one]]" time="0"/>
  <testcase classname="com.google.common.collect.testing.testers.CollectionContainsTester" name="testContains_yes[HashMap tests [collection size: one] keys [collection size: one]]" time="0"/>
  <testcase classname="com.google.common.collect.testing.testers.CollectionContainsTester" name="testContains_no[HashMap tests [collection size: one] keys [collection size: one]]" time="0"/>
  <testcase classname="com.google.common.collect.testing.testers.CollectionContainsTester" name="testContains_wrongType[HashMap tests [collection size: one] keys [collection size: one]]" time="0"/>
  <testcase classname="com.google.common.collect.testing.testers.CollectionEqualsTester" name="testEquals_null[HashMap tests [collection size: one] keys [collection size: one]]" time="0"/>
  <testcase classname="com.google.common.collect.testing.testers.CollectionEqualsTester" name="testEquals_self[HashMap tests [collection size: one] keys [collection size: one]]" time="0"/>
  <testcase classname="com.google.common.collect.testing.testers.CollectionEqualsTester" name="testEquals_notACollection[HashMap tests [collection size: one] keys [collection size: one]]" time="0.001"/>
  <testcase classname="com.google.common.collect.testing.testers.CollectionIsEmptyTester" name="testIsEmpty_no[HashMap tests [collection size: one] keys [collection size: one]]" time="0"/>
  <testcase classname="com.google.common.collect.testing.testers.CollectionIteratorTester" name="testIteratorNoSuchElementException[HashMap tests [collection size: one] keys [collection size: one]]" time="0"/>
  <testcase classname="com.google.common.collect.testing.testers.CollectionIteratorTester" name="testIterator_unknownOrderRemoveUnsupported[HashMap tests [collection size: one] keys [collection size: one]]" time="0.002">
    <failure message="failed with stimuli [hasNext, hasNext, hasNext, next, remove]" type="junit.framework.AssertionFailedError">junit.framework.AssertionFailedError: failed with stimuli [hasNext, hasNext, hasNext, next, remove]
	at com.google.common.collect.testing.Helpers.fail(Helpers.java:240)
	at com.google.common.collect.testing.AbstractIteratorTester.compareResultsForThisListOfStimuli(AbstractIteratorTester.java:418)
	at com.google.common.collect.testing.AbstractIteratorTester.recurse(AbstractIteratorTester.java:383)
	at com.google.common.collect.testing.AbstractIteratorTester.recurse(AbstractIteratorTester.java:388)
	at com.google.common.collect.testing.AbstractIteratorTester.recurse(AbstractIteratorTester.java:388)
	at com.google.common.collect.testing.AbstractIteratorTester.recurse(AbstractIteratorTester.java:388)
	at com.google.common.collect.testing.AbstractIteratorTester.recurse(AbstractIteratorTester.java:388)
	at com.google.common.collect.testing.AbstractIteratorTester.recurse(AbstractIteratorTester.java:388)
	at com.google.common.collect.testing.AbstractIteratorTester.test(AbstractIteratorTester.java:372)
	at com.google.common.collect.testing.testers.CollectionIteratorTester.runIteratorTest(CollectionIteratorTester.java:96)
	at com.google.common.collect.testing.testers.CollectionIteratorTester.testIterator_unknownOrderRemoveUnsupported(CollectionIteratorTester.java:90)
	at sun.reflect.NativeMethodAccessorImpl.invoke0(Native Method)
	at sun.reflect.NativeMethodAccessorImpl.invoke(NativeMethodAccessorImpl.java:62)
	at sun.reflect.DelegatingMethodAccessorImpl.invoke(DelegatingMethodAccessorImpl.java:43)
	at java.lang.reflect.Method.invoke(Method.java:498)
	at junit.framework.TestCase.runTest(TestCase.java:176)
	at junit.framework.TestCase.runBare(TestCase.java:141)
	at junit.framework.TestResult$1.protect(TestResult.java:122)
	at junit.framework.TestResult.runProtected(TestResult.java:142)
	at junit.framework.TestResult.run(TestResult.java:125)
	at junit.framework.TestCase.run(TestCase.java:129)
	at junit.framework.TestSuite.runTest(TestSuite.java:252)
	at junit.framework.TestSuite.run(TestSuite.java:247)
	at junit.framework.TestSuite.runTest(TestSuite.java:252)
	at junit.framework.TestSuite.run(TestSuite.java:247)
	at junit.framework.TestSuite.runTest(TestSuite.java:252)
	at junit.framework.TestSuite.run(TestSuite.java:247)
	at junit.framework.TestSuite.runTest(TestSuite.java:252)
	at junit.framework.TestSuite.run(TestSuite.java:247)
	at junit.framework.TestSuite.runTest(TestSuite.java:252)
	at junit.framework.TestSuite.run(TestSuite.java:247)
	at org.junit.internal.runners.JUnit38ClassRunner.run(JUnit38ClassRunner.java:86)
	at org.junit.runners.Suite.runChild(Suite.java:128)
	at org.junit.runners.Suite.runChild(Suite.java:27)
	at org.junit.runners.ParentRunner$3.run(ParentRunner.java:290)
	at org.junit.runners.ParentRunner$1.schedule(ParentRunner.java:71)
	at org.junit.runners.ParentRunner.runChildren(ParentRunner.java:288)
	at org.junit.runners.ParentRunner.access$000(ParentRunner.java:58)
	at org.junit.runners.ParentRunner$2.evaluate(ParentRunner.java:268)
	at org.junit.runners.ParentRunner.run(ParentRunner.java:363)
	at org.apache.maven.surefire.junit4.JUnit4TestSet.execute(JUnit4TestSet.java:53)
	at org.apache.maven.surefire.junit4.JUnit4Provider.executeTestSet(JUnit4Provider.java:123)
	at org.apache.maven.surefire.junit4.JUnit4Provider.invoke(JUnit4Provider.java:104)
	at sun.reflect.NativeMethodAccessorImpl.invoke0(Native Method)
	at sun.reflect.NativeMethodAccessorImpl.invoke(NativeMethodAccessorImpl.java:62)
	at sun.reflect.DelegatingMethodAccessorImpl.invoke(DelegatingMethodAccessorImpl.java:43)
	at java.lang.reflect.Method.invoke(Method.java:498)
	at org.apache.maven.surefire.util.ReflectionUtils.invokeMethodWithArray(ReflectionUtils.java:164)
	at org.apache.maven.surefire.booter.ProviderFactory$ProviderProxy.invoke(ProviderFactory.java:110)
	at org.apache.maven.surefire.booter.SurefireStarter.invokeProvider(SurefireStarter.java:175)
	at org.apache.maven.surefire.booter.SurefireStarter.runSuitesInProcessWhenForked(SurefireStarter.java:107)
	at org.apache.maven.surefire.booter.ForkedBooter.main(ForkedBooter.java:68)
Caused by: junit.framework.AssertionFailedError: Target failed to throw one of [class java.lang.UnsupportedOperationException]
	at junit.framework.Assert.fail(Assert.java:57)
	at com.google.common.collect.testing.AbstractIteratorTester.internalExecuteAndCompare(AbstractIteratorTester.java:509)
	at com.google.common.collect.testing.AbstractIteratorTester.access$500(AbstractIteratorTester.java:49)
	at com.google.common.collect.testing.AbstractIteratorTester$8.executeAndCompare(AbstractIteratorTester.java:609)
	at com.google.common.collect.testing.AbstractIteratorTester.compareResultsForThisListOfStimuli(AbstractIteratorTester.java:404)
	... 50 more
</failure>
  </testcase>
  <testcase classname="com.google.common.collect.testing.testers.CollectionIteratorTester" name="testIterator[HashMap tests [collection size: one] keys [collection size: one]]" time="0"/>
  <testcase classname="com.google.common.collect.testing.testers.CollectionRemoveAllTester" name="testRemoveAll_containsWrongType[HashMap tests [collection size: one] keys [collection size: one]]" time="0"/>
  <testcase classname="com.google.common.collect.testing.testers.CollectionRemoveAllTester" name="testRemoveAll_allPresent[HashMap tests [collection size: one] keys [collection size: one]]" time="0"/>
  <testcase classname="com.google.common.collect.testing.testers.CollectionRemoveAllTester" name="testRemoveAll_somePresent[HashMap tests [collection size: one] keys [collection size: one]]" time="0.001"/>
  <testcase classname="com.google.common.collect.testing.testers.CollectionRemoveAllTester" name="testRemoveAll_nullCollectionReferenceNonEmptySubject[HashMap tests [collection size: one] keys [collection size: one]]" time="0"/>
  <testcase classname="com.google.common.collect.testing.testers.CollectionRemoveAllTester" name="testRemoveAll_emptyCollection[HashMap tests [collection size: one] keys [collection size: one]]" time="0"/>
  <testcase classname="com.google.common.collect.testing.testers.CollectionRemoveAllTester" name="testRemoveAll_containsNullNoButAllowed[HashMap tests [collection size: one] keys [collection size: one]]" time="0"/>
  <testcase classname="com.google.common.collect.testing.testers.CollectionRemoveAllTester" name="testRemoveAll_nonePresent[HashMap tests [collection size: one] keys [collection size: one]]" time="0"/>
  <testcase classname="com.google.common.collect.testing.testers.CollectionRemoveAllTester" name="testRemoveAll_somePresentLargeCollectionToRemove[HashMap tests [collection size: one] keys [collection size: one]]" time="0"/>
  <testcase classname="com.google.common.collect.testing.testers.CollectionRemoveTester" name="testRemove_present[HashMap tests [collection size: one] keys [collection size: one]]" time="0"/>
  <testcase classname="com.google.common.collect.testing.testers.CollectionRemoveTester" name="testRemove_wrongType[HashMap tests [collection size: one] keys [collection size: one]]" time="0.001"/>
  <testcase classname="com.google.common.collect.testing.testers.CollectionRemoveTester" name="testRemove_nullAllowed[HashMap tests [collection size: one] keys [collection size: one]]" time="0"/>
  <testcase classname="com.google.common.collect.testing.testers.CollectionRemoveTester" name="testRemove_notPresent[HashMap tests [collection size: one] keys [collection size: one]]" time="0"/>
  <testcase classname="com.google.common.collect.testing.testers.CollectionRetainAllTester" name="testRetainAll_nullSingletonPreviouslyNonEmpty[HashMap tests [collection size: one] keys [collection size: one]]" time="0"/>
  <testcase classname="com.google.common.collect.testing.testers.CollectionRetainAllTester" name="testRetainAll_disjointPreviouslyNonEmpty[HashMap tests [collection size: one] keys [collection size: one]]" time="0"/>
  <testcase classname="com.google.common.collect.testing.testers.CollectionRetainAllTester" name="testRetainAll_nullCollectionReferenceNonEmptySubject[HashMap tests [collection size: one] keys [collection size: one]]" time="0"/>
  <testcase classname="com.google.common.collect.testing.testers.CollectionRetainAllTester" name="testRetainAll_superset[HashMap tests [collection size: one] keys [collection size: one]]" time="0"/>
  <testcase classname="com.google.common.collect.testing.testers.CollectionRetainAllTester" name="testRetainAll_containsDuplicatesSizeOne[HashMap tests [collection size: one] keys [collection size: one]]" time="0"/>
  <testcase classname="com.google.common.collect.testing.testers.CollectionRetainAllTester" name="testRetainAll_emptyPreviouslyNonEmpty[HashMap tests [collection size: one] keys [collection size: one]]" time="0.001"/>
  <testcase classname="com.google.common.collect.testing.testers.CollectionRetainAllTester" name="testRetainAll_sameElements[HashMap tests [collection size: one] keys [collection size: one]]" time="0"/>
  <testcase classname="com.google.common.collect.testing.testers.CollectionSizeTester" name="testSize[HashMap tests [collection size: one] keys [collection size: one]]" time="0"/>
  <testcase classname="com.google.common.collect.testing.testers.CollectionToArrayTester" name="testToArray_emptyArray[HashMap tests [collection size: one] keys [collection size: one]]" time="0"/>
  <testcase classname="com.google.common.collect.testing.testers.CollectionToArrayTester" name="testToArray_oversizedArray[HashMap tests [collection size: one] keys [collection size: one]]" time="0"/>
  <testcase classname="com.google.common.collect.testing.testers.CollectionToArrayTester" name="testToArray_emptyArrayOfObject[HashMap tests [collection size: one] keys [collection size: one]]" time="0"/>
  <testcase classname="com.google.common.collect.testing.testers.CollectionToArrayTester" name="testToArray_emptyArrayOfWrongTypeForNonEmptyCollection[HashMap tests [collection size: one] keys [collection size: one]]" time="0"/>
  <testcase classname="com.google.common.collect.testing.testers.CollectionToArrayTester" name="testToArray_noArgs[HashMap tests [collection size: one] keys [collection size: one]]" time="0"/>
  <testcase classname="com.google.common.collect.testing.testers.CollectionToArrayTester" name="testToArray_isPlainObjectArray[HashMap tests [collection size: one] keys [collection size: one]]" time="0"/>
  <testcase classname="com.google.common.collect.testing.testers.CollectionToArrayTester" name="testToArray_rightSizedArrayOfObject[HashMap tests [collection size: one] keys [collection size: one]]" time="0"/>
  <testcase classname="com.google.common.collect.testing.testers.CollectionToArrayTester" name="testToArray_rightSizedArray[HashMap tests [collection size: one] keys [collection size: one]]" time="0"/>
  <testcase classname="com.google.common.collect.testing.testers.CollectionToStringTester" name="testToString_size1[HashMap tests [collection size: one] keys [collection size: one]]" time="0"/>
  <testcase classname="com.google.common.collect.testing.testers.CollectionToStringTester" name="testToString_minimal[HashMap tests [collection size: one] keys [collection size: one]]" time="0"/>
  <testcase classname="com.google.common.collect.testing.testers.SetHashCodeTester" name="testHashCode[HashMap tests [collection size: one] keys [collection size: one]]" time="0"/>
  <testcase classname="com.google.common.collect.testing.testers.SetEqualsTester" name="testEquals_list[HashMap tests [collection size: one] keys [collection size: one]]" time="0"/>
  <testcase classname="com.google.common.collect.testing.testers.SetEqualsTester" name="testEquals_otherSetWithSameElements[HashMap tests [collection size: one] keys [collection size: one]]" time="0"/>
  <testcase classname="com.google.common.collect.testing.testers.SetEqualsTester" name="testEquals_largerSet[HashMap tests [collection size: one] keys [collection size: one]]" time="0"/>
  <testcase classname="com.google.common.collect.testing.testers.SetEqualsTester" name="testEquals_otherContainsNull[HashMap tests [collection size: one] keys [collection size: one]]" time="0"/>
  <testcase classname="com.google.common.collect.testing.testers.SetEqualsTester" name="testEquals_smallerSet[HashMap tests [collection size: one] keys [collection size: one]]" time="0"/>
  <testcase classname="com.google.common.collect.testing.testers.SetEqualsTester" name="testEquals_otherSetWithDifferentElements[HashMap tests [collection size: one] keys [collection size: one]]" time="0"/>
  <testcase classname="com.google.common.collect.testing.testers.SetRemoveTester" name="testRemove_present[HashMap tests [collection size: one] keys [collection size: one]]" time="0"/>
  <testcase classname="com.google.common.collect.testing.ExampleIteratorTester" name="testSomethingAboutIterators[HashMap tests [collection size: one] keys [collection size: one] iterator]" time="0"/>
  <testcase classname="com.google.common.collect.testing.testers.CollectionAddAllTester" name="testAddAll_unsupportedSomePresent[HashMap tests [collection size: one] values [collection size: one]]" time="0.001">
    <failure message="addAll(somePresent) should throw" type="junit.framework.AssertionFailedError">junit.framework.AssertionFailedError: addAll(somePresent) should throw
	at junit.framework.Assert.fail(Assert.java:57)
	at junit.framework.TestCase.fail(TestCase.java:227)
	at com.google.common.collect.testing.testers.CollectionAddAllTester.testAddAll_unsupportedSomePresent(CollectionAddAllTester.java:99)
	at sun.reflect.NativeMethodAccessorImpl.invoke0(Native Method)
	at sun.reflect.NativeMethodAccessorImpl.invoke(NativeMethodAccessorImpl.java:62)
	at sun.reflect.DelegatingMethodAccessorImpl.invoke(DelegatingMethodAccessorImpl.java:43)
	at java.lang.reflect.Method.invoke(Method.java:498)
	at junit.framework.TestCase.runTest(TestCase.java:176)
	at junit.framework.TestCase.runBare(TestCase.java:141)
	at junit.framework.TestResult$1.protect(TestResult.java:122)
	at junit.framework.TestResult.runProtected(TestResult.java:142)
	at junit.framework.TestResult.run(TestResult.java:125)
	at junit.framework.TestCase.run(TestCase.java:129)
	at junit.framework.TestSuite.runTest(TestSuite.java:252)
	at junit.framework.TestSuite.run(TestSuite.java:247)
	at junit.framework.TestSuite.runTest(TestSuite.java:252)
	at junit.framework.TestSuite.run(TestSuite.java:247)
	at junit.framework.TestSuite.runTest(TestSuite.java:252)
	at junit.framework.TestSuite.run(TestSuite.java:247)
	at junit.framework.TestSuite.runTest(TestSuite.java:252)
	at junit.framework.TestSuite.run(TestSuite.java:247)
	at junit.framework.TestSuite.runTest(TestSuite.java:252)
	at junit.framework.TestSuite.run(TestSuite.java:247)
	at org.junit.internal.runners.JUnit38ClassRunner.run(JUnit38ClassRunner.java:86)
	at org.junit.runners.Suite.runChild(Suite.java:128)
	at org.junit.runners.Suite.runChild(Suite.java:27)
	at org.junit.runners.ParentRunner$3.run(ParentRunner.java:290)
	at org.junit.runners.ParentRunner$1.schedule(ParentRunner.java:71)
	at org.junit.runners.ParentRunner.runChildren(ParentRunner.java:288)
	at org.junit.runners.ParentRunner.access$000(ParentRunner.java:58)
	at org.junit.runners.ParentRunner$2.evaluate(ParentRunner.java:268)
	at org.junit.runners.ParentRunner.run(ParentRunner.java:363)
	at org.apache.maven.surefire.junit4.JUnit4TestSet.execute(JUnit4TestSet.java:53)
	at org.apache.maven.surefire.junit4.JUnit4Provider.executeTestSet(JUnit4Provider.java:123)
	at org.apache.maven.surefire.junit4.JUnit4Provider.invoke(JUnit4Provider.java:104)
	at sun.reflect.NativeMethodAccessorImpl.invoke0(Native Method)
	at sun.reflect.NativeMethodAccessorImpl.invoke(NativeMethodAccessorImpl.java:62)
	at sun.reflect.DelegatingMethodAccessorImpl.invoke(DelegatingMethodAccessorImpl.java:43)
	at java.lang.reflect.Method.invoke(Method.java:498)
	at org.apache.maven.surefire.util.ReflectionUtils.invokeMethodWithArray(ReflectionUtils.java:164)
	at org.apache.maven.surefire.booter.ProviderFactory$ProviderProxy.invoke(ProviderFactory.java:110)
	at org.apache.maven.surefire.booter.SurefireStarter.invokeProvider(SurefireStarter.java:175)
	at org.apache.maven.surefire.booter.SurefireStarter.runSuitesInProcessWhenForked(SurefireStarter.java:107)
	at org.apache.maven.surefire.booter.ForkedBooter.main(ForkedBooter.java:68)
</failure>
  </testcase>
  <testcase classname="com.google.common.collect.testing.testers.CollectionAddAllTester" name="testAddAll_unsupportedNothing[HashMap tests [collection size: one] values [collection size: one]]" time="0"/>
  <testcase classname="com.google.common.collect.testing.testers.CollectionAddAllTester" name="testAddAll_unsupportedNonePresent[HashMap tests [collection size: one] values [collection size: one]]" time="0.001">
    <failure message="addAll(nonePresent) should throw" type="junit.framework.AssertionFailedError">junit.framework.AssertionFailedError: addAll(nonePresent) should throw
	at junit.framework.Assert.fail(Assert.java:57)
	at junit.framework.TestCase.fail(TestCase.java:227)
	at com.google.common.collect.testing.testers.CollectionAddAllTester.testAddAll_unsupportedNonePresent(CollectionAddAllTester.java:78)
	at sun.reflect.NativeMethodAccessorImpl.invoke0(Native Method)
	at sun.reflect.NativeMethodAccessorImpl.invoke(NativeMethodAccessorImpl.java:62)
	at sun.reflect.DelegatingMethodAccessorImpl.invoke(DelegatingMethodAccessorImpl.java:43)
	at java.lang.reflect.Method.invoke(Method.java:498)
	at junit.framework.TestCase.runTest(TestCase.java:176)
	at junit.framework.TestCase.runBare(TestCase.java:141)
	at junit.framework.TestResult$1.protect(TestResult.java:122)
	at junit.framework.TestResult.runProtected(TestResult.java:142)
	at junit.framework.TestResult.run(TestResult.java:125)
	at junit.framework.TestCase.run(TestCase.java:129)
	at junit.framework.TestSuite.runTest(TestSuite.java:252)
	at junit.framework.TestSuite.run(TestSuite.java:247)
	at junit.framework.TestSuite.runTest(TestSuite.java:252)
	at junit.framework.TestSuite.run(TestSuite.java:247)
	at junit.framework.TestSuite.runTest(TestSuite.java:252)
	at junit.framework.TestSuite.run(TestSuite.java:247)
	at junit.framework.TestSuite.runTest(TestSuite.java:252)
	at junit.framework.TestSuite.run(TestSuite.java:247)
	at junit.framework.TestSuite.runTest(TestSuite.java:252)
	at junit.framework.TestSuite.run(TestSuite.java:247)
	at org.junit.internal.runners.JUnit38ClassRunner.run(JUnit38ClassRunner.java:86)
	at org.junit.runners.Suite.runChild(Suite.java:128)
	at org.junit.runners.Suite.runChild(Suite.java:27)
	at org.junit.runners.ParentRunner$3.run(ParentRunner.java:290)
	at org.junit.runners.ParentRunner$1.schedule(ParentRunner.java:71)
	at org.junit.runners.ParentRunner.runChildren(ParentRunner.java:288)
	at org.junit.runners.ParentRunner.access$000(ParentRunner.java:58)
	at org.junit.runners.ParentRunner$2.evaluate(ParentRunner.java:268)
	at org.junit.runners.ParentRunner.run(ParentRunner.java:363)
	at org.apache.maven.surefire.junit4.JUnit4TestSet.execute(JUnit4TestSet.java:53)
	at org.apache.maven.surefire.junit4.JUnit4Provider.executeTestSet(JUnit4Provider.java:123)
	at org.apache.maven.surefire.junit4.JUnit4Provider.invoke(JUnit4Provider.java:104)
	at sun.reflect.NativeMethodAccessorImpl.invoke0(Native Method)
	at sun.reflect.NativeMethodAccessorImpl.invoke(NativeMethodAccessorImpl.java:62)
	at sun.reflect.DelegatingMethodAccessorImpl.invoke(DelegatingMethodAccessorImpl.java:43)
	at java.lang.reflect.Method.invoke(Method.java:498)
	at org.apache.maven.surefire.util.ReflectionUtils.invokeMethodWithArray(ReflectionUtils.java:164)
	at org.apache.maven.surefire.booter.ProviderFactory$ProviderProxy.invoke(ProviderFactory.java:110)
	at org.apache.maven.surefire.booter.SurefireStarter.invokeProvider(SurefireStarter.java:175)
	at org.apache.maven.surefire.booter.SurefireStarter.runSuitesInProcessWhenForked(SurefireStarter.java:107)
	at org.apache.maven.surefire.booter.ForkedBooter.main(ForkedBooter.java:68)
</failure>
  </testcase>
  <testcase classname="com.google.common.collect.testing.testers.CollectionAddAllTester" name="testAddAll_unsupportedAllPresent[HashMap tests [collection size: one] values [collection size: one]]" time="0">
    <failure message="addAll(allPresent) should return false or throw" type="junit.framework.AssertionFailedError">junit.framework.AssertionFailedError: addAll(allPresent) should return false or throw
	at junit.framework.Assert.fail(Assert.java:57)
	at junit.framework.Assert.assertTrue(Assert.java:22)
	at junit.framework.Assert.assertFalse(Assert.java:39)
	at junit.framework.TestCase.assertFalse(TestCase.java:210)
	at com.google.common.collect.testing.testers.CollectionAddAllTester.testAddAll_unsupportedAllPresent(CollectionAddAllTester.java:123)
	at sun.reflect.NativeMethodAccessorImpl.invoke0(Native Method)
	at sun.reflect.NativeMethodAccessorImpl.invoke(NativeMethodAccessorImpl.java:62)
	at sun.reflect.DelegatingMethodAccessorImpl.invoke(DelegatingMethodAccessorImpl.java:43)
	at java.lang.reflect.Method.invoke(Method.java:498)
	at junit.framework.TestCase.runTest(TestCase.java:176)
	at junit.framework.TestCase.runBare(TestCase.java:141)
	at junit.framework.TestResult$1.protect(TestResult.java:122)
	at junit.framework.TestResult.runProtected(TestResult.java:142)
	at junit.framework.TestResult.run(TestResult.java:125)
	at junit.framework.TestCase.run(TestCase.java:129)
	at junit.framework.TestSuite.runTest(TestSuite.java:252)
	at junit.framework.TestSuite.run(TestSuite.java:247)
	at junit.framework.TestSuite.runTest(TestSuite.java:252)
	at junit.framework.TestSuite.run(TestSuite.java:247)
	at junit.framework.TestSuite.runTest(TestSuite.java:252)
	at junit.framework.TestSuite.run(TestSuite.java:247)
	at junit.framework.TestSuite.runTest(TestSuite.java:252)
	at junit.framework.TestSuite.run(TestSuite.java:247)
	at junit.framework.TestSuite.runTest(TestSuite.java:252)
	at junit.framework.TestSuite.run(TestSuite.java:247)
	at org.junit.internal.runners.JUnit38ClassRunner.run(JUnit38ClassRunner.java:86)
	at org.junit.runners.Suite.runChild(Suite.java:128)
	at org.junit.runners.Suite.runChild(Suite.java:27)
	at org.junit.runners.ParentRunner$3.run(ParentRunner.java:290)
	at org.junit.runners.ParentRunner$1.schedule(ParentRunner.java:71)
	at org.junit.runners.ParentRunner.runChildren(ParentRunner.java:288)
	at org.junit.runners.ParentRunner.access$000(ParentRunner.java:58)
	at org.junit.runners.ParentRunner$2.evaluate(ParentRunner.java:268)
	at org.junit.runners.ParentRunner.run(ParentRunner.java:363)
	at org.apache.maven.surefire.junit4.JUnit4TestSet.execute(JUnit4TestSet.java:53)
	at org.apache.maven.surefire.junit4.JUnit4Provider.executeTestSet(JUnit4Provider.java:123)
	at org.apache.maven.surefire.junit4.JUnit4Provider.invoke(JUnit4Provider.java:104)
	at sun.reflect.NativeMethodAccessorImpl.invoke0(Native Method)
	at sun.reflect.NativeMethodAccessorImpl.invoke(NativeMethodAccessorImpl.java:62)
	at sun.reflect.DelegatingMethodAccessorImpl.invoke(DelegatingMethodAccessorImpl.java:43)
	at java.lang.reflect.Method.invoke(Method.java:498)
	at org.apache.maven.surefire.util.ReflectionUtils.invokeMethodWithArray(ReflectionUtils.java:164)
	at org.apache.maven.surefire.booter.ProviderFactory$ProviderProxy.invoke(ProviderFactory.java:110)
	at org.apache.maven.surefire.booter.SurefireStarter.invokeProvider(SurefireStarter.java:175)
	at org.apache.maven.surefire.booter.SurefireStarter.runSuitesInProcessWhenForked(SurefireStarter.java:107)
	at org.apache.maven.surefire.booter.ForkedBooter.main(ForkedBooter.java:68)
</failure>
  </testcase>
  <testcase classname="com.google.common.collect.testing.testers.CollectionAddTester" name="testAdd_unsupportedNotPresent[HashMap tests [collection size: one] values [collection size: one]]" time="0.001">
    <failure message="add(notPresent) should throw" type="junit.framework.AssertionFailedError">junit.framework.AssertionFailedError: add(notPresent) should throw
	at junit.framework.Assert.fail(Assert.java:57)
	at junit.framework.TestCase.fail(TestCase.java:227)
	at com.google.common.collect.testing.testers.CollectionAddTester.testAdd_unsupportedNotPresent(CollectionAddTester.java:58)
	at sun.reflect.NativeMethodAccessorImpl.invoke0(Native Method)
	at sun.reflect.NativeMethodAccessorImpl.invoke(NativeMethodAccessorImpl.java:62)
	at sun.reflect.DelegatingMethodAccessorImpl.invoke(DelegatingMethodAccessorImpl.java:43)
	at java.lang.reflect.Method.invoke(Method.java:498)
	at junit.framework.TestCase.runTest(TestCase.java:176)
	at junit.framework.TestCase.runBare(TestCase.java:141)
	at junit.framework.TestResult$1.protect(TestResult.java:122)
	at junit.framework.TestResult.runProtected(TestResult.java:142)
	at junit.framework.TestResult.run(TestResult.java:125)
	at junit.framework.TestCase.run(TestCase.java:129)
	at junit.framework.TestSuite.runTest(TestSuite.java:252)
	at junit.framework.TestSuite.run(TestSuite.java:247)
	at junit.framework.TestSuite.runTest(TestSuite.java:252)
	at junit.framework.TestSuite.run(TestSuite.java:247)
	at junit.framework.TestSuite.runTest(TestSuite.java:252)
	at junit.framework.TestSuite.run(TestSuite.java:247)
	at junit.framework.TestSuite.runTest(TestSuite.java:252)
	at junit.framework.TestSuite.run(TestSuite.java:247)
	at junit.framework.TestSuite.runTest(TestSuite.java:252)
	at junit.framework.TestSuite.run(TestSuite.java:247)
	at org.junit.internal.runners.JUnit38ClassRunner.run(JUnit38ClassRunner.java:86)
	at org.junit.runners.Suite.runChild(Suite.java:128)
	at org.junit.runners.Suite.runChild(Suite.java:27)
	at org.junit.runners.ParentRunner$3.run(ParentRunner.java:290)
	at org.junit.runners.ParentRunner$1.schedule(ParentRunner.java:71)
	at org.junit.runners.ParentRunner.runChildren(ParentRunner.java:288)
	at org.junit.runners.ParentRunner.access$000(ParentRunner.java:58)
	at org.junit.runners.ParentRunner$2.evaluate(ParentRunner.java:268)
	at org.junit.runners.ParentRunner.run(ParentRunner.java:363)
	at org.apache.maven.surefire.junit4.JUnit4TestSet.execute(JUnit4TestSet.java:53)
	at org.apache.maven.surefire.junit4.JUnit4Provider.executeTestSet(JUnit4Provider.java:123)
	at org.apache.maven.surefire.junit4.JUnit4Provider.invoke(JUnit4Provider.java:104)
	at sun.reflect.NativeMethodAccessorImpl.invoke0(Native Method)
	at sun.reflect.NativeMethodAccessorImpl.invoke(NativeMethodAccessorImpl.java:62)
	at sun.reflect.DelegatingMethodAccessorImpl.invoke(DelegatingMethodAccessorImpl.java:43)
	at java.lang.reflect.Method.invoke(Method.java:498)
	at org.apache.maven.surefire.util.ReflectionUtils.invokeMethodWithArray(ReflectionUtils.java:164)
	at org.apache.maven.surefire.booter.ProviderFactory$ProviderProxy.invoke(ProviderFactory.java:110)
	at org.apache.maven.surefire.booter.SurefireStarter.invokeProvider(SurefireStarter.java:175)
	at org.apache.maven.surefire.booter.SurefireStarter.runSuitesInProcessWhenForked(SurefireStarter.java:107)
	at org.apache.maven.surefire.booter.ForkedBooter.main(ForkedBooter.java:68)
</failure>
  </testcase>
  <testcase classname="com.google.common.collect.testing.testers.CollectionAddTester" name="testAdd_unsupportedPresent[HashMap tests [collection size: one] values [collection size: one]]" time="0.001">
    <failure message="add(present) should return false or throw" type="junit.framework.AssertionFailedError">junit.framework.AssertionFailedError: add(present) should return false or throw
	at junit.framework.Assert.fail(Assert.java:57)
	at junit.framework.Assert.assertTrue(Assert.java:22)
	at junit.framework.Assert.assertFalse(Assert.java:39)
	at junit.framework.TestCase.assertFalse(TestCase.java:210)
	at com.google.common.collect.testing.testers.CollectionAddTester.testAdd_unsupportedPresent(CollectionAddTester.java:69)
	at sun.reflect.NativeMethodAccessorImpl.invoke0(Native Method)
	at sun.reflect.NativeMethodAccessorImpl.invoke(NativeMethodAccessorImpl.java:62)
	at sun.reflect.DelegatingMethodAccessorImpl.invoke(DelegatingMethodAccessorImpl.java:43)
	at java.lang.reflect.Method.invoke(Method.java:498)
	at junit.framework.TestCase.runTest(TestCase.java:176)
	at junit.framework.TestCase.runBare(TestCase.java:141)
	at junit.framework.TestResult$1.protect(TestResult.java:122)
	at junit.framework.TestResult.runProtected(TestResult.java:142)
	at junit.framework.TestResult.run(TestResult.java:125)
	at junit.framework.TestCase.run(TestCase.java:129)
	at junit.framework.TestSuite.runTest(TestSuite.java:252)
	at junit.framework.TestSuite.run(TestSuite.java:247)
	at junit.framework.TestSuite.runTest(TestSuite.java:252)
	at junit.framework.TestSuite.run(TestSuite.java:247)
	at junit.framework.TestSuite.runTest(TestSuite.java:252)
	at junit.framework.TestSuite.run(TestSuite.java:247)
	at junit.framework.TestSuite.runTest(TestSuite.java:252)
	at junit.framework.TestSuite.run(TestSuite.java:247)
	at junit.framework.TestSuite.runTest(TestSuite.java:252)
	at junit.framework.TestSuite.run(TestSuite.java:247)
	at org.junit.internal.runners.JUnit38ClassRunner.run(JUnit38ClassRunner.java:86)
	at org.junit.runners.Suite.runChild(Suite.java:128)
	at org.junit.runners.Suite.runChild(Suite.java:27)
	at org.junit.runners.ParentRunner$3.run(ParentRunner.java:290)
	at org.junit.runners.ParentRunner$1.schedule(ParentRunner.java:71)
	at org.junit.runners.ParentRunner.runChildren(ParentRunner.java:288)
	at org.junit.runners.ParentRunner.access$000(ParentRunner.java:58)
	at org.junit.runners.ParentRunner$2.evaluate(ParentRunner.java:268)
	at org.junit.runners.ParentRunner.run(ParentRunner.java:363)
	at org.apache.maven.surefire.junit4.JUnit4TestSet.execute(JUnit4TestSet.java:53)
	at org.apache.maven.surefire.junit4.JUnit4Provider.executeTestSet(JUnit4Provider.java:123)
	at org.apache.maven.surefire.junit4.JUnit4Provider.invoke(JUnit4Provider.java:104)
	at sun.reflect.NativeMethodAccessorImpl.invoke0(Native Method)
	at sun.reflect.NativeMethodAccessorImpl.invoke(NativeMethodAccessorImpl.java:62)
	at sun.reflect.DelegatingMethodAccessorImpl.invoke(DelegatingMethodAccessorImpl.java:43)
	at java.lang.reflect.Method.invoke(Method.java:498)
	at org.apache.maven.surefire.util.ReflectionUtils.invokeMethodWithArray(ReflectionUtils.java:164)
	at org.apache.maven.surefire.booter.ProviderFactory$ProviderProxy.invoke(ProviderFactory.java:110)
	at org.apache.maven.surefire.booter.SurefireStarter.invokeProvider(SurefireStarter.java:175)
	at org.apache.maven.surefire.booter.SurefireStarter.runSuitesInProcessWhenForked(SurefireStarter.java:107)
	at org.apache.maven.surefire.booter.ForkedBooter.main(ForkedBooter.java:68)
</failure>
  </testcase>
  <testcase classname="com.google.common.collect.testing.testers.CollectionClearTester" name="testClear[HashMap tests [collection size: one] values [collection size: one]]" time="0"/>
  <testcase classname="com.google.common.collect.testing.testers.CollectionContainsAllTester" name="testContainsAll_subset[HashMap tests [collection size: one] values [collection size: one]]" time="0"/>
  <testcase classname="com.google.common.collect.testing.testers.CollectionContainsAllTester" name="testContainsAll_nullAllowed[HashMap tests [collection size: one] values [collection size: one]]" time="0"/>
  <testcase classname="com.google.common.collect.testing.testers.CollectionContainsAllTester" name="testContainsAll_disjoint[HashMap tests [collection size: one] values [collection size: one]]" time="0"/>
  <testcase classname="com.google.common.collect.testing.testers.CollectionContainsAllTester" name="testContainsAll_self[HashMap tests [collection size: one] values [collection size: one]]" time="0"/>
  <testcase classname="com.google.common.collect.testing.testers.CollectionContainsAllTester" name="testContainsAll_wrongType[HashMap tests [collection size: one] values [collection size: one]]" time="0"/>
  <testcase classname="com.google.common.collect.testing.testers.CollectionContainsAllTester" name="testContainsAll_empty[HashMap tests [collection size: one] values [collection size: one]]" time="0"/>
  <testcase classname="com.google.common.collect.testing.testers.CollectionContainsAllTester" name="testContainsAll_sameElements[HashMap tests [collection size: one] values [collection size: one]]" time="0.001"/>
  <testcase classname="com.google.common.collect.testing.testers.CollectionContainsAllTester" name="testContainsAll_partialOverlap[HashMap tests [collection size: one] values [collection size: one]]" time="0"/>
  <testcase classname="com.google.common.collect.testing.testers.CollectionContainsTester" name="testContains_nullNotContainedButQueriesSupported[HashMap tests [collection size: one] values [collection size: one]]" time="0"/>
  <testcase classname="com.google.common.collect.testing.testers.CollectionContainsTester" name="testContains_yes[HashMap tests [collection size: one] values [collection size: one]]" time="0"/>
  <testcase classname="com.google.common.collect.testing.testers.CollectionContainsTester" name="testContains_no[HashMap tests [collection size: one] values [collection size: one]]" time="0"/>
  <testcase classname="com.google.common.collect.testing.testers.CollectionContainsTester" name="testContains_wrongType[HashMap tests [collection size: one] values [collection size: one]]" time="0"/>
  <testcase classname="com.google.common.collect.testing.testers.CollectionEqualsTester" name="testEquals_null[HashMap tests [collection size: one] values [collection size: one]]" time="0.001"/>
  <testcase classname="com.google.common.collect.testing.testers.CollectionEqualsTester" name="testEquals_self[HashMap tests [collection size: one] values [collection size: one]]" time="0"/>
  <testcase classname="com.google.common.collect.testing.testers.CollectionEqualsTester" name="testEquals_notACollection[HashMap tests [collection size: one] values [collection size: one]]" time="0"/>
  <testcase classname="com.google.common.collect.testing.testers.CollectionIsEmptyTester" name="testIsEmpty_no[HashMap tests [collection size: one] values [collection size: one]]" time="0"/>
  <testcase classname="com.google.common.collect.testing.testers.CollectionIteratorTester" name="testIteratorNoSuchElementException[HashMap tests [collection size: one] values [collection size: one]]" time="0"/>
  <testcase classname="com.google.common.collect.testing.testers.CollectionIteratorTester" name="testIterator_unknownOrderRemoveUnsupported[HashMap tests [collection size: one] values [collection size: one]]" time="0.003">
    <failure message="failed with stimuli [hasNext, hasNext, hasNext, next, remove]" type="junit.framework.AssertionFailedError">junit.framework.AssertionFailedError: failed with stimuli [hasNext, hasNext, hasNext, next, remove]
	at com.google.common.collect.testing.Helpers.fail(Helpers.java:240)
	at com.google.common.collect.testing.AbstractIteratorTester.compareResultsForThisListOfStimuli(AbstractIteratorTester.java:418)
	at com.google.common.collect.testing.AbstractIteratorTester.recurse(AbstractIteratorTester.java:383)
	at com.google.common.collect.testing.AbstractIteratorTester.recurse(AbstractIteratorTester.java:388)
	at com.google.common.collect.testing.AbstractIteratorTester.recurse(AbstractIteratorTester.java:388)
	at com.google.common.collect.testing.AbstractIteratorTester.recurse(AbstractIteratorTester.java:388)
	at com.google.common.collect.testing.AbstractIteratorTester.recurse(AbstractIteratorTester.java:388)
	at com.google.common.collect.testing.AbstractIteratorTester.recurse(AbstractIteratorTester.java:388)
	at com.google.common.collect.testing.AbstractIteratorTester.test(AbstractIteratorTester.java:372)
	at com.google.common.collect.testing.testers.CollectionIteratorTester.runIteratorTest(CollectionIteratorTester.java:96)
	at com.google.common.collect.testing.testers.CollectionIteratorTester.testIterator_unknownOrderRemoveUnsupported(CollectionIteratorTester.java:90)
	at sun.reflect.NativeMethodAccessorImpl.invoke0(Native Method)
	at sun.reflect.NativeMethodAccessorImpl.invoke(NativeMethodAccessorImpl.java:62)
	at sun.reflect.DelegatingMethodAccessorImpl.invoke(DelegatingMethodAccessorImpl.java:43)
	at java.lang.reflect.Method.invoke(Method.java:498)
	at junit.framework.TestCase.runTest(TestCase.java:176)
	at junit.framework.TestCase.runBare(TestCase.java:141)
	at junit.framework.TestResult$1.protect(TestResult.java:122)
	at junit.framework.TestResult.runProtected(TestResult.java:142)
	at junit.framework.TestResult.run(TestResult.java:125)
	at junit.framework.TestCase.run(TestCase.java:129)
	at junit.framework.TestSuite.runTest(TestSuite.java:252)
	at junit.framework.TestSuite.run(TestSuite.java:247)
	at junit.framework.TestSuite.runTest(TestSuite.java:252)
	at junit.framework.TestSuite.run(TestSuite.java:247)
	at junit.framework.TestSuite.runTest(TestSuite.java:252)
	at junit.framework.TestSuite.run(TestSuite.java:247)
	at junit.framework.TestSuite.runTest(TestSuite.java:252)
	at junit.framework.TestSuite.run(TestSuite.java:247)
	at junit.framework.TestSuite.runTest(TestSuite.java:252)
	at junit.framework.TestSuite.run(TestSuite.java:247)
	at org.junit.internal.runners.JUnit38ClassRunner.run(JUnit38ClassRunner.java:86)
	at org.junit.runners.Suite.runChild(Suite.java:128)
	at org.junit.runners.Suite.runChild(Suite.java:27)
	at org.junit.runners.ParentRunner$3.run(ParentRunner.java:290)
	at org.junit.runners.ParentRunner$1.schedule(ParentRunner.java:71)
	at org.junit.runners.ParentRunner.runChildren(ParentRunner.java:288)
	at org.junit.runners.ParentRunner.access$000(ParentRunner.java:58)
	at org.junit.runners.ParentRunner$2.evaluate(ParentRunner.java:268)
	at org.junit.runners.ParentRunner.run(ParentRunner.java:363)
	at org.apache.maven.surefire.junit4.JUnit4TestSet.execute(JUnit4TestSet.java:53)
	at org.apache.maven.surefire.junit4.JUnit4Provider.executeTestSet(JUnit4Provider.java:123)
	at org.apache.maven.surefire.junit4.JUnit4Provider.invoke(JUnit4Provider.java:104)
	at sun.reflect.NativeMethodAccessorImpl.invoke0(Native Method)
	at sun.reflect.NativeMethodAccessorImpl.invoke(NativeMethodAccessorImpl.java:62)
	at sun.reflect.DelegatingMethodAccessorImpl.invoke(DelegatingMethodAccessorImpl.java:43)
	at java.lang.reflect.Method.invoke(Method.java:498)
	at org.apache.maven.surefire.util.ReflectionUtils.invokeMethodWithArray(ReflectionUtils.java:164)
	at org.apache.maven.surefire.booter.ProviderFactory$ProviderProxy.invoke(ProviderFactory.java:110)
	at org.apache.maven.surefire.booter.SurefireStarter.invokeProvider(SurefireStarter.java:175)
	at org.apache.maven.surefire.booter.SurefireStarter.runSuitesInProcessWhenForked(SurefireStarter.java:107)
	at org.apache.maven.surefire.booter.ForkedBooter.main(ForkedBooter.java:68)
Caused by: junit.framework.AssertionFailedError: Target failed to throw one of [class java.lang.UnsupportedOperationException]
	at junit.framework.Assert.fail(Assert.java:57)
	at com.google.common.collect.testing.AbstractIteratorTester.internalExecuteAndCompare(AbstractIteratorTester.java:509)
	at com.google.common.collect.testing.AbstractIteratorTester.access$500(AbstractIteratorTester.java:49)
	at com.google.common.collect.testing.AbstractIteratorTester$8.executeAndCompare(AbstractIteratorTester.java:609)
	at com.google.common.collect.testing.AbstractIteratorTester.compareResultsForThisListOfStimuli(AbstractIteratorTester.java:404)
	... 50 more
</failure>
  </testcase>
  <testcase classname="com.google.common.collect.testing.testers.CollectionIteratorTester" name="testIterator[HashMap tests [collection size: one] values [collection size: one]]" time="0"/>
  <testcase classname="com.google.common.collect.testing.testers.CollectionRemoveAllTester" name="testRemoveAll_containsWrongType[HashMap tests [collection size: one] values [collection size: one]]" time="0"/>
  <testcase classname="com.google.common.collect.testing.testers.CollectionRemoveAllTester" name="testRemoveAll_allPresent[HashMap tests [collection size: one] values [collection size: one]]" time="0"/>
  <testcase classname="com.google.common.collect.testing.testers.CollectionRemoveAllTester" name="testRemoveAll_somePresent[HashMap tests [collection size: one] values [collection size: one]]" time="0"/>
  <testcase classname="com.google.common.collect.testing.testers.CollectionRemoveAllTester" name="testRemoveAll_nullCollectionReferenceNonEmptySubject[HashMap tests [collection size: one] values [collection size: one]]" time="0"/>
  <testcase classname="com.google.common.collect.testing.testers.CollectionRemoveAllTester" name="testRemoveAll_emptyCollection[HashMap tests [collection size: one] values [collection size: one]]" time="0"/>
  <testcase classname="com.google.common.collect.testing.testers.CollectionRemoveAllTester" name="testRemoveAll_containsNullNoButAllowed[HashMap tests [collection size: one] values [collection size: one]]" time="0"/>
  <testcase classname="com.google.common.collect.testing.testers.CollectionRemoveAllTester" name="testRemoveAll_nonePresent[HashMap tests [collection size: one] values [collection size: one]]" time="0"/>
  <testcase classname="com.google.common.collect.testing.testers.CollectionRemoveAllTester" name="testRemoveAll_somePresentLargeCollectionToRemove[HashMap tests [collection size: one] values [collection size: one]]" time="0"/>
  <testcase classname="com.google.common.collect.testing.testers.CollectionRemoveTester" name="testRemove_present[HashMap tests [collection size: one] values [collection size: one]]" time="0"/>
  <testcase classname="com.google.common.collect.testing.testers.CollectionRemoveTester" name="testRemove_wrongType[HashMap tests [collection size: one] values [collection size: one]]" time="0"/>
  <testcase classname="com.google.common.collect.testing.testers.CollectionRemoveTester" name="testRemove_nullAllowed[HashMap tests [collection size: one] values [collection size: one]]" time="0"/>
  <testcase classname="com.google.common.collect.testing.testers.CollectionRemoveTester" name="testRemove_notPresent[HashMap tests [collection size: one] values [collection size: one]]" time="0"/>
  <testcase classname="com.google.common.collect.testing.testers.CollectionRetainAllTester" name="testRetainAll_nullSingletonPreviouslyNonEmpty[HashMap tests [collection size: one] values [collection size: one]]" time="0"/>
  <testcase classname="com.google.common.collect.testing.testers.CollectionRetainAllTester" name="testRetainAll_disjointPreviouslyNonEmpty[HashMap tests [collection size: one] values [collection size: one]]" time="0"/>
  <testcase classname="com.google.common.collect.testing.testers.CollectionRetainAllTester" name="testRetainAll_nullCollectionReferenceNonEmptySubject[HashMap tests [collection size: one] values [collection size: one]]" time="0"/>
  <testcase classname="com.google.common.collect.testing.testers.CollectionRetainAllTester" name="testRetainAll_superset[HashMap tests [collection size: one] values [collection size: one]]" time="0"/>
  <testcase classname="com.google.common.collect.testing.testers.CollectionRetainAllTester" name="testRetainAll_containsDuplicatesSizeOne[HashMap tests [collection size: one] values [collection size: one]]" time="0"/>
  <testcase classname="com.google.common.collect.testing.testers.CollectionRetainAllTester" name="testRetainAll_emptyPreviouslyNonEmpty[HashMap tests [collection size: one] values [collection size: one]]" time="0"/>
  <testcase classname="com.google.common.collect.testing.testers.CollectionRetainAllTester" name="testRetainAll_sameElements[HashMap tests [collection size: one] values [collection size: one]]" time="0.001"/>
  <testcase classname="com.google.common.collect.testing.testers.CollectionSizeTester" name="testSize[HashMap tests [collection size: one] values [collection size: one]]" time="0"/>
  <testcase classname="com.google.common.collect.testing.testers.CollectionToArrayTester" name="testToArray_emptyArray[HashMap tests [collection size: one] values [collection size: one]]" time="0"/>
  <testcase classname="com.google.common.collect.testing.testers.CollectionToArrayTester" name="testToArray_oversizedArray[HashMap tests [collection size: one] values [collection size: one]]" time="0"/>
  <testcase classname="com.google.common.collect.testing.testers.CollectionToArrayTester" name="testToArray_emptyArrayOfObject[HashMap tests [collection size: one] values [collection size: one]]" time="0"/>
  <testcase classname="com.google.common.collect.testing.testers.CollectionToArrayTester" name="testToArray_emptyArrayOfWrongTypeForNonEmptyCollection[HashMap tests [collection size: one] values [collection size: one]]" time="0.001"/>
  <testcase classname="com.google.common.collect.testing.testers.CollectionToArrayTester" name="testToArray_noArgs[HashMap tests [collection size: one] values [collection size: one]]" time="0"/>
  <testcase classname="com.google.common.collect.testing.testers.CollectionToArrayTester" name="testToArray_isPlainObjectArray[HashMap tests [collection size: one] values [collection size: one]]" time="0"/>
  <testcase classname="com.google.common.collect.testing.testers.CollectionToArrayTester" name="testToArray_rightSizedArrayOfObject[HashMap tests [collection size: one] values [collection size: one]]" time="0"/>
  <testcase classname="com.google.common.collect.testing.testers.CollectionToArrayTester" name="testToArray_rightSizedArray[HashMap tests [collection size: one] values [collection size: one]]" time="0"/>
  <testcase classname="com.google.common.collect.testing.testers.CollectionToStringTester" name="testToString_size1[HashMap tests [collection size: one] values [collection size: one]]" time="0"/>
  <testcase classname="com.google.common.collect.testing.testers.CollectionToStringTester" name="testToString_minimal[HashMap tests [collection size: one] values [collection size: one]]" time="0"/>
  <testcase classname="com.google.common.collect.testing.ExampleIteratorTester" name="testSomethingAboutIterators[HashMap tests [collection size: one] values [collection size: one] iterator]" time="0"/>
  <testcase classname="com.google.common.collect.testing.testers.MapClearTester" name="testClear[HashMap tests [collection size: several]]" time="0.001"/>
  <testcase classname="com.google.common.collect.testing.testers.MapContainsKeyTester" name="testContains_yes[HashMap tests [collection size: several]]" time="0"/>
  <testcase classname="com.google.common.collect.testing.testers.MapContainsKeyTester" name="testContains_no[HashMap tests [collection size: several]]" time="0"/>
  <testcase classname="com.google.common.collect.testing.testers.MapContainsKeyTester" name="testContains_nullNotContainedButAllowed[HashMap tests [collection size: several]]" time="0"/>
  <testcase classname="com.google.common.collect.testing.testers.MapContainsKeyTester" name="testContains_wrongType[HashMap tests [collection size: several]]" time="0"/>
  <testcase classname="com.google.common.collect.testing.testers.MapContainsValueTester" name="testContains_yes[HashMap tests [collection size: several]]" time="0"/>
  <testcase classname="com.google.common.collect.testing.testers.MapContainsValueTester" name="testContains_no[HashMap tests [collection size: several]]" time="0"/>
  <testcase classname="com.google.common.collect.testing.testers.MapContainsValueTester" name="testContains_nullNotContainedButAllowed[HashMap tests [collection size: several]]" time="0"/>
  <testcase classname="com.google.common.collect.testing.testers.MapContainsValueTester" name="testContains_wrongType[HashMap tests [collection size: several]]" time="0.001"/>
  <testcase classname="com.google.common.collect.testing.testers.MapCreationTester" name="testCreateWithDuplicates_nonNullDuplicatesNotRejected[HashMap tests [collection size: several]]" time="0"/>
  <testcase classname="com.google.common.collect.testing.testers.MapEntrySetTester" name="testContainsEntryWithNullKeyAbsent[HashMap tests [collection size: several]]" time="0"/>
  <testcase classname="com.google.common.collect.testing.testers.MapEntrySetTester" name="testContainsEntryWithIncomparableKey[HashMap tests [collection size: several]]" time="0"/>
  <testcase classname="com.google.common.collect.testing.testers.MapEntrySetTester" name="testContainsEntryWithIncomparableValue[HashMap tests [collection size: several]]" time="0"/>
  <testcase classname="com.google.common.collect.testing.testers.MapEntrySetTester" name="testContainsEntryWithNullValueAbsent[HashMap tests [collection size: several]]" time="0"/>
  <testcase classname="com.google.common.collect.testing.testers.MapEqualsTester" name="testEquals_list[HashMap tests [collection size: several]]" time="0"/>
  <testcase classname="com.google.common.collect.testing.testers.MapEqualsTester" name="testEquals_otherMapWithDifferentEntries[HashMap tests [collection size: several]]" time="0"/>
  <testcase classname="com.google.common.collect.testing.testers.MapEqualsTester" name="testEquals_otherMapWithSameEntries[HashMap tests [collection size: several]]" time="0">
    <failure message="A Map should equal any other Map containing the same entries." type="junit.framework.AssertionFailedError">junit.framework.AssertionFailedError: A Map should equal any other Map containing the same entries.
	at junit.framework.Assert.fail(Assert.java:57)
	at junit.framework.Assert.assertTrue(Assert.java:22)
	at junit.framework.TestCase.assertTrue(TestCase.java:192)
	at com.google.common.collect.testing.testers.MapEqualsTester.testEquals_otherMapWithSameEntries(MapEqualsTester.java:41)
	at sun.reflect.NativeMethodAccessorImpl.invoke0(Native Method)
	at sun.reflect.NativeMethodAccessorImpl.invoke(NativeMethodAccessorImpl.java:62)
	at sun.reflect.DelegatingMethodAccessorImpl.invoke(DelegatingMethodAccessorImpl.java:43)
	at java.lang.reflect.Method.invoke(Method.java:498)
	at junit.framework.TestCase.runTest(TestCase.java:176)
	at junit.framework.TestCase.runBare(TestCase.java:141)
	at junit.framework.TestResult$1.protect(TestResult.java:122)
	at junit.framework.TestResult.runProtected(TestResult.java:142)
	at junit.framework.TestResult.run(TestResult.java:125)
	at junit.framework.TestCase.run(TestCase.java:129)
	at junit.framework.TestSuite.runTest(TestSuite.java:252)
	at junit.framework.TestSuite.run(TestSuite.java:247)
	at junit.framework.TestSuite.runTest(TestSuite.java:252)
	at junit.framework.TestSuite.run(TestSuite.java:247)
	at junit.framework.TestSuite.runTest(TestSuite.java:252)
	at junit.framework.TestSuite.run(TestSuite.java:247)
	at org.junit.internal.runners.JUnit38ClassRunner.run(JUnit38ClassRunner.java:86)
	at org.junit.runners.Suite.runChild(Suite.java:128)
	at org.junit.runners.Suite.runChild(Suite.java:27)
	at org.junit.runners.ParentRunner$3.run(ParentRunner.java:290)
	at org.junit.runners.ParentRunner$1.schedule(ParentRunner.java:71)
	at org.junit.runners.ParentRunner.runChildren(ParentRunner.java:288)
	at org.junit.runners.ParentRunner.access$000(ParentRunner.java:58)
	at org.junit.runners.ParentRunner$2.evaluate(ParentRunner.java:268)
	at org.junit.runners.ParentRunner.run(ParentRunner.java:363)
	at org.apache.maven.surefire.junit4.JUnit4TestSet.execute(JUnit4TestSet.java:53)
	at org.apache.maven.surefire.junit4.JUnit4Provider.executeTestSet(JUnit4Provider.java:123)
	at org.apache.maven.surefire.junit4.JUnit4Provider.invoke(JUnit4Provider.java:104)
	at sun.reflect.NativeMethodAccessorImpl.invoke0(Native Method)
	at sun.reflect.NativeMethodAccessorImpl.invoke(NativeMethodAccessorImpl.java:62)
	at sun.reflect.DelegatingMethodAccessorImpl.invoke(DelegatingMethodAccessorImpl.java:43)
	at java.lang.reflect.Method.invoke(Method.java:498)
	at org.apache.maven.surefire.util.ReflectionUtils.invokeMethodWithArray(ReflectionUtils.java:164)
	at org.apache.maven.surefire.booter.ProviderFactory$ProviderProxy.invoke(ProviderFactory.java:110)
	at org.apache.maven.surefire.booter.SurefireStarter.invokeProvider(SurefireStarter.java:175)
	at org.apache.maven.surefire.booter.SurefireStarter.runSuitesInProcessWhenForked(SurefireStarter.java:107)
	at org.apache.maven.surefire.booter.ForkedBooter.main(ForkedBooter.java:68)
</failure>
  </testcase>
  <testcase classname="com.google.common.collect.testing.testers.MapEqualsTester" name="testEquals_otherContainsNullValue[HashMap tests [collection size: several]]" time="0"/>
  <testcase classname="com.google.common.collect.testing.testers.MapEqualsTester" name="testEquals_largerMap[HashMap tests [collection size: several]]" time="0"/>
  <testcase classname="com.google.common.collect.testing.testers.MapEqualsTester" name="testEquals_otherContainsNullKey[HashMap tests [collection size: several]]" time="0"/>
  <testcase classname="com.google.common.collect.testing.testers.MapEqualsTester" name="testEquals_smallerMap[HashMap tests [collection size: several]]" time="0.001"/>
  <testcase classname="com.google.common.collect.testing.testers.MapGetTester" name="testGet_yes[HashMap tests [collection size: several]]" time="0"/>
  <testcase classname="com.google.common.collect.testing.testers.MapGetTester" name="testGet_no[HashMap tests [collection size: several]]" time="0"/>
  <testcase classname="com.google.common.collect.testing.testers.MapGetTester" name="testGet_nullNotContainedButAllowed[HashMap tests [collection size: several]]" time="0"/>
  <testcase classname="com.google.common.collect.testing.testers.MapGetTester" name="testGet_wrongType[HashMap tests [collection size: several]]" time="0"/>
  <testcase classname="com.google.common.collect.testing.testers.MapHashCodeTester" name="testHashCode[HashMap tests [collection size: several]]" time="0.001">
    <failure message="A Map&apos;s hashCode() should be the sum of those of its entries. expected:&lt;-311554185&gt; but was:&lt;3&gt;" type="junit.framework.AssertionFailedError">junit.framework.AssertionFailedError: A Map&apos;s hashCode() should be the sum of those of its entries. expected:&lt;-311554185&gt; but was:&lt;3&gt;
	at junit.framework.Assert.fail(Assert.java:57)
	at junit.framework.Assert.failNotEquals(Assert.java:329)
	at junit.framework.Assert.assertEquals(Assert.java:78)
	at junit.framework.Assert.assertEquals(Assert.java:234)
	at junit.framework.TestCase.assertEquals(TestCase.java:401)
	at com.google.common.collect.testing.testers.MapHashCodeTester.testHashCode(MapHashCodeTester.java:43)
	at sun.reflect.NativeMethodAccessorImpl.invoke0(Native Method)
	at sun.reflect.NativeMethodAccessorImpl.invoke(NativeMethodAccessorImpl.java:62)
	at sun.reflect.DelegatingMethodAccessorImpl.invoke(DelegatingMethodAccessorImpl.java:43)
	at java.lang.reflect.Method.invoke(Method.java:498)
	at junit.framework.TestCase.runTest(TestCase.java:176)
	at junit.framework.TestCase.runBare(TestCase.java:141)
	at junit.framework.TestResult$1.protect(TestResult.java:122)
	at junit.framework.TestResult.runProtected(TestResult.java:142)
	at junit.framework.TestResult.run(TestResult.java:125)
	at junit.framework.TestCase.run(TestCase.java:129)
	at junit.framework.TestSuite.runTest(TestSuite.java:252)
	at junit.framework.TestSuite.run(TestSuite.java:247)
	at junit.framework.TestSuite.runTest(TestSuite.java:252)
	at junit.framework.TestSuite.run(TestSuite.java:247)
	at junit.framework.TestSuite.runTest(TestSuite.java:252)
	at junit.framework.TestSuite.run(TestSuite.java:247)
	at org.junit.internal.runners.JUnit38ClassRunner.run(JUnit38ClassRunner.java:86)
	at org.junit.runners.Suite.runChild(Suite.java:128)
	at org.junit.runners.Suite.runChild(Suite.java:27)
	at org.junit.runners.ParentRunner$3.run(ParentRunner.java:290)
	at org.junit.runners.ParentRunner$1.schedule(ParentRunner.java:71)
	at org.junit.runners.ParentRunner.runChildren(ParentRunner.java:288)
	at org.junit.runners.ParentRunner.access$000(ParentRunner.java:58)
	at org.junit.runners.ParentRunner$2.evaluate(ParentRunner.java:268)
	at org.junit.runners.ParentRunner.run(ParentRunner.java:363)
	at org.apache.maven.surefire.junit4.JUnit4TestSet.execute(JUnit4TestSet.java:53)
	at org.apache.maven.surefire.junit4.JUnit4Provider.executeTestSet(JUnit4Provider.java:123)
	at org.apache.maven.surefire.junit4.JUnit4Provider.invoke(JUnit4Provider.java:104)
	at sun.reflect.NativeMethodAccessorImpl.invoke0(Native Method)
	at sun.reflect.NativeMethodAccessorImpl.invoke(NativeMethodAccessorImpl.java:62)
	at sun.reflect.DelegatingMethodAccessorImpl.invoke(DelegatingMethodAccessorImpl.java:43)
	at java.lang.reflect.Method.invoke(Method.java:498)
	at org.apache.maven.surefire.util.ReflectionUtils.invokeMethodWithArray(ReflectionUtils.java:164)
	at org.apache.maven.surefire.booter.ProviderFactory$ProviderProxy.invoke(ProviderFactory.java:110)
	at org.apache.maven.surefire.booter.SurefireStarter.invokeProvider(SurefireStarter.java:175)
	at org.apache.maven.surefire.booter.SurefireStarter.runSuitesInProcessWhenForked(SurefireStarter.java:107)
	at org.apache.maven.surefire.booter.ForkedBooter.main(ForkedBooter.java:68)
</failure>
  </testcase>
  <testcase classname="com.google.common.collect.testing.testers.MapIsEmptyTester" name="testIsEmpty_no[HashMap tests [collection size: several]]" time="0"/>
  <testcase classname="com.google.common.collect.testing.testers.MapPutTester" name="testPut_supportedNotPresent[HashMap tests [collection size: several]]" time="0"/>
  <testcase classname="com.google.common.collect.testing.testers.MapPutAllTester" name="testPutAll_supportedNonePresent[HashMap tests [collection size: several]]" time="0"/>
  <testcase classname="com.google.common.collect.testing.testers.MapPutAllTester" name="testPutAll_supportedNothing[HashMap tests [collection size: several]]" time="0"/>
  <testcase classname="com.google.common.collect.testing.testers.MapPutAllTester" name="testPutAll_supportedSomePresent[HashMap tests [collection size: several]]" time="0"/>
  <testcase classname="com.google.common.collect.testing.testers.MapPutAllTester" name="testPutAll_nullCollectionReference[HashMap tests [collection size: several]]" time="0"/>
  <testcase classname="com.google.common.collect.testing.testers.MapRemoveTester" name="testRemove_present[HashMap tests [collection size: several]]" time="0"/>
  <testcase classname="com.google.common.collect.testing.testers.MapRemoveTester" name="testRemove_nullSupportedMissing[HashMap tests [collection size: several]]" time="0"/>
  <testcase classname="com.google.common.collect.testing.testers.MapRemoveTester" name="testRemove_wrongType[HashMap tests [collection size: several]]" time="0"/>
  <testcase classname="com.google.common.collect.testing.testers.MapRemoveTester" name="testRemove_notPresent[HashMap tests [collection size: several]]" time="0"/>
  <testcase classname="com.google.common.collect.testing.testers.MapSizeTester" name="testSize[HashMap tests [collection size: several]]" time="0.001"/>
  <testcase classname="com.google.common.collect.testing.testers.MapToStringTester" name="testToString_formatting[HashMap tests [collection size: several]]" time="0">
    <failure message="map.toString() incorrect expected:&lt;[{two=February, three=March, one=January}]&gt; but was:&lt;[io.github.atommed.ads.HashMap@3]&gt;" type="junit.framework.ComparisonFailure">junit.framework.ComparisonFailure: map.toString() incorrect expected:&lt;[{two=February, three=March, one=January}]&gt; but was:&lt;[io.github.atommed.ads.HashMap@3]&gt;
	at junit.framework.Assert.assertEquals(Assert.java:100)
	at junit.framework.TestCase.assertEquals(TestCase.java:261)
	at com.google.common.collect.testing.testers.MapToStringTester.testToString_formatting(MapToStringTester.java:71)
	at sun.reflect.NativeMethodAccessorImpl.invoke0(Native Method)
	at sun.reflect.NativeMethodAccessorImpl.invoke(NativeMethodAccessorImpl.java:62)
	at sun.reflect.DelegatingMethodAccessorImpl.invoke(DelegatingMethodAccessorImpl.java:43)
	at java.lang.reflect.Method.invoke(Method.java:498)
	at junit.framework.TestCase.runTest(TestCase.java:176)
	at junit.framework.TestCase.runBare(TestCase.java:141)
	at junit.framework.TestResult$1.protect(TestResult.java:122)
	at junit.framework.TestResult.runProtected(TestResult.java:142)
	at junit.framework.TestResult.run(TestResult.java:125)
	at junit.framework.TestCase.run(TestCase.java:129)
	at junit.framework.TestSuite.runTest(TestSuite.java:252)
	at junit.framework.TestSuite.run(TestSuite.java:247)
	at junit.framework.TestSuite.runTest(TestSuite.java:252)
	at junit.framework.TestSuite.run(TestSuite.java:247)
	at junit.framework.TestSuite.runTest(TestSuite.java:252)
	at junit.framework.TestSuite.run(TestSuite.java:247)
	at org.junit.internal.runners.JUnit38ClassRunner.run(JUnit38ClassRunner.java:86)
	at org.junit.runners.Suite.runChild(Suite.java:128)
	at org.junit.runners.Suite.runChild(Suite.java:27)
	at org.junit.runners.ParentRunner$3.run(ParentRunner.java:290)
	at org.junit.runners.ParentRunner$1.schedule(ParentRunner.java:71)
	at org.junit.runners.ParentRunner.runChildren(ParentRunner.java:288)
	at org.junit.runners.ParentRunner.access$000(ParentRunner.java:58)
	at org.junit.runners.ParentRunner$2.evaluate(ParentRunner.java:268)
	at org.junit.runners.ParentRunner.run(ParentRunner.java:363)
	at org.apache.maven.surefire.junit4.JUnit4TestSet.execute(JUnit4TestSet.java:53)
	at org.apache.maven.surefire.junit4.JUnit4Provider.executeTestSet(JUnit4Provider.java:123)
	at org.apache.maven.surefire.junit4.JUnit4Provider.invoke(JUnit4Provider.java:104)
	at sun.reflect.NativeMethodAccessorImpl.invoke0(Native Method)
	at sun.reflect.NativeMethodAccessorImpl.invoke(NativeMethodAccessorImpl.java:62)
	at sun.reflect.DelegatingMethodAccessorImpl.invoke(DelegatingMethodAccessorImpl.java:43)
	at java.lang.reflect.Method.invoke(Method.java:498)
	at org.apache.maven.surefire.util.ReflectionUtils.invokeMethodWithArray(ReflectionUtils.java:164)
	at org.apache.maven.surefire.booter.ProviderFactory$ProviderProxy.invoke(ProviderFactory.java:110)
	at org.apache.maven.surefire.booter.SurefireStarter.invokeProvider(SurefireStarter.java:175)
	at org.apache.maven.surefire.booter.SurefireStarter.runSuitesInProcessWhenForked(SurefireStarter.java:107)
	at org.apache.maven.surefire.booter.ForkedBooter.main(ForkedBooter.java:68)
</failure>
  </testcase>
  <testcase classname="com.google.common.collect.testing.testers.MapToStringTester" name="testToString_minimal[HashMap tests [collection size: several]]" time="0"/>
  <testcase classname="com.google.common.collect.testing.testers.CollectionAddAllTester" name="testAddAll_unsupportedSomePresent[HashMap tests [collection size: several] entrySet [collection size: several]]" time="0.002">
    <failure message="addAll(somePresent) should throw" type="junit.framework.AssertionFailedError">junit.framework.AssertionFailedError: addAll(somePresent) should throw
	at junit.framework.Assert.fail(Assert.java:57)
	at junit.framework.TestCase.fail(TestCase.java:227)
	at com.google.common.collect.testing.testers.CollectionAddAllTester.testAddAll_unsupportedSomePresent(CollectionAddAllTester.java:99)
	at sun.reflect.NativeMethodAccessorImpl.invoke0(Native Method)
	at sun.reflect.NativeMethodAccessorImpl.invoke(NativeMethodAccessorImpl.java:62)
	at sun.reflect.DelegatingMethodAccessorImpl.invoke(DelegatingMethodAccessorImpl.java:43)
	at java.lang.reflect.Method.invoke(Method.java:498)
	at junit.framework.TestCase.runTest(TestCase.java:176)
	at junit.framework.TestCase.runBare(TestCase.java:141)
	at junit.framework.TestResult$1.protect(TestResult.java:122)
	at junit.framework.TestResult.runProtected(TestResult.java:142)
	at junit.framework.TestResult.run(TestResult.java:125)
	at junit.framework.TestCase.run(TestCase.java:129)
	at junit.framework.TestSuite.runTest(TestSuite.java:252)
	at junit.framework.TestSuite.run(TestSuite.java:247)
	at junit.framework.TestSuite.runTest(TestSuite.java:252)
	at junit.framework.TestSuite.run(TestSuite.java:247)
	at junit.framework.TestSuite.runTest(TestSuite.java:252)
	at junit.framework.TestSuite.run(TestSuite.java:247)
	at junit.framework.TestSuite.runTest(TestSuite.java:252)
	at junit.framework.TestSuite.run(TestSuite.java:247)
	at junit.framework.TestSuite.runTest(TestSuite.java:252)
	at junit.framework.TestSuite.run(TestSuite.java:247)
	at org.junit.internal.runners.JUnit38ClassRunner.run(JUnit38ClassRunner.java:86)
	at org.junit.runners.Suite.runChild(Suite.java:128)
	at org.junit.runners.Suite.runChild(Suite.java:27)
	at org.junit.runners.ParentRunner$3.run(ParentRunner.java:290)
	at org.junit.runners.ParentRunner$1.schedule(ParentRunner.java:71)
	at org.junit.runners.ParentRunner.runChildren(ParentRunner.java:288)
	at org.junit.runners.ParentRunner.access$000(ParentRunner.java:58)
	at org.junit.runners.ParentRunner$2.evaluate(ParentRunner.java:268)
	at org.junit.runners.ParentRunner.run(ParentRunner.java:363)
	at org.apache.maven.surefire.junit4.JUnit4TestSet.execute(JUnit4TestSet.java:53)
	at org.apache.maven.surefire.junit4.JUnit4Provider.executeTestSet(JUnit4Provider.java:123)
	at org.apache.maven.surefire.junit4.JUnit4Provider.invoke(JUnit4Provider.java:104)
	at sun.reflect.NativeMethodAccessorImpl.invoke0(Native Method)
	at sun.reflect.NativeMethodAccessorImpl.invoke(NativeMethodAccessorImpl.java:62)
	at sun.reflect.DelegatingMethodAccessorImpl.invoke(DelegatingMethodAccessorImpl.java:43)
	at java.lang.reflect.Method.invoke(Method.java:498)
	at org.apache.maven.surefire.util.ReflectionUtils.invokeMethodWithArray(ReflectionUtils.java:164)
	at org.apache.maven.surefire.booter.ProviderFactory$ProviderProxy.invoke(ProviderFactory.java:110)
	at org.apache.maven.surefire.booter.SurefireStarter.invokeProvider(SurefireStarter.java:175)
	at org.apache.maven.surefire.booter.SurefireStarter.runSuitesInProcessWhenForked(SurefireStarter.java:107)
	at org.apache.maven.surefire.booter.ForkedBooter.main(ForkedBooter.java:68)
</failure>
  </testcase>
  <testcase classname="com.google.common.collect.testing.testers.CollectionAddAllTester" name="testAddAll_unsupportedNothing[HashMap tests [collection size: several] entrySet [collection size: several]]" time="0"/>
  <testcase classname="com.google.common.collect.testing.testers.CollectionAddAllTester" name="testAddAll_unsupportedNonePresent[HashMap tests [collection size: several] entrySet [collection size: several]]" time="0">
    <failure message="addAll(nonePresent) should throw" type="junit.framework.AssertionFailedError">junit.framework.AssertionFailedError: addAll(nonePresent) should throw
	at junit.framework.Assert.fail(Assert.java:57)
	at junit.framework.TestCase.fail(TestCase.java:227)
	at com.google.common.collect.testing.testers.CollectionAddAllTester.testAddAll_unsupportedNonePresent(CollectionAddAllTester.java:78)
	at sun.reflect.NativeMethodAccessorImpl.invoke0(Native Method)
	at sun.reflect.NativeMethodAccessorImpl.invoke(NativeMethodAccessorImpl.java:62)
	at sun.reflect.DelegatingMethodAccessorImpl.invoke(DelegatingMethodAccessorImpl.java:43)
	at java.lang.reflect.Method.invoke(Method.java:498)
	at junit.framework.TestCase.runTest(TestCase.java:176)
	at junit.framework.TestCase.runBare(TestCase.java:141)
	at junit.framework.TestResult$1.protect(TestResult.java:122)
	at junit.framework.TestResult.runProtected(TestResult.java:142)
	at junit.framework.TestResult.run(TestResult.java:125)
	at junit.framework.TestCase.run(TestCase.java:129)
	at junit.framework.TestSuite.runTest(TestSuite.java:252)
	at junit.framework.TestSuite.run(TestSuite.java:247)
	at junit.framework.TestSuite.runTest(TestSuite.java:252)
	at junit.framework.TestSuite.run(TestSuite.java:247)
	at junit.framework.TestSuite.runTest(TestSuite.java:252)
	at junit.framework.TestSuite.run(TestSuite.java:247)
	at junit.framework.TestSuite.runTest(TestSuite.java:252)
	at junit.framework.TestSuite.run(TestSuite.java:247)
	at junit.framework.TestSuite.runTest(TestSuite.java:252)
	at junit.framework.TestSuite.run(TestSuite.java:247)
	at org.junit.internal.runners.JUnit38ClassRunner.run(JUnit38ClassRunner.java:86)
	at org.junit.runners.Suite.runChild(Suite.java:128)
	at org.junit.runners.Suite.runChild(Suite.java:27)
	at org.junit.runners.ParentRunner$3.run(ParentRunner.java:290)
	at org.junit.runners.ParentRunner$1.schedule(ParentRunner.java:71)
	at org.junit.runners.ParentRunner.runChildren(ParentRunner.java:288)
	at org.junit.runners.ParentRunner.access$000(ParentRunner.java:58)
	at org.junit.runners.ParentRunner$2.evaluate(ParentRunner.java:268)
	at org.junit.runners.ParentRunner.run(ParentRunner.java:363)
	at org.apache.maven.surefire.junit4.JUnit4TestSet.execute(JUnit4TestSet.java:53)
	at org.apache.maven.surefire.junit4.JUnit4Provider.executeTestSet(JUnit4Provider.java:123)
	at org.apache.maven.surefire.junit4.JUnit4Provider.invoke(JUnit4Provider.java:104)
	at sun.reflect.NativeMethodAccessorImpl.invoke0(Native Method)
	at sun.reflect.NativeMethodAccessorImpl.invoke(NativeMethodAccessorImpl.java:62)
	at sun.reflect.DelegatingMethodAccessorImpl.invoke(DelegatingMethodAccessorImpl.java:43)
	at java.lang.reflect.Method.invoke(Method.java:498)
	at org.apache.maven.surefire.util.ReflectionUtils.invokeMethodWithArray(ReflectionUtils.java:164)
	at org.apache.maven.surefire.booter.ProviderFactory$ProviderProxy.invoke(ProviderFactory.java:110)
	at org.apache.maven.surefire.booter.SurefireStarter.invokeProvider(SurefireStarter.java:175)
	at org.apache.maven.surefire.booter.SurefireStarter.runSuitesInProcessWhenForked(SurefireStarter.java:107)
	at org.apache.maven.surefire.booter.ForkedBooter.main(ForkedBooter.java:68)
</failure>
  </testcase>
  <testcase classname="com.google.common.collect.testing.testers.CollectionAddAllTester" name="testAddAll_unsupportedAllPresent[HashMap tests [collection size: several] entrySet [collection size: several]]" time="0.001">
    <failure message="addAll(allPresent) should return false or throw" type="junit.framework.AssertionFailedError">junit.framework.AssertionFailedError: addAll(allPresent) should return false or throw
	at junit.framework.Assert.fail(Assert.java:57)
	at junit.framework.Assert.assertTrue(Assert.java:22)
	at junit.framework.Assert.assertFalse(Assert.java:39)
	at junit.framework.TestCase.assertFalse(TestCase.java:210)
	at com.google.common.collect.testing.testers.CollectionAddAllTester.testAddAll_unsupportedAllPresent(CollectionAddAllTester.java:123)
	at sun.reflect.NativeMethodAccessorImpl.invoke0(Native Method)
	at sun.reflect.NativeMethodAccessorImpl.invoke(NativeMethodAccessorImpl.java:62)
	at sun.reflect.DelegatingMethodAccessorImpl.invoke(DelegatingMethodAccessorImpl.java:43)
	at java.lang.reflect.Method.invoke(Method.java:498)
	at junit.framework.TestCase.runTest(TestCase.java:176)
	at junit.framework.TestCase.runBare(TestCase.java:141)
	at junit.framework.TestResult$1.protect(TestResult.java:122)
	at junit.framework.TestResult.runProtected(TestResult.java:142)
	at junit.framework.TestResult.run(TestResult.java:125)
	at junit.framework.TestCase.run(TestCase.java:129)
	at junit.framework.TestSuite.runTest(TestSuite.java:252)
	at junit.framework.TestSuite.run(TestSuite.java:247)
	at junit.framework.TestSuite.runTest(TestSuite.java:252)
	at junit.framework.TestSuite.run(TestSuite.java:247)
	at junit.framework.TestSuite.runTest(TestSuite.java:252)
	at junit.framework.TestSuite.run(TestSuite.java:247)
	at junit.framework.TestSuite.runTest(TestSuite.java:252)
	at junit.framework.TestSuite.run(TestSuite.java:247)
	at junit.framework.TestSuite.runTest(TestSuite.java:252)
	at junit.framework.TestSuite.run(TestSuite.java:247)
	at org.junit.internal.runners.JUnit38ClassRunner.run(JUnit38ClassRunner.java:86)
	at org.junit.runners.Suite.runChild(Suite.java:128)
	at org.junit.runners.Suite.runChild(Suite.java:27)
	at org.junit.runners.ParentRunner$3.run(ParentRunner.java:290)
	at org.junit.runners.ParentRunner$1.schedule(ParentRunner.java:71)
	at org.junit.runners.ParentRunner.runChildren(ParentRunner.java:288)
	at org.junit.runners.ParentRunner.access$000(ParentRunner.java:58)
	at org.junit.runners.ParentRunner$2.evaluate(ParentRunner.java:268)
	at org.junit.runners.ParentRunner.run(ParentRunner.java:363)
	at org.apache.maven.surefire.junit4.JUnit4TestSet.execute(JUnit4TestSet.java:53)
	at org.apache.maven.surefire.junit4.JUnit4Provider.executeTestSet(JUnit4Provider.java:123)
	at org.apache.maven.surefire.junit4.JUnit4Provider.invoke(JUnit4Provider.java:104)
	at sun.reflect.NativeMethodAccessorImpl.invoke0(Native Method)
	at sun.reflect.NativeMethodAccessorImpl.invoke(NativeMethodAccessorImpl.java:62)
	at sun.reflect.DelegatingMethodAccessorImpl.invoke(DelegatingMethodAccessorImpl.java:43)
	at java.lang.reflect.Method.invoke(Method.java:498)
	at org.apache.maven.surefire.util.ReflectionUtils.invokeMethodWithArray(ReflectionUtils.java:164)
	at org.apache.maven.surefire.booter.ProviderFactory$ProviderProxy.invoke(ProviderFactory.java:110)
	at org.apache.maven.surefire.booter.SurefireStarter.invokeProvider(SurefireStarter.java:175)
	at org.apache.maven.surefire.booter.SurefireStarter.runSuitesInProcessWhenForked(SurefireStarter.java:107)
	at org.apache.maven.surefire.booter.ForkedBooter.main(ForkedBooter.java:68)
</failure>
  </testcase>
  <testcase classname="com.google.common.collect.testing.testers.CollectionAddTester" name="testAdd_unsupportedNotPresent[HashMap tests [collection size: several] entrySet [collection size: several]]" time="0.001">
    <failure message="add(notPresent) should throw" type="junit.framework.AssertionFailedError">junit.framework.AssertionFailedError: add(notPresent) should throw
	at junit.framework.Assert.fail(Assert.java:57)
	at junit.framework.TestCase.fail(TestCase.java:227)
	at com.google.common.collect.testing.testers.CollectionAddTester.testAdd_unsupportedNotPresent(CollectionAddTester.java:58)
	at sun.reflect.NativeMethodAccessorImpl.invoke0(Native Method)
	at sun.reflect.NativeMethodAccessorImpl.invoke(NativeMethodAccessorImpl.java:62)
	at sun.reflect.DelegatingMethodAccessorImpl.invoke(DelegatingMethodAccessorImpl.java:43)
	at java.lang.reflect.Method.invoke(Method.java:498)
	at junit.framework.TestCase.runTest(TestCase.java:176)
	at junit.framework.TestCase.runBare(TestCase.java:141)
	at junit.framework.TestResult$1.protect(TestResult.java:122)
	at junit.framework.TestResult.runProtected(TestResult.java:142)
	at junit.framework.TestResult.run(TestResult.java:125)
	at junit.framework.TestCase.run(TestCase.java:129)
	at junit.framework.TestSuite.runTest(TestSuite.java:252)
	at junit.framework.TestSuite.run(TestSuite.java:247)
	at junit.framework.TestSuite.runTest(TestSuite.java:252)
	at junit.framework.TestSuite.run(TestSuite.java:247)
	at junit.framework.TestSuite.runTest(TestSuite.java:252)
	at junit.framework.TestSuite.run(TestSuite.java:247)
	at junit.framework.TestSuite.runTest(TestSuite.java:252)
	at junit.framework.TestSuite.run(TestSuite.java:247)
	at junit.framework.TestSuite.runTest(TestSuite.java:252)
	at junit.framework.TestSuite.run(TestSuite.java:247)
	at org.junit.internal.runners.JUnit38ClassRunner.run(JUnit38ClassRunner.java:86)
	at org.junit.runners.Suite.runChild(Suite.java:128)
	at org.junit.runners.Suite.runChild(Suite.java:27)
	at org.junit.runners.ParentRunner$3.run(ParentRunner.java:290)
	at org.junit.runners.ParentRunner$1.schedule(ParentRunner.java:71)
	at org.junit.runners.ParentRunner.runChildren(ParentRunner.java:288)
	at org.junit.runners.ParentRunner.access$000(ParentRunner.java:58)
	at org.junit.runners.ParentRunner$2.evaluate(ParentRunner.java:268)
	at org.junit.runners.ParentRunner.run(ParentRunner.java:363)
	at org.apache.maven.surefire.junit4.JUnit4TestSet.execute(JUnit4TestSet.java:53)
	at org.apache.maven.surefire.junit4.JUnit4Provider.executeTestSet(JUnit4Provider.java:123)
	at org.apache.maven.surefire.junit4.JUnit4Provider.invoke(JUnit4Provider.java:104)
	at sun.reflect.NativeMethodAccessorImpl.invoke0(Native Method)
	at sun.reflect.NativeMethodAccessorImpl.invoke(NativeMethodAccessorImpl.java:62)
	at sun.reflect.DelegatingMethodAccessorImpl.invoke(DelegatingMethodAccessorImpl.java:43)
	at java.lang.reflect.Method.invoke(Method.java:498)
	at org.apache.maven.surefire.util.ReflectionUtils.invokeMethodWithArray(ReflectionUtils.java:164)
	at org.apache.maven.surefire.booter.ProviderFactory$ProviderProxy.invoke(ProviderFactory.java:110)
	at org.apache.maven.surefire.booter.SurefireStarter.invokeProvider(SurefireStarter.java:175)
	at org.apache.maven.surefire.booter.SurefireStarter.runSuitesInProcessWhenForked(SurefireStarter.java:107)
	at org.apache.maven.surefire.booter.ForkedBooter.main(ForkedBooter.java:68)
</failure>
  </testcase>
  <testcase classname="com.google.common.collect.testing.testers.CollectionAddTester" name="testAdd_unsupportedPresent[HashMap tests [collection size: several] entrySet [collection size: several]]" time="0">
    <failure message="add(present) should return false or throw" type="junit.framework.AssertionFailedError">junit.framework.AssertionFailedError: add(present) should return false or throw
	at junit.framework.Assert.fail(Assert.java:57)
	at junit.framework.Assert.assertTrue(Assert.java:22)
	at junit.framework.Assert.assertFalse(Assert.java:39)
	at junit.framework.TestCase.assertFalse(TestCase.java:210)
	at com.google.common.collect.testing.testers.CollectionAddTester.testAdd_unsupportedPresent(CollectionAddTester.java:69)
	at sun.reflect.NativeMethodAccessorImpl.invoke0(Native Method)
	at sun.reflect.NativeMethodAccessorImpl.invoke(NativeMethodAccessorImpl.java:62)
	at sun.reflect.DelegatingMethodAccessorImpl.invoke(DelegatingMethodAccessorImpl.java:43)
	at java.lang.reflect.Method.invoke(Method.java:498)
	at junit.framework.TestCase.runTest(TestCase.java:176)
	at junit.framework.TestCase.runBare(TestCase.java:141)
	at junit.framework.TestResult$1.protect(TestResult.java:122)
	at junit.framework.TestResult.runProtected(TestResult.java:142)
	at junit.framework.TestResult.run(TestResult.java:125)
	at junit.framework.TestCase.run(TestCase.java:129)
	at junit.framework.TestSuite.runTest(TestSuite.java:252)
	at junit.framework.TestSuite.run(TestSuite.java:247)
	at junit.framework.TestSuite.runTest(TestSuite.java:252)
	at junit.framework.TestSuite.run(TestSuite.java:247)
	at junit.framework.TestSuite.runTest(TestSuite.java:252)
	at junit.framework.TestSuite.run(TestSuite.java:247)
	at junit.framework.TestSuite.runTest(TestSuite.java:252)
	at junit.framework.TestSuite.run(TestSuite.java:247)
	at junit.framework.TestSuite.runTest(TestSuite.java:252)
	at junit.framework.TestSuite.run(TestSuite.java:247)
	at org.junit.internal.runners.JUnit38ClassRunner.run(JUnit38ClassRunner.java:86)
	at org.junit.runners.Suite.runChild(Suite.java:128)
	at org.junit.runners.Suite.runChild(Suite.java:27)
	at org.junit.runners.ParentRunner$3.run(ParentRunner.java:290)
	at org.junit.runners.ParentRunner$1.schedule(ParentRunner.java:71)
	at org.junit.runners.ParentRunner.runChildren(ParentRunner.java:288)
	at org.junit.runners.ParentRunner.access$000(ParentRunner.java:58)
	at org.junit.runners.ParentRunner$2.evaluate(ParentRunner.java:268)
	at org.junit.runners.ParentRunner.run(ParentRunner.java:363)
	at org.apache.maven.surefire.junit4.JUnit4TestSet.execute(JUnit4TestSet.java:53)
	at org.apache.maven.surefire.junit4.JUnit4Provider.executeTestSet(JUnit4Provider.java:123)
	at org.apache.maven.surefire.junit4.JUnit4Provider.invoke(JUnit4Provider.java:104)
	at sun.reflect.NativeMethodAccessorImpl.invoke0(Native Method)
	at sun.reflect.NativeMethodAccessorImpl.invoke(NativeMethodAccessorImpl.java:62)
	at sun.reflect.DelegatingMethodAccessorImpl.invoke(DelegatingMethodAccessorImpl.java:43)
	at java.lang.reflect.Method.invoke(Method.java:498)
	at org.apache.maven.surefire.util.ReflectionUtils.invokeMethodWithArray(ReflectionUtils.java:164)
	at org.apache.maven.surefire.booter.ProviderFactory$ProviderProxy.invoke(ProviderFactory.java:110)
	at org.apache.maven.surefire.booter.SurefireStarter.invokeProvider(SurefireStarter.java:175)
	at org.apache.maven.surefire.booter.SurefireStarter.runSuitesInProcessWhenForked(SurefireStarter.java:107)
	at org.apache.maven.surefire.booter.ForkedBooter.main(ForkedBooter.java:68)
</failure>
  </testcase>
  <testcase classname="com.google.common.collect.testing.testers.CollectionClearTester" name="testClear[HashMap tests [collection size: several] entrySet [collection size: several]]" time="0"/>
  <testcase classname="com.google.common.collect.testing.testers.CollectionContainsAllTester" name="testContainsAll_subset[HashMap tests [collection size: several] entrySet [collection size: several]]" time="0.001">
    <failure message="containsAll(subset) should return true" type="junit.framework.AssertionFailedError">junit.framework.AssertionFailedError: containsAll(subset) should return true
	at junit.framework.Assert.fail(Assert.java:57)
	at junit.framework.Assert.assertTrue(Assert.java:22)
	at junit.framework.TestCase.assertTrue(TestCase.java:192)
	at com.google.common.collect.testing.testers.CollectionContainsAllTester.testContainsAll_subset(CollectionContainsAllTester.java:51)
	at sun.reflect.NativeMethodAccessorImpl.invoke0(Native Method)
	at sun.reflect.NativeMethodAccessorImpl.invoke(NativeMethodAccessorImpl.java:62)
	at sun.reflect.DelegatingMethodAccessorImpl.invoke(DelegatingMethodAccessorImpl.java:43)
	at java.lang.reflect.Method.invoke(Method.java:498)
	at junit.framework.TestCase.runTest(TestCase.java:176)
	at junit.framework.TestCase.runBare(TestCase.java:141)
	at junit.framework.TestResult$1.protect(TestResult.java:122)
	at junit.framework.TestResult.runProtected(TestResult.java:142)
	at junit.framework.TestResult.run(TestResult.java:125)
	at junit.framework.TestCase.run(TestCase.java:129)
	at junit.framework.TestSuite.runTest(TestSuite.java:252)
	at junit.framework.TestSuite.run(TestSuite.java:247)
	at junit.framework.TestSuite.runTest(TestSuite.java:252)
	at junit.framework.TestSuite.run(TestSuite.java:247)
	at junit.framework.TestSuite.runTest(TestSuite.java:252)
	at junit.framework.TestSuite.run(TestSuite.java:247)
	at junit.framework.TestSuite.runTest(TestSuite.java:252)
	at junit.framework.TestSuite.run(TestSuite.java:247)
	at junit.framework.TestSuite.runTest(TestSuite.java:252)
	at junit.framework.TestSuite.run(TestSuite.java:247)
	at org.junit.internal.runners.JUnit38ClassRunner.run(JUnit38ClassRunner.java:86)
	at org.junit.runners.Suite.runChild(Suite.java:128)
	at org.junit.runners.Suite.runChild(Suite.java:27)
	at org.junit.runners.ParentRunner$3.run(ParentRunner.java:290)
	at org.junit.runners.ParentRunner$1.schedule(ParentRunner.java:71)
	at org.junit.runners.ParentRunner.runChildren(ParentRunner.java:288)
	at org.junit.runners.ParentRunner.access$000(ParentRunner.java:58)
	at org.junit.runners.ParentRunner$2.evaluate(ParentRunner.java:268)
	at org.junit.runners.ParentRunner.run(ParentRunner.java:363)
	at org.apache.maven.surefire.junit4.JUnit4TestSet.execute(JUnit4TestSet.java:53)
	at org.apache.maven.surefire.junit4.JUnit4Provider.executeTestSet(JUnit4Provider.java:123)
	at org.apache.maven.surefire.junit4.JUnit4Provider.invoke(JUnit4Provider.java:104)
	at sun.reflect.NativeMethodAccessorImpl.invoke0(Native Method)
	at sun.reflect.NativeMethodAccessorImpl.invoke(NativeMethodAccessorImpl.java:62)
	at sun.reflect.DelegatingMethodAccessorImpl.invoke(DelegatingMethodAccessorImpl.java:43)
	at java.lang.reflect.Method.invoke(Method.java:498)
	at org.apache.maven.surefire.util.ReflectionUtils.invokeMethodWithArray(ReflectionUtils.java:164)
	at org.apache.maven.surefire.booter.ProviderFactory$ProviderProxy.invoke(ProviderFactory.java:110)
	at org.apache.maven.surefire.booter.SurefireStarter.invokeProvider(SurefireStarter.java:175)
	at org.apache.maven.surefire.booter.SurefireStarter.runSuitesInProcessWhenForked(SurefireStarter.java:107)
	at org.apache.maven.surefire.booter.ForkedBooter.main(ForkedBooter.java:68)
</failure>
  </testcase>
  <testcase classname="com.google.common.collect.testing.testers.CollectionContainsAllTester" name="testContainsAll_nullAllowed[HashMap tests [collection size: several] entrySet [collection size: several]]" time="0"/>
  <testcase classname="com.google.common.collect.testing.testers.CollectionContainsAllTester" name="testContainsAll_disjoint[HashMap tests [collection size: several] entrySet [collection size: several]]" time="0"/>
  <testcase classname="com.google.common.collect.testing.testers.CollectionContainsAllTester" name="testContainsAll_self[HashMap tests [collection size: several] entrySet [collection size: several]]" time="0"/>
  <testcase classname="com.google.common.collect.testing.testers.CollectionContainsAllTester" name="testContainsAll_wrongType[HashMap tests [collection size: several] entrySet [collection size: several]]" time="0"/>
  <testcase classname="com.google.common.collect.testing.testers.CollectionContainsAllTester" name="testContainsAll_empty[HashMap tests [collection size: several] entrySet [collection size: several]]" time="0"/>
  <testcase classname="com.google.common.collect.testing.testers.CollectionContainsAllTester" name="testContainsAll_sameElements[HashMap tests [collection size: several] entrySet [collection size: several]]" time="0.001">
    <failure message="containsAll(sameElements) should return true" type="junit.framework.AssertionFailedError">junit.framework.AssertionFailedError: containsAll(sameElements) should return true
	at junit.framework.Assert.fail(Assert.java:57)
	at junit.framework.Assert.assertTrue(Assert.java:22)
	at junit.framework.TestCase.assertTrue(TestCase.java:192)
	at com.google.common.collect.testing.testers.CollectionContainsAllTester.testContainsAll_sameElements(CollectionContainsAllTester.java:56)
	at sun.reflect.NativeMethodAccessorImpl.invoke0(Native Method)
	at sun.reflect.NativeMethodAccessorImpl.invoke(NativeMethodAccessorImpl.java:62)
	at sun.reflect.DelegatingMethodAccessorImpl.invoke(DelegatingMethodAccessorImpl.java:43)
	at java.lang.reflect.Method.invoke(Method.java:498)
	at junit.framework.TestCase.runTest(TestCase.java:176)
	at junit.framework.TestCase.runBare(TestCase.java:141)
	at junit.framework.TestResult$1.protect(TestResult.java:122)
	at junit.framework.TestResult.runProtected(TestResult.java:142)
	at junit.framework.TestResult.run(TestResult.java:125)
	at junit.framework.TestCase.run(TestCase.java:129)
	at junit.framework.TestSuite.runTest(TestSuite.java:252)
	at junit.framework.TestSuite.run(TestSuite.java:247)
	at junit.framework.TestSuite.runTest(TestSuite.java:252)
	at junit.framework.TestSuite.run(TestSuite.java:247)
	at junit.framework.TestSuite.runTest(TestSuite.java:252)
	at junit.framework.TestSuite.run(TestSuite.java:247)
	at junit.framework.TestSuite.runTest(TestSuite.java:252)
	at junit.framework.TestSuite.run(TestSuite.java:247)
	at junit.framework.TestSuite.runTest(TestSuite.java:252)
	at junit.framework.TestSuite.run(TestSuite.java:247)
	at org.junit.internal.runners.JUnit38ClassRunner.run(JUnit38ClassRunner.java:86)
	at org.junit.runners.Suite.runChild(Suite.java:128)
	at org.junit.runners.Suite.runChild(Suite.java:27)
	at org.junit.runners.ParentRunner$3.run(ParentRunner.java:290)
	at org.junit.runners.ParentRunner$1.schedule(ParentRunner.java:71)
	at org.junit.runners.ParentRunner.runChildren(ParentRunner.java:288)
	at org.junit.runners.ParentRunner.access$000(ParentRunner.java:58)
	at org.junit.runners.ParentRunner$2.evaluate(ParentRunner.java:268)
	at org.junit.runners.ParentRunner.run(ParentRunner.java:363)
	at org.apache.maven.surefire.junit4.JUnit4TestSet.execute(JUnit4TestSet.java:53)
	at org.apache.maven.surefire.junit4.JUnit4Provider.executeTestSet(JUnit4Provider.java:123)
	at org.apache.maven.surefire.junit4.JUnit4Provider.invoke(JUnit4Provider.java:104)
	at sun.reflect.NativeMethodAccessorImpl.invoke0(Native Method)
	at sun.reflect.NativeMethodAccessorImpl.invoke(NativeMethodAccessorImpl.java:62)
	at sun.reflect.DelegatingMethodAccessorImpl.invoke(DelegatingMethodAccessorImpl.java:43)
	at java.lang.reflect.Method.invoke(Method.java:498)
	at org.apache.maven.surefire.util.ReflectionUtils.invokeMethodWithArray(ReflectionUtils.java:164)
	at org.apache.maven.surefire.booter.ProviderFactory$ProviderProxy.invoke(ProviderFactory.java:110)
	at org.apache.maven.surefire.booter.SurefireStarter.invokeProvider(SurefireStarter.java:175)
	at org.apache.maven.surefire.booter.SurefireStarter.runSuitesInProcessWhenForked(SurefireStarter.java:107)
	at org.apache.maven.surefire.booter.ForkedBooter.main(ForkedBooter.java:68)
</failure>
  </testcase>
  <testcase classname="com.google.common.collect.testing.testers.CollectionContainsAllTester" name="testContainsAll_partialOverlap[HashMap tests [collection size: several] entrySet [collection size: several]]" time="0"/>
  <testcase classname="com.google.common.collect.testing.testers.CollectionContainsTester" name="testContains_nullNotContainedButQueriesSupported[HashMap tests [collection size: several] entrySet [collection size: several]]" time="0"/>
  <testcase classname="com.google.common.collect.testing.testers.CollectionContainsTester" name="testContains_yes[HashMap tests [collection size: several] entrySet [collection size: several]]" time="0.001">
    <failure message="contains(present) should return true" type="junit.framework.AssertionFailedError">junit.framework.AssertionFailedError: contains(present) should return true
	at junit.framework.Assert.fail(Assert.java:57)
	at junit.framework.Assert.assertTrue(Assert.java:22)
	at junit.framework.TestCase.assertTrue(TestCase.java:192)
	at com.google.common.collect.testing.testers.CollectionContainsTester.testContains_yes(CollectionContainsTester.java:41)
	at sun.reflect.NativeMethodAccessorImpl.invoke0(Native Method)
	at sun.reflect.NativeMethodAccessorImpl.invoke(NativeMethodAccessorImpl.java:62)
	at sun.reflect.DelegatingMethodAccessorImpl.invoke(DelegatingMethodAccessorImpl.java:43)
	at java.lang.reflect.Method.invoke(Method.java:498)
	at junit.framework.TestCase.runTest(TestCase.java:176)
	at junit.framework.TestCase.runBare(TestCase.java:141)
	at junit.framework.TestResult$1.protect(TestResult.java:122)
	at junit.framework.TestResult.runProtected(TestResult.java:142)
	at junit.framework.TestResult.run(TestResult.java:125)
	at junit.framework.TestCase.run(TestCase.java:129)
	at junit.framework.TestSuite.runTest(TestSuite.java:252)
	at junit.framework.TestSuite.run(TestSuite.java:247)
	at junit.framework.TestSuite.runTest(TestSuite.java:252)
	at junit.framework.TestSuite.run(TestSuite.java:247)
	at junit.framework.TestSuite.runTest(TestSuite.java:252)
	at junit.framework.TestSuite.run(TestSuite.java:247)
	at junit.framework.TestSuite.runTest(TestSuite.java:252)
	at junit.framework.TestSuite.run(TestSuite.java:247)
	at junit.framework.TestSuite.runTest(TestSuite.java:252)
	at junit.framework.TestSuite.run(TestSuite.java:247)
	at org.junit.internal.runners.JUnit38ClassRunner.run(JUnit38ClassRunner.java:86)
	at org.junit.runners.Suite.runChild(Suite.java:128)
	at org.junit.runners.Suite.runChild(Suite.java:27)
	at org.junit.runners.ParentRunner$3.run(ParentRunner.java:290)
	at org.junit.runners.ParentRunner$1.schedule(ParentRunner.java:71)
	at org.junit.runners.ParentRunner.runChildren(ParentRunner.java:288)
	at org.junit.runners.ParentRunner.access$000(ParentRunner.java:58)
	at org.junit.runners.ParentRunner$2.evaluate(ParentRunner.java:268)
	at org.junit.runners.ParentRunner.run(ParentRunner.java:363)
	at org.apache.maven.surefire.junit4.JUnit4TestSet.execute(JUnit4TestSet.java:53)
	at org.apache.maven.surefire.junit4.JUnit4Provider.executeTestSet(JUnit4Provider.java:123)
	at org.apache.maven.surefire.junit4.JUnit4Provider.invoke(JUnit4Provider.java:104)
	at sun.reflect.NativeMethodAccessorImpl.invoke0(Native Method)
	at sun.reflect.NativeMethodAccessorImpl.invoke(NativeMethodAccessorImpl.java:62)
	at sun.reflect.DelegatingMethodAccessorImpl.invoke(DelegatingMethodAccessorImpl.java:43)
	at java.lang.reflect.Method.invoke(Method.java:498)
	at org.apache.maven.surefire.util.ReflectionUtils.invokeMethodWithArray(ReflectionUtils.java:164)
	at org.apache.maven.surefire.booter.ProviderFactory$ProviderProxy.invoke(ProviderFactory.java:110)
	at org.apache.maven.surefire.booter.SurefireStarter.invokeProvider(SurefireStarter.java:175)
	at org.apache.maven.surefire.booter.SurefireStarter.runSuitesInProcessWhenForked(SurefireStarter.java:107)
	at org.apache.maven.surefire.booter.ForkedBooter.main(ForkedBooter.java:68)
</failure>
  </testcase>
  <testcase classname="com.google.common.collect.testing.testers.CollectionContainsTester" name="testContains_no[HashMap tests [collection size: several] entrySet [collection size: several]]" time="0"/>
  <testcase classname="com.google.common.collect.testing.testers.CollectionContainsTester" name="testContains_wrongType[HashMap tests [collection size: several] entrySet [collection size: several]]" time="0"/>
  <testcase classname="com.google.common.collect.testing.testers.CollectionEqualsTester" name="testEquals_null[HashMap tests [collection size: several] entrySet [collection size: several]]" time="0"/>
  <testcase classname="com.google.common.collect.testing.testers.CollectionEqualsTester" name="testEquals_self[HashMap tests [collection size: several] entrySet [collection size: several]]" time="0"/>
  <testcase classname="com.google.common.collect.testing.testers.CollectionEqualsTester" name="testEquals_notACollection[HashMap tests [collection size: several] entrySet [collection size: several]]" time="0"/>
  <testcase classname="com.google.common.collect.testing.testers.CollectionIsEmptyTester" name="testIsEmpty_no[HashMap tests [collection size: several] entrySet [collection size: several]]" time="0"/>
  <testcase classname="com.google.common.collect.testing.testers.CollectionIteratorTester" name="testIteratorNoSuchElementException[HashMap tests [collection size: several] entrySet [collection size: several]]" time="0"/>
  <testcase classname="com.google.common.collect.testing.testers.CollectionIteratorTester" name="testIterator_unknownOrderRemoveUnsupported[HashMap tests [collection size: several] entrySet [collection size: several]]" time="0.002">
    <failure message="failed with stimuli [hasNext, hasNext, hasNext, hasNext, next]" type="junit.framework.AssertionFailedError">junit.framework.AssertionFailedError: failed with stimuli [hasNext, hasNext, hasNext, hasNext, next]
	at com.google.common.collect.testing.Helpers.fail(Helpers.java:240)
	at com.google.common.collect.testing.AbstractIteratorTester.compareResultsForThisListOfStimuli(AbstractIteratorTester.java:418)
	at com.google.common.collect.testing.AbstractIteratorTester.recurse(AbstractIteratorTester.java:383)
	at com.google.common.collect.testing.AbstractIteratorTester.recurse(AbstractIteratorTester.java:388)
	at com.google.common.collect.testing.AbstractIteratorTester.recurse(AbstractIteratorTester.java:388)
	at com.google.common.collect.testing.AbstractIteratorTester.recurse(AbstractIteratorTester.java:388)
	at com.google.common.collect.testing.AbstractIteratorTester.recurse(AbstractIteratorTester.java:388)
	at com.google.common.collect.testing.AbstractIteratorTester.recurse(AbstractIteratorTester.java:388)
	at com.google.common.collect.testing.AbstractIteratorTester.test(AbstractIteratorTester.java:372)
	at com.google.common.collect.testing.testers.CollectionIteratorTester.runIteratorTest(CollectionIteratorTester.java:96)
	at com.google.common.collect.testing.testers.CollectionIteratorTester.testIterator_unknownOrderRemoveUnsupported(CollectionIteratorTester.java:90)
	at sun.reflect.NativeMethodAccessorImpl.invoke0(Native Method)
	at sun.reflect.NativeMethodAccessorImpl.invoke(NativeMethodAccessorImpl.java:62)
	at sun.reflect.DelegatingMethodAccessorImpl.invoke(DelegatingMethodAccessorImpl.java:43)
	at java.lang.reflect.Method.invoke(Method.java:498)
	at junit.framework.TestCase.runTest(TestCase.java:176)
	at junit.framework.TestCase.runBare(TestCase.java:141)
	at junit.framework.TestResult$1.protect(TestResult.java:122)
	at junit.framework.TestResult.runProtected(TestResult.java:142)
	at junit.framework.TestResult.run(TestResult.java:125)
	at junit.framework.TestCase.run(TestCase.java:129)
	at junit.framework.TestSuite.runTest(TestSuite.java:252)
	at junit.framework.TestSuite.run(TestSuite.java:247)
	at junit.framework.TestSuite.runTest(TestSuite.java:252)
	at junit.framework.TestSuite.run(TestSuite.java:247)
	at junit.framework.TestSuite.runTest(TestSuite.java:252)
	at junit.framework.TestSuite.run(TestSuite.java:247)
	at junit.framework.TestSuite.runTest(TestSuite.java:252)
	at junit.framework.TestSuite.run(TestSuite.java:247)
	at junit.framework.TestSuite.runTest(TestSuite.java:252)
	at junit.framework.TestSuite.run(TestSuite.java:247)
	at org.junit.internal.runners.JUnit38ClassRunner.run(JUnit38ClassRunner.java:86)
	at org.junit.runners.Suite.runChild(Suite.java:128)
	at org.junit.runners.Suite.runChild(Suite.java:27)
	at org.junit.runners.ParentRunner$3.run(ParentRunner.java:290)
	at org.junit.runners.ParentRunner$1.schedule(ParentRunner.java:71)
	at org.junit.runners.ParentRunner.runChildren(ParentRunner.java:288)
	at org.junit.runners.ParentRunner.access$000(ParentRunner.java:58)
	at org.junit.runners.ParentRunner$2.evaluate(ParentRunner.java:268)
	at org.junit.runners.ParentRunner.run(ParentRunner.java:363)
	at org.apache.maven.surefire.junit4.JUnit4TestSet.execute(JUnit4TestSet.java:53)
	at org.apache.maven.surefire.junit4.JUnit4Provider.executeTestSet(JUnit4Provider.java:123)
	at org.apache.maven.surefire.junit4.JUnit4Provider.invoke(JUnit4Provider.java:104)
	at sun.reflect.NativeMethodAccessorImpl.invoke0(Native Method)
	at sun.reflect.NativeMethodAccessorImpl.invoke(NativeMethodAccessorImpl.java:62)
	at sun.reflect.DelegatingMethodAccessorImpl.invoke(DelegatingMethodAccessorImpl.java:43)
	at java.lang.reflect.Method.invoke(Method.java:498)
	at org.apache.maven.surefire.util.ReflectionUtils.invokeMethodWithArray(ReflectionUtils.java:164)
	at org.apache.maven.surefire.booter.ProviderFactory$ProviderProxy.invoke(ProviderFactory.java:110)
	at org.apache.maven.surefire.booter.SurefireStarter.invokeProvider(SurefireStarter.java:175)
	at org.apache.maven.surefire.booter.SurefireStarter.runSuitesInProcessWhenForked(SurefireStarter.java:107)
	at org.apache.maven.surefire.booter.ForkedBooter.main(ForkedBooter.java:68)
Caused by: junit.framework.AssertionFailedError: Returned value &apos;io.github.atommed.ads.HashMap$Bucket@967123cb&apos; not found. Remaining elements: [three=March, two=February, one=January]
	at com.google.common.collect.testing.Helpers.fail(Helpers.java:240)
	at com.google.common.collect.testing.AbstractIteratorTester.internalExecuteAndCompare(AbstractIteratorTester.java:490)
	at com.google.common.collect.testing.AbstractIteratorTester.access$500(AbstractIteratorTester.java:49)
	at com.google.common.collect.testing.AbstractIteratorTester$7.executeAndCompare(AbstractIteratorTester.java:603)
	at com.google.common.collect.testing.AbstractIteratorTester.compareResultsForThisListOfStimuli(AbstractIteratorTester.java:404)
	... 50 more
Caused by: com.google.common.collect.testing.AbstractIteratorTester$UnknownElementException: Returned value &apos;io.github.atommed.ads.HashMap$Bucket@967123cb&apos; not found. Remaining elements: [three=March, two=February, one=January]
	at com.google.common.collect.testing.AbstractIteratorTester$MultiExceptionListIterator.promoteToNext(AbstractIteratorTester.java:282)
	at com.google.common.collect.testing.AbstractIteratorTester.internalExecuteAndCompare(AbstractIteratorTester.java:483)
	... 53 more
</failure>
  </testcase>
  <testcase classname="com.google.common.collect.testing.testers.CollectionIteratorTester" name="testIterator[HashMap tests [collection size: several] entrySet [collection size: several]]" time="0"/>
  <testcase classname="com.google.common.collect.testing.testers.CollectionRemoveAllTester" name="testRemoveAll_containsWrongType[HashMap tests [collection size: several] entrySet [collection size: several]]" time="0"/>
  <testcase classname="com.google.common.collect.testing.testers.CollectionRemoveAllTester" name="testRemoveAll_allPresent[HashMap tests [collection size: several] entrySet [collection size: several]]" time="0.001">
    <failure message="removeAll(intersectingCollection) should return true" type="junit.framework.AssertionFailedError">junit.framework.AssertionFailedError: removeAll(intersectingCollection) should return true
	at junit.framework.Assert.fail(Assert.java:57)
	at junit.framework.Assert.assertTrue(Assert.java:22)
	at junit.framework.TestCase.assertTrue(TestCase.java:192)
	at com.google.common.collect.testing.testers.CollectionRemoveAllTester.testRemoveAll_allPresent(CollectionRemoveAllTester.java:65)
	at sun.reflect.NativeMethodAccessorImpl.invoke0(Native Method)
	at sun.reflect.NativeMethodAccessorImpl.invoke(NativeMethodAccessorImpl.java:62)
	at sun.reflect.DelegatingMethodAccessorImpl.invoke(DelegatingMethodAccessorImpl.java:43)
	at java.lang.reflect.Method.invoke(Method.java:498)
	at junit.framework.TestCase.runTest(TestCase.java:176)
	at junit.framework.TestCase.runBare(TestCase.java:141)
	at junit.framework.TestResult$1.protect(TestResult.java:122)
	at junit.framework.TestResult.runProtected(TestResult.java:142)
	at junit.framework.TestResult.run(TestResult.java:125)
	at junit.framework.TestCase.run(TestCase.java:129)
	at junit.framework.TestSuite.runTest(TestSuite.java:252)
	at junit.framework.TestSuite.run(TestSuite.java:247)
	at junit.framework.TestSuite.runTest(TestSuite.java:252)
	at junit.framework.TestSuite.run(TestSuite.java:247)
	at junit.framework.TestSuite.runTest(TestSuite.java:252)
	at junit.framework.TestSuite.run(TestSuite.java:247)
	at junit.framework.TestSuite.runTest(TestSuite.java:252)
	at junit.framework.TestSuite.run(TestSuite.java:247)
	at junit.framework.TestSuite.runTest(TestSuite.java:252)
	at junit.framework.TestSuite.run(TestSuite.java:247)
	at org.junit.internal.runners.JUnit38ClassRunner.run(JUnit38ClassRunner.java:86)
	at org.junit.runners.Suite.runChild(Suite.java:128)
	at org.junit.runners.Suite.runChild(Suite.java:27)
	at org.junit.runners.ParentRunner$3.run(ParentRunner.java:290)
	at org.junit.runners.ParentRunner$1.schedule(ParentRunner.java:71)
	at org.junit.runners.ParentRunner.runChildren(ParentRunner.java:288)
	at org.junit.runners.ParentRunner.access$000(ParentRunner.java:58)
	at org.junit.runners.ParentRunner$2.evaluate(ParentRunner.java:268)
	at org.junit.runners.ParentRunner.run(ParentRunner.java:363)
	at org.apache.maven.surefire.junit4.JUnit4TestSet.execute(JUnit4TestSet.java:53)
	at org.apache.maven.surefire.junit4.JUnit4Provider.executeTestSet(JUnit4Provider.java:123)
	at org.apache.maven.surefire.junit4.JUnit4Provider.invoke(JUnit4Provider.java:104)
	at sun.reflect.NativeMethodAccessorImpl.invoke0(Native Method)
	at sun.reflect.NativeMethodAccessorImpl.invoke(NativeMethodAccessorImpl.java:62)
	at sun.reflect.DelegatingMethodAccessorImpl.invoke(DelegatingMethodAccessorImpl.java:43)
	at java.lang.reflect.Method.invoke(Method.java:498)
	at org.apache.maven.surefire.util.ReflectionUtils.invokeMethodWithArray(ReflectionUtils.java:164)
	at org.apache.maven.surefire.booter.ProviderFactory$ProviderProxy.invoke(ProviderFactory.java:110)
	at org.apache.maven.surefire.booter.SurefireStarter.invokeProvider(SurefireStarter.java:175)
	at org.apache.maven.surefire.booter.SurefireStarter.runSuitesInProcessWhenForked(SurefireStarter.java:107)
	at org.apache.maven.surefire.booter.ForkedBooter.main(ForkedBooter.java:68)
</failure>
  </testcase>
  <testcase classname="com.google.common.collect.testing.testers.CollectionRemoveAllTester" name="testRemoveAll_somePresent[HashMap tests [collection size: several] entrySet [collection size: several]]" time="0">
    <failure message="removeAll(intersectingCollection) should return true" type="junit.framework.AssertionFailedError">junit.framework.AssertionFailedError: removeAll(intersectingCollection) should return true
	at junit.framework.Assert.fail(Assert.java:57)
	at junit.framework.Assert.assertTrue(Assert.java:22)
	at junit.framework.TestCase.assertTrue(TestCase.java:192)
	at com.google.common.collect.testing.testers.CollectionRemoveAllTester.testRemoveAll_somePresent(CollectionRemoveAllTester.java:73)
	at sun.reflect.NativeMethodAccessorImpl.invoke0(Native Method)
	at sun.reflect.NativeMethodAccessorImpl.invoke(NativeMethodAccessorImpl.java:62)
	at sun.reflect.DelegatingMethodAccessorImpl.invoke(DelegatingMethodAccessorImpl.java:43)
	at java.lang.reflect.Method.invoke(Method.java:498)
	at junit.framework.TestCase.runTest(TestCase.java:176)
	at junit.framework.TestCase.runBare(TestCase.java:141)
	at junit.framework.TestResult$1.protect(TestResult.java:122)
	at junit.framework.TestResult.runProtected(TestResult.java:142)
	at junit.framework.TestResult.run(TestResult.java:125)
	at junit.framework.TestCase.run(TestCase.java:129)
	at junit.framework.TestSuite.runTest(TestSuite.java:252)
	at junit.framework.TestSuite.run(TestSuite.java:247)
	at junit.framework.TestSuite.runTest(TestSuite.java:252)
	at junit.framework.TestSuite.run(TestSuite.java:247)
	at junit.framework.TestSuite.runTest(TestSuite.java:252)
	at junit.framework.TestSuite.run(TestSuite.java:247)
	at junit.framework.TestSuite.runTest(TestSuite.java:252)
	at junit.framework.TestSuite.run(TestSuite.java:247)
	at junit.framework.TestSuite.runTest(TestSuite.java:252)
	at junit.framework.TestSuite.run(TestSuite.java:247)
	at org.junit.internal.runners.JUnit38ClassRunner.run(JUnit38ClassRunner.java:86)
	at org.junit.runners.Suite.runChild(Suite.java:128)
	at org.junit.runners.Suite.runChild(Suite.java:27)
	at org.junit.runners.ParentRunner$3.run(ParentRunner.java:290)
	at org.junit.runners.ParentRunner$1.schedule(ParentRunner.java:71)
	at org.junit.runners.ParentRunner.runChildren(ParentRunner.java:288)
	at org.junit.runners.ParentRunner.access$000(ParentRunner.java:58)
	at org.junit.runners.ParentRunner$2.evaluate(ParentRunner.java:268)
	at org.junit.runners.ParentRunner.run(ParentRunner.java:363)
	at org.apache.maven.surefire.junit4.JUnit4TestSet.execute(JUnit4TestSet.java:53)
	at org.apache.maven.surefire.junit4.JUnit4Provider.executeTestSet(JUnit4Provider.java:123)
	at org.apache.maven.surefire.junit4.JUnit4Provider.invoke(JUnit4Provider.java:104)
	at sun.reflect.NativeMethodAccessorImpl.invoke0(Native Method)
	at sun.reflect.NativeMethodAccessorImpl.invoke(NativeMethodAccessorImpl.java:62)
	at sun.reflect.DelegatingMethodAccessorImpl.invoke(DelegatingMethodAccessorImpl.java:43)
	at java.lang.reflect.Method.invoke(Method.java:498)
	at org.apache.maven.surefire.util.ReflectionUtils.invokeMethodWithArray(ReflectionUtils.java:164)
	at org.apache.maven.surefire.booter.ProviderFactory$ProviderProxy.invoke(ProviderFactory.java:110)
	at org.apache.maven.surefire.booter.SurefireStarter.invokeProvider(SurefireStarter.java:175)
	at org.apache.maven.surefire.booter.SurefireStarter.runSuitesInProcessWhenForked(SurefireStarter.java:107)
	at org.apache.maven.surefire.booter.ForkedBooter.main(ForkedBooter.java:68)
</failure>
  </testcase>
  <testcase classname="com.google.common.collect.testing.testers.CollectionRemoveAllTester" name="testRemoveAll_nullCollectionReferenceNonEmptySubject[HashMap tests [collection size: several] entrySet [collection size: several]]" time="0"/>
  <testcase classname="com.google.common.collect.testing.testers.CollectionRemoveAllTester" name="testRemoveAll_emptyCollection[HashMap tests [collection size: several] entrySet [collection size: several]]" time="0"/>
  <testcase classname="com.google.common.collect.testing.testers.CollectionRemoveAllTester" name="testRemoveAll_containsNullNoButAllowed[HashMap tests [collection size: several] entrySet [collection size: several]]" time="0.001"/>
  <testcase classname="com.google.common.collect.testing.testers.CollectionRemoveAllTester" name="testRemoveAll_nonePresent[HashMap tests [collection size: several] entrySet [collection size: several]]" time="0"/>
  <testcase classname="com.google.common.collect.testing.testers.CollectionRemoveAllTester" name="testRemoveAll_somePresentLargeCollectionToRemove[HashMap tests [collection size: several] entrySet [collection size: several]]" time="0">
    <failure message="removeAll(largeIntersectingCollection) should return true" type="junit.framework.AssertionFailedError">junit.framework.AssertionFailedError: removeAll(largeIntersectingCollection) should return true
	at junit.framework.Assert.fail(Assert.java:57)
	at junit.framework.Assert.assertTrue(Assert.java:22)
	at junit.framework.TestCase.assertTrue(TestCase.java:192)
	at com.google.common.collect.testing.testers.CollectionRemoveAllTester.testRemoveAll_somePresentLargeCollectionToRemove(CollectionRemoveAllTester.java:98)
	at sun.reflect.NativeMethodAccessorImpl.invoke0(Native Method)
	at sun.reflect.NativeMethodAccessorImpl.invoke(NativeMethodAccessorImpl.java:62)
	at sun.reflect.DelegatingMethodAccessorImpl.invoke(DelegatingMethodAccessorImpl.java:43)
	at java.lang.reflect.Method.invoke(Method.java:498)
	at junit.framework.TestCase.runTest(TestCase.java:176)
	at junit.framework.TestCase.runBare(TestCase.java:141)
	at junit.framework.TestResult$1.protect(TestResult.java:122)
	at junit.framework.TestResult.runProtected(TestResult.java:142)
	at junit.framework.TestResult.run(TestResult.java:125)
	at junit.framework.TestCase.run(TestCase.java:129)
	at junit.framework.TestSuite.runTest(TestSuite.java:252)
	at junit.framework.TestSuite.run(TestSuite.java:247)
	at junit.framework.TestSuite.runTest(TestSuite.java:252)
	at junit.framework.TestSuite.run(TestSuite.java:247)
	at junit.framework.TestSuite.runTest(TestSuite.java:252)
	at junit.framework.TestSuite.run(TestSuite.java:247)
	at junit.framework.TestSuite.runTest(TestSuite.java:252)
	at junit.framework.TestSuite.run(TestSuite.java:247)
	at junit.framework.TestSuite.runTest(TestSuite.java:252)
	at junit.framework.TestSuite.run(TestSuite.java:247)
	at org.junit.internal.runners.JUnit38ClassRunner.run(JUnit38ClassRunner.java:86)
	at org.junit.runners.Suite.runChild(Suite.java:128)
	at org.junit.runners.Suite.runChild(Suite.java:27)
	at org.junit.runners.ParentRunner$3.run(ParentRunner.java:290)
	at org.junit.runners.ParentRunner$1.schedule(ParentRunner.java:71)
	at org.junit.runners.ParentRunner.runChildren(ParentRunner.java:288)
	at org.junit.runners.ParentRunner.access$000(ParentRunner.java:58)
	at org.junit.runners.ParentRunner$2.evaluate(ParentRunner.java:268)
	at org.junit.runners.ParentRunner.run(ParentRunner.java:363)
	at org.apache.maven.surefire.junit4.JUnit4TestSet.execute(JUnit4TestSet.java:53)
	at org.apache.maven.surefire.junit4.JUnit4Provider.executeTestSet(JUnit4Provider.java:123)
	at org.apache.maven.surefire.junit4.JUnit4Provider.invoke(JUnit4Provider.java:104)
	at sun.reflect.NativeMethodAccessorImpl.invoke0(Native Method)
	at sun.reflect.NativeMethodAccessorImpl.invoke(NativeMethodAccessorImpl.java:62)
	at sun.reflect.DelegatingMethodAccessorImpl.invoke(DelegatingMethodAccessorImpl.java:43)
	at java.lang.reflect.Method.invoke(Method.java:498)
	at org.apache.maven.surefire.util.ReflectionUtils.invokeMethodWithArray(ReflectionUtils.java:164)
	at org.apache.maven.surefire.booter.ProviderFactory$ProviderProxy.invoke(ProviderFactory.java:110)
	at org.apache.maven.surefire.booter.SurefireStarter.invokeProvider(SurefireStarter.java:175)
	at org.apache.maven.surefire.booter.SurefireStarter.runSuitesInProcessWhenForked(SurefireStarter.java:107)
	at org.apache.maven.surefire.booter.ForkedBooter.main(ForkedBooter.java:68)
</failure>
  </testcase>
  <testcase classname="com.google.common.collect.testing.testers.CollectionRemoveTester" name="testRemove_present[HashMap tests [collection size: several] entrySet [collection size: several]]" time="0.001">
    <failure message="remove(present) should return true" type="junit.framework.AssertionFailedError">junit.framework.AssertionFailedError: remove(present) should return true
	at junit.framework.Assert.fail(Assert.java:57)
	at junit.framework.Assert.assertTrue(Assert.java:22)
	at junit.framework.TestCase.assertTrue(TestCase.java:192)
	at com.google.common.collect.testing.testers.CollectionRemoveTester.testRemove_present(CollectionRemoveTester.java:49)
	at sun.reflect.NativeMethodAccessorImpl.invoke0(Native Method)
	at sun.reflect.NativeMethodAccessorImpl.invoke(NativeMethodAccessorImpl.java:62)
	at sun.reflect.DelegatingMethodAccessorImpl.invoke(DelegatingMethodAccessorImpl.java:43)
	at java.lang.reflect.Method.invoke(Method.java:498)
	at junit.framework.TestCase.runTest(TestCase.java:176)
	at junit.framework.TestCase.runBare(TestCase.java:141)
	at junit.framework.TestResult$1.protect(TestResult.java:122)
	at junit.framework.TestResult.runProtected(TestResult.java:142)
	at junit.framework.TestResult.run(TestResult.java:125)
	at junit.framework.TestCase.run(TestCase.java:129)
	at junit.framework.TestSuite.runTest(TestSuite.java:252)
	at junit.framework.TestSuite.run(TestSuite.java:247)
	at junit.framework.TestSuite.runTest(TestSuite.java:252)
	at junit.framework.TestSuite.run(TestSuite.java:247)
	at junit.framework.TestSuite.runTest(TestSuite.java:252)
	at junit.framework.TestSuite.run(TestSuite.java:247)
	at junit.framework.TestSuite.runTest(TestSuite.java:252)
	at junit.framework.TestSuite.run(TestSuite.java:247)
	at junit.framework.TestSuite.runTest(TestSuite.java:252)
	at junit.framework.TestSuite.run(TestSuite.java:247)
	at org.junit.internal.runners.JUnit38ClassRunner.run(JUnit38ClassRunner.java:86)
	at org.junit.runners.Suite.runChild(Suite.java:128)
	at org.junit.runners.Suite.runChild(Suite.java:27)
	at org.junit.runners.ParentRunner$3.run(ParentRunner.java:290)
	at org.junit.runners.ParentRunner$1.schedule(ParentRunner.java:71)
	at org.junit.runners.ParentRunner.runChildren(ParentRunner.java:288)
	at org.junit.runners.ParentRunner.access$000(ParentRunner.java:58)
	at org.junit.runners.ParentRunner$2.evaluate(ParentRunner.java:268)
	at org.junit.runners.ParentRunner.run(ParentRunner.java:363)
	at org.apache.maven.surefire.junit4.JUnit4TestSet.execute(JUnit4TestSet.java:53)
	at org.apache.maven.surefire.junit4.JUnit4Provider.executeTestSet(JUnit4Provider.java:123)
	at org.apache.maven.surefire.junit4.JUnit4Provider.invoke(JUnit4Provider.java:104)
	at sun.reflect.NativeMethodAccessorImpl.invoke0(Native Method)
	at sun.reflect.NativeMethodAccessorImpl.invoke(NativeMethodAccessorImpl.java:62)
	at sun.reflect.DelegatingMethodAccessorImpl.invoke(DelegatingMethodAccessorImpl.java:43)
	at java.lang.reflect.Method.invoke(Method.java:498)
	at org.apache.maven.surefire.util.ReflectionUtils.invokeMethodWithArray(ReflectionUtils.java:164)
	at org.apache.maven.surefire.booter.ProviderFactory$ProviderProxy.invoke(ProviderFactory.java:110)
	at org.apache.maven.surefire.booter.SurefireStarter.invokeProvider(SurefireStarter.java:175)
	at org.apache.maven.surefire.booter.SurefireStarter.runSuitesInProcessWhenForked(SurefireStarter.java:107)
	at org.apache.maven.surefire.booter.ForkedBooter.main(ForkedBooter.java:68)
</failure>
  </testcase>
  <testcase classname="com.google.common.collect.testing.testers.CollectionRemoveTester" name="testRemove_wrongType[HashMap tests [collection size: several] entrySet [collection size: several]]" time="0"/>
  <testcase classname="com.google.common.collect.testing.testers.CollectionRemoveTester" name="testRemove_nullAllowed[HashMap tests [collection size: several] entrySet [collection size: several]]" time="0"/>
  <testcase classname="com.google.common.collect.testing.testers.CollectionRemoveTester" name="testRemove_notPresent[HashMap tests [collection size: several] entrySet [collection size: several]]" time="0"/>
  <testcase classname="com.google.common.collect.testing.testers.CollectionRetainAllTester" name="testRetainAll_nullSingletonPreviouslyNonEmpty[HashMap tests [collection size: several] entrySet [collection size: several]]" time="0"/>
  <testcase classname="com.google.common.collect.testing.testers.CollectionRetainAllTester" name="testRetainAll_disjointPreviouslyNonEmpty[HashMap tests [collection size: several] entrySet [collection size: several]]" time="0"/>
  <testcase classname="com.google.common.collect.testing.testers.CollectionRetainAllTester" name="testRetainAll_nullCollectionReferenceNonEmptySubject[HashMap tests [collection size: several] entrySet [collection size: several]]" time="0"/>
  <testcase classname="com.google.common.collect.testing.testers.CollectionRetainAllTester" name="testRetainAll_superset[HashMap tests [collection size: several] entrySet [collection size: several]]" time="0">
    <failure message="retainAll(superset) should return false" type="junit.framework.AssertionFailedError">junit.framework.AssertionFailedError: retainAll(superset) should return false
	at junit.framework.Assert.fail(Assert.java:57)
	at junit.framework.Assert.assertTrue(Assert.java:22)
	at junit.framework.Assert.assertFalse(Assert.java:39)
	at junit.framework.TestCase.assertFalse(TestCase.java:210)
	at com.google.common.collect.testing.testers.CollectionRetainAllTester.expectReturnsFalse(CollectionRetainAllTester.java:322)
	at com.google.common.collect.testing.testers.CollectionRetainAllTester.testRetainAll_superset(CollectionRetainAllTester.java:170)
	at sun.reflect.NativeMethodAccessorImpl.invoke0(Native Method)
	at sun.reflect.NativeMethodAccessorImpl.invoke(NativeMethodAccessorImpl.java:62)
	at sun.reflect.DelegatingMethodAccessorImpl.invoke(DelegatingMethodAccessorImpl.java:43)
	at java.lang.reflect.Method.invoke(Method.java:498)
	at junit.framework.TestCase.runTest(TestCase.java:176)
	at junit.framework.TestCase.runBare(TestCase.java:141)
	at junit.framework.TestResult$1.protect(TestResult.java:122)
	at junit.framework.TestResult.runProtected(TestResult.java:142)
	at junit.framework.TestResult.run(TestResult.java:125)
	at junit.framework.TestCase.run(TestCase.java:129)
	at junit.framework.TestSuite.runTest(TestSuite.java:252)
	at junit.framework.TestSuite.run(TestSuite.java:247)
	at junit.framework.TestSuite.runTest(TestSuite.java:252)
	at junit.framework.TestSuite.run(TestSuite.java:247)
	at junit.framework.TestSuite.runTest(TestSuite.java:252)
	at junit.framework.TestSuite.run(TestSuite.java:247)
	at junit.framework.TestSuite.runTest(TestSuite.java:252)
	at junit.framework.TestSuite.run(TestSuite.java:247)
	at junit.framework.TestSuite.runTest(TestSuite.java:252)
	at junit.framework.TestSuite.run(TestSuite.java:247)
	at org.junit.internal.runners.JUnit38ClassRunner.run(JUnit38ClassRunner.java:86)
	at org.junit.runners.Suite.runChild(Suite.java:128)
	at org.junit.runners.Suite.runChild(Suite.java:27)
	at org.junit.runners.ParentRunner$3.run(ParentRunner.java:290)
	at org.junit.runners.ParentRunner$1.schedule(ParentRunner.java:71)
	at org.junit.runners.ParentRunner.runChildren(ParentRunner.java:288)
	at org.junit.runners.ParentRunner.access$000(ParentRunner.java:58)
	at org.junit.runners.ParentRunner$2.evaluate(ParentRunner.java:268)
	at org.junit.runners.ParentRunner.run(ParentRunner.java:363)
	at org.apache.maven.surefire.junit4.JUnit4TestSet.execute(JUnit4TestSet.java:53)
	at org.apache.maven.surefire.junit4.JUnit4Provider.executeTestSet(JUnit4Provider.java:123)
	at org.apache.maven.surefire.junit4.JUnit4Provider.invoke(JUnit4Provider.java:104)
	at sun.reflect.NativeMethodAccessorImpl.invoke0(Native Method)
	at sun.reflect.NativeMethodAccessorImpl.invoke(NativeMethodAccessorImpl.java:62)
	at sun.reflect.DelegatingMethodAccessorImpl.invoke(DelegatingMethodAccessorImpl.java:43)
	at java.lang.reflect.Method.invoke(Method.java:498)
	at org.apache.maven.surefire.util.ReflectionUtils.invokeMethodWithArray(ReflectionUtils.java:164)
	at org.apache.maven.surefire.booter.ProviderFactory$ProviderProxy.invoke(ProviderFactory.java:110)
	at org.apache.maven.surefire.booter.SurefireStarter.invokeProvider(SurefireStarter.java:175)
	at org.apache.maven.surefire.booter.SurefireStarter.runSuitesInProcessWhenForked(SurefireStarter.java:107)
	at org.apache.maven.surefire.booter.ForkedBooter.main(ForkedBooter.java:68)
</failure>
  </testcase>
  <testcase classname="com.google.common.collect.testing.testers.CollectionRetainAllTester" name="testRetainAll_containsDuplicatesSizeSeveral[HashMap tests [collection size: several] entrySet [collection size: several]]" time="0">
    <failure message="did not contain expected element one=January, expected = [one=January], actual = []" type="junit.framework.AssertionFailedError">junit.framework.AssertionFailedError: did not contain expected element one=January, expected = [one=January], actual = []
	at junit.framework.Assert.fail(Assert.java:57)
	at com.google.common.collect.testing.Helpers.assertEqualIgnoringOrder(Helpers.java:134)
	at com.google.common.collect.testing.AbstractContainerTester.expectContents(AbstractContainerTester.java:110)
	at com.google.common.collect.testing.AbstractContainerTester.expectContents(AbstractContainerTester.java:88)
	at com.google.common.collect.testing.testers.CollectionRetainAllTester.testRetainAll_containsDuplicatesSizeSeveral(CollectionRetainAllTester.java:239)
	at sun.reflect.NativeMethodAccessorImpl.invoke0(Native Method)
	at sun.reflect.NativeMethodAccessorImpl.invoke(NativeMethodAccessorImpl.java:62)
	at sun.reflect.DelegatingMethodAccessorImpl.invoke(DelegatingMethodAccessorImpl.java:43)
	at java.lang.reflect.Method.invoke(Method.java:498)
	at junit.framework.TestCase.runTest(TestCase.java:176)
	at junit.framework.TestCase.runBare(TestCase.java:141)
	at junit.framework.TestResult$1.protect(TestResult.java:122)
	at junit.framework.TestResult.runProtected(TestResult.java:142)
	at junit.framework.TestResult.run(TestResult.java:125)
	at junit.framework.TestCase.run(TestCase.java:129)
	at junit.framework.TestSuite.runTest(TestSuite.java:252)
	at junit.framework.TestSuite.run(TestSuite.java:247)
	at junit.framework.TestSuite.runTest(TestSuite.java:252)
	at junit.framework.TestSuite.run(TestSuite.java:247)
	at junit.framework.TestSuite.runTest(TestSuite.java:252)
	at junit.framework.TestSuite.run(TestSuite.java:247)
	at junit.framework.TestSuite.runTest(TestSuite.java:252)
	at junit.framework.TestSuite.run(TestSuite.java:247)
	at junit.framework.TestSuite.runTest(TestSuite.java:252)
	at junit.framework.TestSuite.run(TestSuite.java:247)
	at org.junit.internal.runners.JUnit38ClassRunner.run(JUnit38ClassRunner.java:86)
	at org.junit.runners.Suite.runChild(Suite.java:128)
	at org.junit.runners.Suite.runChild(Suite.java:27)
	at org.junit.runners.ParentRunner$3.run(ParentRunner.java:290)
	at org.junit.runners.ParentRunner$1.schedule(ParentRunner.java:71)
	at org.junit.runners.ParentRunner.runChildren(ParentRunner.java:288)
	at org.junit.runners.ParentRunner.access$000(ParentRunner.java:58)
	at org.junit.runners.ParentRunner$2.evaluate(ParentRunner.java:268)
	at org.junit.runners.ParentRunner.run(ParentRunner.java:363)
	at org.apache.maven.surefire.junit4.JUnit4TestSet.execute(JUnit4TestSet.java:53)
	at org.apache.maven.surefire.junit4.JUnit4Provider.executeTestSet(JUnit4Provider.java:123)
	at org.apache.maven.surefire.junit4.JUnit4Provider.invoke(JUnit4Provider.java:104)
	at sun.reflect.NativeMethodAccessorImpl.invoke0(Native Method)
	at sun.reflect.NativeMethodAccessorImpl.invoke(NativeMethodAccessorImpl.java:62)
	at sun.reflect.DelegatingMethodAccessorImpl.invoke(DelegatingMethodAccessorImpl.java:43)
	at java.lang.reflect.Method.invoke(Method.java:498)
	at org.apache.maven.surefire.util.ReflectionUtils.invokeMethodWithArray(ReflectionUtils.java:164)
	at org.apache.maven.surefire.booter.ProviderFactory$ProviderProxy.invoke(ProviderFactory.java:110)
	at org.apache.maven.surefire.booter.SurefireStarter.invokeProvider(SurefireStarter.java:175)
	at org.apache.maven.surefire.booter.SurefireStarter.runSuitesInProcessWhenForked(SurefireStarter.java:107)
	at org.apache.maven.surefire.booter.ForkedBooter.main(ForkedBooter.java:68)
</failure>
  </testcase>
  <testcase classname="com.google.common.collect.testing.testers.CollectionRetainAllTester" name="testRetainAll_subset[HashMap tests [collection size: several] entrySet [collection size: several]]" time="0.001">
    <failure message="did not contain expected element two=February, expected = [two=February], actual = []" type="junit.framework.AssertionFailedError">junit.framework.AssertionFailedError: did not contain expected element two=February, expected = [two=February], actual = []
	at junit.framework.Assert.fail(Assert.java:57)
	at com.google.common.collect.testing.Helpers.assertEqualIgnoringOrder(Helpers.java:134)
	at com.google.common.collect.testing.AbstractContainerTester.expectContents(AbstractContainerTester.java:110)
	at com.google.common.collect.testing.testers.CollectionRetainAllTester.testRetainAll_subset(CollectionRetainAllTester.java:186)
	at sun.reflect.NativeMethodAccessorImpl.invoke0(Native Method)
	at sun.reflect.NativeMethodAccessorImpl.invoke(NativeMethodAccessorImpl.java:62)
	at sun.reflect.DelegatingMethodAccessorImpl.invoke(DelegatingMethodAccessorImpl.java:43)
	at java.lang.reflect.Method.invoke(Method.java:498)
	at junit.framework.TestCase.runTest(TestCase.java:176)
	at junit.framework.TestCase.runBare(TestCase.java:141)
	at junit.framework.TestResult$1.protect(TestResult.java:122)
	at junit.framework.TestResult.runProtected(TestResult.java:142)
	at junit.framework.TestResult.run(TestResult.java:125)
	at junit.framework.TestCase.run(TestCase.java:129)
	at junit.framework.TestSuite.runTest(TestSuite.java:252)
	at junit.framework.TestSuite.run(TestSuite.java:247)
	at junit.framework.TestSuite.runTest(TestSuite.java:252)
	at junit.framework.TestSuite.run(TestSuite.java:247)
	at junit.framework.TestSuite.runTest(TestSuite.java:252)
	at junit.framework.TestSuite.run(TestSuite.java:247)
	at junit.framework.TestSuite.runTest(TestSuite.java:252)
	at junit.framework.TestSuite.run(TestSuite.java:247)
	at junit.framework.TestSuite.runTest(TestSuite.java:252)
	at junit.framework.TestSuite.run(TestSuite.java:247)
	at org.junit.internal.runners.JUnit38ClassRunner.run(JUnit38ClassRunner.java:86)
	at org.junit.runners.Suite.runChild(Suite.java:128)
	at org.junit.runners.Suite.runChild(Suite.java:27)
	at org.junit.runners.ParentRunner$3.run(ParentRunner.java:290)
	at org.junit.runners.ParentRunner$1.schedule(ParentRunner.java:71)
	at org.junit.runners.ParentRunner.runChildren(ParentRunner.java:288)
	at org.junit.runners.ParentRunner.access$000(ParentRunner.java:58)
	at org.junit.runners.ParentRunner$2.evaluate(ParentRunner.java:268)
	at org.junit.runners.ParentRunner.run(ParentRunner.java:363)
	at org.apache.maven.surefire.junit4.JUnit4TestSet.execute(JUnit4TestSet.java:53)
	at org.apache.maven.surefire.junit4.JUnit4Provider.executeTestSet(JUnit4Provider.java:123)
	at org.apache.maven.surefire.junit4.JUnit4Provider.invoke(JUnit4Provider.java:104)
	at sun.reflect.NativeMethodAccessorImpl.invoke0(Native Method)
	at sun.reflect.NativeMethodAccessorImpl.invoke(NativeMethodAccessorImpl.java:62)
	at sun.reflect.DelegatingMethodAccessorImpl.invoke(DelegatingMethodAccessorImpl.java:43)
	at java.lang.reflect.Method.invoke(Method.java:498)
	at org.apache.maven.surefire.util.ReflectionUtils.invokeMethodWithArray(ReflectionUtils.java:164)
	at org.apache.maven.surefire.booter.ProviderFactory$ProviderProxy.invoke(ProviderFactory.java:110)
	at org.apache.maven.surefire.booter.SurefireStarter.invokeProvider(SurefireStarter.java:175)
	at org.apache.maven.surefire.booter.SurefireStarter.runSuitesInProcessWhenForked(SurefireStarter.java:107)
	at org.apache.maven.surefire.booter.ForkedBooter.main(ForkedBooter.java:68)
</failure>
  </testcase>
  <testcase classname="com.google.common.collect.testing.testers.CollectionRetainAllTester" name="testRetainAll_emptyPreviouslyNonEmpty[HashMap tests [collection size: several] entrySet [collection size: several]]" time="0"/>
  <testcase classname="com.google.common.collect.testing.testers.CollectionRetainAllTester" name="testRetainAll_sameElements[HashMap tests [collection size: several] entrySet [collection size: several]]" time="0.001">
    <failure message="retainAll(sameElements) should return false" type="junit.framework.AssertionFailedError">junit.framework.AssertionFailedError: retainAll(sameElements) should return false
	at junit.framework.Assert.fail(Assert.java:57)
	at junit.framework.Assert.assertTrue(Assert.java:22)
	at junit.framework.Assert.assertFalse(Assert.java:39)
	at junit.framework.TestCase.assertFalse(TestCase.java:210)
	at com.google.common.collect.testing.testers.CollectionRetainAllTester.expectReturnsFalse(CollectionRetainAllTester.java:322)
	at com.google.common.collect.testing.testers.CollectionRetainAllTester.testRetainAll_sameElements(CollectionRetainAllTester.java:200)
	at sun.reflect.NativeMethodAccessorImpl.invoke0(Native Method)
	at sun.reflect.NativeMethodAccessorImpl.invoke(NativeMethodAccessorImpl.java:62)
	at sun.reflect.DelegatingMethodAccessorImpl.invoke(DelegatingMethodAccessorImpl.java:43)
	at java.lang.reflect.Method.invoke(Method.java:498)
	at junit.framework.TestCase.runTest(TestCase.java:176)
	at junit.framework.TestCase.runBare(TestCase.java:141)
	at junit.framework.TestResult$1.protect(TestResult.java:122)
	at junit.framework.TestResult.runProtected(TestResult.java:142)
	at junit.framework.TestResult.run(TestResult.java:125)
	at junit.framework.TestCase.run(TestCase.java:129)
	at junit.framework.TestSuite.runTest(TestSuite.java:252)
	at junit.framework.TestSuite.run(TestSuite.java:247)
	at junit.framework.TestSuite.runTest(TestSuite.java:252)
	at junit.framework.TestSuite.run(TestSuite.java:247)
	at junit.framework.TestSuite.runTest(TestSuite.java:252)
	at junit.framework.TestSuite.run(TestSuite.java:247)
	at junit.framework.TestSuite.runTest(TestSuite.java:252)
	at junit.framework.TestSuite.run(TestSuite.java:247)
	at junit.framework.TestSuite.runTest(TestSuite.java:252)
	at junit.framework.TestSuite.run(TestSuite.java:247)
	at org.junit.internal.runners.JUnit38ClassRunner.run(JUnit38ClassRunner.java:86)
	at org.junit.runners.Suite.runChild(Suite.java:128)
	at org.junit.runners.Suite.runChild(Suite.java:27)
	at org.junit.runners.ParentRunner$3.run(ParentRunner.java:290)
	at org.junit.runners.ParentRunner$1.schedule(ParentRunner.java:71)
	at org.junit.runners.ParentRunner.runChildren(ParentRunner.java:288)
	at org.junit.runners.ParentRunner.access$000(ParentRunner.java:58)
	at org.junit.runners.ParentRunner$2.evaluate(ParentRunner.java:268)
	at org.junit.runners.ParentRunner.run(ParentRunner.java:363)
	at org.apache.maven.surefire.junit4.JUnit4TestSet.execute(JUnit4TestSet.java:53)
	at org.apache.maven.surefire.junit4.JUnit4Provider.executeTestSet(JUnit4Provider.java:123)
	at org.apache.maven.surefire.junit4.JUnit4Provider.invoke(JUnit4Provider.java:104)
	at sun.reflect.NativeMethodAccessorImpl.invoke0(Native Method)
	at sun.reflect.NativeMethodAccessorImpl.invoke(NativeMethodAccessorImpl.java:62)
	at sun.reflect.DelegatingMethodAccessorImpl.invoke(DelegatingMethodAccessorImpl.java:43)
	at java.lang.reflect.Method.invoke(Method.java:498)
	at org.apache.maven.surefire.util.ReflectionUtils.invokeMethodWithArray(ReflectionUtils.java:164)
	at org.apache.maven.surefire.booter.ProviderFactory$ProviderProxy.invoke(ProviderFactory.java:110)
	at org.apache.maven.surefire.booter.SurefireStarter.invokeProvider(SurefireStarter.java:175)
	at org.apache.maven.surefire.booter.SurefireStarter.runSuitesInProcessWhenForked(SurefireStarter.java:107)
	at org.apache.maven.surefire.booter.ForkedBooter.main(ForkedBooter.java:68)
</failure>
  </testcase>
  <testcase classname="com.google.common.collect.testing.testers.CollectionRetainAllTester" name="testRetainAll_partialOverlap[HashMap tests [collection size: several] entrySet [collection size: several]]" time="0">
    <failure message="did not contain expected element three=March, expected = [three=March], actual = []" type="junit.framework.AssertionFailedError">junit.framework.AssertionFailedError: did not contain expected element three=March, expected = [three=March], actual = []
	at junit.framework.Assert.fail(Assert.java:57)
	at com.google.common.collect.testing.Helpers.assertEqualIgnoringOrder(Helpers.java:134)
	at com.google.common.collect.testing.AbstractContainerTester.expectContents(AbstractContainerTester.java:110)
	at com.google.common.collect.testing.AbstractContainerTester.expectContents(AbstractContainerTester.java:88)
	at com.google.common.collect.testing.testers.CollectionRetainAllTester.testRetainAll_partialOverlap(CollectionRetainAllTester.java:216)
	at sun.reflect.NativeMethodAccessorImpl.invoke0(Native Method)
	at sun.reflect.NativeMethodAccessorImpl.invoke(NativeMethodAccessorImpl.java:62)
	at sun.reflect.DelegatingMethodAccessorImpl.invoke(DelegatingMethodAccessorImpl.java:43)
	at java.lang.reflect.Method.invoke(Method.java:498)
	at junit.framework.TestCase.runTest(TestCase.java:176)
	at junit.framework.TestCase.runBare(TestCase.java:141)
	at junit.framework.TestResult$1.protect(TestResult.java:122)
	at junit.framework.TestResult.runProtected(TestResult.java:142)
	at junit.framework.TestResult.run(TestResult.java:125)
	at junit.framework.TestCase.run(TestCase.java:129)
	at junit.framework.TestSuite.runTest(TestSuite.java:252)
	at junit.framework.TestSuite.run(TestSuite.java:247)
	at junit.framework.TestSuite.runTest(TestSuite.java:252)
	at junit.framework.TestSuite.run(TestSuite.java:247)
	at junit.framework.TestSuite.runTest(TestSuite.java:252)
	at junit.framework.TestSuite.run(TestSuite.java:247)
	at junit.framework.TestSuite.runTest(TestSuite.java:252)
	at junit.framework.TestSuite.run(TestSuite.java:247)
	at junit.framework.TestSuite.runTest(TestSuite.java:252)
	at junit.framework.TestSuite.run(TestSuite.java:247)
	at org.junit.internal.runners.JUnit38ClassRunner.run(JUnit38ClassRunner.java:86)
	at org.junit.runners.Suite.runChild(Suite.java:128)
	at org.junit.runners.Suite.runChild(Suite.java:27)
	at org.junit.runners.ParentRunner$3.run(ParentRunner.java:290)
	at org.junit.runners.ParentRunner$1.schedule(ParentRunner.java:71)
	at org.junit.runners.ParentRunner.runChildren(ParentRunner.java:288)
	at org.junit.runners.ParentRunner.access$000(ParentRunner.java:58)
	at org.junit.runners.ParentRunner$2.evaluate(ParentRunner.java:268)
	at org.junit.runners.ParentRunner.run(ParentRunner.java:363)
	at org.apache.maven.surefire.junit4.JUnit4TestSet.execute(JUnit4TestSet.java:53)
	at org.apache.maven.surefire.junit4.JUnit4Provider.executeTestSet(JUnit4Provider.java:123)
	at org.apache.maven.surefire.junit4.JUnit4Provider.invoke(JUnit4Provider.java:104)
	at sun.reflect.NativeMethodAccessorImpl.invoke0(Native Method)
	at sun.reflect.NativeMethodAccessorImpl.invoke(NativeMethodAccessorImpl.java:62)
	at sun.reflect.DelegatingMethodAccessorImpl.invoke(DelegatingMethodAccessorImpl.java:43)
	at java.lang.reflect.Method.invoke(Method.java:498)
	at org.apache.maven.surefire.util.ReflectionUtils.invokeMethodWithArray(ReflectionUtils.java:164)
	at org.apache.maven.surefire.booter.ProviderFactory$ProviderProxy.invoke(ProviderFactory.java:110)
	at org.apache.maven.surefire.booter.SurefireStarter.invokeProvider(SurefireStarter.java:175)
	at org.apache.maven.surefire.booter.SurefireStarter.runSuitesInProcessWhenForked(SurefireStarter.java:107)
	at org.apache.maven.surefire.booter.ForkedBooter.main(ForkedBooter.java:68)
</failure>
  </testcase>
  <testcase classname="com.google.common.collect.testing.testers.CollectionSizeTester" name="testSize[HashMap tests [collection size: several] entrySet [collection size: several]]" time="0"/>
  <testcase classname="com.google.common.collect.testing.testers.CollectionToArrayTester" name="testToArray_emptyArray[HashMap tests [collection size: several] entrySet [collection size: several]]" time="0"/>
  <testcase classname="com.google.common.collect.testing.testers.CollectionToArrayTester" name="testToArray_oversizedArray[HashMap tests [collection size: several] entrySet [collection size: several]]" time="0"/>
  <testcase classname="com.google.common.collect.testing.testers.CollectionToArrayTester" name="testToArray_emptyArrayOfObject[HashMap tests [collection size: several] entrySet [collection size: several]]" time="0"/>
  <testcase classname="com.google.common.collect.testing.testers.CollectionToArrayTester" name="testToArray_emptyArrayOfWrongTypeForNonEmptyCollection[HashMap tests [collection size: several] entrySet [collection size: several]]" time="0"/>
  <testcase classname="com.google.common.collect.testing.testers.CollectionToArrayTester" name="testToArray_noArgs[HashMap tests [collection size: several] entrySet [collection size: several]]" time="0"/>
  <testcase classname="com.google.common.collect.testing.testers.CollectionToArrayTester" name="testToArray_isPlainObjectArray[HashMap tests [collection size: several] entrySet [collection size: several]]" time="0"/>
  <testcase classname="com.google.common.collect.testing.testers.CollectionToArrayTester" name="testToArray_rightSizedArrayOfObject[HashMap tests [collection size: several] entrySet [collection size: several]]" time="0"/>
  <testcase classname="com.google.common.collect.testing.testers.CollectionToArrayTester" name="testToArray_rightSizedArray[HashMap tests [collection size: several] entrySet [collection size: several]]" time="0"/>
  <testcase classname="com.google.common.collect.testing.testers.CollectionToStringTester" name="testToString_minimal[HashMap tests [collection size: several] entrySet [collection size: several]]" time="0"/>
  <testcase classname="com.google.common.collect.testing.testers.SetCreationTester" name="testCreateWithDuplicates_nonNullDuplicatesNotRejected[HashMap tests [collection size: several] entrySet [collection size: several]]" time="0"/>
  <testcase classname="com.google.common.collect.testing.testers.SetHashCodeTester" name="testHashCode[HashMap tests [collection size: several] entrySet [collection size: several]]" time="0">
    <failure message="A Set&apos;s hashCode() should be the sum of those of its elements. expected:&lt;-311554185&gt; but was:&lt;-1432749564&gt;" type="junit.framework.AssertionFailedError">junit.framework.AssertionFailedError: A Set&apos;s hashCode() should be the sum of those of its elements. expected:&lt;-311554185&gt; but was:&lt;-1432749564&gt;
	at junit.framework.Assert.fail(Assert.java:57)
	at junit.framework.Assert.failNotEquals(Assert.java:329)
	at junit.framework.Assert.assertEquals(Assert.java:78)
	at junit.framework.Assert.assertEquals(Assert.java:234)
	at junit.framework.TestCase.assertEquals(TestCase.java:401)
	at com.google.common.collect.testing.testers.SetHashCodeTester.testHashCode(SetHashCodeTester.java:42)
	at sun.reflect.NativeMethodAccessorImpl.invoke0(Native Method)
	at sun.reflect.NativeMethodAccessorImpl.invoke(NativeMethodAccessorImpl.java:62)
	at sun.reflect.DelegatingMethodAccessorImpl.invoke(DelegatingMethodAccessorImpl.java:43)
	at java.lang.reflect.Method.invoke(Method.java:498)
	at junit.framework.TestCase.runTest(TestCase.java:176)
	at junit.framework.TestCase.runBare(TestCase.java:141)
	at junit.framework.TestResult$1.protect(TestResult.java:122)
	at junit.framework.TestResult.runProtected(TestResult.java:142)
	at junit.framework.TestResult.run(TestResult.java:125)
	at junit.framework.TestCase.run(TestCase.java:129)
	at junit.framework.TestSuite.runTest(TestSuite.java:252)
	at junit.framework.TestSuite.run(TestSuite.java:247)
	at junit.framework.TestSuite.runTest(TestSuite.java:252)
	at junit.framework.TestSuite.run(TestSuite.java:247)
	at junit.framework.TestSuite.runTest(TestSuite.java:252)
	at junit.framework.TestSuite.run(TestSuite.java:247)
	at junit.framework.TestSuite.runTest(TestSuite.java:252)
	at junit.framework.TestSuite.run(TestSuite.java:247)
	at junit.framework.TestSuite.runTest(TestSuite.java:252)
	at junit.framework.TestSuite.run(TestSuite.java:247)
	at org.junit.internal.runners.JUnit38ClassRunner.run(JUnit38ClassRunner.java:86)
	at org.junit.runners.Suite.runChild(Suite.java:128)
	at org.junit.runners.Suite.runChild(Suite.java:27)
	at org.junit.runners.ParentRunner$3.run(ParentRunner.java:290)
	at org.junit.runners.ParentRunner$1.schedule(ParentRunner.java:71)
	at org.junit.runners.ParentRunner.runChildren(ParentRunner.java:288)
	at org.junit.runners.ParentRunner.access$000(ParentRunner.java:58)
	at org.junit.runners.ParentRunner$2.evaluate(ParentRunner.java:268)
	at org.junit.runners.ParentRunner.run(ParentRunner.java:363)
	at org.apache.maven.surefire.junit4.JUnit4TestSet.execute(JUnit4TestSet.java:53)
	at org.apache.maven.surefire.junit4.JUnit4Provider.executeTestSet(JUnit4Provider.java:123)
	at org.apache.maven.surefire.junit4.JUnit4Provider.invoke(JUnit4Provider.java:104)
	at sun.reflect.NativeMethodAccessorImpl.invoke0(Native Method)
	at sun.reflect.NativeMethodAccessorImpl.invoke(NativeMethodAccessorImpl.java:62)
	at sun.reflect.DelegatingMethodAccessorImpl.invoke(DelegatingMethodAccessorImpl.java:43)
	at java.lang.reflect.Method.invoke(Method.java:498)
	at org.apache.maven.surefire.util.ReflectionUtils.invokeMethodWithArray(ReflectionUtils.java:164)
	at org.apache.maven.surefire.booter.ProviderFactory$ProviderProxy.invoke(ProviderFactory.java:110)
	at org.apache.maven.surefire.booter.SurefireStarter.invokeProvider(SurefireStarter.java:175)
	at org.apache.maven.surefire.booter.SurefireStarter.runSuitesInProcessWhenForked(SurefireStarter.java:107)
	at org.apache.maven.surefire.booter.ForkedBooter.main(ForkedBooter.java:68)
</failure>
  </testcase>
  <testcase classname="com.google.common.collect.testing.testers.SetEqualsTester" name="testEquals_list[HashMap tests [collection size: several] entrySet [collection size: several]]" time="0"/>
  <testcase classname="com.google.common.collect.testing.testers.SetEqualsTester" name="testEquals_otherSetWithSameElements[HashMap tests [collection size: several] entrySet [collection size: several]]" time="0.001">
    <failure message="A Set should equal any other Set containing the same elements." type="junit.framework.AssertionFailedError">junit.framework.AssertionFailedError: A Set should equal any other Set containing the same elements.
	at junit.framework.Assert.fail(Assert.java:57)
	at junit.framework.Assert.assertTrue(Assert.java:22)
	at junit.framework.TestCase.assertTrue(TestCase.java:192)
	at com.google.common.collect.testing.testers.SetEqualsTester.testEquals_otherSetWithSameElements(SetEqualsTester.java:38)
	at sun.reflect.NativeMethodAccessorImpl.invoke0(Native Method)
	at sun.reflect.NativeMethodAccessorImpl.invoke(NativeMethodAccessorImpl.java:62)
	at sun.reflect.DelegatingMethodAccessorImpl.invoke(DelegatingMethodAccessorImpl.java:43)
	at java.lang.reflect.Method.invoke(Method.java:498)
	at junit.framework.TestCase.runTest(TestCase.java:176)
	at junit.framework.TestCase.runBare(TestCase.java:141)
	at junit.framework.TestResult$1.protect(TestResult.java:122)
	at junit.framework.TestResult.runProtected(TestResult.java:142)
	at junit.framework.TestResult.run(TestResult.java:125)
	at junit.framework.TestCase.run(TestCase.java:129)
	at junit.framework.TestSuite.runTest(TestSuite.java:252)
	at junit.framework.TestSuite.run(TestSuite.java:247)
	at junit.framework.TestSuite.runTest(TestSuite.java:252)
	at junit.framework.TestSuite.run(TestSuite.java:247)
	at junit.framework.TestSuite.runTest(TestSuite.java:252)
	at junit.framework.TestSuite.run(TestSuite.java:247)
	at junit.framework.TestSuite.runTest(TestSuite.java:252)
	at junit.framework.TestSuite.run(TestSuite.java:247)
	at junit.framework.TestSuite.runTest(TestSuite.java:252)
	at junit.framework.TestSuite.run(TestSuite.java:247)
	at org.junit.internal.runners.JUnit38ClassRunner.run(JUnit38ClassRunner.java:86)
	at org.junit.runners.Suite.runChild(Suite.java:128)
	at org.junit.runners.Suite.runChild(Suite.java:27)
	at org.junit.runners.ParentRunner$3.run(ParentRunner.java:290)
	at org.junit.runners.ParentRunner$1.schedule(ParentRunner.java:71)
	at org.junit.runners.ParentRunner.runChildren(ParentRunner.java:288)
	at org.junit.runners.ParentRunner.access$000(ParentRunner.java:58)
	at org.junit.runners.ParentRunner$2.evaluate(ParentRunner.java:268)
	at org.junit.runners.ParentRunner.run(ParentRunner.java:363)
	at org.apache.maven.surefire.junit4.JUnit4TestSet.execute(JUnit4TestSet.java:53)
	at org.apache.maven.surefire.junit4.JUnit4Provider.executeTestSet(JUnit4Provider.java:123)
	at org.apache.maven.surefire.junit4.JUnit4Provider.invoke(JUnit4Provider.java:104)
	at sun.reflect.NativeMethodAccessorImpl.invoke0(Native Method)
	at sun.reflect.NativeMethodAccessorImpl.invoke(NativeMethodAccessorImpl.java:62)
	at sun.reflect.DelegatingMethodAccessorImpl.invoke(DelegatingMethodAccessorImpl.java:43)
	at java.lang.reflect.Method.invoke(Method.java:498)
	at org.apache.maven.surefire.util.ReflectionUtils.invokeMethodWithArray(ReflectionUtils.java:164)
	at org.apache.maven.surefire.booter.ProviderFactory$ProviderProxy.invoke(ProviderFactory.java:110)
	at org.apache.maven.surefire.booter.SurefireStarter.invokeProvider(SurefireStarter.java:175)
	at org.apache.maven.surefire.booter.SurefireStarter.runSuitesInProcessWhenForked(SurefireStarter.java:107)
	at org.apache.maven.surefire.booter.ForkedBooter.main(ForkedBooter.java:68)
</failure>
  </testcase>
  <testcase classname="com.google.common.collect.testing.testers.SetEqualsTester" name="testEquals_largerSet[HashMap tests [collection size: several] entrySet [collection size: several]]" time="0"/>
  <testcase classname="com.google.common.collect.testing.testers.SetEqualsTester" name="testEquals_otherContainsNull[HashMap tests [collection size: several] entrySet [collection size: several]]" time="0"/>
  <testcase classname="com.google.common.collect.testing.testers.SetEqualsTester" name="testEquals_smallerSet[HashMap tests [collection size: several] entrySet [collection size: several]]" time="0"/>
  <testcase classname="com.google.common.collect.testing.testers.SetEqualsTester" name="testEquals_otherSetWithDifferentElements[HashMap tests [collection size: several] entrySet [collection size: several]]" time="0"/>
  <testcase classname="com.google.common.collect.testing.testers.SetRemoveTester" name="testRemove_present[HashMap tests [collection size: several] entrySet [collection size: several]]" time="0.001"/>
  <testcase classname="com.google.common.collect.testing.ExampleIteratorTester" name="testSomethingAboutIterators[HashMap tests [collection size: several] entrySet [collection size: several] iterator]" time="0"/>
  <testcase classname="com.google.common.collect.testing.testers.CollectionAddAllTester" name="testAddAll_unsupportedSomePresent[HashMap tests [collection size: several] keys [collection size: several]]" time="0.001">
    <failure message="addAll(somePresent) should throw" type="junit.framework.AssertionFailedError">junit.framework.AssertionFailedError: addAll(somePresent) should throw
	at junit.framework.Assert.fail(Assert.java:57)
	at junit.framework.TestCase.fail(TestCase.java:227)
	at com.google.common.collect.testing.testers.CollectionAddAllTester.testAddAll_unsupportedSomePresent(CollectionAddAllTester.java:99)
	at sun.reflect.NativeMethodAccessorImpl.invoke0(Native Method)
	at sun.reflect.NativeMethodAccessorImpl.invoke(NativeMethodAccessorImpl.java:62)
	at sun.reflect.DelegatingMethodAccessorImpl.invoke(DelegatingMethodAccessorImpl.java:43)
	at java.lang.reflect.Method.invoke(Method.java:498)
	at junit.framework.TestCase.runTest(TestCase.java:176)
	at junit.framework.TestCase.runBare(TestCase.java:141)
	at junit.framework.TestResult$1.protect(TestResult.java:122)
	at junit.framework.TestResult.runProtected(TestResult.java:142)
	at junit.framework.TestResult.run(TestResult.java:125)
	at junit.framework.TestCase.run(TestCase.java:129)
	at junit.framework.TestSuite.runTest(TestSuite.java:252)
	at junit.framework.TestSuite.run(TestSuite.java:247)
	at junit.framework.TestSuite.runTest(TestSuite.java:252)
	at junit.framework.TestSuite.run(TestSuite.java:247)
	at junit.framework.TestSuite.runTest(TestSuite.java:252)
	at junit.framework.TestSuite.run(TestSuite.java:247)
	at junit.framework.TestSuite.runTest(TestSuite.java:252)
	at junit.framework.TestSuite.run(TestSuite.java:247)
	at junit.framework.TestSuite.runTest(TestSuite.java:252)
	at junit.framework.TestSuite.run(TestSuite.java:247)
	at org.junit.internal.runners.JUnit38ClassRunner.run(JUnit38ClassRunner.java:86)
	at org.junit.runners.Suite.runChild(Suite.java:128)
	at org.junit.runners.Suite.runChild(Suite.java:27)
	at org.junit.runners.ParentRunner$3.run(ParentRunner.java:290)
	at org.junit.runners.ParentRunner$1.schedule(ParentRunner.java:71)
	at org.junit.runners.ParentRunner.runChildren(ParentRunner.java:288)
	at org.junit.runners.ParentRunner.access$000(ParentRunner.java:58)
	at org.junit.runners.ParentRunner$2.evaluate(ParentRunner.java:268)
	at org.junit.runners.ParentRunner.run(ParentRunner.java:363)
	at org.apache.maven.surefire.junit4.JUnit4TestSet.execute(JUnit4TestSet.java:53)
	at org.apache.maven.surefire.junit4.JUnit4Provider.executeTestSet(JUnit4Provider.java:123)
	at org.apache.maven.surefire.junit4.JUnit4Provider.invoke(JUnit4Provider.java:104)
	at sun.reflect.NativeMethodAccessorImpl.invoke0(Native Method)
	at sun.reflect.NativeMethodAccessorImpl.invoke(NativeMethodAccessorImpl.java:62)
	at sun.reflect.DelegatingMethodAccessorImpl.invoke(DelegatingMethodAccessorImpl.java:43)
	at java.lang.reflect.Method.invoke(Method.java:498)
	at org.apache.maven.surefire.util.ReflectionUtils.invokeMethodWithArray(ReflectionUtils.java:164)
	at org.apache.maven.surefire.booter.ProviderFactory$ProviderProxy.invoke(ProviderFactory.java:110)
	at org.apache.maven.surefire.booter.SurefireStarter.invokeProvider(SurefireStarter.java:175)
	at org.apache.maven.surefire.booter.SurefireStarter.runSuitesInProcessWhenForked(SurefireStarter.java:107)
	at org.apache.maven.surefire.booter.ForkedBooter.main(ForkedBooter.java:68)
</failure>
  </testcase>
  <testcase classname="com.google.common.collect.testing.testers.CollectionAddAllTester" name="testAddAll_unsupportedNothing[HashMap tests [collection size: several] keys [collection size: several]]" time="0"/>
  <testcase classname="com.google.common.collect.testing.testers.CollectionAddAllTester" name="testAddAll_unsupportedNonePresent[HashMap tests [collection size: several] keys [collection size: several]]" time="0.013">
    <failure message="addAll(nonePresent) should throw" type="junit.framework.AssertionFailedError">junit.framework.AssertionFailedError: addAll(nonePresent) should throw
	at junit.framework.Assert.fail(Assert.java:57)
	at junit.framework.TestCase.fail(TestCase.java:227)
	at com.google.common.collect.testing.testers.CollectionAddAllTester.testAddAll_unsupportedNonePresent(CollectionAddAllTester.java:78)
	at sun.reflect.NativeMethodAccessorImpl.invoke0(Native Method)
	at sun.reflect.NativeMethodAccessorImpl.invoke(NativeMethodAccessorImpl.java:62)
	at sun.reflect.DelegatingMethodAccessorImpl.invoke(DelegatingMethodAccessorImpl.java:43)
	at java.lang.reflect.Method.invoke(Method.java:498)
	at junit.framework.TestCase.runTest(TestCase.java:176)
	at junit.framework.TestCase.runBare(TestCase.java:141)
	at junit.framework.TestResult$1.protect(TestResult.java:122)
	at junit.framework.TestResult.runProtected(TestResult.java:142)
	at junit.framework.TestResult.run(TestResult.java:125)
	at junit.framework.TestCase.run(TestCase.java:129)
	at junit.framework.TestSuite.runTest(TestSuite.java:252)
	at junit.framework.TestSuite.run(TestSuite.java:247)
	at junit.framework.TestSuite.runTest(TestSuite.java:252)
	at junit.framework.TestSuite.run(TestSuite.java:247)
	at junit.framework.TestSuite.runTest(TestSuite.java:252)
	at junit.framework.TestSuite.run(TestSuite.java:247)
	at junit.framework.TestSuite.runTest(TestSuite.java:252)
	at junit.framework.TestSuite.run(TestSuite.java:247)
	at junit.framework.TestSuite.runTest(TestSuite.java:252)
	at junit.framework.TestSuite.run(TestSuite.java:247)
	at org.junit.internal.runners.JUnit38ClassRunner.run(JUnit38ClassRunner.java:86)
	at org.junit.runners.Suite.runChild(Suite.java:128)
	at org.junit.runners.Suite.runChild(Suite.java:27)
	at org.junit.runners.ParentRunner$3.run(ParentRunner.java:290)
	at org.junit.runners.ParentRunner$1.schedule(ParentRunner.java:71)
	at org.junit.runners.ParentRunner.runChildren(ParentRunner.java:288)
	at org.junit.runners.ParentRunner.access$000(ParentRunner.java:58)
	at org.junit.runners.ParentRunner$2.evaluate(ParentRunner.java:268)
	at org.junit.runners.ParentRunner.run(ParentRunner.java:363)
	at org.apache.maven.surefire.junit4.JUnit4TestSet.execute(JUnit4TestSet.java:53)
	at org.apache.maven.surefire.junit4.JUnit4Provider.executeTestSet(JUnit4Provider.java:123)
	at org.apache.maven.surefire.junit4.JUnit4Provider.invoke(JUnit4Provider.java:104)
	at sun.reflect.NativeMethodAccessorImpl.invoke0(Native Method)
	at sun.reflect.NativeMethodAccessorImpl.invoke(NativeMethodAccessorImpl.java:62)
	at sun.reflect.DelegatingMethodAccessorImpl.invoke(DelegatingMethodAccessorImpl.java:43)
	at java.lang.reflect.Method.invoke(Method.java:498)
	at org.apache.maven.surefire.util.ReflectionUtils.invokeMethodWithArray(ReflectionUtils.java:164)
	at org.apache.maven.surefire.booter.ProviderFactory$ProviderProxy.invoke(ProviderFactory.java:110)
	at org.apache.maven.surefire.booter.SurefireStarter.invokeProvider(SurefireStarter.java:175)
	at org.apache.maven.surefire.booter.SurefireStarter.runSuitesInProcessWhenForked(SurefireStarter.java:107)
	at org.apache.maven.surefire.booter.ForkedBooter.main(ForkedBooter.java:68)
</failure>
  </testcase>
  <testcase classname="com.google.common.collect.testing.testers.CollectionAddAllTester" name="testAddAll_unsupportedAllPresent[HashMap tests [collection size: several] keys [collection size: several]]" time="0"/>
  <testcase classname="com.google.common.collect.testing.testers.CollectionAddTester" name="testAdd_unsupportedNotPresent[HashMap tests [collection size: several] keys [collection size: several]]" time="0">
    <failure message="add(notPresent) should throw" type="junit.framework.AssertionFailedError">junit.framework.AssertionFailedError: add(notPresent) should throw
	at junit.framework.Assert.fail(Assert.java:57)
	at junit.framework.TestCase.fail(TestCase.java:227)
	at com.google.common.collect.testing.testers.CollectionAddTester.testAdd_unsupportedNotPresent(CollectionAddTester.java:58)
	at sun.reflect.NativeMethodAccessorImpl.invoke0(Native Method)
	at sun.reflect.NativeMethodAccessorImpl.invoke(NativeMethodAccessorImpl.java:62)
	at sun.reflect.DelegatingMethodAccessorImpl.invoke(DelegatingMethodAccessorImpl.java:43)
	at java.lang.reflect.Method.invoke(Method.java:498)
	at junit.framework.TestCase.runTest(TestCase.java:176)
	at junit.framework.TestCase.runBare(TestCase.java:141)
	at junit.framework.TestResult$1.protect(TestResult.java:122)
	at junit.framework.TestResult.runProtected(TestResult.java:142)
	at junit.framework.TestResult.run(TestResult.java:125)
	at junit.framework.TestCase.run(TestCase.java:129)
	at junit.framework.TestSuite.runTest(TestSuite.java:252)
	at junit.framework.TestSuite.run(TestSuite.java:247)
	at junit.framework.TestSuite.runTest(TestSuite.java:252)
	at junit.framework.TestSuite.run(TestSuite.java:247)
	at junit.framework.TestSuite.runTest(TestSuite.java:252)
	at junit.framework.TestSuite.run(TestSuite.java:247)
	at junit.framework.TestSuite.runTest(TestSuite.java:252)
	at junit.framework.TestSuite.run(TestSuite.java:247)
	at junit.framework.TestSuite.runTest(TestSuite.java:252)
	at junit.framework.TestSuite.run(TestSuite.java:247)
	at org.junit.internal.runners.JUnit38ClassRunner.run(JUnit38ClassRunner.java:86)
	at org.junit.runners.Suite.runChild(Suite.java:128)
	at org.junit.runners.Suite.runChild(Suite.java:27)
	at org.junit.runners.ParentRunner$3.run(ParentRunner.java:290)
	at org.junit.runners.ParentRunner$1.schedule(ParentRunner.java:71)
	at org.junit.runners.ParentRunner.runChildren(ParentRunner.java:288)
	at org.junit.runners.ParentRunner.access$000(ParentRunner.java:58)
	at org.junit.runners.ParentRunner$2.evaluate(ParentRunner.java:268)
	at org.junit.runners.ParentRunner.run(ParentRunner.java:363)
	at org.apache.maven.surefire.junit4.JUnit4TestSet.execute(JUnit4TestSet.java:53)
	at org.apache.maven.surefire.junit4.JUnit4Provider.executeTestSet(JUnit4Provider.java:123)
	at org.apache.maven.surefire.junit4.JUnit4Provider.invoke(JUnit4Provider.java:104)
	at sun.reflect.NativeMethodAccessorImpl.invoke0(Native Method)
	at sun.reflect.NativeMethodAccessorImpl.invoke(NativeMethodAccessorImpl.java:62)
	at sun.reflect.DelegatingMethodAccessorImpl.invoke(DelegatingMethodAccessorImpl.java:43)
	at java.lang.reflect.Method.invoke(Method.java:498)
	at org.apache.maven.surefire.util.ReflectionUtils.invokeMethodWithArray(ReflectionUtils.java:164)
	at org.apache.maven.surefire.booter.ProviderFactory$ProviderProxy.invoke(ProviderFactory.java:110)
	at org.apache.maven.surefire.booter.SurefireStarter.invokeProvider(SurefireStarter.java:175)
	at org.apache.maven.surefire.booter.SurefireStarter.runSuitesInProcessWhenForked(SurefireStarter.java:107)
	at org.apache.maven.surefire.booter.ForkedBooter.main(ForkedBooter.java:68)
</failure>
  </testcase>
  <testcase classname="com.google.common.collect.testing.testers.CollectionAddTester" name="testAdd_unsupportedPresent[HashMap tests [collection size: several] keys [collection size: several]]" time="0"/>
  <testcase classname="com.google.common.collect.testing.testers.CollectionClearTester" name="testClear[HashMap tests [collection size: several] keys [collection size: several]]" time="0"/>
  <testcase classname="com.google.common.collect.testing.testers.CollectionContainsAllTester" name="testContainsAll_subset[HashMap tests [collection size: several] keys [collection size: several]]" time="0"/>
  <testcase classname="com.google.common.collect.testing.testers.CollectionContainsAllTester" name="testContainsAll_nullAllowed[HashMap tests [collection size: several] keys [collection size: several]]" time="0"/>
  <testcase classname="com.google.common.collect.testing.testers.CollectionContainsAllTester" name="testContainsAll_disjoint[HashMap tests [collection size: several] keys [collection size: several]]" time="0"/>
  <testcase classname="com.google.common.collect.testing.testers.CollectionContainsAllTester" name="testContainsAll_self[HashMap tests [collection size: several] keys [collection size: several]]" time="0"/>
  <testcase classname="com.google.common.collect.testing.testers.CollectionContainsAllTester" name="testContainsAll_wrongType[HashMap tests [collection size: several] keys [collection size: several]]" time="0"/>
  <testcase classname="com.google.common.collect.testing.testers.CollectionContainsAllTester" name="testContainsAll_empty[HashMap tests [collection size: several] keys [collection size: several]]" time="0"/>
  <testcase classname="com.google.common.collect.testing.testers.CollectionContainsAllTester" name="testContainsAll_sameElements[HashMap tests [collection size: several] keys [collection size: several]]" time="0"/>
  <testcase classname="com.google.common.collect.testing.testers.CollectionContainsAllTester" name="testContainsAll_partialOverlap[HashMap tests [collection size: several] keys [collection size: several]]" time="0"/>
  <testcase classname="com.google.common.collect.testing.testers.CollectionContainsTester" name="testContains_nullNotContainedButQueriesSupported[HashMap tests [collection size: several] keys [collection size: several]]" time="0"/>
  <testcase classname="com.google.common.collect.testing.testers.CollectionContainsTester" name="testContains_yes[HashMap tests [collection size: several] keys [collection size: several]]" time="0"/>
  <testcase classname="com.google.common.collect.testing.testers.CollectionContainsTester" name="testContains_no[HashMap tests [collection size: several] keys [collection size: several]]" time="0"/>
  <testcase classname="com.google.common.collect.testing.testers.CollectionContainsTester" name="testContains_wrongType[HashMap tests [collection size: several] keys [collection size: several]]" time="0"/>
  <testcase classname="com.google.common.collect.testing.testers.CollectionEqualsTester" name="testEquals_null[HashMap tests [collection size: several] keys [collection size: several]]" time="0"/>
  <testcase classname="com.google.common.collect.testing.testers.CollectionEqualsTester" name="testEquals_self[HashMap tests [collection size: several] keys [collection size: several]]" time="0"/>
  <testcase classname="com.google.common.collect.testing.testers.CollectionEqualsTester" name="testEquals_notACollection[HashMap tests [collection size: several] keys [collection size: several]]" time="0"/>
  <testcase classname="com.google.common.collect.testing.testers.CollectionIsEmptyTester" name="testIsEmpty_no[HashMap tests [collection size: several] keys [collection size: several]]" time="0"/>
  <testcase classname="com.google.common.collect.testing.testers.CollectionIteratorTester" name="testIteratorNoSuchElementException[HashMap tests [collection size: several] keys [collection size: several]]" time="0"/>
  <testcase classname="com.google.common.collect.testing.testers.CollectionIteratorTester" name="testIterator_unknownOrderRemoveUnsupported[HashMap tests [collection size: several] keys [collection size: several]]" time="0">
    <failure message="failed with stimuli [hasNext, hasNext, hasNext, next, remove]" type="junit.framework.AssertionFailedError">junit.framework.AssertionFailedError: failed with stimuli [hasNext, hasNext, hasNext, next, remove]
	at com.google.common.collect.testing.Helpers.fail(Helpers.java:240)
	at com.google.common.collect.testing.AbstractIteratorTester.compareResultsForThisListOfStimuli(AbstractIteratorTester.java:418)
	at com.google.common.collect.testing.AbstractIteratorTester.recurse(AbstractIteratorTester.java:383)
	at com.google.common.collect.testing.AbstractIteratorTester.recurse(AbstractIteratorTester.java:388)
	at com.google.common.collect.testing.AbstractIteratorTester.recurse(AbstractIteratorTester.java:388)
	at com.google.common.collect.testing.AbstractIteratorTester.recurse(AbstractIteratorTester.java:388)
	at com.google.common.collect.testing.AbstractIteratorTester.recurse(AbstractIteratorTester.java:388)
	at com.google.common.collect.testing.AbstractIteratorTester.recurse(AbstractIteratorTester.java:388)
	at com.google.common.collect.testing.AbstractIteratorTester.test(AbstractIteratorTester.java:372)
	at com.google.common.collect.testing.testers.CollectionIteratorTester.runIteratorTest(CollectionIteratorTester.java:96)
	at com.google.common.collect.testing.testers.CollectionIteratorTester.testIterator_unknownOrderRemoveUnsupported(CollectionIteratorTester.java:90)
	at sun.reflect.NativeMethodAccessorImpl.invoke0(Native Method)
	at sun.reflect.NativeMethodAccessorImpl.invoke(NativeMethodAccessorImpl.java:62)
	at sun.reflect.DelegatingMethodAccessorImpl.invoke(DelegatingMethodAccessorImpl.java:43)
	at java.lang.reflect.Method.invoke(Method.java:498)
	at junit.framework.TestCase.runTest(TestCase.java:176)
	at junit.framework.TestCase.runBare(TestCase.java:141)
	at junit.framework.TestResult$1.protect(TestResult.java:122)
	at junit.framework.TestResult.runProtected(TestResult.java:142)
	at junit.framework.TestResult.run(TestResult.java:125)
	at junit.framework.TestCase.run(TestCase.java:129)
	at junit.framework.TestSuite.runTest(TestSuite.java:252)
	at junit.framework.TestSuite.run(TestSuite.java:247)
	at junit.framework.TestSuite.runTest(TestSuite.java:252)
	at junit.framework.TestSuite.run(TestSuite.java:247)
	at junit.framework.TestSuite.runTest(TestSuite.java:252)
	at junit.framework.TestSuite.run(TestSuite.java:247)
	at junit.framework.TestSuite.runTest(TestSuite.java:252)
	at junit.framework.TestSuite.run(TestSuite.java:247)
	at junit.framework.TestSuite.runTest(TestSuite.java:252)
	at junit.framework.TestSuite.run(TestSuite.java:247)
	at org.junit.internal.runners.JUnit38ClassRunner.run(JUnit38ClassRunner.java:86)
	at org.junit.runners.Suite.runChild(Suite.java:128)
	at org.junit.runners.Suite.runChild(Suite.java:27)
	at org.junit.runners.ParentRunner$3.run(ParentRunner.java:290)
	at org.junit.runners.ParentRunner$1.schedule(ParentRunner.java:71)
	at org.junit.runners.ParentRunner.runChildren(ParentRunner.java:288)
	at org.junit.runners.ParentRunner.access$000(ParentRunner.java:58)
	at org.junit.runners.ParentRunner$2.evaluate(ParentRunner.java:268)
	at org.junit.runners.ParentRunner.run(ParentRunner.java:363)
	at org.apache.maven.surefire.junit4.JUnit4TestSet.execute(JUnit4TestSet.java:53)
	at org.apache.maven.surefire.junit4.JUnit4Provider.executeTestSet(JUnit4Provider.java:123)
	at org.apache.maven.surefire.junit4.JUnit4Provider.invoke(JUnit4Provider.java:104)
	at sun.reflect.NativeMethodAccessorImpl.invoke0(Native Method)
	at sun.reflect.NativeMethodAccessorImpl.invoke(NativeMethodAccessorImpl.java:62)
	at sun.reflect.DelegatingMethodAccessorImpl.invoke(DelegatingMethodAccessorImpl.java:43)
	at java.lang.reflect.Method.invoke(Method.java:498)
	at org.apache.maven.surefire.util.ReflectionUtils.invokeMethodWithArray(ReflectionUtils.java:164)
	at org.apache.maven.surefire.booter.ProviderFactory$ProviderProxy.invoke(ProviderFactory.java:110)
	at org.apache.maven.surefire.booter.SurefireStarter.invokeProvider(SurefireStarter.java:175)
	at org.apache.maven.surefire.booter.SurefireStarter.runSuitesInProcessWhenForked(SurefireStarter.java:107)
	at org.apache.maven.surefire.booter.ForkedBooter.main(ForkedBooter.java:68)
Caused by: junit.framework.AssertionFailedError: Target failed to throw one of [class java.lang.UnsupportedOperationException]
	at junit.framework.Assert.fail(Assert.java:57)
	at com.google.common.collect.testing.AbstractIteratorTester.internalExecuteAndCompare(AbstractIteratorTester.java:509)
	at com.google.common.collect.testing.AbstractIteratorTester.access$500(AbstractIteratorTester.java:49)
	at com.google.common.collect.testing.AbstractIteratorTester$8.executeAndCompare(AbstractIteratorTester.java:609)
	at com.google.common.collect.testing.AbstractIteratorTester.compareResultsForThisListOfStimuli(AbstractIteratorTester.java:404)
	... 50 more
</failure>
  </testcase>
  <testcase classname="com.google.common.collect.testing.testers.CollectionIteratorTester" name="testIterator[HashMap tests [collection size: several] keys [collection size: several]]" time="0"/>
  <testcase classname="com.google.common.collect.testing.testers.CollectionRemoveAllTester" name="testRemoveAll_containsWrongType[HashMap tests [collection size: several] keys [collection size: several]]" time="0"/>
  <testcase classname="com.google.common.collect.testing.testers.CollectionRemoveAllTester" name="testRemoveAll_allPresent[HashMap tests [collection size: several] keys [collection size: several]]" time="0"/>
  <testcase classname="com.google.common.collect.testing.testers.CollectionRemoveAllTester" name="testRemoveAll_somePresent[HashMap tests [collection size: several] keys [collection size: several]]" time="0"/>
  <testcase classname="com.google.common.collect.testing.testers.CollectionRemoveAllTester" name="testRemoveAll_nullCollectionReferenceNonEmptySubject[HashMap tests [collection size: several] keys [collection size: several]]" time="0"/>
  <testcase classname="com.google.common.collect.testing.testers.CollectionRemoveAllTester" name="testRemoveAll_emptyCollection[HashMap tests [collection size: several] keys [collection size: several]]" time="0"/>
  <testcase classname="com.google.common.collect.testing.testers.CollectionRemoveAllTester" name="testRemoveAll_containsNullNoButAllowed[HashMap tests [collection size: several] keys [collection size: several]]" time="0"/>
  <testcase classname="com.google.common.collect.testing.testers.CollectionRemoveAllTester" name="testRemoveAll_nonePresent[HashMap tests [collection size: several] keys [collection size: several]]" time="0"/>
  <testcase classname="com.google.common.collect.testing.testers.CollectionRemoveAllTester" name="testRemoveAll_somePresentLargeCollectionToRemove[HashMap tests [collection size: several] keys [collection size: several]]" time="0.001"/>
  <testcase classname="com.google.common.collect.testing.testers.CollectionRemoveTester" name="testRemove_present[HashMap tests [collection size: several] keys [collection size: several]]" time="0"/>
  <testcase classname="com.google.common.collect.testing.testers.CollectionRemoveTester" name="testRemove_wrongType[HashMap tests [collection size: several] keys [collection size: several]]" time="0"/>
  <testcase classname="com.google.common.collect.testing.testers.CollectionRemoveTester" name="testRemove_nullAllowed[HashMap tests [collection size: several] keys [collection size: several]]" time="0"/>
  <testcase classname="com.google.common.collect.testing.testers.CollectionRemoveTester" name="testRemove_notPresent[HashMap tests [collection size: several] keys [collection size: several]]" time="0"/>
  <testcase classname="com.google.common.collect.testing.testers.CollectionRetainAllTester" name="testRetainAll_nullSingletonPreviouslyNonEmpty[HashMap tests [collection size: several] keys [collection size: several]]" time="0"/>
  <testcase classname="com.google.common.collect.testing.testers.CollectionRetainAllTester" name="testRetainAll_disjointPreviouslyNonEmpty[HashMap tests [collection size: several] keys [collection size: several]]" time="0"/>
  <testcase classname="com.google.common.collect.testing.testers.CollectionRetainAllTester" name="testRetainAll_nullCollectionReferenceNonEmptySubject[HashMap tests [collection size: several] keys [collection size: several]]" time="0"/>
  <testcase classname="com.google.common.collect.testing.testers.CollectionRetainAllTester" name="testRetainAll_superset[HashMap tests [collection size: several] keys [collection size: several]]" time="0"/>
  <testcase classname="com.google.common.collect.testing.testers.CollectionRetainAllTester" name="testRetainAll_containsDuplicatesSizeSeveral[HashMap tests [collection size: several] keys [collection size: several]]" time="0"/>
  <testcase classname="com.google.common.collect.testing.testers.CollectionRetainAllTester" name="testRetainAll_subset[HashMap tests [collection size: several] keys [collection size: several]]" time="0"/>
  <testcase classname="com.google.common.collect.testing.testers.CollectionRetainAllTester" name="testRetainAll_emptyPreviouslyNonEmpty[HashMap tests [collection size: several] keys [collection size: several]]" time="0.001"/>
  <testcase classname="com.google.common.collect.testing.testers.CollectionRetainAllTester" name="testRetainAll_sameElements[HashMap tests [collection size: several] keys [collection size: several]]" time="0"/>
  <testcase classname="com.google.common.collect.testing.testers.CollectionRetainAllTester" name="testRetainAll_partialOverlap[HashMap tests [collection size: several] keys [collection size: several]]" time="0"/>
  <testcase classname="com.google.common.collect.testing.testers.CollectionSizeTester" name="testSize[HashMap tests [collection size: several] keys [collection size: several]]" time="0"/>
  <testcase classname="com.google.common.collect.testing.testers.CollectionToArrayTester" name="testToArray_emptyArray[HashMap tests [collection size: several] keys [collection size: several]]" time="0"/>
  <testcase classname="com.google.common.collect.testing.testers.CollectionToArrayTester" name="testToArray_oversizedArray[HashMap tests [collection size: several] keys [collection size: several]]" time="0"/>
  <testcase classname="com.google.common.collect.testing.testers.CollectionToArrayTester" name="testToArray_emptyArrayOfObject[HashMap tests [collection size: several] keys [collection size: several]]" time="0"/>
  <testcase classname="com.google.common.collect.testing.testers.CollectionToArrayTester" name="testToArray_emptyArrayOfWrongTypeForNonEmptyCollection[HashMap tests [collection size: several] keys [collection size: several]]" time="0"/>
  <testcase classname="com.google.common.collect.testing.testers.CollectionToArrayTester" name="testToArray_noArgs[HashMap tests [collection size: several] keys [collection size: several]]" time="0.001"/>
  <testcase classname="com.google.common.collect.testing.testers.CollectionToArrayTester" name="testToArray_isPlainObjectArray[HashMap tests [collection size: several] keys [collection size: several]]" time="0"/>
  <testcase classname="com.google.common.collect.testing.testers.CollectionToArrayTester" name="testToArray_rightSizedArrayOfObject[HashMap tests [collection size: several] keys [collection size: several]]" time="0"/>
  <testcase classname="com.google.common.collect.testing.testers.CollectionToArrayTester" name="testToArray_rightSizedArray[HashMap tests [collection size: several] keys [collection size: several]]" time="0"/>
  <testcase classname="com.google.common.collect.testing.testers.CollectionToStringTester" name="testToString_minimal[HashMap tests [collection size: several] keys [collection size: several]]" time="0"/>
  <testcase classname="com.google.common.collect.testing.testers.SetCreationTester" name="testCreateWithDuplicates_nonNullDuplicatesNotRejected[HashMap tests [collection size: several] keys [collection size: several]]" time="0"/>
  <testcase classname="com.google.common.collect.testing.testers.SetHashCodeTester" name="testHashCode[HashMap tests [collection size: several] keys [collection size: several]]" time="0"/>
  <testcase classname="com.google.common.collect.testing.testers.SetEqualsTester" name="testEquals_list[HashMap tests [collection size: several] keys [collection size: several]]" time="0"/>
  <testcase classname="com.google.common.collect.testing.testers.SetEqualsTester" name="testEquals_otherSetWithSameElements[HashMap tests [collection size: several] keys [collection size: several]]" time="0"/>
  <testcase classname="com.google.common.collect.testing.testers.SetEqualsTester" name="testEquals_largerSet[HashMap tests [collection size: several] keys [collection size: several]]" time="0.001"/>
  <testcase classname="com.google.common.collect.testing.testers.SetEqualsTester" name="testEquals_otherContainsNull[HashMap tests [collection size: several] keys [collection size: several]]" time="0"/>
  <testcase classname="com.google.common.collect.testing.testers.SetEqualsTester" name="testEquals_smallerSet[HashMap tests [collection size: several] keys [collection size: several]]" time="0"/>
  <testcase classname="com.google.common.collect.testing.testers.SetEqualsTester" name="testEquals_otherSetWithDifferentElements[HashMap tests [collection size: several] keys [collection size: several]]" time="0"/>
  <testcase classname="com.google.common.collect.testing.testers.SetRemoveTester" name="testRemove_present[HashMap tests [collection size: several] keys [collection size: several]]" time="0"/>
  <testcase classname="com.google.common.collect.testing.ExampleIteratorTester" name="testSomethingAboutIterators[HashMap tests [collection size: several] keys [collection size: several] iterator]" time="0"/>
  <testcase classname="com.google.common.collect.testing.testers.CollectionAddAllTester" name="testAddAll_unsupportedSomePresent[HashMap tests [collection size: several] values [collection size: several]]" time="0.002">
    <failure message="addAll(somePresent) should throw" type="junit.framework.AssertionFailedError">junit.framework.AssertionFailedError: addAll(somePresent) should throw
	at junit.framework.Assert.fail(Assert.java:57)
	at junit.framework.TestCase.fail(TestCase.java:227)
	at com.google.common.collect.testing.testers.CollectionAddAllTester.testAddAll_unsupportedSomePresent(CollectionAddAllTester.java:99)
	at sun.reflect.NativeMethodAccessorImpl.invoke0(Native Method)
	at sun.reflect.NativeMethodAccessorImpl.invoke(NativeMethodAccessorImpl.java:62)
	at sun.reflect.DelegatingMethodAccessorImpl.invoke(DelegatingMethodAccessorImpl.java:43)
	at java.lang.reflect.Method.invoke(Method.java:498)
	at junit.framework.TestCase.runTest(TestCase.java:176)
	at junit.framework.TestCase.runBare(TestCase.java:141)
	at junit.framework.TestResult$1.protect(TestResult.java:122)
	at junit.framework.TestResult.runProtected(TestResult.java:142)
	at junit.framework.TestResult.run(TestResult.java:125)
	at junit.framework.TestCase.run(TestCase.java:129)
	at junit.framework.TestSuite.runTest(TestSuite.java:252)
	at junit.framework.TestSuite.run(TestSuite.java:247)
	at junit.framework.TestSuite.runTest(TestSuite.java:252)
	at junit.framework.TestSuite.run(TestSuite.java:247)
	at junit.framework.TestSuite.runTest(TestSuite.java:252)
	at junit.framework.TestSuite.run(TestSuite.java:247)
	at junit.framework.TestSuite.runTest(TestSuite.java:252)
	at junit.framework.TestSuite.run(TestSuite.java:247)
	at junit.framework.TestSuite.runTest(TestSuite.java:252)
	at junit.framework.TestSuite.run(TestSuite.java:247)
	at org.junit.internal.runners.JUnit38ClassRunner.run(JUnit38ClassRunner.java:86)
	at org.junit.runners.Suite.runChild(Suite.java:128)
	at org.junit.runners.Suite.runChild(Suite.java:27)
	at org.junit.runners.ParentRunner$3.run(ParentRunner.java:290)
	at org.junit.runners.ParentRunner$1.schedule(ParentRunner.java:71)
	at org.junit.runners.ParentRunner.runChildren(ParentRunner.java:288)
	at org.junit.runners.ParentRunner.access$000(ParentRunner.java:58)
	at org.junit.runners.ParentRunner$2.evaluate(ParentRunner.java:268)
	at org.junit.runners.ParentRunner.run(ParentRunner.java:363)
	at org.apache.maven.surefire.junit4.JUnit4TestSet.execute(JUnit4TestSet.java:53)
	at org.apache.maven.surefire.junit4.JUnit4Provider.executeTestSet(JUnit4Provider.java:123)
	at org.apache.maven.surefire.junit4.JUnit4Provider.invoke(JUnit4Provider.java:104)
	at sun.reflect.NativeMethodAccessorImpl.invoke0(Native Method)
	at sun.reflect.NativeMethodAccessorImpl.invoke(NativeMethodAccessorImpl.java:62)
	at sun.reflect.DelegatingMethodAccessorImpl.invoke(DelegatingMethodAccessorImpl.java:43)
	at java.lang.reflect.Method.invoke(Method.java:498)
	at org.apache.maven.surefire.util.ReflectionUtils.invokeMethodWithArray(ReflectionUtils.java:164)
	at org.apache.maven.surefire.booter.ProviderFactory$ProviderProxy.invoke(ProviderFactory.java:110)
	at org.apache.maven.surefire.booter.SurefireStarter.invokeProvider(SurefireStarter.java:175)
	at org.apache.maven.surefire.booter.SurefireStarter.runSuitesInProcessWhenForked(SurefireStarter.java:107)
	at org.apache.maven.surefire.booter.ForkedBooter.main(ForkedBooter.java:68)
</failure>
  </testcase>
  <testcase classname="com.google.common.collect.testing.testers.CollectionAddAllTester" name="testAddAll_unsupportedNothing[HashMap tests [collection size: several] values [collection size: several]]" time="0"/>
  <testcase classname="com.google.common.collect.testing.testers.CollectionAddAllTester" name="testAddAll_unsupportedNonePresent[HashMap tests [collection size: several] values [collection size: several]]" time="0.001">
    <failure message="addAll(nonePresent) should throw" type="junit.framework.AssertionFailedError">junit.framework.AssertionFailedError: addAll(nonePresent) should throw
	at junit.framework.Assert.fail(Assert.java:57)
	at junit.framework.TestCase.fail(TestCase.java:227)
	at com.google.common.collect.testing.testers.CollectionAddAllTester.testAddAll_unsupportedNonePresent(CollectionAddAllTester.java:78)
	at sun.reflect.NativeMethodAccessorImpl.invoke0(Native Method)
	at sun.reflect.NativeMethodAccessorImpl.invoke(NativeMethodAccessorImpl.java:62)
	at sun.reflect.DelegatingMethodAccessorImpl.invoke(DelegatingMethodAccessorImpl.java:43)
	at java.lang.reflect.Method.invoke(Method.java:498)
	at junit.framework.TestCase.runTest(TestCase.java:176)
	at junit.framework.TestCase.runBare(TestCase.java:141)
	at junit.framework.TestResult$1.protect(TestResult.java:122)
	at junit.framework.TestResult.runProtected(TestResult.java:142)
	at junit.framework.TestResult.run(TestResult.java:125)
	at junit.framework.TestCase.run(TestCase.java:129)
	at junit.framework.TestSuite.runTest(TestSuite.java:252)
	at junit.framework.TestSuite.run(TestSuite.java:247)
	at junit.framework.TestSuite.runTest(TestSuite.java:252)
	at junit.framework.TestSuite.run(TestSuite.java:247)
	at junit.framework.TestSuite.runTest(TestSuite.java:252)
	at junit.framework.TestSuite.run(TestSuite.java:247)
	at junit.framework.TestSuite.runTest(TestSuite.java:252)
	at junit.framework.TestSuite.run(TestSuite.java:247)
	at junit.framework.TestSuite.runTest(TestSuite.java:252)
	at junit.framework.TestSuite.run(TestSuite.java:247)
	at org.junit.internal.runners.JUnit38ClassRunner.run(JUnit38ClassRunner.java:86)
	at org.junit.runners.Suite.runChild(Suite.java:128)
	at org.junit.runners.Suite.runChild(Suite.java:27)
	at org.junit.runners.ParentRunner$3.run(ParentRunner.java:290)
	at org.junit.runners.ParentRunner$1.schedule(ParentRunner.java:71)
	at org.junit.runners.ParentRunner.runChildren(ParentRunner.java:288)
	at org.junit.runners.ParentRunner.access$000(ParentRunner.java:58)
	at org.junit.runners.ParentRunner$2.evaluate(ParentRunner.java:268)
	at org.junit.runners.ParentRunner.run(ParentRunner.java:363)
	at org.apache.maven.surefire.junit4.JUnit4TestSet.execute(JUnit4TestSet.java:53)
	at org.apache.maven.surefire.junit4.JUnit4Provider.executeTestSet(JUnit4Provider.java:123)
	at org.apache.maven.surefire.junit4.JUnit4Provider.invoke(JUnit4Provider.java:104)
	at sun.reflect.NativeMethodAccessorImpl.invoke0(Native Method)
	at sun.reflect.NativeMethodAccessorImpl.invoke(NativeMethodAccessorImpl.java:62)
	at sun.reflect.DelegatingMethodAccessorImpl.invoke(DelegatingMethodAccessorImpl.java:43)
	at java.lang.reflect.Method.invoke(Method.java:498)
	at org.apache.maven.surefire.util.ReflectionUtils.invokeMethodWithArray(ReflectionUtils.java:164)
	at org.apache.maven.surefire.booter.ProviderFactory$ProviderProxy.invoke(ProviderFactory.java:110)
	at org.apache.maven.surefire.booter.SurefireStarter.invokeProvider(SurefireStarter.java:175)
	at org.apache.maven.surefire.booter.SurefireStarter.runSuitesInProcessWhenForked(SurefireStarter.java:107)
	at org.apache.maven.surefire.booter.ForkedBooter.main(ForkedBooter.java:68)
</failure>
  </testcase>
  <testcase classname="com.google.common.collect.testing.testers.CollectionAddAllTester" name="testAddAll_unsupportedAllPresent[HashMap tests [collection size: several] values [collection size: several]]" time="0">
    <failure message="addAll(allPresent) should return false or throw" type="junit.framework.AssertionFailedError">junit.framework.AssertionFailedError: addAll(allPresent) should return false or throw
	at junit.framework.Assert.fail(Assert.java:57)
	at junit.framework.Assert.assertTrue(Assert.java:22)
	at junit.framework.Assert.assertFalse(Assert.java:39)
	at junit.framework.TestCase.assertFalse(TestCase.java:210)
	at com.google.common.collect.testing.testers.CollectionAddAllTester.testAddAll_unsupportedAllPresent(CollectionAddAllTester.java:123)
	at sun.reflect.NativeMethodAccessorImpl.invoke0(Native Method)
	at sun.reflect.NativeMethodAccessorImpl.invoke(NativeMethodAccessorImpl.java:62)
	at sun.reflect.DelegatingMethodAccessorImpl.invoke(DelegatingMethodAccessorImpl.java:43)
	at java.lang.reflect.Method.invoke(Method.java:498)
	at junit.framework.TestCase.runTest(TestCase.java:176)
	at junit.framework.TestCase.runBare(TestCase.java:141)
	at junit.framework.TestResult$1.protect(TestResult.java:122)
	at junit.framework.TestResult.runProtected(TestResult.java:142)
	at junit.framework.TestResult.run(TestResult.java:125)
	at junit.framework.TestCase.run(TestCase.java:129)
	at junit.framework.TestSuite.runTest(TestSuite.java:252)
	at junit.framework.TestSuite.run(TestSuite.java:247)
	at junit.framework.TestSuite.runTest(TestSuite.java:252)
	at junit.framework.TestSuite.run(TestSuite.java:247)
	at junit.framework.TestSuite.runTest(TestSuite.java:252)
	at junit.framework.TestSuite.run(TestSuite.java:247)
	at junit.framework.TestSuite.runTest(TestSuite.java:252)
	at junit.framework.TestSuite.run(TestSuite.java:247)
	at junit.framework.TestSuite.runTest(TestSuite.java:252)
	at junit.framework.TestSuite.run(TestSuite.java:247)
	at org.junit.internal.runners.JUnit38ClassRunner.run(JUnit38ClassRunner.java:86)
	at org.junit.runners.Suite.runChild(Suite.java:128)
	at org.junit.runners.Suite.runChild(Suite.java:27)
	at org.junit.runners.ParentRunner$3.run(ParentRunner.java:290)
	at org.junit.runners.ParentRunner$1.schedule(ParentRunner.java:71)
	at org.junit.runners.ParentRunner.runChildren(ParentRunner.java:288)
	at org.junit.runners.ParentRunner.access$000(ParentRunner.java:58)
	at org.junit.runners.ParentRunner$2.evaluate(ParentRunner.java:268)
	at org.junit.runners.ParentRunner.run(ParentRunner.java:363)
	at org.apache.maven.surefire.junit4.JUnit4TestSet.execute(JUnit4TestSet.java:53)
	at org.apache.maven.surefire.junit4.JUnit4Provider.executeTestSet(JUnit4Provider.java:123)
	at org.apache.maven.surefire.junit4.JUnit4Provider.invoke(JUnit4Provider.java:104)
	at sun.reflect.NativeMethodAccessorImpl.invoke0(Native Method)
	at sun.reflect.NativeMethodAccessorImpl.invoke(NativeMethodAccessorImpl.java:62)
	at sun.reflect.DelegatingMethodAccessorImpl.invoke(DelegatingMethodAccessorImpl.java:43)
	at java.lang.reflect.Method.invoke(Method.java:498)
	at org.apache.maven.surefire.util.ReflectionUtils.invokeMethodWithArray(ReflectionUtils.java:164)
	at org.apache.maven.surefire.booter.ProviderFactory$ProviderProxy.invoke(ProviderFactory.java:110)
	at org.apache.maven.surefire.booter.SurefireStarter.invokeProvider(SurefireStarter.java:175)
	at org.apache.maven.surefire.booter.SurefireStarter.runSuitesInProcessWhenForked(SurefireStarter.java:107)
	at org.apache.maven.surefire.booter.ForkedBooter.main(ForkedBooter.java:68)
</failure>
  </testcase>
  <testcase classname="com.google.common.collect.testing.testers.CollectionAddTester" name="testAdd_unsupportedNotPresent[HashMap tests [collection size: several] values [collection size: several]]" time="0.001">
    <failure message="add(notPresent) should throw" type="junit.framework.AssertionFailedError">junit.framework.AssertionFailedError: add(notPresent) should throw
	at junit.framework.Assert.fail(Assert.java:57)
	at junit.framework.TestCase.fail(TestCase.java:227)
	at com.google.common.collect.testing.testers.CollectionAddTester.testAdd_unsupportedNotPresent(CollectionAddTester.java:58)
	at sun.reflect.NativeMethodAccessorImpl.invoke0(Native Method)
	at sun.reflect.NativeMethodAccessorImpl.invoke(NativeMethodAccessorImpl.java:62)
	at sun.reflect.DelegatingMethodAccessorImpl.invoke(DelegatingMethodAccessorImpl.java:43)
	at java.lang.reflect.Method.invoke(Method.java:498)
	at junit.framework.TestCase.runTest(TestCase.java:176)
	at junit.framework.TestCase.runBare(TestCase.java:141)
	at junit.framework.TestResult$1.protect(TestResult.java:122)
	at junit.framework.TestResult.runProtected(TestResult.java:142)
	at junit.framework.TestResult.run(TestResult.java:125)
	at junit.framework.TestCase.run(TestCase.java:129)
	at junit.framework.TestSuite.runTest(TestSuite.java:252)
	at junit.framework.TestSuite.run(TestSuite.java:247)
	at junit.framework.TestSuite.runTest(TestSuite.java:252)
	at junit.framework.TestSuite.run(TestSuite.java:247)
	at junit.framework.TestSuite.runTest(TestSuite.java:252)
	at junit.framework.TestSuite.run(TestSuite.java:247)
	at junit.framework.TestSuite.runTest(TestSuite.java:252)
	at junit.framework.TestSuite.run(TestSuite.java:247)
	at junit.framework.TestSuite.runTest(TestSuite.java:252)
	at junit.framework.TestSuite.run(TestSuite.java:247)
	at org.junit.internal.runners.JUnit38ClassRunner.run(JUnit38ClassRunner.java:86)
	at org.junit.runners.Suite.runChild(Suite.java:128)
	at org.junit.runners.Suite.runChild(Suite.java:27)
	at org.junit.runners.ParentRunner$3.run(ParentRunner.java:290)
	at org.junit.runners.ParentRunner$1.schedule(ParentRunner.java:71)
	at org.junit.runners.ParentRunner.runChildren(ParentRunner.java:288)
	at org.junit.runners.ParentRunner.access$000(ParentRunner.java:58)
	at org.junit.runners.ParentRunner$2.evaluate(ParentRunner.java:268)
	at org.junit.runners.ParentRunner.run(ParentRunner.java:363)
	at org.apache.maven.surefire.junit4.JUnit4TestSet.execute(JUnit4TestSet.java:53)
	at org.apache.maven.surefire.junit4.JUnit4Provider.executeTestSet(JUnit4Provider.java:123)
	at org.apache.maven.surefire.junit4.JUnit4Provider.invoke(JUnit4Provider.java:104)
	at sun.reflect.NativeMethodAccessorImpl.invoke0(Native Method)
	at sun.reflect.NativeMethodAccessorImpl.invoke(NativeMethodAccessorImpl.java:62)
	at sun.reflect.DelegatingMethodAccessorImpl.invoke(DelegatingMethodAccessorImpl.java:43)
	at java.lang.reflect.Method.invoke(Method.java:498)
	at org.apache.maven.surefire.util.ReflectionUtils.invokeMethodWithArray(ReflectionUtils.java:164)
	at org.apache.maven.surefire.booter.ProviderFactory$ProviderProxy.invoke(ProviderFactory.java:110)
	at org.apache.maven.surefire.booter.SurefireStarter.invokeProvider(SurefireStarter.java:175)
	at org.apache.maven.surefire.booter.SurefireStarter.runSuitesInProcessWhenForked(SurefireStarter.java:107)
	at org.apache.maven.surefire.booter.ForkedBooter.main(ForkedBooter.java:68)
</failure>
  </testcase>
  <testcase classname="com.google.common.collect.testing.testers.CollectionAddTester" name="testAdd_unsupportedPresent[HashMap tests [collection size: several] values [collection size: several]]" time="0">
    <failure message="add(present) should return false or throw" type="junit.framework.AssertionFailedError">junit.framework.AssertionFailedError: add(present) should return false or throw
	at junit.framework.Assert.fail(Assert.java:57)
	at junit.framework.Assert.assertTrue(Assert.java:22)
	at junit.framework.Assert.assertFalse(Assert.java:39)
	at junit.framework.TestCase.assertFalse(TestCase.java:210)
	at com.google.common.collect.testing.testers.CollectionAddTester.testAdd_unsupportedPresent(CollectionAddTester.java:69)
	at sun.reflect.NativeMethodAccessorImpl.invoke0(Native Method)
	at sun.reflect.NativeMethodAccessorImpl.invoke(NativeMethodAccessorImpl.java:62)
	at sun.reflect.DelegatingMethodAccessorImpl.invoke(DelegatingMethodAccessorImpl.java:43)
	at java.lang.reflect.Method.invoke(Method.java:498)
	at junit.framework.TestCase.runTest(TestCase.java:176)
	at junit.framework.TestCase.runBare(TestCase.java:141)
	at junit.framework.TestResult$1.protect(TestResult.java:122)
	at junit.framework.TestResult.runProtected(TestResult.java:142)
	at junit.framework.TestResult.run(TestResult.java:125)
	at junit.framework.TestCase.run(TestCase.java:129)
	at junit.framework.TestSuite.runTest(TestSuite.java:252)
	at junit.framework.TestSuite.run(TestSuite.java:247)
	at junit.framework.TestSuite.runTest(TestSuite.java:252)
	at junit.framework.TestSuite.run(TestSuite.java:247)
	at junit.framework.TestSuite.runTest(TestSuite.java:252)
	at junit.framework.TestSuite.run(TestSuite.java:247)
	at junit.framework.TestSuite.runTest(TestSuite.java:252)
	at junit.framework.TestSuite.run(TestSuite.java:247)
	at junit.framework.TestSuite.runTest(TestSuite.java:252)
	at junit.framework.TestSuite.run(TestSuite.java:247)
	at org.junit.internal.runners.JUnit38ClassRunner.run(JUnit38ClassRunner.java:86)
	at org.junit.runners.Suite.runChild(Suite.java:128)
	at org.junit.runners.Suite.runChild(Suite.java:27)
	at org.junit.runners.ParentRunner$3.run(ParentRunner.java:290)
	at org.junit.runners.ParentRunner$1.schedule(ParentRunner.java:71)
	at org.junit.runners.ParentRunner.runChildren(ParentRunner.java:288)
	at org.junit.runners.ParentRunner.access$000(ParentRunner.java:58)
	at org.junit.runners.ParentRunner$2.evaluate(ParentRunner.java:268)
	at org.junit.runners.ParentRunner.run(ParentRunner.java:363)
	at org.apache.maven.surefire.junit4.JUnit4TestSet.execute(JUnit4TestSet.java:53)
	at org.apache.maven.surefire.junit4.JUnit4Provider.executeTestSet(JUnit4Provider.java:123)
	at org.apache.maven.surefire.junit4.JUnit4Provider.invoke(JUnit4Provider.java:104)
	at sun.reflect.NativeMethodAccessorImpl.invoke0(Native Method)
	at sun.reflect.NativeMethodAccessorImpl.invoke(NativeMethodAccessorImpl.java:62)
	at sun.reflect.DelegatingMethodAccessorImpl.invoke(DelegatingMethodAccessorImpl.java:43)
	at java.lang.reflect.Method.invoke(Method.java:498)
	at org.apache.maven.surefire.util.ReflectionUtils.invokeMethodWithArray(ReflectionUtils.java:164)
	at org.apache.maven.surefire.booter.ProviderFactory$ProviderProxy.invoke(ProviderFactory.java:110)
	at org.apache.maven.surefire.booter.SurefireStarter.invokeProvider(SurefireStarter.java:175)
	at org.apache.maven.surefire.booter.SurefireStarter.runSuitesInProcessWhenForked(SurefireStarter.java:107)
	at org.apache.maven.surefire.booter.ForkedBooter.main(ForkedBooter.java:68)
</failure>
  </testcase>
  <testcase classname="com.google.common.collect.testing.testers.CollectionClearTester" name="testClear[HashMap tests [collection size: several] values [collection size: several]]" time="0"/>
  <testcase classname="com.google.common.collect.testing.testers.CollectionContainsAllTester" name="testContainsAll_subset[HashMap tests [collection size: several] values [collection size: several]]" time="0"/>
  <testcase classname="com.google.common.collect.testing.testers.CollectionContainsAllTester" name="testContainsAll_nullAllowed[HashMap tests [collection size: several] values [collection size: several]]" time="0"/>
  <testcase classname="com.google.common.collect.testing.testers.CollectionContainsAllTester" name="testContainsAll_disjoint[HashMap tests [collection size: several] values [collection size: several]]" time="0"/>
  <testcase classname="com.google.common.collect.testing.testers.CollectionContainsAllTester" name="testContainsAll_self[HashMap tests [collection size: several] values [collection size: several]]" time="0"/>
  <testcase classname="com.google.common.collect.testing.testers.CollectionContainsAllTester" name="testContainsAll_wrongType[HashMap tests [collection size: several] values [collection size: several]]" time="0"/>
  <testcase classname="com.google.common.collect.testing.testers.CollectionContainsAllTester" name="testContainsAll_empty[HashMap tests [collection size: several] values [collection size: several]]" time="0"/>
  <testcase classname="com.google.common.collect.testing.testers.CollectionContainsAllTester" name="testContainsAll_sameElements[HashMap tests [collection size: several] values [collection size: several]]" time="0"/>
  <testcase classname="com.google.common.collect.testing.testers.CollectionContainsAllTester" name="testContainsAll_partialOverlap[HashMap tests [collection size: several] values [collection size: several]]" time="0"/>
  <testcase classname="com.google.common.collect.testing.testers.CollectionContainsTester" name="testContains_nullNotContainedButQueriesSupported[HashMap tests [collection size: several] values [collection size: several]]" time="0"/>
  <testcase classname="com.google.common.collect.testing.testers.CollectionContainsTester" name="testContains_yes[HashMap tests [collection size: several] values [collection size: several]]" time="0"/>
  <testcase classname="com.google.common.collect.testing.testers.CollectionContainsTester" name="testContains_no[HashMap tests [collection size: several] values [collection size: several]]" time="0"/>
  <testcase classname="com.google.common.collect.testing.testers.CollectionContainsTester" name="testContains_wrongType[HashMap tests [collection size: several] values [collection size: several]]" time="0"/>
  <testcase classname="com.google.common.collect.testing.testers.CollectionEqualsTester" name="testEquals_null[HashMap tests [collection size: several] values [collection size: several]]" time="0"/>
  <testcase classname="com.google.common.collect.testing.testers.CollectionEqualsTester" name="testEquals_self[HashMap tests [collection size: several] values [collection size: several]]" time="0"/>
  <testcase classname="com.google.common.collect.testing.testers.CollectionEqualsTester" name="testEquals_notACollection[HashMap tests [collection size: several] values [collection size: several]]" time="0"/>
  <testcase classname="com.google.common.collect.testing.testers.CollectionIsEmptyTester" name="testIsEmpty_no[HashMap tests [collection size: several] values [collection size: several]]" time="0"/>
  <testcase classname="com.google.common.collect.testing.testers.CollectionIteratorTester" name="testIteratorNoSuchElementException[HashMap tests [collection size: several] values [collection size: several]]" time="0"/>
  <testcase classname="com.google.common.collect.testing.testers.CollectionIteratorTester" name="testIterator_unknownOrderRemoveUnsupported[HashMap tests [collection size: several] values [collection size: several]]" time="0.001">
    <failure message="failed with stimuli [hasNext, hasNext, hasNext, next, remove]" type="junit.framework.AssertionFailedError">junit.framework.AssertionFailedError: failed with stimuli [hasNext, hasNext, hasNext, next, remove]
	at com.google.common.collect.testing.Helpers.fail(Helpers.java:240)
	at com.google.common.collect.testing.AbstractIteratorTester.compareResultsForThisListOfStimuli(AbstractIteratorTester.java:418)
	at com.google.common.collect.testing.AbstractIteratorTester.recurse(AbstractIteratorTester.java:383)
	at com.google.common.collect.testing.AbstractIteratorTester.recurse(AbstractIteratorTester.java:388)
	at com.google.common.collect.testing.AbstractIteratorTester.recurse(AbstractIteratorTester.java:388)
	at com.google.common.collect.testing.AbstractIteratorTester.recurse(AbstractIteratorTester.java:388)
	at com.google.common.collect.testing.AbstractIteratorTester.recurse(AbstractIteratorTester.java:388)
	at com.google.common.collect.testing.AbstractIteratorTester.recurse(AbstractIteratorTester.java:388)
	at com.google.common.collect.testing.AbstractIteratorTester.test(AbstractIteratorTester.java:372)
	at com.google.common.collect.testing.testers.CollectionIteratorTester.runIteratorTest(CollectionIteratorTester.java:96)
	at com.google.common.collect.testing.testers.CollectionIteratorTester.testIterator_unknownOrderRemoveUnsupported(CollectionIteratorTester.java:90)
	at sun.reflect.NativeMethodAccessorImpl.invoke0(Native Method)
	at sun.reflect.NativeMethodAccessorImpl.invoke(NativeMethodAccessorImpl.java:62)
	at sun.reflect.DelegatingMethodAccessorImpl.invoke(DelegatingMethodAccessorImpl.java:43)
	at java.lang.reflect.Method.invoke(Method.java:498)
	at junit.framework.TestCase.runTest(TestCase.java:176)
	at junit.framework.TestCase.runBare(TestCase.java:141)
	at junit.framework.TestResult$1.protect(TestResult.java:122)
	at junit.framework.TestResult.runProtected(TestResult.java:142)
	at junit.framework.TestResult.run(TestResult.java:125)
	at junit.framework.TestCase.run(TestCase.java:129)
	at junit.framework.TestSuite.runTest(TestSuite.java:252)
	at junit.framework.TestSuite.run(TestSuite.java:247)
	at junit.framework.TestSuite.runTest(TestSuite.java:252)
	at junit.framework.TestSuite.run(TestSuite.java:247)
	at junit.framework.TestSuite.runTest(TestSuite.java:252)
	at junit.framework.TestSuite.run(TestSuite.java:247)
	at junit.framework.TestSuite.runTest(TestSuite.java:252)
	at junit.framework.TestSuite.run(TestSuite.java:247)
	at junit.framework.TestSuite.runTest(TestSuite.java:252)
	at junit.framework.TestSuite.run(TestSuite.java:247)
	at org.junit.internal.runners.JUnit38ClassRunner.run(JUnit38ClassRunner.java:86)
	at org.junit.runners.Suite.runChild(Suite.java:128)
	at org.junit.runners.Suite.runChild(Suite.java:27)
	at org.junit.runners.ParentRunner$3.run(ParentRunner.java:290)
	at org.junit.runners.ParentRunner$1.schedule(ParentRunner.java:71)
	at org.junit.runners.ParentRunner.runChildren(ParentRunner.java:288)
	at org.junit.runners.ParentRunner.access$000(ParentRunner.java:58)
	at org.junit.runners.ParentRunner$2.evaluate(ParentRunner.java:268)
	at org.junit.runners.ParentRunner.run(ParentRunner.java:363)
	at org.apache.maven.surefire.junit4.JUnit4TestSet.execute(JUnit4TestSet.java:53)
	at org.apache.maven.surefire.junit4.JUnit4Provider.executeTestSet(JUnit4Provider.java:123)
	at org.apache.maven.surefire.junit4.JUnit4Provider.invoke(JUnit4Provider.java:104)
	at sun.reflect.NativeMethodAccessorImpl.invoke0(Native Method)
	at sun.reflect.NativeMethodAccessorImpl.invoke(NativeMethodAccessorImpl.java:62)
	at sun.reflect.DelegatingMethodAccessorImpl.invoke(DelegatingMethodAccessorImpl.java:43)
	at java.lang.reflect.Method.invoke(Method.java:498)
	at org.apache.maven.surefire.util.ReflectionUtils.invokeMethodWithArray(ReflectionUtils.java:164)
	at org.apache.maven.surefire.booter.ProviderFactory$ProviderProxy.invoke(ProviderFactory.java:110)
	at org.apache.maven.surefire.booter.SurefireStarter.invokeProvider(SurefireStarter.java:175)
	at org.apache.maven.surefire.booter.SurefireStarter.runSuitesInProcessWhenForked(SurefireStarter.java:107)
	at org.apache.maven.surefire.booter.ForkedBooter.main(ForkedBooter.java:68)
Caused by: junit.framework.AssertionFailedError: Target failed to throw one of [class java.lang.UnsupportedOperationException]
	at junit.framework.Assert.fail(Assert.java:57)
	at com.google.common.collect.testing.AbstractIteratorTester.internalExecuteAndCompare(AbstractIteratorTester.java:509)
	at com.google.common.collect.testing.AbstractIteratorTester.access$500(AbstractIteratorTester.java:49)
	at com.google.common.collect.testing.AbstractIteratorTester$8.executeAndCompare(AbstractIteratorTester.java:609)
	at com.google.common.collect.testing.AbstractIteratorTester.compareResultsForThisListOfStimuli(AbstractIteratorTester.java:404)
	... 50 more
</failure>
  </testcase>
  <testcase classname="com.google.common.collect.testing.testers.CollectionIteratorTester" name="testIterator[HashMap tests [collection size: several] values [collection size: several]]" time="0"/>
  <testcase classname="com.google.common.collect.testing.testers.CollectionRemoveAllTester" name="testRemoveAll_containsWrongType[HashMap tests [collection size: several] values [collection size: several]]" time="0"/>
  <testcase classname="com.google.common.collect.testing.testers.CollectionRemoveAllTester" name="testRemoveAll_allPresent[HashMap tests [collection size: several] values [collection size: several]]" time="0"/>
  <testcase classname="com.google.common.collect.testing.testers.CollectionRemoveAllTester" name="testRemoveAll_somePresent[HashMap tests [collection size: several] values [collection size: several]]" time="0"/>
  <testcase classname="com.google.common.collect.testing.testers.CollectionRemoveAllTester" name="testRemoveAll_nullCollectionReferenceNonEmptySubject[HashMap tests [collection size: several] values [collection size: several]]" time="0"/>
  <testcase classname="com.google.common.collect.testing.testers.CollectionRemoveAllTester" name="testRemoveAll_emptyCollection[HashMap tests [collection size: several] values [collection size: several]]" time="0"/>
  <testcase classname="com.google.common.collect.testing.testers.CollectionRemoveAllTester" name="testRemoveAll_containsNullNoButAllowed[HashMap tests [collection size: several] values [collection size: several]]" time="0.001"/>
  <testcase classname="com.google.common.collect.testing.testers.CollectionRemoveAllTester" name="testRemoveAll_nonePresent[HashMap tests [collection size: several] values [collection size: several]]" time="0"/>
  <testcase classname="com.google.common.collect.testing.testers.CollectionRemoveAllTester" name="testRemoveAll_somePresentLargeCollectionToRemove[HashMap tests [collection size: several] values [collection size: several]]" time="0"/>
  <testcase classname="com.google.common.collect.testing.testers.CollectionRemoveTester" name="testRemove_present[HashMap tests [collection size: several] values [collection size: several]]" time="0"/>
  <testcase classname="com.google.common.collect.testing.testers.CollectionRemoveTester" name="testRemove_wrongType[HashMap tests [collection size: several] values [collection size: several]]" time="0"/>
  <testcase classname="com.google.common.collect.testing.testers.CollectionRemoveTester" name="testRemove_nullAllowed[HashMap tests [collection size: several] values [collection size: several]]" time="0"/>
  <testcase classname="com.google.common.collect.testing.testers.CollectionRemoveTester" name="testRemove_notPresent[HashMap tests [collection size: several] values [collection size: several]]" time="0"/>
  <testcase classname="com.google.common.collect.testing.testers.CollectionRetainAllTester" name="testRetainAll_nullSingletonPreviouslyNonEmpty[HashMap tests [collection size: several] values [collection size: several]]" time="0"/>
  <testcase classname="com.google.common.collect.testing.testers.CollectionRetainAllTester" name="testRetainAll_disjointPreviouslyNonEmpty[HashMap tests [collection size: several] values [collection size: several]]" time="0"/>
  <testcase classname="com.google.common.collect.testing.testers.CollectionRetainAllTester" name="testRetainAll_nullCollectionReferenceNonEmptySubject[HashMap tests [collection size: several] values [collection size: several]]" time="0"/>
  <testcase classname="com.google.common.collect.testing.testers.CollectionRetainAllTester" name="testRetainAll_superset[HashMap tests [collection size: several] values [collection size: several]]" time="0"/>
  <testcase classname="com.google.common.collect.testing.testers.CollectionRetainAllTester" name="testRetainAll_containsDuplicatesSizeSeveral[HashMap tests [collection size: several] values [collection size: several]]" time="0"/>
  <testcase classname="com.google.common.collect.testing.testers.CollectionRetainAllTester" name="testRetainAll_subset[HashMap tests [collection size: several] values [collection size: several]]" time="0"/>
  <testcase classname="com.google.common.collect.testing.testers.CollectionRetainAllTester" name="testRetainAll_emptyPreviouslyNonEmpty[HashMap tests [collection size: several] values [collection size: several]]" time="0"/>
  <testcase classname="com.google.common.collect.testing.testers.CollectionRetainAllTester" name="testRetainAll_sameElements[HashMap tests [collection size: several] values [collection size: several]]" time="0"/>
  <testcase classname="com.google.common.collect.testing.testers.CollectionRetainAllTester" name="testRetainAll_partialOverlap[HashMap tests [collection size: several] values [collection size: several]]" time="0"/>
  <testcase classname="com.google.common.collect.testing.testers.CollectionSizeTester" name="testSize[HashMap tests [collection size: several] values [collection size: several]]" time="0"/>
  <testcase classname="com.google.common.collect.testing.testers.CollectionToArrayTester" name="testToArray_emptyArray[HashMap tests [collection size: several] values [collection size: several]]" time="0.001"/>
  <testcase classname="com.google.common.collect.testing.testers.CollectionToArrayTester" name="testToArray_oversizedArray[HashMap tests [collection size: several] values [collection size: several]]" time="0"/>
  <testcase classname="com.google.common.collect.testing.testers.CollectionToArrayTester" name="testToArray_emptyArrayOfObject[HashMap tests [collection size: several] values [collection size: several]]" time="0"/>
  <testcase classname="com.google.common.collect.testing.testers.CollectionToArrayTester" name="testToArray_emptyArrayOfWrongTypeForNonEmptyCollection[HashMap tests [collection size: several] values [collection size: several]]" time="0"/>
  <testcase classname="com.google.common.collect.testing.testers.CollectionToArrayTester" name="testToArray_noArgs[HashMap tests [collection size: several] values [collection size: several]]" time="0"/>
  <testcase classname="com.google.common.collect.testing.testers.CollectionToArrayTester" name="testToArray_isPlainObjectArray[HashMap tests [collection size: several] values [collection size: several]]" time="0"/>
  <testcase classname="com.google.common.collect.testing.testers.CollectionToArrayTester" name="testToArray_rightSizedArrayOfObject[HashMap tests [collection size: several] values [collection size: several]]" time="0"/>
  <testcase classname="com.google.common.collect.testing.testers.CollectionToArrayTester" name="testToArray_rightSizedArray[HashMap tests [collection size: several] values [collection size: several]]" time="0"/>
  <testcase classname="com.google.common.collect.testing.testers.CollectionToStringTester" name="testToString_minimal[HashMap tests [collection size: several] values [collection size: several]]" time="0"/>
  <testcase classname="com.google.common.collect.testing.ExampleIteratorTester" name="testSomethingAboutIterators[HashMap tests [collection size: several] values [collection size: several] iterator]" time="0"/>
</testsuite>